[0e41fc] 41fc 19     ADD HL,DE      AF=0140 BC=0012 DE=0001 HL=c03f SP=c202 P1=0e4000 vc=42 BI
[0e41fd] 41fd 7E     LD A,(HL)      AF=0100 BC=0012 DE=0001 HL=c040 SP=c202 P1=0e4000 vc=42 BI
[0e41fe] 41fe 4F     LD C,A         AF=0000 BC=0012 DE=0001 HL=c040 SP=c202 P1=0e4000 vc=42 BI
[0e41ff] 41ff E67F   AND 7Fh        AF=0000 BC=0000 DE=0001 HL=c040 SP=c202 P1=0e4000 vc=42 BI
[0e4201] 4201 2839   JR Z,423Ch     AF=00a0 BC=0000 DE=0001 HL=c040 SP=c202 P1=0e4000 vc=42 BI
[0e423c] 423c 2145C0 LD HL,C045h    AF=00a0 BC=0000 DE=0001 HL=c040 SP=c202 P1=0e4000 vc=42 BI
[0e423f] 423f FA1AC0 LD A,(C01Ah)   AF=00a0 BC=0000 DE=0001 HL=c045 SP=c202 P1=0e4000 vc=42 BI
[0e4242] 4242 5F     LD E,A         AF=01a0 BC=0000 DE=0001 HL=c045 SP=c202 P1=0e4000 vc=42 BI
[0e4243] 4243 1600   LD D,00h       AF=01a0 BC=0000 DE=0001 HL=c045 SP=c202 P1=0e4000 vc=42 BI
[0e4245] 4245 19     ADD HL,DE      AF=01a0 BC=0000 DE=0001 HL=c045 SP=c202 P1=0e4000 vc=42 BI
[0e4246] 4246 7E     LD A,(HL)      AF=0180 BC=0000 DE=0001 HL=c046 SP=c202 P1=0e4000 vc=42 BI
[0e4247] 4247 E610   AND 10h        AF=1080 BC=0000 DE=0001 HL=c046 SP=c202 P1=0e4000 vc=42 BI
[0e4249] 4249 2041   JR NZ,428Ch    AF=1020 BC=0000 DE=0001 HL=c046 SP=c202 P1=0e4000 vc=42 BI
[0e428c] 428c 2151C0 LD HL,C051h    AF=1020 BC=0000 DE=0001 HL=c046 SP=c202 P1=0e4000 vc=42 BI
[0e428f] 428f FA1AC0 LD A,(C01Ah)   AF=1020 BC=0000 DE=0001 HL=c051 SP=c202 P1=0e4000 vc=42 BI
[0e4292] 4292 5F     LD E,A         AF=0120 BC=0000 DE=0001 HL=c051 SP=c202 P1=0e4000 vc=42 BI
[0e4293] 4293 1600   LD D,00h       AF=0120 BC=0000 DE=0001 HL=c051 SP=c202 P1=0e4000 vc=42 BI
[0e4295] 4295 19     ADD HL,DE      AF=0120 BC=0000 DE=0001 HL=c051 SP=c202 P1=0e4000 vc=42 BI
[0e4296] 4296 7E     LD A,(HL)      AF=0100 BC=0000 DE=0001 HL=c052 SP=c202 P1=0e4000 vc=42 BI
[0e4297] 4297 FE08   CP 08h         AF=0100 BC=0000 DE=0001 HL=c052 SP=c202 P1=0e4000 vc=42 BI
[0e4299] 4299 2011   JR NZ,42ACh    AF=0170 BC=0000 DE=0001 HL=c052 SP=c202 P1=0e4000 vc=42 BI
[0e42ac] 42ac 21404B LD HL,4B40h    AF=0170 BC=0000 DE=0001 HL=c052 SP=c202 P1=0e4000 vc=42 BI
[0e42af] 42af CD194D CALL 4D19h     AF=0170 BC=0000 DE=0001 HL=4b40 SP=c202 P1=0e4000 vc=42 BI
[0e4d19] 4d19 CB27   SLA A          AF=0170 BC=0000 DE=0001 HL=4b40 SP=c200 P1=0e4000 vc=42 bI
[0e4d1b] 4d1b 1600   LD D,00h       AF=0200 BC=0000 DE=0001 HL=4b40 SP=c200 P1=0e4000 vc=42 bI
[0e4d1d] 4d1d 5F     LD E,A         AF=0200 BC=0000 DE=0001 HL=4b40 SP=c200 P1=0e4000 vc=42 bI
[0e4d1e] 4d1e 19     ADD HL,DE      AF=0200 BC=0000 DE=0002 HL=4b40 SP=c200 P1=0e4000 vc=42 bI
[0e4d1f] 4d1f 5E     LD E,(HL)      AF=0200 BC=0000 DE=0002 HL=4b42 SP=c200 P1=0e4000 vc=42 bI
[0e4d20] 4d20 23     INC HL         AF=0200 BC=0000 DE=0001 HL=4b42 SP=c200 P1=0e4000 vc=42 bI
[0e4d21] 4d21 56     LD D,(HL)      AF=0200 BC=0000 DE=0001 HL=4b43 SP=c200 P1=0e4000 vc=42 bI
[0e4d22] 4d22 62     LD H,D         AF=0200 BC=0000 DE=0001 HL=4b43 SP=c200 P1=0e4000 vc=42 bI
[0e4d23] 4d23 6B     LD L,E         AF=0200 BC=0000 DE=0001 HL=0043 SP=c200 P1=0e4000 vc=42 bI
[0e4d24] 4d24 C9     RET            AF=0200 BC=0000 DE=0001 HL=0001 SP=c200 P1=0e4000 vc=42 bI
[0e42b2] 42b2 E5     PUSH HL        AF=0200 BC=0000 DE=0001 HL=0001 SP=c202 P1=0e4000 vc=42 bI
[0e42b3] 42b3 2151C0 LD HL,C051h    AF=0200 BC=0000 DE=0001 HL=0001 SP=c200 P1=0e4000 vc=42 bI
[0e42b6] 42b6 FA1AC0 LD A,(C01Ah)   AF=0200 BC=0000 DE=0001 HL=c051 SP=c200 P1=0e4000 vc=42 bI
[0e42b9] 42b9 5F     LD E,A         AF=0100 BC=0000 DE=0001 HL=c051 SP=c200 P1=0e4000 vc=42 bI
[0e42ba] 42ba 1600   LD D,00h       AF=0100 BC=0000 DE=0001 HL=c051 SP=c200 P1=0e4000 vc=42 bI
[0e42bc] 42bc 19     ADD HL,DE      AF=0100 BC=0000 DE=0001 HL=c051 SP=c200 P1=0e4000 vc=42 bI
[0e42bd] 42bd 7E     LD A,(HL)      AF=0100 BC=0000 DE=0001 HL=c052 SP=c200 P1=0e4000 vc=42 bI
[0e42be] 42be 3C     INC A          AF=0100 BC=0000 DE=0001 HL=c052 SP=c200 P1=0e4000 vc=42 bI
[0e42bf] 42bf 77     LD (HL),A      AF=0200 BC=0000 DE=0001 HL=c052 SP=c200 P1=0e4000 vc=42 bI
[0e42c0] 42c0 214BC0 LD HL,C04Bh    AF=0200 BC=0000 DE=0001 HL=c052 SP=c200 P1=0e4000 vc=42 bI
[0e42c3] 42c3 FA1AC0 LD A,(C01Ah)   AF=0200 BC=0000 DE=0001 HL=c04b SP=c200 P1=0e4000 vc=42 bI
[0e42c6] 42c6 5F     LD E,A         AF=0100 BC=0000 DE=0001 HL=c04b SP=c200 P1=0e4000 vc=42 bI
[0e42c7] 42c7 1600   LD D,00h       AF=0100 BC=0000 DE=0001 HL=c04b SP=c200 P1=0e4000 vc=42 bI
[0e42c9] 42c9 19     ADD HL,DE      AF=0100 BC=0000 DE=0001 HL=c04b SP=c200 P1=0e4000 vc=42 bI
[0e42ca] 42ca 7E     LD A,(HL)      AF=0100 BC=0000 DE=0001 HL=c04c SP=c200 P1=0e4000 vc=42 bI
[0e42cb] 42cb E60F   AND 0Fh        AF=f100 BC=0000 DE=0001 HL=c04c SP=c200 P1=0e4000 vc=42 bI
[0e42cd] 42cd E1     POP HL         AF=0120 BC=0000 DE=0001 HL=c04c SP=c200 P1=0e4000 vc=42 bI
[0e42ce] 42ce CD104A CALL 4A10h     AF=0120 BC=0000 DE=0001 HL=0001 SP=c202 P1=0e4000 vc=42 bI
[0e4a10] 4a10 FE00   CP 00h         AF=0120 BC=0000 DE=0001 HL=0001 SP=c200 P1=0e4000 vc=42 bI
[0e4a12] 4a12 2004   JR NZ,4A18h    AF=0140 BC=0000 DE=0001 HL=0001 SP=c200 P1=0e4000 vc=42 bI
[0e4a18] 4a18 5D     LD E,L         AF=0140 BC=0000 DE=0001 HL=0001 SP=c200 P1=0e4000 vc=42 bI
[0e4a19] 4a19 54     LD D,H         AF=0140 BC=0000 DE=0001 HL=0001 SP=c200 P1=0e4000 vc=42 bI
[0e4a1a] 4a1a 3D     DEC A          AF=0140 BC=0000 DE=0001 HL=0001 SP=c200 P1=0e4000 vc=42 bI
[0e4a1b] 4a1b 2804   JR Z,4A21h     AF=00c0 BC=0000 DE=0001 HL=0001 SP=c200 P1=0e4000 vc=42 bI
[0e4a21] 4a21 C9     RET            AF=00c0 BC=0000 DE=0001 HL=0001 SP=c200 P1=0e4000 vc=42 bI
[0e42d1] 42d1 FA1AC0 LD A,(C01Ah)   AF=00c0 BC=0000 DE=0001 HL=0001 SP=c202 P1=0e4000 vc=42 bI
[0e42d4] 42d4 CB27   SLA A          AF=01c0 BC=0000 DE=0001 HL=0001 SP=c202 P1=0e4000 vc=42 bI
[0e42d6] 42d6 47     LD B,A         AF=0200 BC=0000 DE=0001 HL=0001 SP=c202 P1=0e4000 vc=42 bI
[0e42d7] 42d7 78     LD A,B         AF=0200 BC=0200 DE=0001 HL=0001 SP=c202 P1=0e4000 vc=42 bI
[0e42d8] 42d8 C6F2   ADD A,F2h      AF=0200 BC=0200 DE=0001 HL=0001 SP=c202 P1=0e4000 vc=42 bI
[0e42da] 42da 4F     LD C,A         AF=f400 BC=0200 DE=0001 HL=0001 SP=c202 P1=0e4000 vc=42 bI
[0e42db] 42db F2     LD A,(FF00h+C) AF=f400 BC=02f4 DE=0001 HL=0001 SP=c202 P1=0e4000 vc=42 bI
[0e42dc] 42dc 0C     INC C          AF=9e00 BC=02f4 DE=0001 HL=0001 SP=c202 P1=0e4000 vc=42 bI
[0e42dd] 42dd 5F     LD E,A         AF=9e00 BC=02f5 DE=0001 HL=0001 SP=c202 P1=0e4000 vc=42 bI
[0e42de] 42de F2     LD A,(FF00h+C) AF=9e00 BC=02f5 DE=009e HL=0001 SP=c202 P1=0e4000 vc=42 bI
[0e42df] 42df 0C     INC C          AF=0600 BC=02f5 DE=009e HL=0001 SP=c202 P1=0e4000 vc=42 bI
[0e42e0] 42e0 57     LD D,A         AF=0600 BC=02f6 DE=009e HL=0001 SP=c202 P1=0e4000 vc=42 bI
[0e42e1] 42e1 19     ADD HL,DE      AF=0600 BC=02f6 DE=069e HL=0001 SP=c202 P1=0e4000 vc=42 bI
[0e42e2] 42e2 7D     LD A,L         AF=0600 BC=02f6 DE=069e HL=069f SP=c202 P1=0e4000 vc=43 BI
[0e42e3] 42e3 EA1FC0 LD (C01Fh),A   AF=9f00 BC=02f6 DE=069e HL=069f SP=c202 P1=0e4000 vc=43 BI
[0e42e6] 42e6 7C     LD A,H         AF=9f00 BC=02f6 DE=069e HL=069f SP=c202 P1=0e4000 vc=43 BI
[0e42e7] 42e7 EA20C0 LD (C020h),A   AF=0600 BC=02f6 DE=069e HL=069f SP=c202 P1=0e4000 vc=43 BI
[0e42ea] 42ea FA1AC0 LD A,(C01Ah)   AF=0600 BC=02f6 DE=069e HL=069f SP=c202 P1=0e4000 vc=43 BI
[0e42ed] 42ed 37     SCF            AF=0100 BC=02f6 DE=069e HL=069f SP=c202 P1=0e4000 vc=43 BI
[0e42ee] 42ee 3F     CCF            AF=0110 BC=02f6 DE=069e HL=069f SP=c202 P1=0e4000 vc=43 BI
[0e42ef] 42ef FE04   CP 04h         AF=0100 BC=02f6 DE=069e HL=069f SP=c202 P1=0e4000 vc=43 BI
[0e42f1] 42f1 3046   JR NC,4339h    AF=0170 BC=02f6 DE=069e HL=069f SP=c202 P1=0e4000 vc=43 BI
[0e42f3] 42f3 FE02   CP 02h         AF=0170 BC=02f6 DE=069e HL=069f SP=c202 P1=0e4000 vc=43 BI
[0e42f5] 42f5 300F   JR NC,4306h    AF=0170 BC=02f6 DE=069e HL=069f SP=c202 P1=0e4000 vc=43 BI
[0e42f7] 42f7 3C     INC A          AF=0170 BC=02f6 DE=069e HL=069f SP=c202 P1=0e4000 vc=43 BI
[0e42f8] 42f8 3C     INC A          AF=0210 BC=02f6 DE=069e HL=069f SP=c202 P1=0e4000 vc=43 BI
[0e42f9] 42f9 5F     LD E,A         AF=0310 BC=02f6 DE=069e HL=069f SP=c202 P1=0e4000 vc=43 BI
[0e42fa] 42fa 216DC0 LD HL,C06Dh    AF=0310 BC=02f6 DE=0603 HL=069f SP=c202 P1=0e4000 vc=43 BI
[0e42fd] 42fd 1600   LD D,00h       AF=0310 BC=02f6 DE=0603 HL=c06d SP=c202 P1=0e4000 vc=43 BI
[0e42ff] 42ff 19     ADD HL,DE      AF=0310 BC=02f6 DE=0003 HL=c06d SP=c202 P1=0e4000 vc=43 BI
[0e4300] 4300 7E     LD A,(HL)      AF=0300 BC=02f6 DE=0003 HL=c070 SP=c202 P1=0e4000 vc=43 BI
[0e4301] 4301 FE00   CP 00h         AF=0000 BC=02f6 DE=0003 HL=c070 SP=c202 P1=0e4000 vc=43 BI
[0e4303] 4303 2801   JR Z,4306h     AF=00c0 BC=02f6 DE=0003 HL=c070 SP=c202 P1=0e4000 vc=43 BI
[0e4306] 4306 FA1AC0 LD A,(C01Ah)   AF=00c0 BC=02f6 DE=0003 HL=c070 SP=c202 P1=0e4000 vc=43 BI
[0e4309] 4309 E601   AND 01h        AF=01c0 BC=02f6 DE=0003 HL=c070 SP=c202 P1=0e4000 vc=43 BI
[0e430b] 430b 47     LD B,A         AF=0120 BC=02f6 DE=0003 HL=c070 SP=c202 P1=0e4000 vc=43 BI
[0e430c] 430c CB27   SLA A          AF=0120 BC=01f6 DE=0003 HL=c070 SP=c202 P1=0e4000 vc=43 BI
[0e430e] 430e CB27   SLA A          AF=0200 BC=01f6 DE=0003 HL=c070 SP=c202 P1=0e4000 vc=43 BI
[0e4310] 4310 80     ADD A,B        AF=0400 BC=01f6 DE=0003 HL=c070 SP=c202 P1=0e4000 vc=43 BI
[0e4311] 4311 47     LD B,A         AF=0500 BC=01f6 DE=0003 HL=c070 SP=c202 P1=0e4000 vc=43 BI
[0e4312] 4312 C5     PUSH BC        AF=0500 BC=05f6 DE=0003 HL=c070 SP=c202 P1=0e4000 vc=43 BI
[0e4313] 4313 FA1FC0 LD A,(C01Fh)   AF=0500 BC=05f6 DE=0003 HL=c070 SP=c200 P1=0e4000 vc=43 BI
[0e4316] 4316 0E13   LD C,13h       AF=9f00 BC=05f6 DE=0003 HL=c070 SP=c200 P1=0e4000 vc=43 BI
[0e4318] 4318 CD254D CALL 4D25h     AF=9f00 BC=0513 DE=0003 HL=c070 SP=c200 P1=0e4000 vc=43 BI
[0e4d25] 4d25 F5     PUSH AF        AF=9f00 BC=0513 DE=0003 HL=c070 SP=c1fe P1=0e4000 vc=43 BI
[0e4d26] 4d26 78     LD A,B         AF=9f00 BC=0513 DE=0003 HL=c070 SP=c1fc P1=0e4000 vc=43 BI
[0e4d27] 4d27 81     ADD A,C        AF=0500 BC=0513 DE=0003 HL=c070 SP=c1fc P1=0e4000 vc=43 BI
[0e4d28] 4d28 4F     LD C,A         AF=1800 BC=0513 DE=0003 HL=c070 SP=c1fc P1=0e4000 vc=43 BI
[0e4d29] 4d29 F1     POP AF         AF=1800 BC=0518 DE=0003 HL=c070 SP=c1fc P1=0e4000 vc=43 BI
[0e4d2a] 4d2a E2     LD (FF00h+C),A AF=9f00 BC=0518 DE=0003 HL=c070 SP=c1fe P1=0e4000 vc=43 BI
[0e4d2b] 4d2b 0C     INC C          AF=9f00 BC=0518 DE=0003 HL=c070 SP=c1fe P1=0e4000 vc=43 BI
[0e4d2c] 4d2c C9     RET            AF=9f00 BC=0519 DE=0003 HL=c070 SP=c1fe P1=0e4000 vc=43 BI
[0e431b] 431b FA1EC0 LD A,(C01Eh)   AF=9f00 BC=0519 DE=0003 HL=c070 SP=c200 P1=0e4000 vc=43 BI
[0e431e] 431e 5F     LD E,A         AF=0000 BC=0519 DE=0003 HL=c070 SP=c200 P1=0e4000 vc=43 BI
[0e431f] 431f FA20C0 LD A,(C020h)   AF=0000 BC=0519 DE=0000 HL=c070 SP=c200 P1=0e4000 vc=43 BI
[0e4322] 4322 B3     OR E           AF=0600 BC=0519 DE=0000 HL=c070 SP=c200 P1=0e4000 vc=43 BI
[0e4323] 4323 E2     LD (FF00h+C),A AF=0600 BC=0519 DE=0000 HL=c070 SP=c200 P1=0e4000 vc=43 BI
[0e4324] 4324 0C     INC C          AF=0600 BC=0519 DE=0000 HL=c070 SP=c200 P1=0e4000 vc=43 BI
[0e4325] 4325 C1     POP BC         AF=0600 BC=051a DE=0000 HL=c070 SP=c200 P1=0e4000 vc=43 BI
[0e4326] 4326 C5     PUSH BC        AF=0600 BC=05f6 DE=0000 HL=c070 SP=c202 P1=0e4000 vc=43 BI
[0e4327] 4327 2157C0 LD HL,C057h    AF=0600 BC=05f6 DE=0000 HL=c070 SP=c200 P1=0e4000 vc=43 BI
[0e432a] 432a FA1AC0 LD A,(C01Ah)   AF=0600 BC=05f6 DE=0000 HL=c057 SP=c200 P1=0e4000 vc=43 BI
[0e432d] 432d 5F     LD E,A         AF=0100 BC=05f6 DE=0000 HL=c057 SP=c200 P1=0e4000 vc=43 BI
[0e432e] 432e 1600   LD D,00h       AF=0100 BC=05f6 DE=0001 HL=c057 SP=c200 P1=0e4000 vc=43 BI
[0e4330] 4330 19     ADD HL,DE      AF=0100 BC=05f6 DE=0001 HL=c057 SP=c200 P1=0e4000 vc=43 BI
[0e4331] 4331 7E     LD A,(HL)      AF=0100 BC=05f6 DE=0001 HL=c058 SP=c200 P1=0e4000 vc=43 BI
[0e4332] 4332 C1     POP BC         AF=4000 BC=05f6 DE=0001 HL=c058 SP=c200 P1=0e4000 vc=43 BI
[0e4333] 4333 0E11   LD C,11h       AF=4000 BC=05f6 DE=0001 HL=c058 SP=c202 P1=0e4000 vc=43 BI
[0e4335] 4335 CD254D CALL 4D25h     AF=4000 BC=0511 DE=0001 HL=c058 SP=c202 P1=0e4000 vc=43 bI
[0e4338] 4338 C9     RET            AF=4000 BC=0517 DE=0001 HL=c058 SP=c202 P1=0e4000 vc=43 bI
[0e41f2] 41f2 C9     RET            AF=4000 BC=0517 DE=0001 HL=c058 SP=c204 P1=0e4000 vc=43 bI
[0e41aa] 41aa FA1AC0 LD A,(C01Ah)   AF=4000 BC=0517 DE=0001 HL=c058 SP=c206 P1=0e4000 vc=43 bI
[0e41ad] 41ad 3C     INC A          AF=0100 BC=0517 DE=0001 HL=c058 SP=c206 P1=0e4000 vc=43 bI
[0e41ae] 41ae FE08   CP 08h         AF=0200 BC=0517 DE=0001 HL=c058 SP=c206 P1=0e4000 vc=43 bI
[0e41b0] 41b0 20CF   JR NZ,4181h    AF=0270 BC=0517 DE=0001 HL=c058 SP=c206 P1=0e4000 vc=43 bI
[0e4181] 4181 EA1AC0 LD (C01Ah),A   AF=0270 BC=0517 DE=0001 HL=c058 SP=c206 P1=0e4000 vc=43 bI
[0e4184] 4184 216DC0 LD HL,C06Dh    AF=0270 BC=0517 DE=0001 HL=c058 SP=c206 P1=0e4000 vc=43 bI
[0e4187] 4187 FA1AC0 LD A,(C01Ah)   AF=0270 BC=0517 DE=0001 HL=c06d SP=c206 P1=0e4000 vc=43 bI
[0e418a] 418a 5F     LD E,A         AF=0270 BC=0517 DE=0001 HL=c06d SP=c206 P1=0e4000 vc=43 bI
[0e418b] 418b 1600   LD D,00h       AF=0270 BC=0517 DE=0002 HL=c06d SP=c206 P1=0e4000 vc=43 bI
[0e418d] 418d 19     ADD HL,DE      AF=0270 BC=0517 DE=0002 HL=c06d SP=c206 P1=0e4000 vc=43 bI
[0e418e] 418e 7E     LD A,(HL)      AF=0200 BC=0517 DE=0002 HL=c06f SP=c206 P1=0e4000 vc=43 bI
[0e418f] 418f FE00   CP 00h         AF=0000 BC=0517 DE=0002 HL=c06f SP=c206 P1=0e4000 vc=43 bI
[0e4191] 4191 2817   JR Z,41AAh     AF=00c0 BC=0517 DE=0002 HL=c06f SP=c206 P1=0e4000 vc=43 bI
[0e4193] 4193 2175C0 LD HL,C075h    AF=0140 BC=0517 DE=0004 HL=c071 SP=c206 P1=0e4000 vc=44 BI
[0e4196] 4196 FA1AC0 LD A,(C01Ah)   AF=0140 BC=0517 DE=0004 HL=c075 SP=c206 P1=0e4000 vc=44 BI
[0e4199] 4199 5F     LD E,A         AF=0440 BC=0517 DE=0004 HL=c075 SP=c206 P1=0e4000 vc=44 BI
[0e419a] 419a 1600   LD D,00h       AF=0440 BC=0517 DE=0004 HL=c075 SP=c206 P1=0e4000 vc=44 BI
[0e419c] 419c 19     ADD HL,DE      AF=0440 BC=0517 DE=0004 HL=c075 SP=c206 P1=0e4000 vc=44 BI
[0e419d] 419d 7E     LD A,(HL)      AF=0400 BC=0517 DE=0004 HL=c079 SP=c206 P1=0e4000 vc=44 BI
[0e419e] 419e FE00   CP 00h         AF=1c00 BC=0517 DE=0004 HL=c079 SP=c206 P1=0e4000 vc=44 BI
[0e41a0] 41a0 2005   JR NZ,41A7h    AF=1c40 BC=0517 DE=0004 HL=c079 SP=c206 P1=0e4000 vc=44 BI
[0e41a7] 41a7 CDC241 CALL 41C2h     AF=1c40 BC=0517 DE=0004 HL=c079 SP=c206 P1=0e4000 vc=44 BI
[0e41c2] 41c2 2175C0 LD HL,C075h    AF=1c40 BC=0517 DE=0004 HL=c079 SP=c204 P1=0e4000 vc=44 BI
[0e41c5] 41c5 FA1AC0 LD A,(C01Ah)   AF=1c40 BC=0517 DE=0004 HL=c075 SP=c204 P1=0e4000 vc=44 BI
[0e41c8] 41c8 5F     LD E,A         AF=0440 BC=0517 DE=0004 HL=c075 SP=c204 P1=0e4000 vc=44 BI
[0e41c9] 41c9 1600   LD D,00h       AF=0440 BC=0517 DE=0004 HL=c075 SP=c204 P1=0e4000 vc=44 BI
[0e41cb] 41cb 19     ADD HL,DE      AF=0440 BC=0517 DE=0004 HL=c075 SP=c204 P1=0e4000 vc=44 BI
[0e41cc] 41cc 7E     LD A,(HL)      AF=0400 BC=0517 DE=0004 HL=c079 SP=c204 P1=0e4000 vc=44 BI
[0e41cd] 41cd 3D     DEC A          AF=1c00 BC=0517 DE=0004 HL=c079 SP=c204 P1=0e4000 vc=44 BI
[0e41ce] 41ce 77     LD (HL),A      AF=1b40 BC=0517 DE=0004 HL=c079 SP=c204 P1=0e4000 vc=44 BI
[0e41cf] 41cf FA1AC0 LD A,(C01Ah)   AF=1b40 BC=0517 DE=0004 HL=c079 SP=c204 P1=0e4000 vc=44 BI
[0e41d2] 41d2 FE06   CP 06h         AF=0440 BC=0517 DE=0004 HL=c079 SP=c204 P1=0e4000 vc=44 BI
[0e41d4] 41d4 301C   JR NC,41F2h    AF=0470 BC=0517 DE=0004 HL=c079 SP=c204 P1=0e4000 vc=44 BI
[0e41d6] 41d6 2139C0 LD HL,C039h    AF=0470 BC=0517 DE=0004 HL=c079 SP=c204 P1=0e4000 vc=44 BI
[0e41d9] 41d9 FA1AC0 LD A,(C01Ah)   AF=0470 BC=0517 DE=0004 HL=c039 SP=c204 P1=0e4000 vc=44 BI
[0e41dc] 41dc 5F     LD E,A         AF=0470 BC=0517 DE=0004 HL=c039 SP=c204 P1=0e4000 vc=44 BI
[0e41dd] 41dd 1600   LD D,00h       AF=0470 BC=0517 DE=0004 HL=c039 SP=c204 P1=0e4000 vc=44 BI
[0e41df] 41df 19     ADD HL,DE      AF=0470 BC=0517 DE=0004 HL=c039 SP=c204 P1=0e4000 vc=44 BI
[0e41e0] 41e0 7E     LD A,(HL)      AF=0400 BC=0517 DE=0004 HL=c03d SP=c204 P1=0e4000 vc=44 BI
[0e41e1] 41e1 E640   AND 40h        AF=0000 BC=0517 DE=0004 HL=c03d SP=c204 P1=0e4000 vc=44 BI
[0e41e3] 41e3 200D   JR NZ,41F2h    AF=00a0 BC=0517 DE=0004 HL=c03d SP=c204 P1=0e4000 vc=44 BI
[0e41e5] 41e5 FA1AC0 LD A,(C01Ah)   AF=00a0 BC=0517 DE=0004 HL=c03d SP=c204 P1=0e4000 vc=44 BI
[0e41e8] 41e8 FE05   CP 05h         AF=04a0 BC=0517 DE=0004 HL=c03d SP=c204 P1=0e4000 vc=44 BI
[0e41ea] 41ea 3003   JR NC,41EFh    AF=0470 BC=0517 DE=0004 HL=c03d SP=c204 P1=0e4000 vc=44 BI
[0e41ec] 41ec CD4C46 CALL 464Ch     AF=0470 BC=0517 DE=0004 HL=c03d SP=c204 P1=0e4000 vc=44 BI
[0e464c] 464c FA1AC0 LD A,(C01Ah)   AF=0470 BC=0517 DE=0004 HL=c03d SP=c202 P1=0e4000 vc=44 BI
[0e464f] 464f FE04   CP 04h         AF=0470 BC=0517 DE=0004 HL=c03d SP=c202 P1=0e4000 vc=44 BI
[0e4651] 4651 2003   JR NZ,4656h    AF=04c0 BC=0517 DE=0004 HL=c03d SP=c202 P1=0e4000 vc=44 BI
[0e4653] 4653 C36647 JP 4766h       AF=04c0 BC=0517 DE=0004 HL=c03d SP=c202 P1=0e4000 vc=44 BI
[0e4766] 4766 CD9E48 CALL 489Eh     AF=04c0 BC=0517 DE=0004 HL=c03d SP=c202 P1=0e4000 vc=44 BI
[0e489e] 489e 212DC0 LD HL,C02Dh    AF=04c0 BC=0517 DE=0004 HL=c03d SP=c200 P1=0e4000 vc=44 bI
[0e48a1] 48a1 FA1AC0 LD A,(C01Ah)   AF=04c0 BC=0517 DE=0004 HL=c02d SP=c200 P1=0e4000 vc=44 bI
[0e48a4] 48a4 5F     LD E,A         AF=04c0 BC=0517 DE=0004 HL=c02d SP=c200 P1=0e4000 vc=44 bI
[0e48a5] 48a5 1600   LD D,00h       AF=04c0 BC=0517 DE=0004 HL=c02d SP=c200 P1=0e4000 vc=44 bI
[0e48a7] 48a7 19     ADD HL,DE      AF=04c0 BC=0517 DE=0004 HL=c02d SP=c200 P1=0e4000 vc=44 bI
[0e48a8] 48a8 7E     LD A,(HL)      AF=0480 BC=0517 DE=0004 HL=c031 SP=c200 P1=0e4000 vc=44 bI
[0e48a9] 48a9 FE00   CP 00h         AF=0080 BC=0517 DE=0004 HL=c031 SP=c200 P1=0e4000 vc=44 bI
[0e48ab] 48ab 201F   JR NZ,48CCh    AF=00c0 BC=0517 DE=0004 HL=c031 SP=c200 P1=0e4000 vc=44 bI
[0e48ad] 48ad FA1AC0 LD A,(C01Ah)   AF=00c0 BC=0517 DE=0004 HL=c031 SP=c200 P1=0e4000 vc=44 bI
[0e48b0] 48b0 FE05   CP 05h         AF=04c0 BC=0517 DE=0004 HL=c031 SP=c200 P1=0e4000 vc=44 bI
[0e48b2] 48b2 300F   JR NC,48C3h    AF=0470 BC=0517 DE=0004 HL=c031 SP=c200 P1=0e4000 vc=44 bI
[0e48b4] 48b4 FA22C0 LD A,(C022h)   AF=0470 BC=0517 DE=0004 HL=c031 SP=c200 P1=0e4000 vc=44 bI
[0e48b7] 48b7 FE00   CP 00h         AF=0370 BC=0517 DE=0004 HL=c031 SP=c200 P1=0e4000 vc=44 bI
[0e48b9] 48b9 2811   JR Z,48CCh     AF=0340 BC=0517 DE=0004 HL=c031 SP=c200 P1=0e4000 vc=44 bI
[0e48bb] 48bb FE01   CP 01h         AF=0340 BC=0517 DE=0004 HL=c031 SP=c200 P1=0e4000 vc=44 bI
[0e48bd] 48bd 280A   JR Z,48C9h     AF=0340 BC=0517 DE=0004 HL=c031 SP=c200 P1=0e4000 vc=44 bI
[0e48bf] 48bf FE02   CP 02h         AF=0340 BC=0517 DE=0004 HL=c031 SP=c200 P1=0e4000 vc=44 bI
[0e48c1] 48c1 2803   JR Z,48C6h     AF=0340 BC=0517 DE=0004 HL=c031 SP=c200 P1=0e4000 vc=44 bI
[0e48c3] 48c3 3E20   LD A,20h       AF=0340 BC=0517 DE=0004 HL=c031 SP=c200 P1=0e4000 vc=44 bI
[0e48c5] 48c5 C9     RET            AF=2040 BC=0517 DE=0004 HL=c031 SP=c200 P1=0e4000 vc=44 bI
[0e4769] 4769 47     LD B,A         AF=2040 BC=0517 DE=0004 HL=c031 SP=c202 P1=0e4000 vc=44 bI
[0e476a] 476a FA29C0 LD A,(C029h)   AF=2040 BC=2017 DE=0004 HL=c031 SP=c202 P1=0e4000 vc=44 bI
[0e476d] 476d B8     CP B           AF=2040 BC=2017 DE=0004 HL=c031 SP=c202 P1=0e4000 vc=44 bI
[0e476e] 476e 2812   JR Z,4782h     AF=20c0 BC=2017 DE=0004 HL=c031 SP=c202 P1=0e4000 vc=44 bI
[0e4782] 4782 C9     RET            AF=20c0 BC=2017 DE=0004 HL=c031 SP=c202 P1=0e4000 vc=44 bI
[0e41ef] 41ef CDF341 CALL 41F3h     AF=20c0 BC=2017 DE=0004 HL=c031 SP=c204 P1=0e4000 vc=44 bI
[0e41f3] 41f3 213FC0 LD HL,C03Fh    AF=20c0 BC=2017 DE=0004 HL=c031 SP=c202 P1=0e4000 vc=44 bI
[0e41f6] 41f6 FA1AC0 LD A,(C01Ah)   AF=20c0 BC=2017 DE=0004 HL=c03f SP=c202 P1=0e4000 vc=44 bI
[0e41f9] 41f9 5F     LD E,A         AF=04c0 BC=2017 DE=0004 HL=c03f SP=c202 P1=0e4000 vc=44 bI
[0e41fa] 41fa 1600   LD D,00h       AF=04c0 BC=2017 DE=0004 HL=c03f SP=c202 P1=0e4000 vc=44 bI
[0e4a14] 4a14 210000 LD HL,0000h    AF=00c0 BC=2000 DE=0004 HL=ffff SP=c200 P1=0e4000 vc=45 BI
[0e4a17] 4a17 C9     RET            AF=00c0 BC=2000 DE=0004 HL=0000 SP=c200 P1=0e4000 vc=45 BI
[0e4339] 4339 CD4B43 CALL 434Bh     AF=04c0 BC=08fc DE=0484 HL=0484 SP=c202 P1=0e4000 vc=45 bI
[0e434b] 434b FA1AC0 LD A,(C01Ah)   AF=04c0 BC=08fc DE=0484 HL=0484 SP=c200 P1=0e4000 vc=45 bI
[0e434e] 434e FE05   CP 05h         AF=04c0 BC=08fc DE=0484 HL=0484 SP=c200 P1=0e4000 vc=45 bI
[0e4350] 4350 280E   JR Z,4360h     AF=0470 BC=08fc DE=0484 HL=0484 SP=c200 P1=0e4000 vc=45 bI
[0e4352] 4352 FA72C0 LD A,(C072h)   AF=0470 BC=08fc DE=0484 HL=0484 SP=c200 P1=0e4000 vc=45 bI
[0e4355] 4355 FE00   CP 00h         AF=0070 BC=08fc DE=0484 HL=0484 SP=c200 P1=0e4000 vc=45 bI
[0e4357] 4357 200A   JR NZ,4363h    AF=00c0 BC=08fc DE=0484 HL=0484 SP=c200 P1=0e4000 vc=45 bI
[0e4359] 4359 FA23C0 LD A,(C023h)   AF=00c0 BC=08fc DE=0484 HL=0484 SP=c200 P1=0e4000 vc=45 bI
[0e435c] 435c FE02   CP 02h         AF=00c0 BC=08fc DE=0484 HL=0484 SP=c200 P1=0e4000 vc=45 bI
[0e435e] 435e 2803   JR Z,4363h     AF=0070 BC=08fc DE=0484 HL=0484 SP=c200 P1=0e4000 vc=45 bI
[0e4360] 4360 3E00   LD A,00h       AF=0070 BC=08fc DE=0484 HL=0484 SP=c200 P1=0e4000 vc=45 bI
[0e4362] 4362 C9     RET            AF=0070 BC=08fc DE=0484 HL=0484 SP=c200 P1=0e4000 vc=45 bI
[0e433c] 433c FE00   CP 00h         AF=0070 BC=08fc DE=0484 HL=0484 SP=c202 P1=0e4000 vc=45 bI
[0e433e] 433e 200A   JR NZ,434Ah    AF=00c0 BC=08fc DE=0484 HL=0484 SP=c202 P1=0e4000 vc=45 bI
[0e4340] 4340 7D     LD A,L         AF=00c0 BC=08fc DE=0484 HL=0484 SP=c202 P1=0e4000 vc=45 bI
[0e4341] 4341 E01D   LD (FF1Dh),A   AF=84c0 BC=08fc DE=0484 HL=0484 SP=c202 P1=0e4000 vc=45 bI
[0e4343] 4343 7C     LD A,H         AF=84c0 BC=08fc DE=0484 HL=0484 SP=c202 P1=0e4000 vc=45 bI
[0e4344] 4344 E01E   LD (FF1Eh),A   AF=04c0 BC=08fc DE=0484 HL=0484 SP=c202 P1=0e4000 vc=45 bI
[0e4346] 4346 3E00   LD A,00h       AF=04c0 BC=08fc DE=0484 HL=0484 SP=c202 P1=0e4000 vc=45 bI
[0e4348] 4348 E01B   LD (FF1Bh),A   AF=00c0 BC=08fc DE=0484 HL=0484 SP=c202 P1=0e4000 vc=45 bI
[0e434a] 434a C9     RET            AF=00c0 BC=08fc DE=0484 HL=0484 SP=c202 P1=0e4000 vc=45 bI
[0e41b2] 41b2 FA23C0 LD A,(C023h)   AF=08c0 BC=08fc DE=0007 HL=c074 SP=c206 P1=0e4000 vc=46 BI
[0e41b5] 41b5 FE01   CP 01h         AF=00c0 BC=08fc DE=0007 HL=c074 SP=c206 P1=0e4000 vc=46 BI
[0e41b7] 41b7 2005   JR NZ,41BEh    AF=0070 BC=08fc DE=0007 HL=c074 SP=c206 P1=0e4000 vc=46 BI
[0e41be] 41be E1     POP HL         AF=0070 BC=08fc DE=0007 HL=c074 SP=c206 P1=0e4000 vc=46 BI
[0e41bf] 41bf D1     POP DE         AF=0070 BC=08fc DE=0007 HL=ffb6 SP=c208 P1=0e4000 vc=46 BI
[0e41c0] 41c0 C1     POP BC         AF=0070 BC=08fc DE=2f00 HL=ffb6 SP=c20a P1=0e4000 vc=46 BI
[0e41c1] 41c1 C9     RET            AF=0070 BC=a42c DE=2f00 HL=ffb6 SP=c20c P1=0e4000 vc=46 BI
[000d2b] 0d2b 21B5FF LD HL,FFB5h    AF=0070 BC=a42c DE=2f00 HL=ffb6 SP=c20e P1=0e4000 vc=46 BI
[000d2e] 0d2e CB86   RES 0,(HL)     AF=0070 BC=a42c DE=2f00 HL=ffb5 SP=c20e P1=0e4000 vc=46 BI
[000d30] 0d30 F097   LD A,(FF97h)   AF=0070 BC=a42c DE=2f00 HL=ffb5 SP=c20e P1=0e4000 vc=46 BI
[000d32] 0d32 EA2222 LD (2222h),A   AF=1370 BC=a42c DE=2f00 HL=ffb5 SP=c20e P1=0e4000 vc=46 BI
[000d35] 0d35 E1     POP HL         AF=1370 BC=a42c DE=2f00 HL=ffb5 SP=c20e P1=04c000 vc=46 bI
[000d36] 0d36 D1     POP DE         AF=1370 BC=a42c DE=2f00 HL=0000 SP=c210 P1=04c000 vc=46 bI
[000d37] 0d37 C1     POP BC         AF=1370 BC=a42c DE=2f00 HL=0000 SP=c212 P1=04c000 vc=46 bI
[000d38] 0d38 F1     POP AF         AF=1370 BC=cf2c DE=2f00 HL=0000 SP=c214 P1=04c000 vc=46 bI
[000d39] 0d39 D9     RETI           AF=00a0 BC=cf2c DE=2f00 HL=0000 SP=c216 P1=04c000 vc=46 bI
[000e50] 0e50 07     RLCA           AF=00a0 BC=cf2c DE=2f00 HL=0000 SP=c218 P1=04c000 vc=46 bI
[000e51] 0e51 07     RLCA           AF=0000 BC=cf2c DE=2f00 HL=0000 SP=c218 P1=04c000 vc=46 bI
[000e52] 0e52 C612   ADD A,12h      AF=0000 BC=cf2c DE=2f00 HL=0000 SP=c218 P1=04c000 vc=46 bI
[000e54] 0e54 E097   LD (FF97h),A   AF=1200 BC=cf2c DE=2f00 HL=0000 SP=c218 P1=04c000 vc=46 bI
[000e56] 0e56 EA2222 LD (2222h),A   AF=1200 BC=cf2c DE=2f00 HL=0000 SP=c218 P1=04c000 vc=46 bI
[000e59] 0e59 CBF4   SET 6,H        AF=1200 BC=cf2c DE=2f00 HL=0000 SP=c218 P1=048000 vc=46 bI
[000e5b] 0e5b CBBC   RES 7,H        AF=1200 BC=cf2c DE=2f00 HL=4000 SP=c218 P1=048000 vc=46 bI
[000e5d] 0e5d 2A     LDI A,(HL)     AF=1200 BC=cf2c DE=2f00 HL=4000 SP=c218 P1=048000 vc=46 bI
[000e5e] 0e5e B7     OR A           AF=0200 BC=cf2c DE=2f00 HL=4001 SP=c218 P1=048000 vc=46 bI
[000e5f] 0e5f 2837   JR Z,0E98h     AF=0200 BC=cf2c DE=2f00 HL=4001 SP=c218 P1=048000 vc=46 bI
[000e61] 0e61 4F     LD C,A         AF=0200 BC=cf2c DE=2f00 HL=4001 SP=c218 P1=048000 vc=46 bI
[000e62] 0e62 F09D   LD A,(FF9Dh)   AF=0200 BC=cf02 DE=2f00 HL=4001 SP=c218 P1=048000 vc=46 bI
[000e64] 0e64 5F     LD E,A         AF=1000 BC=cf02 DE=2f00 HL=4001 SP=c218 P1=048000 vc=46 bI
[000e65] 0e65 3EA0   LD A,A0h       AF=1000 BC=cf02 DE=2f10 HL=4001 SP=c218 P1=048000 vc=46 bI
[000e67] 0e67 93     SUB E          AF=a000 BC=cf02 DE=2f10 HL=4001 SP=c218 P1=048000 vc=46 bI
[000e68] 0e68 282E   JR Z,0E98h     AF=9040 BC=cf02 DE=2f10 HL=4001 SP=c218 P1=048000 vc=46 bI
[000e6a] 0e6a 0F     RRCA           AF=9040 BC=cf02 DE=2f10 HL=4001 SP=c218 P1=048000 vc=46 bI
[000e6b] 0e6b 0F     RRCA           AF=4800 BC=cf02 DE=2f10 HL=4001 SP=c218 P1=048000 vc=46 bI
[000e6c] 0e6c 47     LD B,A         AF=2400 BC=cf02 DE=2f10 HL=4001 SP=c218 P1=048000 vc=46 bI
[000e6d] 0e6d 16CB   LD D,CBh       AF=2400 BC=2402 DE=2f10 HL=4001 SP=c218 P1=048000 vc=46 bI
[000e6f] 0e6f F08C   LD A,(FF8Ch)   AF=2400 BC=2402 DE=cb10 HL=4001 SP=c218 P1=048000 vc=46 bI
[000e71] 0e71 86     ADD A,(HL)     AF=2f00 BC=2402 DE=cb10 HL=4001 SP=c218 P1=048000 vc=46 bI
[000e72] 0e72 23     INC HL         AF=3720 BC=2402 DE=cb10 HL=4001 SP=c218 P1=048000 vc=46 bI
[000e73] 0e73 FEA0   CP A0h         AF=3720 BC=2402 DE=cb10 HL=4002 SP=c218 P1=048000 vc=46 bI
[000e75] 0e75 3025   JR NC,0E9Ch    AF=3750 BC=2402 DE=cb10 HL=4002 SP=c218 P1=048000 vc=46 bI
[000e77] 0e77 12     LD (DE),A      AF=3750 BC=2402 DE=cb10 HL=4002 SP=c218 P1=048000 vc=46 bI
[000e78] 0e78 F08D   LD A,(FF8Dh)   AF=3750 BC=2402 DE=cb10 HL=4002 SP=c218 P1=048000 vc=46 bI
[000e7a] 0e7a 86     ADD A,(HL)     AF=7b50 BC=2402 DE=cb10 HL=4002 SP=c218 P1=048000 vc=46 bI
[000e7b] 0e7b FEA8   CP A8h         AF=7b00 BC=2402 DE=cb10 HL=4002 SP=c218 P1=048000 vc=46 bI
[000e7d] 0e7d 301D   JR NC,0E9Ch    AF=7b50 BC=2402 DE=cb10 HL=4002 SP=c218 P1=048000 vc=46 bI
[000e7f] 0e7f 1C     INC E          AF=7b50 BC=2402 DE=cb10 HL=4002 SP=c218 P1=048000 vc=46 bI
[000e80] 0e80 12     LD (DE),A      AF=7b10 BC=2402 DE=cb11 HL=4002 SP=c218 P1=048000 vc=46 bI
[000e81] 0e81 23     INC HL         AF=7b10 BC=2402 DE=cb11 HL=4002 SP=c218 P1=048000 vc=46 bI
[000e82] 0e82 1C     INC E          AF=7b10 BC=2402 DE=cb11 HL=4003 SP=c218 P1=048000 vc=46 bI
[000e83] 0e83 F08E   LD A,(FF8Eh)   AF=7b10 BC=2402 DE=cb12 HL=4003 SP=c218 P1=048000 vc=46 bI
[000e85] 0e85 86     ADD A,(HL)     AF=7010 BC=2402 DE=cb12 HL=4003 SP=c218 P1=048000 vc=46 bI
[000e86] 0e86 12     LD (DE),A      AF=7000 BC=2402 DE=cb12 HL=4003 SP=c218 P1=048000 vc=46 bI
[000e87] 0e87 23     INC HL         AF=7000 BC=2402 DE=cb12 HL=4003 SP=c218 P1=048000 vc=46 bI
[000e88] 0e88 1C     INC E          AF=7000 BC=2402 DE=cb12 HL=4004 SP=c218 P1=048000 vc=46 bI
[000e89] 0e89 F08F   LD A,(FF8Fh)   AF=7000 BC=2402 DE=cb13 HL=4004 SP=c218 P1=048000 vc=46 bI
[000e8b] 0e8b AE     XOR (HL)       AF=0800 BC=2402 DE=cb13 HL=4004 SP=c218 P1=048000 vc=46 bI
[000e8c] 0e8c 12     LD (DE),A      AF=0800 BC=2402 DE=cb13 HL=4004 SP=c218 P1=048000 vc=46 bI
[000e8d] 0e8d 23     INC HL         AF=0800 BC=2402 DE=cb13 HL=4004 SP=c218 P1=048000 vc=46 bI
[000e8e] 0e8e 1C     INC E          AF=0800 BC=2402 DE=cb13 HL=4005 SP=c218 P1=048000 vc=46 bI
[000e8f] 0e8f 05     DEC B          AF=0800 BC=2402 DE=cb14 HL=4005 SP=c218 P1=048000 vc=46 bI
[000e90] 0e90 2803   JR Z,0E95h     AF=0840 BC=2302 DE=cb14 HL=4005 SP=c218 P1=048000 vc=47 BI
[000e92] 0e92 0D     DEC C          AF=0840 BC=2302 DE=cb14 HL=4005 SP=c218 P1=048000 vc=47 BI
[000e93] 0e93 20DA   JR NZ,0E6Fh    AF=0840 BC=2301 DE=cb14 HL=4005 SP=c218 P1=048000 vc=47 BI
[000e95] 0e95 7B     LD A,E         AF=08c0 BC=2200 DE=cb18 HL=4009 SP=c218 P1=048000 vc=47 BI
[000e96] 0e96 E09D   LD (FF9Dh),A   AF=18c0 BC=2200 DE=cb18 HL=4009 SP=c218 P1=048000 vc=47 BI
[000e98] 0e98 E1     POP HL         AF=18c0 BC=2200 DE=cb18 HL=4009 SP=c218 P1=048000 vc=47 BI
[000e99] 0e99 3600   LD (HL),00h    AF=18c0 BC=2200 DE=cb18 HL=c520 SP=c21a P1=048000 vc=47 BI
[000e9b] 0e9b C9     RET            AF=18c0 BC=2200 DE=cb18 HL=c520 SP=c21a P1=048000 vc=47 BI
[000dfd] 0dfd 2C     INC L          AF=18c0 BC=2200 DE=cb18 HL=c520 SP=c21c P1=048000 vc=47 BI
[000dfe] 0dfe 2C     INC L          AF=1800 BC=2200 DE=cb18 HL=c521 SP=c21c P1=048000 vc=47 BI
[000dff] 0dff CB7D   BIT 7,L        AF=1800 BC=2200 DE=cb18 HL=c522 SP=c21c P1=048000 vc=47 BI
[000e01] 0e01 28F5   JR Z,0DF8h     AF=18a0 BC=2200 DE=cb18 HL=c522 SP=c21c P1=048000 vc=47 BI
[000df8] 0df8 7E     LD A,(HL)      AF=18a0 BC=2200 DE=cb18 HL=c522 SP=c21c P1=048000 vc=47 BI
[000df9] 0df9 B7     OR A           AF=00a0 BC=2200 DE=cb18 HL=c522 SP=c21c P1=048000 vc=47 BI
[000dfa] 0dfa C43B0E CALL NZ,0E3Bh  AF=0080 BC=2200 DE=cb18 HL=c522 SP=c21c P1=048000 vc=47 BI
[000e03] 0e03 21C0C4 LD HL,C4C0h    AF=0020 BC=2200 DE=cb18 HL=c580 SP=c21c P1=048000 vc=50 BI
[000e06] 0e06 F09E   LD A,(FF9Eh)   AF=0020 BC=2200 DE=cb18 HL=c4c0 SP=c21c P1=048000 vc=50 BI
[000e08] 0e08 0F     RRCA           AF=0020 BC=2200 DE=cb18 HL=c4c0 SP=c21c P1=048000 vc=50 BI
[000e09] 0e09 CB3F   SRL A          AF=0000 BC=2200 DE=cb18 HL=c4c0 SP=c21c P1=048000 vc=50 BI
[000e0b] 0e0b 47     LD B,A         AF=0080 BC=2200 DE=cb18 HL=c4c0 SP=c21c P1=048000 vc=50 BI
[000e0c] 0e0c 2814   JR Z,0E22h     AF=0080 BC=0000 DE=cb18 HL=c4c0 SP=c21c P1=048000 vc=50 BI
[000e22] 0e22 F09D   LD A,(FF9Dh)   AF=0080 BC=0000 DE=cb18 HL=c4c0 SP=c21c P1=048000 vc=50 BI
[000e24] 0e24 FEA0   CP A0h         AF=1880 BC=0000 DE=cb18 HL=c4c0 SP=c21c P1=048000 vc=50 BI
[000e26] 0e26 300C   JR NC,0E34h    AF=1850 BC=0000 DE=cb18 HL=c4c0 SP=c21c P1=048000 vc=50 BI
[000e28] 0e28 26CB   LD H,CBh       AF=1850 BC=0000 DE=cb18 HL=c4c0 SP=c21c P1=048000 vc=50 BI
[000e2a] 0e2a 06E0   LD B,E0h       AF=1850 BC=0000 DE=cb18 HL=cbc0 SP=c21c P1=048000 vc=50 BI
[000e2c] 0e2c 6F     LD L,A         AF=1850 BC=e000 DE=cb18 HL=cbc0 SP=c21c P1=048000 vc=50 BI
[000e2d] 0e2d 70     LD (HL),B      AF=1850 BC=e000 DE=cb18 HL=cb18 SP=c21c P1=048000 vc=50 BI
[000e2e] 0e2e C604   ADD A,04h      AF=1850 BC=e000 DE=cb18 HL=cb18 SP=c21c P1=048000 vc=50 BI
[000e30] 0e30 FEA0   CP A0h         AF=1c00 BC=e000 DE=cb18 HL=cb18 SP=c21c P1=048000 vc=50 BI
[000e32] 0e32 38F8   JR C,0E2Ch     AF=1c50 BC=e000 DE=cb18 HL=cb18 SP=c21c P1=048000 vc=50 BI
[000e34] 0e34 F1     POP AF         AF=a0c0 BC=e000 DE=cb18 HL=cb9c SP=c21c P1=048000 vc=51 bI
[000e35] 0e35 E097   LD (FF97h),A   AF=01a0 BC=e000 DE=cb18 HL=cb9c SP=c21e P1=048000 vc=51 bI
[000e37] 0e37 EA2222 LD (2222h),A   AF=01a0 BC=e000 DE=cb18 HL=cb9c SP=c21e P1=048000 vc=51 bI
[000e3a] 0e3a C9     RET            AF=01a0 BC=e000 DE=cb18 HL=cb9c SP=c21e P1=004000 vc=51 bI
[00326e] 326e CD371A CALL 1A37h     AF=01a0 BC=e000 DE=cb18 HL=cb9c SP=c220 P1=004000 vc=51 bI
[001a37] 1a37 21EACB LD HL,CBEAh    AF=01a0 BC=e000 DE=cb18 HL=cb9c SP=c21e P1=004000 vc=51 bI
[001a3a] 1a3a 7E     LD A,(HL)      AF=01a0 BC=e000 DE=cb18 HL=cbea SP=c21e P1=004000 vc=51 bI
[001a3b] 1a3b B7     OR A           AF=00a0 BC=e000 DE=cb18 HL=cbea SP=c21e P1=004000 vc=51 bI
[001a3c] 1a3c C8     RET Z          AF=0080 BC=e000 DE=cb18 HL=cbea SP=c21e P1=004000 vc=51 bI
[003271] 3271 CDDA08 CALL 08DAh     AF=0080 BC=e000 DE=cb18 HL=cbea SP=c220 P1=004000 vc=51 bI
[0008da] 08da 3E01   LD A,01h       AF=0080 BC=e000 DE=cb18 HL=cbea SP=c21e P1=004000 vc=51 bI
[0008dc] 08dc E5     PUSH HL        AF=0180 BC=e000 DE=cb18 HL=cbea SP=c21e P1=004000 vc=51 bI
[0008dd] 08dd D5     PUSH DE        AF=0180 BC=e000 DE=cb18 HL=cbea SP=c21c P1=004000 vc=51 bI
[0008de] 08de C5     PUSH BC        AF=0180 BC=e000 DE=cb18 HL=cbea SP=c21a P1=004000 vc=51 bI
[0008df] 08df 47     LD B,A         AF=0180 BC=e000 DE=cb18 HL=cbea SP=c218 P1=004000 vc=51 bI
[0008e0] 08e0 F09C   LD A,(FF9Ch)   AF=0180 BC=0100 DE=cb18 HL=cbea SP=c218 P1=004000 vc=51 bI
[0008e2] 08e2 6F     LD L,A         AF=e880 BC=0100 DE=cb18 HL=cbea SP=c218 P1=004000 vc=51 bI
[0008e3] 08e3 26C2   LD H,C2h       AF=e880 BC=0100 DE=cb18 HL=cbe8 SP=c218 P1=004000 vc=51 bI
[0008e5] 08e5 3E01   LD A,01h       AF=e880 BC=0100 DE=cb18 HL=c2e8 SP=c218 P1=004000 vc=51 bI
[0008e7] 08e7 22     LDI (HL),A     AF=0180 BC=0100 DE=cb18 HL=c2e8 SP=c218 P1=004000 vc=51 bI
[0008e8] 08e8 70     LD (HL),B      AF=0180 BC=0100 DE=cb18 HL=c2e9 SP=c218 P1=004000 vc=51 bI
[0008e9] 08e9 2C     INC L          AF=0180 BC=0100 DE=cb18 HL=c2e9 SP=c218 P1=004000 vc=51 bI
[0008ea] 08ea 0892FF LD (FF92h),SP  AF=0100 BC=0100 DE=cb18 HL=c2ea SP=c218 P1=004000 vc=51 bI
[0008ed] 08ed F092   LD A,(FF92h)   AF=0100 BC=0100 DE=cb18 HL=c2ea SP=c218 P1=004000 vc=51 bI
[0008ef] 08ef 22     LDI (HL),A     AF=1800 BC=0100 DE=cb18 HL=c2ea SP=c218 P1=004000 vc=51 bI
[0008f0] 08f0 F093   LD A,(FF93h)   AF=1800 BC=0100 DE=cb18 HL=c2eb SP=c218 P1=004000 vc=51 bI
[0008f2] 08f2 77     LD (HL),A      AF=c200 BC=0100 DE=cb18 HL=c2eb SP=c218 P1=004000 vc=51 bI
[0008f3] 08f3 3110C1 LD SP,C110h    AF=c200 BC=0100 DE=cb18 HL=c2eb SP=c218 P1=004000 vc=51 bI
[0008f6] 08f6 26C2   LD H,C2h       AF=c200 BC=0100 DE=cb18 HL=c2eb SP=c110 P1=004000 vc=51 bI
[0008f8] 08f8 3E01   LD A,01h       AF=c200 BC=0100 DE=cb18 HL=c2eb SP=c110 P1=004000 vc=51 bI
[0008fa] 08fa E070   LD (FF70h),A   AF=0100 BC=0100 DE=cb18 HL=c2eb SP=c110 P1=004000 vc=52 BI
[0008fc] 08fc 1833   JR 0931h       AF=0100 BC=0100 DE=cb18 HL=c2eb SP=c110 P1=004000 vc=52 BI
[000931] 0931 F09C   LD A,(FF9Ch)   AF=0100 BC=0100 DE=cb18 HL=c2eb SP=c110 P1=004000 vc=52 BI
[000933] 0933 C608   ADD A,08h      AF=e800 BC=0100 DE=cb18 HL=c2eb SP=c110 P1=004000 vc=52 BI
[000935] 0935 E09C   LD (FF9Ch),A   AF=f020 BC=0100 DE=cb18 HL=c2eb SP=c110 P1=004000 vc=52 BI
[000937] 0937 FE00   CP 00h         AF=f020 BC=0100 DE=cb18 HL=c2eb SP=c110 P1=004000 vc=52 BI
[000939] 0939 20EE   JR NZ,0929h    AF=f040 BC=0100 DE=cb18 HL=c2eb SP=c110 P1=004000 vc=52 BI
[000929] 0929 6F     LD L,A         AF=f040 BC=0100 DE=cb18 HL=c2eb SP=c110 P1=004000 vc=52 BI
[00092a] 092a 7E     LD A,(HL)      AF=f040 BC=0100 DE=cb18 HL=c2f0 SP=c110 P1=004000 vc=52 BI
[00092b] 092b 3D     DEC A          AF=0040 BC=0100 DE=cb18 HL=c2f0 SP=c110 P1=004000 vc=52 BI
[00092c] 092c 2839   JR Z,0967h     AF=ff60 BC=0100 DE=cb18 HL=c2f0 SP=c110 P1=004000 vc=52 BI
[00092e] 092e 3D     DEC A          AF=ff60 BC=0100 DE=cb18 HL=c2f0 SP=c110 P1=004000 vc=52 BI
[00092f] 092f 2847   JR Z,0978h     AF=fe40 BC=0100 DE=cb18 HL=c2f0 SP=c110 P1=004000 vc=52 BI
[000967] 0967 2C     INC L          AF=00c0 BC=0100 DE=cb18 HL=c2f8 SP=c110 P1=004000 vc=52 BI
[000968] 0968 35     DEC (HL)       AF=0000 BC=0100 DE=cb18 HL=c2f9 SP=c110 P1=004000 vc=52 BI
[000969] 0969 20C6   JR NZ,0931h    AF=00c0 BC=0100 DE=cb18 HL=c2f9 SP=c110 P1=004000 vc=52 BI
[00096b] 096b 2D     DEC L          AF=00c0 BC=0100 DE=cb18 HL=c2f9 SP=c110 P1=004000 vc=52 BI
[00096c] 096c 3E03   LD A,03h       AF=0040 BC=0100 DE=cb18 HL=c2f8 SP=c110 P1=004000 vc=52 BI
[00096e] 096e 22     LDI (HL),A     AF=0340 BC=0100 DE=cb18 HL=c2f8 SP=c110 P1=004000 vc=52 BI
[00096f] 096f 2C     INC L          AF=0340 BC=0100 DE=cb18 HL=c2f9 SP=c110 P1=004000 vc=52 BI
[000970] 0970 2A     LDI A,(HL)     AF=0300 BC=0100 DE=cb18 HL=c2fa SP=c110 P1=004000 vc=52 BI
[000971] 0971 66     LD H,(HL)      AF=b800 BC=0100 DE=cb18 HL=c2fb SP=c110 P1=004000 vc=52 BI
[000972] 0972 6F     LD L,A         AF=b800 BC=0100 DE=cb18 HL=c2fb SP=c110 P1=004000 vc=52 BI
[000973] 0973 F9     LD SP,HL       AF=b800 BC=0100 DE=cb18 HL=c2b8 SP=c110 P1=004000 vc=52 BI
[000974] 0974 C1     POP BC         AF=b800 BC=0100 DE=cb18 HL=c2b8 SP=c2b8 P1=004000 vc=52 BI
[000975] 0975 D1     POP DE         AF=b800 BC=0003 DE=cb18 HL=c2b8 SP=c2ba P1=004000 vc=52 BI
[000976] 0976 E1     POP HL         AF=b800 BC=0003 DE=3da0 HL=c2b8 SP=c2bc P1=004000 vc=52 BI
[000977] 0977 C9     RET            AF=b800 BC=0003 DE=3da0 HL=5775 SP=c2be P1=004000 vc=52 BI
[003246] 3246 18E3   JR 322Bh       AF=b800 BC=0003 DE=3da0 HL=5775 SP=c2c0 P1=004000 vc=52 BI
[00322b] 322b 3E02   LD A,02h       AF=b800 BC=0003 DE=3da0 HL=5775 SP=c2c0 P1=004000 vc=52 BI
[00322d] 322d E070   LD (FF70h),A   AF=0200 BC=0003 DE=3da0 HL=5775 SP=c2c0 P1=004000 vc=52 BI
[00322f] 322f 3E01   LD A,01h       AF=0200 BC=0003 DE=3da0 HL=5775 SP=c2c0 P1=004000 vc=52 BI
[003231] 3231 E097   LD (FF97h),A   AF=0100 BC=0003 DE=3da0 HL=5775 SP=c2c0 P1=004000 vc=52 BI
[003233] 3233 EA2222 LD (2222h),A   AF=0100 BC=0003 DE=3da0 HL=5775 SP=c2c0 P1=004000 vc=52 BI
[003236] 3236 CD4F55 CALL 554Fh     AF=0100 BC=0003 DE=3da0 HL=5775 SP=c2c0 P1=004000 vc=52 BI
[00554f] 554f FAABC4 LD A,(C4ABh)   AF=0100 BC=0003 DE=3da0 HL=5775 SP=c2be P1=004000 vc=52 BI
[005552] 5552 C7     RST 00         AF=0000 BC=0003 DE=3da0 HL=5775 SP=c2be P1=004000 vc=52 BI
[000000] 0000 87     ADD A,A        AF=0000 BC=0003 DE=3da0 HL=5775 SP=c2bc P1=004000 vc=52 BI
[000007] 0007 2A     LDI A,(HL)     AF=5300 BC=0003 DE=3da0 HL=5553 SP=c2be P1=004000 vc=52 BI
[000008] 0008 66     LD H,(HL)      AF=9e00 BC=0003 DE=3da0 HL=5554 SP=c2be P1=004000 vc=52 BI
[00559e] 559e C9     RET            AF=9e00 BC=0003 DE=3da0 HL=559e SP=c2be P1=004000 vc=52 bI
[003239] 3239 CD6657 CALL 5766h     AF=9e00 BC=0003 DE=3da0 HL=559e SP=c2c0 P1=004000 vc=52 bI
[005766] 5766 FAB5C4 LD A,(C4B5h)   AF=9e00 BC=0003 DE=3da0 HL=559e SP=c2be P1=004000 vc=52 bI
[005769] 5769 C7     RST 00         AF=0000 BC=0003 DE=3da0 HL=559e SP=c2be P1=004000 vc=52 bI
[005775] 5775 C9     RET            AF=7500 BC=0003 DE=3da0 HL=5775 SP=c2be P1=004000 vc=52 bI
[00323c] 323c FAADC4 LD A,(C4ADh)   AF=7500 BC=0003 DE=3da0 HL=5775 SP=c2c0 P1=004000 vc=52 bI
[00323f] 323f B7     OR A           AF=0000 BC=0003 DE=3da0 HL=5775 SP=c2c0 P1=004000 vc=52 bI
[003240] 3240 2001   JR NZ,3243h    AF=0080 BC=0003 DE=3da0 HL=5775 SP=c2c0 P1=004000 vc=52 bI
[003242] 3242 3C     INC A          AF=0080 BC=0003 DE=3da0 HL=5775 SP=c2c0 P1=004000 vc=52 bI
[003243] 3243 CDDC08 CALL 08DCh     AF=0100 BC=0003 DE=3da0 HL=5775 SP=c2c0 P1=004000 vc=52 bI
[00093b] 093b 3E3F   LD A,3Fh       AF=00c0 BC=0103 DE=3da0 HL=c2fb SP=c110 P1=004000 vc=53 BI
[00093d] 093d E097   LD (FF97h),A   AF=3fc0 BC=0103 DE=3da0 HL=c2fb SP=c110 P1=004000 vc=53 BI
[00093f] 093f EA2222 LD (2222h),A   AF=3fc0 BC=0103 DE=3da0 HL=c2fb SP=c110 P1=004000 vc=53 BI
[000942] 0942 CD1640 CALL 4016h     AF=3fc0 BC=0103 DE=3da0 HL=c2fb SP=c110 P1=0fc000 vc=53 BI
[0fc016] 4016 3E02   LD A,02h       AF=3fc0 BC=0103 DE=3da0 HL=c2fb SP=c10e P1=0fc000 vc=53 BI
[0fc018] 4018 E070   LD (FF70h),A   AF=02c0 BC=0103 DE=3da0 HL=c2fb SP=c10e P1=0fc000 vc=53 BI
[0fc01a] 401a F0A4   LD A,(FFA4h)   AF=02c0 BC=0103 DE=3da0 HL=c2fb SP=c10e P1=0fc000 vc=53 BI
[0fc01c] 401c 57     LD D,A         AF=00c0 BC=0103 DE=3da0 HL=c2fb SP=c10e P1=0fc000 vc=53 BI
[0fc01d] 401d F0A6   LD A,(FFA6h)   AF=00c0 BC=0103 DE=00a0 HL=c2fb SP=c10e P1=0fc000 vc=53 BI
[0fc01f] 401f 5F     LD E,A         AF=00c0 BC=0103 DE=00a0 HL=c2fb SP=c10e P1=0fc000 vc=53 BI
[0fc020] 4020 2E80   LD L,80h       AF=00c0 BC=0103 DE=0000 HL=c2fb SP=c10e P1=0fc000 vc=53 BI
[0fc022] 4022 CD2D40 CALL 402Dh     AF=00c0 BC=0103 DE=0000 HL=c280 SP=c10e P1=0fc000 vc=53 BI
[0fc02d] 402d 7A     LD A,D         AF=00c0 BC=0103 DE=0000 HL=c280 SP=c10c P1=0fc000 vc=53 BI
[0fc02e] 402e B7     OR A           AF=00c0 BC=0103 DE=0000 HL=c280 SP=c10c P1=0fc000 vc=53 BI
[0fc02f] 402f C8     RET Z          AF=0080 BC=0103 DE=0000 HL=c280 SP=c10c P1=0fc000 vc=53 BI
[0fc025] 4025 F0A5   LD A,(FFA5h)   AF=0080 BC=0103 DE=0000 HL=c280 SP=c10e P1=0fc000 vc=53 BI
[0fc027] 4027 57     LD D,A         AF=0080 BC=0103 DE=0000 HL=c280 SP=c10e P1=0fc000 vc=53 BI
[0fc028] 4028 F0A7   LD A,(FFA7h)   AF=0080 BC=0103 DE=0000 HL=c280 SP=c10e P1=0fc000 vc=53 BI
[0fc02a] 402a 5F     LD E,A         AF=0080 BC=0103 DE=0000 HL=c280 SP=c10e P1=0fc000 vc=53 BI
[0fc02b] 402b 2EC0   LD L,C0h       AF=0080 BC=0103 DE=0000 HL=c280 SP=c10e P1=0fc000 vc=53 BI
[000945] 0945 AF     XOR A          AF=0080 BC=0103 DE=0000 HL=c2c0 SP=c110 P1=0fc000 vc=53 BI
[000946] 0946 E070   LD (FF70h),A   AF=0080 BC=0103 DE=0000 HL=c2c0 SP=c110 P1=0fc000 vc=53 BI
[000948] 0948 219EC4 LD HL,C49Eh    AF=0080 BC=0103 DE=0000 HL=c2c0 SP=c110 P1=0fc000 vc=53 BI
[00094b] 094b 34     INC (HL)       AF=0080 BC=0103 DE=0000 HL=c49e SP=c110 P1=0fc000 vc=53 BI
[00094c] 094c 2185C4 LD HL,C485h    AF=0000 BC=0103 DE=0000 HL=c49e SP=c110 P1=0fc000 vc=53 BI
[00094f] 094f 1197C4 LD DE,C497h    AF=0000 BC=0103 DE=0000 HL=c485 SP=c110 P1=0fc000 vc=53 BI
[000952] 0952 0606   LD B,06h       AF=0000 BC=0103 DE=c497 HL=c485 SP=c110 P1=0fc000 vc=53 BI
[000954] 0954 2A     LDI A,(HL)     AF=0000 BC=0603 DE=c497 HL=c485 SP=c110 P1=0fc000 vc=53 BI
[000955] 0955 12     LD (DE),A      AF=ef00 BC=0603 DE=c497 HL=c486 SP=c110 P1=0fc000 vc=53 BI
[000956] 0956 1C     INC E          AF=ef00 BC=0603 DE=c497 HL=c486 SP=c110 P1=0fc000 vc=53 BI
[000957] 0957 05     DEC B          AF=ef00 BC=0603 DE=c498 HL=c486 SP=c110 P1=0fc000 vc=53 BI
[000958] 0958 20FA   JR NZ,0954h    AF=ef40 BC=0503 DE=c498 HL=c486 SP=c110 P1=0fc000 vc=53 BI
[00095a] 095a 219DC4 LD HL,C49Dh    AF=0fc0 BC=0003 DE=c49d HL=c48b SP=c110 P1=0fc000 vc=53 bI
[00095d] 095d 36FF   LD (HL),FFh    AF=0fc0 BC=0003 DE=c49d HL=c49d SP=c110 P1=0fc000 vc=53 bI
[00095f] 095f 76     HALT           AF=0fc0 BC=0003 DE=c49d HL=c49d SP=c110 P1=0fc000 vc=53 bI
[000040] 0040 F5     PUSH AF        AF=0fc0 BC=0003 DE=c49d HL=c49d SP=c10e P1=0fc000 vc=144 bI
[0009d4] 09d4 F09B   LD A,(FF9Bh)   AF=0fc0 BC=0003 DE=c49d HL=c49d SP=c106 P1=0fc000 vc=144 bI
[0009d6] 09d6 E099   LD (FF99h),A   AF=03c0 BC=0003 DE=c49d HL=c49d SP=c106 P1=0fc000 vc=144 bI
[0009d8] 09d8 AF     XOR A          AF=03c0 BC=0003 DE=c49d HL=c49d SP=c106 P1=0fc000 vc=144 bI
[0009d9] 09d9 E09A   LD (FF9Ah),A   AF=0080 BC=0003 DE=c49d HL=c49d SP=c106 P1=0fc000 vc=144 bI
[0009db] 09db 21B5FF LD HL,FFB5h    AF=0080 BC=0003 DE=c49d HL=c49d SP=c106 P1=0fc000 vc=144 bI
[0009de] 09de CBFE   SET 7,(HL)     AF=0080 BC=0003 DE=c49d HL=ffb5 SP=c106 P1=0fc000 vc=144 bI
[0009e0] 09e0 2197C4 LD HL,C497h    AF=0080 BC=0003 DE=c49d HL=ffb5 SP=c106 P1=0fc000 vc=144 bI
[0009e3] 09e3 2A     LDI A,(HL)     AF=0080 BC=0003 DE=c49d HL=c497 SP=c106 P1=0fc000 vc=144 bI
[0009e4] 09e4 E040   LD (FF40h),A   AF=ef80 BC=0003 DE=c49d HL=c498 SP=c106 P1=0fc000 vc=144 bI
[0009e6] 09e6 2A     LDI A,(HL)     AF=ef80 BC=0003 DE=c49d HL=c498 SP=c106 P1=0fc000 vc=144 bI
[0009e7] 09e7 E042   LD (FF42h),A   AF=f080 BC=0003 DE=c49d HL=c499 SP=c106 P1=0fc000 vc=144 bI
[0009e9] 09e9 2A     LDI A,(HL)     AF=f080 BC=0003 DE=c49d HL=c499 SP=c106 P1=0fc000 vc=144 bI
[0009ea] 09ea E043   LD (FF43h),A   AF=0080 BC=0003 DE=c49d HL=c49a SP=c106 P1=0fc000 vc=144 bI
[0009ec] 09ec 2A     LDI A,(HL)     AF=0080 BC=0003 DE=c49d HL=c49a SP=c106 P1=0fc000 vc=144 bI
[0009ed] 09ed E04A   LD (FF4Ah),A   AF=8f80 BC=0003 DE=c49d HL=c49b SP=c106 P1=0fc000 vc=144 bI
[0009ef] 09ef 2A     LDI A,(HL)     AF=8f80 BC=0003 DE=c49d HL=c49b SP=c106 P1=0fc000 vc=144 bI
[0009f0] 09f0 E04B   LD (FF4Bh),A   AF=8f80 BC=0003 DE=c49d HL=c49c SP=c106 P1=0fc000 vc=144 bI
[0009f2] 09f2 2A     LDI A,(HL)     AF=8f80 BC=0003 DE=c49d HL=c49c SP=c106 P1=0fc000 vc=144 bI
[0009f3] 09f3 E045   LD (FF45h),A   AF=0f80 BC=0003 DE=c49d HL=c49d SP=c106 P1=0fc000 vc=144 bI
[0009f5] 09f5 34     INC (HL)       AF=0f80 BC=0003 DE=c49d HL=c49d SP=c106 P1=0fc000 vc=144 bI
[0009f6] 09f6 2040   JR NZ,0A38h    AF=0fa0 BC=0003 DE=c49d HL=c49d SP=c106 P1=0fc000 vc=144 bI
[0009f8] 09f8 118BC4 LD DE,C48Bh    AF=0fa0 BC=0003 DE=c49d HL=c49d SP=c106 P1=0fc000 vc=144 bI
[0009fb] 09fb 2E91   LD L,91h       AF=0fa0 BC=0003 DE=c48b HL=c49d SP=c106 P1=0fc000 vc=144 bI
[0009fd] 09fd 1A     LD A,(DE)      AF=0fa0 BC=0003 DE=c48b HL=c491 SP=c106 P1=0fc000 vc=144 bI
[0009fe] 09fe 22     LDI (HL),A     AF=e7a0 BC=0003 DE=c48b HL=c491 SP=c106 P1=0fc000 vc=144 bI
[0009ff] 09ff 1C     INC E          AF=e7a0 BC=0003 DE=c48b HL=c492 SP=c106 P1=0fc000 vc=144 bI
[000a00] 0a00 1A     LD A,(DE)      AF=e700 BC=0003 DE=c48c HL=c492 SP=c106 P1=0fc000 vc=144 bI
[000a01] 0a01 22     LDI (HL),A     AF=f000 BC=0003 DE=c48c HL=c492 SP=c106 P1=0fc000 vc=144 bI
[000a02] 0a02 1C     INC E          AF=f000 BC=0003 DE=c48c HL=c493 SP=c106 P1=0fc000 vc=144 bI
[000a03] 0a03 1A     LD A,(DE)      AF=f000 BC=0003 DE=c48d HL=c493 SP=c106 P1=0fc000 vc=144 bI
[000a04] 0a04 22     LDI (HL),A     AF=4000 BC=0003 DE=c48d HL=c493 SP=c106 P1=0fc000 vc=144 bI
[000a05] 0a05 1C     INC E          AF=4000 BC=0003 DE=c48d HL=c494 SP=c106 P1=0fc000 vc=144 bI
[000a06] 0a06 1A     LD A,(DE)      AF=4000 BC=0003 DE=c48e HL=c494 SP=c106 P1=0fc000 vc=144 bI
[000a07] 0a07 22     LDI (HL),A     AF=c700 BC=0003 DE=c48e HL=c494 SP=c106 P1=0fc000 vc=144 bI
[000a08] 0a08 1C     INC E          AF=c700 BC=0003 DE=c48e HL=c495 SP=c106 P1=0fc000 vc=144 bI
[000a09] 0a09 1A     LD A,(DE)      AF=c700 BC=0003 DE=c48f HL=c495 SP=c106 P1=0fc000 vc=144 bI
[000a0a] 0a0a 22     LDI (HL),A     AF=c700 BC=0003 DE=c48f HL=c495 SP=c106 P1=0fc000 vc=144 bI
[000a0b] 0a0b 1C     INC E          AF=c700 BC=0003 DE=c48f HL=c496 SP=c106 P1=0fc000 vc=144 bI
[000a0c] 0a0c 1A     LD A,(DE)      AF=c720 BC=0003 DE=c490 HL=c496 SP=c106 P1=0fc000 vc=144 bI
[000a0d] 0a0d 22     LDI (HL),A     AF=c720 BC=0003 DE=c490 HL=c496 SP=c106 P1=0fc000 vc=144 bI
[000a0e] 0a0e F04F   LD A,(FF4Fh)   AF=c720 BC=0003 DE=c490 HL=c497 SP=c106 P1=0fc000 vc=144 bI
[000a10] 0a10 47     LD B,A         AF=fe20 BC=0003 DE=c490 HL=c497 SP=c106 P1=0fc000 vc=144 bI
[000a11] 0a11 F070   LD A,(FF70h)   AF=fe20 BC=fe03 DE=c490 HL=c497 SP=c106 P1=0fc000 vc=144 bI
[000a13] 0a13 4F     LD C,A         AF=f820 BC=fe03 DE=c490 HL=c497 SP=c106 P1=0fc000 vc=144 bI
[000a14] 0a14 C5     PUSH BC        AF=f820 BC=fef8 DE=c490 HL=c497 SP=c106 P1=0fc000 vc=144 bI
[000a15] 0a15 F0A3   LD A,(FFA3h)   AF=f820 BC=fef8 DE=c490 HL=c497 SP=c104 P1=0fc000 vc=144 bI
[000a17] 0a17 B7     OR A           AF=0820 BC=fef8 DE=c490 HL=c497 SP=c104 P1=0fc000 vc=144 bI
[000a18] 0a18 C44D0A CALL NZ,0A4Dh  AF=0800 BC=fef8 DE=c490 HL=c497 SP=c104 P1=0fc000 vc=144 bI
[000a4d] 0a4d 2100C4 LD HL,C400h    AF=0800 BC=fef8 DE=c490 HL=c497 SP=c102 P1=0fc000 vc=144 bI
[000a50] 0a50 2A     LDI A,(HL)     AF=0800 BC=fef8 DE=c490 HL=c400 SP=c102 P1=0fc000 vc=144 bI
[000a51] 0a51 E5     PUSH HL        AF=5d00 BC=fef8 DE=c490 HL=c401 SP=c102 P1=0fc000 vc=144 bI
[000a52] 0a52 4F     LD C,A         AF=5d00 BC=fef8 DE=c490 HL=c401 SP=c100 P1=0fc000 vc=144 bI
[000a53] 0a53 0600   LD B,00h       AF=5d00 BC=fe5d DE=c490 HL=c401 SP=c100 P1=0fc000 vc=144 bI
[000a55] 0a55 216A0A LD HL,0A6Ah    AF=5d00 BC=005d DE=c490 HL=c401 SP=c100 P1=0fc000 vc=144 bI
[000a58] 0a58 09     ADD HL,BC      AF=5d00 BC=005d DE=c490 HL=0a6a SP=c100 P1=0fc000 vc=144 bI
[000a59] 0a59 E9     LD PC,HL       AF=5d00 BC=005d DE=c490 HL=0ac7 SP=c100 P1=0fc000 vc=144 bI
[000ac7] 0ac7 E1     POP HL         AF=5d00 BC=005d DE=c490 HL=0ac7 SP=c100 P1=0fc000 vc=144 bI
[000ac8] 0ac8 2A     LDI A,(HL)     AF=5d00 BC=005d DE=c490 HL=c401 SP=c102 P1=0fc000 vc=144 bI
[000ac9] 0ac9 E070   LD (FF70h),A   AF=1800 BC=005d DE=c490 HL=c402 SP=c102 P1=0fc000 vc=144 bI
[000acb] 0acb EA2222 LD (2222h),A   AF=1800 BC=005d DE=c490 HL=c402 SP=c102 P1=0fc000 vc=144 bI
[000ace] 0ace 2A     LDI A,(HL)     AF=1800 BC=005d DE=c490 HL=c402 SP=c102 P1=060000 vc=144 bI
[000acf] 0acf E051   LD (FF51h),A   AF=6f00 BC=005d DE=c490 HL=c403 SP=c102 P1=060000 vc=144 bI
[000ad1] 0ad1 2A     LDI A,(HL)     AF=6f00 BC=005d DE=c490 HL=c403 SP=c102 P1=060000 vc=144 bI
[000ad2] 0ad2 E052   LD (FF52h),A   AF=e000 BC=005d DE=c490 HL=c404 SP=c102 P1=060000 vc=144 bI
[000ad4] 0ad4 2A     LDI A,(HL)     AF=e000 BC=005d DE=c490 HL=c404 SP=c102 P1=060000 vc=145 bI
[000ad5] 0ad5 E04F   LD (FF4Fh),A   AF=b100 BC=005d DE=c490 HL=c405 SP=c102 P1=060000 vc=145 bI
[000ad7] 0ad7 2A     LDI A,(HL)     AF=b100 BC=005d DE=c490 HL=c405 SP=c102 P1=060000 vc=145 bI
[000ad8] 0ad8 E053   LD (FF53h),A   AF=8900 BC=005d DE=c490 HL=c406 SP=c102 P1=060000 vc=145 bI
[000ada] 0ada 2A     LDI A,(HL)     AF=8900 BC=005d DE=c490 HL=c406 SP=c102 P1=060000 vc=145 bI
[000adb] 0adb E054   LD (FF54h),A   AF=b100 BC=005d DE=c490 HL=c407 SP=c102 P1=060000 vc=145 bI
[000add] 0add 2A     LDI A,(HL)     AF=b100 BC=005d DE=c490 HL=c407 SP=c102 P1=060000 vc=145 bI
[000ade] 0ade E055   LD (FF55h),A   AF=0000 BC=005d DE=c490 HL=c408 SP=c102 P1=060000 vc=145 bI
[000ae0] 0ae0 C35A0A JP 0A5Ah       AF=0000 BC=005d DE=c490 HL=c408 SP=c102 P1=060000 vc=146 bI
[000a5a] 0a5a F0A3   LD A,(FFA3h)   AF=0000 BC=005d DE=c490 HL=c408 SP=c102 P1=060000 vc=146 bI
[000a5c] 0a5c BD     CP L           AF=0800 BC=005d DE=c490 HL=c408 SP=c102 P1=060000 vc=146 bI
[000a5d] 0a5d 20F1   JR NZ,0A50h    AF=08c0 BC=005d DE=c490 HL=c408 SP=c102 P1=060000 vc=146 bI
[000a5f] 0a5f AF     XOR A          AF=08c0 BC=005d DE=c490 HL=c408 SP=c102 P1=060000 vc=146 bI
[000a60] 0a60 E0A3   LD (FFA3h),A   AF=0080 BC=005d DE=c490 HL=c408 SP=c102 P1=060000 vc=146 bI
[000a62] 0a62 C9     RET            AF=0080 BC=005d DE=c490 HL=c408 SP=c102 P1=060000 vc=146 bI
[000a1b] 0a1b CDE30A CALL 0AE3h     AF=0080 BC=005d DE=c490 HL=c408 SP=c104 P1=060000 vc=146 bI
[000ae3] 0ae3 3E02   LD A,02h       AF=0080 BC=005d DE=c490 HL=c408 SP=c102 P1=060000 vc=146 bI
[000ae5] 0ae5 E070   LD (FF70h),A   AF=0280 BC=005d DE=c490 HL=c408 SP=c102 P1=060000 vc=146 bI
[000ae7] 0ae7 F0A4   LD A,(FFA4h)   AF=0280 BC=005d DE=c490 HL=c408 SP=c102 P1=060000 vc=146 bI
[000ae9] 0ae9 57     LD D,A         AF=0080 BC=005d DE=c490 HL=c408 SP=c102 P1=060000 vc=146 bI
[000aea] 0aea AF     XOR A          AF=0080 BC=005d DE=0090 HL=c408 SP=c102 P1=060000 vc=146 bI
[000aeb] 0aeb E0A4   LD (FFA4h),A   AF=0080 BC=005d DE=0090 HL=c408 SP=c102 P1=060000 vc=146 bI
[000aed] 0aed 0E68   LD C,68h       AF=0080 BC=005d DE=0090 HL=c408 SP=c102 P1=060000 vc=146 bI
[000aef] 0aef 2100DF LD HL,DF00h    AF=0080 BC=0068 DE=0090 HL=c408 SP=c102 P1=060000 vc=146 bI
[000af2] 0af2 CDFF0A CALL 0AFFh     AF=0080 BC=0068 DE=0090 HL=df00 SP=c102 P1=060000 vc=146 bI
[000aff] 0aff CB3A   SRL D          AF=0080 BC=0068 DE=0090 HL=df00 SP=c100 P1=060000 vc=146 bI
[000b01] 0b01 3018   JR NC,0B1Bh    AF=0080 BC=0068 DE=0090 HL=df00 SP=c100 P1=060000 vc=146 bI
[000b1b] 0b1b C8     RET Z          AF=0080 BC=0068 DE=0090 HL=df00 SP=c100 P1=060000 vc=146 bI
[000af5] 0af5 F0A5   LD A,(FFA5h)   AF=0080 BC=0068 DE=0090 HL=df00 SP=c102 P1=060000 vc=146 bI
[000af7] 0af7 57     LD D,A         AF=0080 BC=0068 DE=0090 HL=df00 SP=c102 P1=060000 vc=146 bI
[000af8] 0af8 AF     XOR A          AF=0080 BC=0068 DE=0090 HL=df00 SP=c102 P1=060000 vc=146 bI
[000af9] 0af9 E0A5   LD (FFA5h),A   AF=0080 BC=0068 DE=0090 HL=df00 SP=c102 P1=060000 vc=146 bI
[000afb] 0afb 0E6A   LD C,6Ah       AF=0080 BC=0068 DE=0090 HL=df00 SP=c102 P1=060000 vc=146 bI
[000afd] 0afd 2E40   LD L,40h       AF=0080 BC=006a DE=0090 HL=df00 SP=c102 P1=060000 vc=146 bI
[000a1e] 0a1e F3     DI             AF=0080 BC=006a DE=0090 HL=df40 SP=c104 P1=060000 vc=146 bI
[000a1f] 0a1f CD80FF CALL FF80h     AF=0080 BC=006a DE=0090 HL=df40 SP=c104 P1=060000 vc=146 bI
[00ff80] ff80 3ECB   LD A,CBh       AF=0080 BC=006a DE=0090 HL=df40 SP=c102 P1=060000 vc=146 bI
[00ff82] ff82 E046   LD (FF46h),A   AF=cb80 BC=006a DE=0090 HL=df40 SP=c102 P1=060000 vc=146 bI
[00ff84] ff84 3E28   LD A,28h       AF=cb80 BC=006a DE=0090 HL=df40 SP=c102 P1=060000 vc=146 bI
[00ff86] ff86 3D     DEC A          AF=2880 BC=006a DE=0090 HL=df40 SP=c102 P1=060000 vc=146 bI
[00ff87] ff87 20FD   JR NZ,FF86h    AF=2740 BC=006a DE=0090 HL=df40 SP=c102 P1=060000 vc=146 bI
[00ff89] ff89 C9     RET            AF=00c0 BC=006a DE=0090 HL=df40 SP=c102 P1=060000 vc=147 bI
[000a22] 0a22 C1     POP BC         AF=00c0 BC=006a DE=0090 HL=df40 SP=c104 P1=060000 vc=147 bI
[000a23] 0a23 79     LD A,C         AF=00c0 BC=fef8 DE=0090 HL=df40 SP=c106 P1=060000 vc=147 bI
[000a24] 0a24 E070   LD (FF70h),A   AF=f8c0 BC=fef8 DE=0090 HL=df40 SP=c106 P1=060000 vc=147 bI
[000a26] 0a26 78     LD A,B         AF=f8c0 BC=fef8 DE=0090 HL=df40 SP=c106 P1=060000 vc=147 bI
[000a27] 0a27 E04F   LD (FF4Fh),A   AF=fec0 BC=fef8 DE=0090 HL=df40 SP=c106 P1=060000 vc=147 bI
[000a29] 0a29 219FC4 LD HL,C49Fh    AF=fec0 BC=fef8 DE=0090 HL=df40 SP=c106 P1=060000 vc=147 bI
[000a2c] 0a2c 2A     LDI A,(HL)     AF=fec0 BC=fef8 DE=0090 HL=c49f SP=c106 P1=060000 vc=147 bI
[000a2d] 0a2d EAA5C4 LD (C4A5h),A   AF=00c0 BC=fef8 DE=0090 HL=c4a0 SP=c106 P1=060000 vc=147 bI
[000a30] 0a30 2A     LDI A,(HL)     AF=00c0 BC=fef8 DE=0090 HL=c4a0 SP=c106 P1=060000 vc=147 bI
[000a31] 0a31 EAA6C4 LD (C4A6h),A   AF=00c0 BC=fef8 DE=0090 HL=c4a1 SP=c106 P1=060000 vc=147 bI
[000a34] 0a34 2A     LDI A,(HL)     AF=00c0 BC=fef8 DE=0090 HL=c4a1 SP=c106 P1=060000 vc=147 bI
[000a35] 0a35 EAA7C4 LD (C4A7h),A   AF=00c0 BC=fef8 DE=0090 HL=c4a2 SP=c106 P1=060000 vc=147 bI
[000a38] 0a38 21B5FF LD HL,FFB5h    AF=00c0 BC=fef8 DE=0090 HL=c4a2 SP=c106 P1=060000 vc=147 bI
[000a3b] 0a3b CBBE   RES 7,(HL)     AF=00c0 BC=fef8 DE=0090 HL=ffb5 SP=c106 P1=060000 vc=147 bI
[000a3d] 0a3d F097   LD A,(FF97h)   AF=00c0 BC=fef8 DE=0090 HL=ffb5 SP=c106 P1=060000 vc=147 bI
[000a3f] 0a3f CB46   BIT 0,(HL)     AF=3fc0 BC=fef8 DE=0090 HL=ffb5 SP=c106 P1=060000 vc=147 bI
[000a41] 0a41 2802   JR Z,0A45h     AF=3fa0 BC=fef8 DE=0090 HL=ffb5 SP=c106 P1=060000 vc=147 bI
[000a45] 0a45 EA2222 LD (2222h),A   AF=3fa0 BC=fef8 DE=0090 HL=ffb5 SP=c106 P1=060000 vc=147 bI
[000a48] 0a48 E1     POP HL         AF=3fa0 BC=fef8 DE=0090 HL=ffb5 SP=c106 P1=0fc000 vc=147 bI
[000a49] 0a49 D1     POP DE         AF=3fa0 BC=fef8 DE=0090 HL=c49d SP=c108 P1=0fc000 vc=147 bI
[000a4a] 0a4a C1     POP BC         AF=3fa0 BC=fef8 DE=c49d HL=c49d SP=c10a P1=0fc000 vc=147 bI
[000a4b] 0a4b F1     POP AF         AF=3fa0 BC=0003 DE=c49d HL=c49d SP=c10c P1=0fc000 vc=147 bI
[000a4c] 0a4c D9     RETI           AF=0fc0 BC=0003 DE=c49d HL=c49d SP=c10e P1=0fc000 vc=147 bI
[000960] 0960 00     NOP            AF=0fc0 BC=0003 DE=c49d HL=c49d SP=c110 P1=0fc000 vc=147 bI
[000961] 0961 CB7E   BIT 7,(HL)     AF=0fc0 BC=0003 DE=c49d HL=c49d SP=c110 P1=0fc000 vc=147 bI
[000963] 0963 20FA   JR NZ,095Fh    AF=0fa0 BC=0003 DE=c49d HL=c49d SP=c110 P1=0fc000 vc=147 bI
[000965] 0965 18A8   JR 090Fh       AF=0fa0 BC=0003 DE=c49d HL=c49d SP=c110 P1=0fc000 vc=147 bI
[00090f] 090f CD6D02 CALL 026Dh     AF=0fa0 BC=0003 DE=c49d HL=c49d SP=c110 P1=0fc000 vc=147 bI
[00026d] 026d 0E00   LD C,00h       AF=0fa0 BC=0003 DE=c49d HL=c49d SP=c10e P1=0fc000 vc=147 bI
[00026f] 026f 3E20   LD A,20h       AF=0fa0 BC=0000 DE=c49d HL=c49d SP=c10e P1=0fc000 vc=147 bI
[000275] 0275 47     LD B,A         AF=2fa0 BC=0000 DE=c49d HL=c49d SP=c10e P1=0fc000 vc=147 bI
[000276] 0276 3E10   LD A,10h       AF=2fa0 BC=2f00 DE=c49d HL=c49d SP=c10e P1=0fc000 vc=147 bI
[000278] 0278 E2     LD (FF00h+C),A AF=10a0 BC=2f00 DE=c49d HL=c49d SP=c10e P1=0fc000 vc=147 bI
[00027e] 027e 47     LD B,A         AF=f000 BC=2f00 DE=c49d HL=c49d SP=c10e P1=0fc000 vc=147 bI
[00027f] 027f 2181C4 LD HL,C481h    AF=f000 BC=f000 DE=c49d HL=c49d SP=c10e P1=0fc000 vc=147 bI
[000285] 0285 77     LD (HL),A      AF=ff60 BC=f000 DE=c49d HL=c481 SP=c10e P1=0fc000 vc=147 bI
[000286] 0286 F2     LD A,(FF00h+C) AF=ff60 BC=f000 DE=c49d HL=c481 SP=c10e P1=0fc000 vc=147 bI
[000287] 0287 F2     LD A,(FF00h+C) AF=1f60 BC=f000 DE=c49d HL=c481 SP=c10e P1=0fc000 vc=147 bI
[000288] 0288 E60F   AND 0Fh        AF=1f60 BC=f000 DE=c49d HL=c481 SP=c10e P1=0fc000 vc=147 bI
[00028d] 028d 22     LDI (HL),A     AF=0060 BC=ff00 DE=c49d HL=c481 SP=c10e P1=0fc000 vc=147 bI
[00028e] 028e A0     AND B          AF=0060 BC=ff00 DE=c49d HL=c482 SP=c10e P1=0fc000 vc=147 bI
[00028f] 028f 77     LD (HL),A      AF=00a0 BC=ff00 DE=c49d HL=c482 SP=c10e P1=0fc000 vc=147 bI
[000290] 0290 3E30   LD A,30h       AF=00a0 BC=ff00 DE=c49d HL=c482 SP=c10e P1=0fc000 vc=147 bI
[000912] 0912 F0B7   LD A,(FFB7h)   AF=30a0 BC=ff00 DE=c49d HL=c482 SP=c110 P1=0fc000 vc=147 bI
[000914] 0914 87     ADD A,A        AF=01a0 BC=ff00 DE=c49d HL=c482 SP=c110 P1=0fc000 vc=147 bI
[000915] 0915 2808   JR Z,091Fh     AF=0200 BC=ff00 DE=c49d HL=c482 SP=c110 P1=0fc000 vc=147 bI
[000917] 0917 FA81C4 LD A,(C481h)   AF=0200 BC=ff00 DE=c49d HL=c482 SP=c110 P1=0fc000 vc=147 bI
[00091a] 091a D60F   SUB 0Fh        AF=0000 BC=ff00 DE=c49d HL=c482 SP=c110 P1=0fc000 vc=147 bI
[00091c] 091c CA6901 JP Z,0169h     AF=f170 BC=ff00 DE=c49d HL=c482 SP=c110 P1=0fc000 vc=147 bI
[00091f] 091f 3E10   LD A,10h       AF=f170 BC=ff00 DE=c49d HL=c482 SP=c110 P1=0fc000 vc=147 bI
[000921] 0921 E09D   LD (FF9Dh),A   AF=1070 BC=ff00 DE=c49d HL=c482 SP=c110 P1=0fc000 vc=147 bI
[000923] 0923 26C2   LD H,C2h       AF=1070 BC=ff00 DE=c49d HL=c482 SP=c110 P1=0fc000 vc=147 bI
[000925] 0925 3EE0   LD A,E0h       AF=1070 BC=ff00 DE=c49d HL=c282 SP=c110 P1=0fc000 vc=147 bI
[000927] 0927 E09C   LD (FF9Ch),A   AF=e070 BC=ff00 DE=c49d HL=c282 SP=c110 P1=0fc000 vc=147 bI
[003274] 3274 18D8   JR 324Eh       AF=1800 BC=e000 DE=cb18 HL=cbea SP=c220 P1=0fc000 vc=148 bI
[00324e] 324e 2122C6 LD HL,C622h    AF=1800 BC=e000 DE=cb18 HL=cbea SP=c220 P1=0fc000 vc=148 bI
[003251] 3251 34     INC (HL)       AF=1800 BC=e000 DE=cb18 HL=c622 SP=c220 P1=0fc000 vc=148 bI
[003252] 3252 2A     LDI A,(HL)     AF=1800 BC=e000 DE=cb18 HL=c622 SP=c220 P1=0fc000 vc=148 bI
[003253] 3253 EA00CC LD (CC00h),A   AF=dd00 BC=e000 DE=cb18 HL=c623 SP=c220 P1=0fc000 vc=148 bI
[003256] 3256 2009   JR NZ,3261h    AF=dd00 BC=e000 DE=cb18 HL=c623 SP=c220 P1=0fc000 vc=148 bI
[003261] 3261 3E01   LD A,01h       AF=dd00 BC=e000 DE=cb18 HL=c623 SP=c220 P1=0fc000 vc=148 bI
[003263] 3263 E097   LD (FF97h),A   AF=0100 BC=e000 DE=cb18 HL=c623 SP=c220 P1=0fc000 vc=148 bI
[003265] 3265 EA2222 LD (2222h),A   AF=0100 BC=e000 DE=cb18 HL=c623 SP=c220 P1=0fc000 vc=148 bI
[003268] 3268 CDB157 CALL 57B1h     AF=0100 BC=e000 DE=cb18 HL=c623 SP=c220 P1=004000 vc=148 bI
[0057b1] 57b1 FAEEC2 LD A,(C2EEh)   AF=0100 BC=e000 DE=cb18 HL=c623 SP=c21e P1=004000 vc=148 bI
[0057b4] 57b4 C7     RST 00         AF=0200 BC=e000 DE=cb18 HL=c623 SP=c21e P1=004000 vc=148 bI
[0058f9] 58f9 FA34CC LD A,(CC34h)   AF=f900 BC=e000 DE=cb18 HL=58f9 SP=c21e P1=004000 vc=148 bI
[0058fc] 58fc FEFF   CP FFh         AF=0000 BC=e000 DE=cb18 HL=58f9 SP=c21e P1=004000 vc=148 bI
[0058fe] 58fe 200A   JR NZ,590Ah    AF=0070 BC=e000 DE=cb18 HL=58f9 SP=c21e P1=004000 vc=148 bI
[00590a] 590a FA35CC LD A,(CC35h)   AF=0070 BC=e000 DE=cb18 HL=58f9 SP=c21e P1=004000 vc=148 bI
[00590d] 590d B7     OR A           AF=0070 BC=e000 DE=cb18 HL=58f9 SP=c21e P1=004000 vc=148 bI
[00590e] 590e 280B   JR Z,591Bh     AF=0080 BC=e000 DE=cb18 HL=58f9 SP=c21e P1=004000 vc=148 bI
[00591b] 591b FAEFC2 LD A,(C2EFh)   AF=0080 BC=e000 DE=cb18 HL=58f9 SP=c21e P1=004000 vc=148 bI
[00591e] 591e C7     RST 00         AF=0180 BC=e000 DE=cb18 HL=58f9 SP=c21e P1=004000 vc=148 bI
[005980] 5980 CD0116 CALL 1601h     AF=8020 BC=e000 DE=cb18 HL=5980 SP=c21e P1=004000 vc=148 bI
[001601] 1601 FA17CC LD A,(CC17h)   AF=8020 BC=e000 DE=cb18 HL=5980 SP=c21c P1=004000 vc=148 bI
[001604] 1604 B7     OR A           AF=0020 BC=e000 DE=cb18 HL=5980 SP=c21c P1=004000 vc=148 bI
[001605] 1605 C8     RET Z          AF=0080 BC=e000 DE=cb18 HL=5980 SP=c21c P1=004000 vc=148 bI
[005983] 5983 CD1C4A CALL 4A1Ch     AF=0080 BC=e000 DE=cb18 HL=5980 SP=c21e P1=004000 vc=148 bI
[004a1c] 4a1c 11F2CC LD DE,CCF2h    AF=0080 BC=e000 DE=cb18 HL=5980 SP=c21c P1=004000 vc=148 bI
[004a1f] 4a1f 1A     LD A,(DE)      AF=0080 BC=e000 DE=ccf2 HL=5980 SP=c21c P1=004000 vc=148 bI
[004a20] 4a20 C7     RST 00         AF=0080 BC=e000 DE=ccf2 HL=5980 SP=c21c P1=004000 vc=148 bI
[004a27] 4a27 C9     RET            AF=2700 BC=e000 DE=ccf2 HL=4a27 SP=c21c P1=004000 vc=148 bI
[005986] 5986 CD171A CALL 1A17h     AF=2700 BC=e000 DE=ccf2 HL=4a27 SP=c21e P1=004000 vc=148 bI
[001a17] 1a17 F070   LD A,(FF70h)   AF=2700 BC=e000 DE=ccf2 HL=4a27 SP=c21c P1=004000 vc=148 bI
[001a19] 1a19 4F     LD C,A         AF=f800 BC=e000 DE=ccf2 HL=4a27 SP=c21c P1=004000 vc=148 bI
[001a1a] 1a1a F097   LD A,(FF97h)   AF=f800 BC=e0f8 DE=ccf2 HL=4a27 SP=c21c P1=004000 vc=148 bI
[001a1c] 1a1c 47     LD B,A         AF=0100 BC=e0f8 DE=ccf2 HL=4a27 SP=c21c P1=004000 vc=148 bI
[001a1d] 1a1d C5     PUSH BC        AF=0100 BC=01f8 DE=ccf2 HL=4a27 SP=c21c P1=004000 vc=148 bI
[001a1e] 1a1e 3E02   LD A,02h       AF=0100 BC=01f8 DE=ccf2 HL=4a27 SP=c21a P1=004000 vc=148 bI
[001a20] 1a20 E097   LD (FF97h),A   AF=0200 BC=01f8 DE=ccf2 HL=4a27 SP=c21a P1=004000 vc=148 bI
[001a22] 1a22 EA2222 LD (2222h),A   AF=0200 BC=01f8 DE=ccf2 HL=4a27 SP=c21a P1=004000 vc=148 bI
[001a25] 1a25 CD904F CALL 4F90h     AF=0200 BC=01f8 DE=ccf2 HL=4a27 SP=c21a P1=008000 vc=148 bI
[008f90] 4f90 FACBCB LD A,(CBCBh)   AF=0200 BC=01f8 DE=ccf2 HL=4a27 SP=c218 P1=008000 vc=149 bI
[008f93] 4f93 B7     OR A           AF=0000 BC=01f8 DE=ccf2 HL=4a27 SP=c218 P1=008000 vc=149 bI
[008f94] 4f94 2044   JR NZ,4FDAh    AF=0080 BC=01f8 DE=ccf2 HL=4a27 SP=c218 P1=008000 vc=149 bI
[008f96] 4f96 FA00CD LD A,(CD00h)   AF=0080 BC=01f8 DE=ccf2 HL=4a27 SP=c218 P1=008000 vc=149 bI
[008f99] 4f99 E60E   AND 0Eh        AF=0180 BC=01f8 DE=ccf2 HL=4a27 SP=c218 P1=008000 vc=149 bI
[008f9b] 4f9b C0     RET NZ         AF=00a0 BC=01f8 DE=ccf2 HL=4a27 SP=c218 P1=008000 vc=149 bI
[008f9c] 4f9c CD3218 CALL 1832h     AF=00a0 BC=01f8 DE=ccf2 HL=4a27 SP=c218 P1=008000 vc=149 bI
[001832] 1832 FAA0CB LD A,(CBA0h)   AF=00a0 BC=01f8 DE=ccf2 HL=4a27 SP=c216 P1=008000 vc=149 bI
[001835] 1835 B7     OR A           AF=00a0 BC=01f8 DE=ccf2 HL=4a27 SP=c216 P1=008000 vc=149 bI
[001836] 1836 C8     RET Z          AF=0080 BC=01f8 DE=ccf2 HL=4a27 SP=c216 P1=008000 vc=149 bI
[008f9f] 4f9f FA34CC LD A,(CC34h)   AF=0080 BC=01f8 DE=ccf2 HL=4a27 SP=c218 P1=008000 vc=149 bI
[008fa2] 4fa2 47     LD B,A         AF=0080 BC=01f8 DE=ccf2 HL=4a27 SP=c218 P1=008000 vc=149 bI
[008fa3] 4fa3 FAA7CC LD A,(CCA7h)   AF=0080 BC=00f8 DE=ccf2 HL=4a27 SP=c218 P1=008000 vc=149 bI
[008fa6] 4fa6 B0     OR B           AF=0080 BC=00f8 DE=ccf2 HL=4a27 SP=c218 P1=008000 vc=149 bI
[008fa7] 4fa7 C0     RET NZ         AF=0080 BC=00f8 DE=ccf2 HL=4a27 SP=c218 P1=008000 vc=149 bI
[008fa8] 4fa8 FA82C4 LD A,(C482h)   AF=0080 BC=00f8 DE=ccf2 HL=4a27 SP=c218 P1=008000 vc=149 bI
[008fab] 4fab E60C   AND 0Ch        AF=0080 BC=00f8 DE=ccf2 HL=4a27 SP=c218 P1=008000 vc=149 bI
[008fad] 4fad 280A   JR Z,4FB9h     AF=00a0 BC=00f8 DE=ccf2 HL=4a27 SP=c218 P1=008000 vc=149 bI
[008fb9] 4fb9 FA02CC LD A,(CC02h)   AF=00a0 BC=00f8 DE=ccf2 HL=4a27 SP=c218 P1=008000 vc=149 bI
[008fbc] 4fbc 47     LD B,A         AF=00a0 BC=00f8 DE=ccf2 HL=4a27 SP=c218 P1=008000 vc=149 bI
[008fbd] 4fbd FACACB LD A,(CBCAh)   AF=00a0 BC=00f8 DE=ccf2 HL=4a27 SP=c218 P1=008000 vc=149 bI
[008fc0] 4fc0 B0     OR B           AF=00a0 BC=00f8 DE=ccf2 HL=4a27 SP=c218 P1=008000 vc=149 bI
[008fc1] 4fc1 C0     RET NZ         AF=0080 BC=00f8 DE=ccf2 HL=4a27 SP=c218 P1=008000 vc=149 bI
[008fc2] 4fc2 CD0D51 CALL 510Dh     AF=0080 BC=00f8 DE=ccf2 HL=4a27 SP=c218 P1=008000 vc=149 bI
[00910d] 510d FA01D0 LD A,(D001h)   AF=0080 BC=00f8 DE=ccf2 HL=4a27 SP=c216 P1=008000 vc=149 bI
[009110] 5110 3D     DEC A          AF=0080 BC=00f8 DE=ccf2 HL=4a27 SP=c216 P1=008000 vc=149 bI
[009111] 5111 C8     RET Z          AF=ff60 BC=00f8 DE=ccf2 HL=4a27 SP=c216 P1=008000 vc=149 bI
[009112] 5112 FA00CC LD A,(CC00h)   AF=ff60 BC=00f8 DE=ccf2 HL=4a27 SP=c216 P1=008000 vc=149 bI
[009115] 5115 E63F   AND 3Fh        AF=dd60 BC=00f8 DE=ccf2 HL=4a27 SP=c216 P1=008000 vc=149 bI
[009117] 5117 C0     RET NZ         AF=1d20 BC=00f8 DE=ccf2 HL=4a27 SP=c216 P1=008000 vc=149 bI
[008fc5] 4fc5 FA82C4 LD A,(C482h)   AF=1d20 BC=00f8 DE=ccf2 HL=4a27 SP=c218 P1=008000 vc=149 bI
[008fc8] 4fc8 E60C   AND 0Ch        AF=0020 BC=00f8 DE=ccf2 HL=4a27 SP=c218 P1=008000 vc=149 bI
[008fca] 4fca C8     RET Z          AF=00a0 BC=00f8 DE=ccf2 HL=4a27 SP=c218 P1=008000 vc=149 bI
[001a28] 1a28 C1     POP BC         AF=00a0 BC=00f8 DE=ccf2 HL=4a27 SP=c21a P1=008000 vc=149 bI
[001a29] 1a29 78     LD A,B         AF=00a0 BC=01f8 DE=ccf2 HL=4a27 SP=c21c P1=008000 vc=149 bI
[001a2a] 1a2a E097   LD (FF97h),A   AF=01a0 BC=01f8 DE=ccf2 HL=4a27 SP=c21c P1=008000 vc=149 bI
[001a2c] 1a2c EA2222 LD (2222h),A   AF=01a0 BC=01f8 DE=ccf2 HL=4a27 SP=c21c P1=008000 vc=149 bI
[001a2f] 1a2f 79     LD A,C         AF=01a0 BC=01f8 DE=ccf2 HL=4a27 SP=c21c P1=004000 vc=149 bI
[001a30] 1a30 E070   LD (FF70h),A   AF=f8a0 BC=01f8 DE=ccf2 HL=4a27 SP=c21c P1=004000 vc=149 bI
[001a32] 1a32 FACBCB LD A,(CBCBh)   AF=f8a0 BC=01f8 DE=ccf2 HL=4a27 SP=c21c P1=004000 vc=149 bI
[001a35] 1a35 B7     OR A           AF=00a0 BC=01f8 DE=ccf2 HL=4a27 SP=c21c P1=004000 vc=149 bI
[001a36] 1a36 C9     RET            AF=0080 BC=01f8 DE=ccf2 HL=4a27 SP=c21c P1=004000 vc=149 bI
[005989] 5989 C0     RET NZ         AF=0080 BC=01f8 DE=ccf2 HL=4a27 SP=c21e P1=004000 vc=149 bI
[00598a] 598a CD8233 CALL 3382h     AF=0080 BC=01f8 DE=ccf2 HL=4a27 SP=c21e P1=004000 vc=149 bI
[003382] 3382 F097   LD A,(FF97h)   AF=0080 BC=01f8 DE=ccf2 HL=4a27 SP=c21c P1=004000 vc=149 bI
[003384] 3384 F5     PUSH AF        AF=0180 BC=01f8 DE=ccf2 HL=4a27 SP=c21c P1=004000 vc=149 bI
[003385] 3385 3E05   LD A,05h       AF=0180 BC=01f8 DE=ccf2 HL=4a27 SP=c21a P1=004000 vc=149 bI
[003387] 3387 E097   LD (FF97h),A   AF=0580 BC=01f8 DE=ccf2 HL=4a27 SP=c21a P1=004000 vc=149 bI
[003389] 3389 EA2222 LD (2222h),A   AF=0580 BC=01f8 DE=ccf2 HL=4a27 SP=c21a P1=004000 vc=149 bI
[00338c] 338c CD0040 CALL 4000h     AF=0580 BC=01f8 DE=ccf2 HL=4a27 SP=c21a P1=014000 vc=149 bI
[014000] 4000 2172CC LD HL,CC72h    AF=0580 BC=01f8 DE=ccf2 HL=4a27 SP=c218 P1=014000 vc=149 bI
[014003] 4003 7E     LD A,(HL)      AF=0580 BC=01f8 DE=ccf2 HL=cc72 SP=c218 P1=014000 vc=149 bI
[014004] 4004 3600   LD (HL),00h    AF=0080 BC=01f8 DE=ccf2 HL=cc72 SP=c218 P1=014000 vc=149 bI
[014006] 4006 B7     OR A           AF=0080 BC=01f8 DE=ccf2 HL=cc72 SP=c218 P1=014000 vc=149 bI
[014007] 4007 2805   JR Z,400Eh     AF=0080 BC=01f8 DE=ccf2 HL=cc72 SP=c218 P1=014000 vc=149 bI
[01400e] 400e AF     XOR A          AF=0080 BC=01f8 DE=ccf2 HL=cc72 SP=c218 P1=014000 vc=149 bI
[01400f] 400f EA7FCC LD (CC7Fh),A   AF=0080 BC=01f8 DE=ccf2 HL=cc72 SP=c218 P1=014000 vc=149 bI
[014012] 4012 EAACCC LD (CCACh),A   AF=0080 BC=01f8 DE=ccf2 HL=cc72 SP=c218 P1=014000 vc=149 bI
[014015] 4015 EA81CC LD (CC81h),A   AF=0080 BC=01f8 DE=ccf2 HL=cc72 SP=c218 P1=014000 vc=149 bI
[014018] 4018 21AFCC LD HL,CCAFh    AF=0080 BC=01f8 DE=ccf2 HL=cc72 SP=c218 P1=014000 vc=149 bI
[01401b] 401b 7E     LD A,(HL)      AF=0080 BC=01f8 DE=ccf2 HL=ccaf SP=c218 P1=014000 vc=149 bI
[01401c] 401c F67F   OR 7Fh         AF=7f80 BC=01f8 DE=ccf2 HL=ccaf SP=c218 P1=014000 vc=149 bI
[01401e] 401e 77     LD (HL),A      AF=7f00 BC=01f8 DE=ccf2 HL=ccaf SP=c218 P1=014000 vc=149 bI
[01401f] 401f 217BCC LD HL,CC7Bh    AF=7f00 BC=01f8 DE=ccf2 HL=ccaf SP=c218 P1=014000 vc=149 bI
[014022] 4022 CBBE   RES 7,(HL)     AF=7f00 BC=01f8 DE=ccf2 HL=cc7b SP=c218 P1=014000 vc=149 bI
[014024] 4024 CD9740 CALL 4097h     AF=7f00 BC=01f8 DE=ccf2 HL=cc7b SP=c218 P1=014000 vc=149 bI
[014097] 4097 FA81C4 LD A,(C481h)   AF=7f00 BC=01f8 DE=ccf2 HL=cc7b SP=c216 P1=014000 vc=149 bI
[01409a] 409a 4F     LD C,A         AF=0000 BC=01f8 DE=ccf2 HL=cc7b SP=c216 P1=014000 vc=149 bI
[01409b] 409b FAC3CB LD A,(CBC3h)   AF=0000 BC=0100 DE=ccf2 HL=cc7b SP=c216 P1=014000 vc=149 bI
[01409e] 409e B7     OR A           AF=0000 BC=0100 DE=ccf2 HL=cc7b SP=c216 P1=014000 vc=149 bI
[01409f] 409f 281D   JR Z,40BEh     AF=0080 BC=0100 DE=ccf2 HL=cc7b SP=c216 P1=014000 vc=149 bI
[0140be] 40be FA34CC LD A,(CC34h)   AF=0080 BC=0100 DE=ccf2 HL=cc7b SP=c216 P1=014000 vc=149 bI
[0140c1] 40c1 B7     OR A           AF=0080 BC=0100 DE=ccf2 HL=cc7b SP=c216 P1=014000 vc=149 bI
[0140c2] 40c2 2145CC LD HL,CC45h    AF=0080 BC=0100 DE=ccf2 HL=cc7b SP=c216 P1=014000 vc=149 bI
[0140c5] 40c5 2015   JR NZ,40DCh    AF=0080 BC=0100 DE=ccf2 HL=cc45 SP=c216 P1=014000 vc=149 bI
[0140c7] 40c7 7E     LD A,(HL)      AF=0080 BC=0100 DE=ccf2 HL=cc45 SP=c216 P1=014000 vc=149 bI
[0140c8] 40c8 2F     CPL            AF=0080 BC=0100 DE=ccf2 HL=cc45 SP=c216 P1=014000 vc=149 bI
[0140c9] 40c9 47     LD B,A         AF=ffe0 BC=0100 DE=ccf2 HL=cc45 SP=c216 P1=014000 vc=150 bI
[0140ca] 40ca 79     LD A,C         AF=ffe0 BC=ff00 DE=ccf2 HL=cc45 SP=c216 P1=014000 vc=150 bI
[0140cb] 40cb 22     LDI (HL),A     AF=00e0 BC=ff00 DE=ccf2 HL=cc45 SP=c216 P1=014000 vc=150 bI
[0140cc] 40cc A0     AND B          AF=00e0 BC=ff00 DE=ccf2 HL=cc46 SP=c216 P1=014000 vc=150 bI
[0140cd] 40cd 22     LDI (HL),A     AF=00a0 BC=ff00 DE=ccf2 HL=cc46 SP=c216 P1=014000 vc=150 bI
[0140ce] 40ce 79     LD A,C         AF=00a0 BC=ff00 DE=ccf2 HL=cc47 SP=c216 P1=014000 vc=150 bI
[0140cf] 40cf E6F0   AND F0h        AF=00a0 BC=ff00 DE=ccf2 HL=cc47 SP=c216 P1=014000 vc=150 bI
[0140d1] 40d1 CB37   SWAP A         AF=00a0 BC=ff00 DE=ccf2 HL=cc47 SP=c216 P1=014000 vc=150 bI
[0140d3] 40d3 21E240 LD HL,40E2h    AF=0080 BC=ff00 DE=ccf2 HL=cc47 SP=c216 P1=014000 vc=150 bI
[0140d6] 40d6 D7     RST 10         AF=0080 BC=ff00 DE=ccf2 HL=40e2 SP=c216 P1=014000 vc=150 bI
[000010] 0010 85     ADD A,L        AF=0080 BC=ff00 DE=ccf2 HL=40e2 SP=c214 P1=014000 vc=150 bI
[0140d7] 40d7 7E     LD A,(HL)      AF=e200 BC=ff00 DE=ccf2 HL=40e2 SP=c216 P1=014000 vc=150 bI
[0140d8] 40d8 EA47CC LD (CC47h),A   AF=ff00 BC=ff00 DE=ccf2 HL=40e2 SP=c216 P1=014000 vc=150 bI
[0140db] 40db C9     RET            AF=ff00 BC=ff00 DE=ccf2 HL=40e2 SP=c216 P1=014000 vc=150 bI
[014027] 4027 2100D1 LD HL,D100h    AF=ff00 BC=ff00 DE=ccf2 HL=40e2 SP=c218 P1=014000 vc=150 bI
[01402a] 402a CD6140 CALL 4061h     AF=ff00 BC=ff00 DE=ccf2 HL=d100 SP=c218 P1=014000 vc=150 bI
[014061] 4061 7E     LD A,(HL)      AF=ff00 BC=ff00 DE=ccf2 HL=d100 SP=c216 P1=014000 vc=150 bI
[014062] 4062 B7     OR A           AF=0000 BC=ff00 DE=ccf2 HL=d100 SP=c216 P1=014000 vc=150 bI
[014063] 4063 C8     RET Z          AF=0080 BC=ff00 DE=ccf2 HL=d100 SP=c216 P1=014000 vc=150 bI
[01402d] 402d AF     XOR A          AF=0080 BC=ff00 DE=ccf2 HL=d100 SP=c218 P1=014000 vc=150 bI
[01402e] 402e EA83CC LD (CC83h),A   AF=0080 BC=ff00 DE=ccf2 HL=d100 SP=c218 P1=014000 vc=150 bI
[014031] 4031 2100D0 LD HL,D000h    AF=0080 BC=ff00 DE=ccf2 HL=d100 SP=c218 P1=014000 vc=150 bI
[014034] 4034 CD6140 CALL 4061h     AF=0080 BC=ff00 DE=ccf2 HL=d000 SP=c218 P1=014000 vc=150 bI
[014064] 4064 7D     LD A,L         AF=0300 BC=ff00 DE=ccf2 HL=d000 SP=c216 P1=014000 vc=150 bI
[014065] 4065 E0AC   LD (FFACh),A   AF=0000 BC=ff00 DE=ccf2 HL=d000 SP=c216 P1=014000 vc=150 bI
[014067] 4067 7C     LD A,H         AF=0000 BC=ff00 DE=ccf2 HL=d000 SP=c216 P1=014000 vc=150 bI
[014068] 4068 E0AD   LD (FFADh),A   AF=d000 BC=ff00 DE=ccf2 HL=d000 SP=c216 P1=014000 vc=150 bI
[01406a] 406a 54     LD D,H         AF=d000 BC=ff00 DE=ccf2 HL=d000 SP=c216 P1=014000 vc=150 bI
[01406b] 406b 2E01   LD L,01h       AF=d000 BC=ff00 DE=d0f2 HL=d000 SP=c216 P1=014000 vc=150 bI
[01406d] 406d 7E     LD A,(HL)      AF=d000 BC=ff00 DE=d0f2 HL=d001 SP=c216 P1=014000 vc=150 bI
[01406e] 406e C7     RST 00         AF=0000 BC=ff00 DE=d0f2 HL=d001 SP=c216 P1=014000 vc=150 bI
[01496f] 496f 1E04   LD E,04h       AF=6f00 BC=ff00 DE=d0f2 HL=496f SP=c216 P1=014000 vc=150 bI
[014971] 4971 1A     LD A,(DE)      AF=6f00 BC=ff00 DE=d004 HL=496f SP=c216 P1=014000 vc=150 bI
[014972] 4972 C7     RST 00         AF=0100 BC=ff00 DE=d004 HL=496f SP=c216 P1=014000 vc=150 bI
[015485] 5485 3E80   LD A,80h       AF=8500 BC=ff00 DE=d004 HL=5485 SP=c216 P1=014000 vc=150 bI
[015487] 5487 EA81CC LD (CC81h),A   AF=8000 BC=ff00 DE=d004 HL=5485 SP=c216 P1=014000 vc=150 bI
[01548a] 548a FAABC4 LD A,(C4ABh)   AF=8000 BC=ff00 DE=d004 HL=5485 SP=c216 P1=014000 vc=150 bI
[01548d] 548d B7     OR A           AF=0000 BC=ff00 DE=d004 HL=5485 SP=c216 P1=014000 vc=150 bI
[01548e] 548e C0     RET NZ         AF=0080 BC=ff00 DE=d004 HL=5485 SP=c216 P1=014000 vc=150 bI
[01548f] 548f FA00CD LD A,(CD00h)   AF=0080 BC=ff00 DE=d004 HL=5485 SP=c216 P1=014000 vc=150 bI
[015492] 5492 E60E   AND 0Eh        AF=0180 BC=ff00 DE=d004 HL=5485 SP=c216 P1=014000 vc=150 bI
[015494] 5494 C0     RET NZ         AF=00a0 BC=ff00 DE=d004 HL=5485 SP=c216 P1=014000 vc=150 bI
[015495] 5495 CD2642 CALL 4226h     AF=00a0 BC=ff00 DE=d004 HL=5485 SP=c216 P1=014000 vc=150 bI
[014226] 4226 214746 LD HL,4647h    AF=00a0 BC=ff00 DE=d004 HL=5485 SP=c214 P1=014000 vc=150 bI
[014229] 4229 1E06   LD E,06h       AF=00a0 BC=ff00 DE=d004 HL=4647 SP=c214 P1=014000 vc=150 bI
[01422b] 422b CD8A00 CALL 008Ah     AF=00a0 BC=ff00 DE=d006 HL=4647 SP=c214 P1=014000 vc=150 bI
[00008d] 008d F5     PUSH AF        AF=05a0 BC=ff00 DE=d006 HL=4647 SP=c212 P1=014000 vc=150 bI
[00008e] 008e 7B     LD A,E         AF=05a0 BC=ff00 DE=d006 HL=4647 SP=c210 P1=014000 vc=150 bI
[00008f] 008f EA97FF LD (FF97h),A   AF=06a0 BC=ff00 DE=d006 HL=4647 SP=c210 P1=014000 vc=150 bI
[000095] 0095 CDA000 CALL 00A0h     AF=06a0 BC=ff00 DE=d006 HL=4647 SP=c210 P1=018000 vc=150 bI
[0000a0] 00a0 E9     LD PC,HL       AF=06a0 BC=ff00 DE=d006 HL=4647 SP=c20e P1=018000 vc=150 bI
[018647] 4647 1E25   LD E,25h       AF=06a0 BC=ff00 DE=d006 HL=4647 SP=c20e P1=018000 vc=150 bI
[018649] 4649 1A     LD A,(DE)      AF=06a0 BC=ff00 DE=d025 HL=4647 SP=c20e P1=018000 vc=150 bI
[01864a] 464a B7     OR A           AF=00a0 BC=ff00 DE=d025 HL=4647 SP=c20e P1=018000 vc=150 bI
[01864b] 464b C8     RET Z          AF=0080 BC=ff00 DE=d025 HL=4647 SP=c20e P1=018000 vc=150 bI
[000098] 0098 F1     POP AF         AF=0080 BC=ff00 DE=d025 HL=4647 SP=c210 P1=018000 vc=150 bI
[00009f] 009f C9     RET            AF=05a0 BC=ff00 DE=d025 HL=4647 SP=c212 P1=014000 vc=150 bI
[01422e] 422e 219A46 LD HL,469Ah    AF=05a0 BC=ff00 DE=d025 HL=4647 SP=c214 P1=014000 vc=150 bI
[014231] 4231 1E06   LD E,06h       AF=05a0 BC=ff00 DE=d025 HL=469a SP=c214 P1=014000 vc=150 bI
[014233] 4233 CD8A00 CALL 008Ah     AF=05a0 BC=ff00 DE=d006 HL=469a SP=c214 P1=014000 vc=150 bI
[01869a] 469a 62     LD H,D         AF=06a0 BC=ff00 DE=d006 HL=469a SP=c20e P1=018000 vc=151 bI
[01869b] 469b 2E25   LD L,25h       AF=06a0 BC=ff00 DE=d006 HL=d09a SP=c20e P1=018000 vc=151 bI
[01869d] 469d 7E     LD A,(HL)      AF=06a0 BC=ff00 DE=d006 HL=d025 SP=c20e P1=018000 vc=151 bI
[01869e] 469e 3600   LD (HL),00h    AF=00a0 BC=ff00 DE=d006 HL=d025 SP=c20e P1=018000 vc=151 bI
[0186a0] 46a0 B7     OR A           AF=00a0 BC=ff00 DE=d006 HL=d025 SP=c20e P1=018000 vc=151 bI
[0186a1] 46a1 280F   JR Z,46B2h     AF=0080 BC=ff00 DE=d006 HL=d025 SP=c20e P1=018000 vc=151 bI
[0186b2] 46b2 2E2A   LD L,2Ah       AF=0080 BC=ff00 DE=d006 HL=d025 SP=c20e P1=018000 vc=151 bI
[0186b4] 46b4 7E     LD A,(HL)      AF=0080 BC=ff00 DE=d006 HL=d02a SP=c20e P1=018000 vc=151 bI
[0186b5] 46b5 B7     OR A           AF=0080 BC=ff00 DE=d006 HL=d02a SP=c20e P1=018000 vc=151 bI
[0186b6] 46b6 280B   JR Z,46C3h     AF=0080 BC=ff00 DE=d006 HL=d02a SP=c20e P1=018000 vc=151 bI
[0186c3] 46c3 21A2C6 LD HL,C6A2h    AF=0080 BC=ff00 DE=d006 HL=d02a SP=c20e P1=018000 vc=151 bI
[0186c6] 46c6 1E29   LD E,29h       AF=0080 BC=ff00 DE=d006 HL=c6a2 SP=c20e P1=018000 vc=151 bI
[0186c8] 46c8 1A     LD A,(DE)      AF=0080 BC=ff00 DE=d029 HL=c6a2 SP=c20e P1=018000 vc=151 bI
[0186c9] 46c9 CB7F   BIT 7,A        AF=0180 BC=ff00 DE=d029 HL=c6a2 SP=c20e P1=018000 vc=151 bI
[0186cb] 46cb 2807   JR Z,46D4h     AF=01a0 BC=ff00 DE=d029 HL=c6a2 SP=c20e P1=018000 vc=151 bI
[0186d4] 46d4 7E     LD A,(HL)      AF=01a0 BC=ff00 DE=d029 HL=c6a2 SP=c20e P1=018000 vc=151 bI
[0186d5] 46d5 3D     DEC A          AF=0ca0 BC=ff00 DE=d029 HL=c6a2 SP=c20e P1=018000 vc=151 bI
[0186d6] 46d6 07     RLCA           AF=0b40 BC=ff00 DE=d029 HL=c6a2 SP=c20e P1=018000 vc=151 bI
[0186d7] 46d7 302B   JR NC,4704h    AF=1600 BC=ff00 DE=d029 HL=c6a2 SP=c20e P1=018000 vc=151 bI
[018704] 4704 FA00CC LD A,(CC00h)   AF=1600 BC=ff00 DE=d029 HL=c6a2 SP=c20e P1=018000 vc=151 bI
[018707] 4707 0F     RRCA           AF=dd00 BC=ff00 DE=d029 HL=c6a2 SP=c20e P1=018000 vc=151 bI
[018708] 4708 3008   JR NC,4712h    AF=ee10 BC=ff00 DE=d029 HL=c6a2 SP=c20e P1=018000 vc=151 bI
[01870a] 470a 1E2E   LD E,2Eh       AF=ee10 BC=ff00 DE=d029 HL=c6a2 SP=c20e P1=018000 vc=151 bI
[01870c] 470c 1A     LD A,(DE)      AF=ee10 BC=ff00 DE=d02e HL=c6a2 SP=c20e P1=018000 vc=151 bI
[01870d] 470d B7     OR A           AF=0010 BC=ff00 DE=d02e HL=c6a2 SP=c20e P1=018000 vc=151 bI
[01870e] 470e 2802   JR Z,4712h     AF=0080 BC=ff00 DE=d02e HL=c6a2 SP=c20e P1=018000 vc=151 bI
[018712] 4712 C9     RET            AF=0080 BC=ff00 DE=d02e HL=c6a2 SP=c20e P1=018000 vc=151 bI
[014236] 4236 C9     RET            AF=05a0 BC=ff00 DE=d02e HL=c6a2 SP=c214 P1=014000 vc=151 bI
[015498] 5498 FA34CC LD A,(CC34h)   AF=05a0 BC=ff00 DE=d02e HL=c6a2 SP=c216 P1=014000 vc=151 bI
[01549b] 549b B7     OR A           AF=00a0 BC=ff00 DE=d02e HL=c6a2 SP=c216 P1=014000 vc=151 bI
[01549c] 549c C28F4E JP NZ,4E8Fh    AF=0080 BC=ff00 DE=d02e HL=c6a2 SP=c216 P1=014000 vc=151 bI
[01549f] 549f CD6854 CALL 5468h     AF=0080 BC=ff00 DE=d02e HL=c6a2 SP=c216 P1=014000 vc=151 bI
[015468] 5468 216ACC LD HL,CC6Ah    AF=0080 BC=ff00 DE=d02e HL=c6a2 SP=c214 P1=014000 vc=151 bI
[01546b] 546b 7E     LD A,(HL)      AF=0080 BC=ff00 DE=d02e HL=cc6a SP=c214 P1=014000 vc=151 bI
[01546c] 546c B7     OR A           AF=0080 BC=ff00 DE=d02e HL=cc6a SP=c214 P1=014000 vc=151 bI
[01546d] 546d C8     RET Z          AF=0080 BC=ff00 DE=d02e HL=cc6a SP=c214 P1=014000 vc=151 bI
[0154a2] 54a2 CD3218 CALL 1832h     AF=0080 BC=ff00 DE=d02e HL=cc6a SP=c216 P1=014000 vc=151 bI
[0154a5] 54a5 FAA4CC LD A,(CCA4h)   AF=0080 BC=ff00 DE=d02e HL=cc6a SP=c216 P1=014000 vc=151 bI
[0154a8] 54a8 E681   AND 81h        AF=0080 BC=ff00 DE=d02e HL=cc6a SP=c216 P1=014000 vc=151 bI
[0154aa] 54aa C0     RET NZ         AF=00a0 BC=ff00 DE=d02e HL=cc6a SP=c216 P1=014000 vc=151 bI
[0154ab] 54ab CD042B CALL 2B04h     AF=00a0 BC=ff00 DE=d02e HL=cc6a SP=c216 P1=014000 vc=151 bI
[002b04] 2b04 2187CC LD HL,CC87h    AF=00a0 BC=ff00 DE=d02e HL=cc6a SP=c214 P1=014000 vc=151 bI
[002b07] 2b07 CBBE   RES 7,(HL)     AF=00a0 BC=ff00 DE=d02e HL=cc87 SP=c214 P1=014000 vc=151 bI
[002b09] 2b09 2D     DEC L          AF=00a0 BC=ff00 DE=d02e HL=cc87 SP=c214 P1=014000 vc=151 bI
[002b0a] 2b0a 0600   LD B,00h       AF=0040 BC=ff00 DE=d02e HL=cc86 SP=c214 P1=014000 vc=151 bI
[002b0c] 2b0c 0E07   LD C,07h       AF=0040 BC=0000 DE=d02e HL=cc86 SP=c214 P1=014000 vc=151 bI
[002b0e] 2b0e 3E11   LD A,11h       AF=0040 BC=0007 DE=d02e HL=cc86 SP=c214 P1=014000 vc=151 bI
[002b10] 2b10 CD6B23 CALL 236Bh     AF=1140 BC=0007 DE=d02e HL=cc86 SP=c214 P1=014000 vc=151 bI
[00236b] 236b E5     PUSH HL        AF=1140 BC=0007 DE=d02e HL=cc86 SP=c212 P1=014000 vc=151 bI
[00236c] 236c 21C5C6 LD HL,C6C5h    AF=1140 BC=0007 DE=d02e HL=cc86 SP=c210 P1=014000 vc=151 bI
[00236f] 236f BE     CP (HL)        AF=1140 BC=0007 DE=d02e HL=c6c5 SP=c210 P1=014000 vc=151 bI
[002370] 2370 E1     POP HL         AF=1140 BC=0007 DE=d02e HL=c6c5 SP=c210 P1=014000 vc=151 bI
[002371] 2371 C9     RET            AF=1140 BC=0007 DE=d02e HL=cc86 SP=c212 P1=014000 vc=151 bI
[002b13] 2b13 280C   JR Z,2B21h     AF=1140 BC=0007 DE=d02e HL=cc86 SP=c214 P1=014000 vc=151 bI
[002b15] 2b15 0E0F   LD C,0Fh       AF=1140 BC=0007 DE=d02e HL=cc86 SP=c214 P1=014000 vc=151 bI
[002b17] 2b17 CD3702 CALL 0237h     AF=1140 BC=000f DE=d02e HL=cc86 SP=c214 P1=014000 vc=151 bI
[000237] 0237 23     INC HL         AF=1140 BC=000f DE=d02e HL=cc86 SP=c212 P1=014000 vc=151 bI
[000238] 0238 3A     LDD A,(HL)     AF=1140 BC=000f DE=d02e HL=cc87 SP=c212 P1=014000 vc=151 bI
[002b1a] 2b1a C8     RET Z          AF=0080 BC=000f DE=d02e HL=cc86 SP=c214 P1=014000 vc=151 bI
[0154ae] 54ae FA01D1 LD A,(D101h)   AF=0080 BC=000f DE=d02e HL=cc86 SP=c216 P1=014000 vc=151 bI
[0154b1] 54b1 FE0A   CP 0Ah         AF=0080 BC=000f DE=d02e HL=cc86 SP=c216 P1=014000 vc=151 bI
[0154b3] 54b3 281D   JR Z,54D2h     AF=0070 BC=000f DE=d02e HL=cc86 SP=c216 P1=014000 vc=151 bI
[0154b5] 54b5 FA48CC LD A,(CC48h)   AF=0070 BC=000f DE=d02e HL=cc86 SP=c216 P1=014000 vc=151 bI
[0154b8] 54b8 0F     RRCA           AF=d070 BC=000f DE=d02e HL=cc86 SP=c216 P1=014000 vc=151 bI
[0154b9] 54b9 D8     RET C          AF=6800 BC=000f DE=d02e HL=cc86 SP=c216 P1=014000 vc=151 bI
[0154ba] 54ba FAA7CC LD A,(CCA7h)   AF=6800 BC=000f DE=d02e HL=cc86 SP=c216 P1=014000 vc=152 bI
[0154bd] 54bd 47     LD B,A         AF=0000 BC=000f DE=d02e HL=cc86 SP=c216 P1=014000 vc=152 bI
[0154be] 54be FA77CC LD A,(CC77h)   AF=0000 BC=000f DE=d02e HL=cc86 SP=c216 P1=014000 vc=152 bI
[0154c1] 54c1 B0     OR B           AF=0000 BC=000f DE=d02e HL=cc86 SP=c216 P1=014000 vc=152 bI
[0154c2] 54c2 200E   JR NZ,54D2h    AF=0080 BC=000f DE=d02e HL=cc86 SP=c216 P1=014000 vc=152 bI
[0154c4] 54c4 1E2D   LD E,2Dh       AF=0080 BC=000f DE=d02e HL=cc86 SP=c216 P1=014000 vc=152 bI
[0154c6] 54c6 1A     LD A,(DE)      AF=0080 BC=000f DE=d02d HL=cc86 SP=c216 P1=014000 vc=152 bI
[0154c7] 54c7 B7     OR A           AF=0080 BC=000f DE=d02d HL=cc86 SP=c216 P1=014000 vc=152 bI
[0154c8] 54c8 2008   JR NZ,54D2h    AF=0080 BC=000f DE=d02d HL=cc86 SP=c216 P1=014000 vc=152 bI
[0154ca] 54ca CD231B CALL 1B23h     AF=0080 BC=000f DE=d02d HL=cc86 SP=c216 P1=014000 vc=152 bI
[001b23] 1b23 FA46CC LD A,(CC46h)   AF=0080 BC=000f DE=d02d HL=cc86 SP=c214 P1=014000 vc=152 bI
[001b26] 1b26 E601   AND 01h        AF=0080 BC=000f DE=d02d HL=cc86 SP=c214 P1=014000 vc=152 bI
[001b28] 1b28 C8     RET Z          AF=00a0 BC=000f DE=d02d HL=cc86 SP=c214 P1=014000 vc=152 bI
[0154cd] 54cd D8     RET C          AF=00a0 BC=000f DE=d02d HL=cc86 SP=c216 P1=014000 vc=152 bI
[0154ce] 54ce CD3E12 CALL 123Eh     AF=00a0 BC=000f DE=d02d HL=cc86 SP=c216 P1=014000 vc=152 bI
[00123e] 123e F097   LD A,(FF97h)   AF=00a0 BC=000f DE=d02d HL=cc86 SP=c214 P1=014000 vc=152 bI
[001240] 1240 F5     PUSH AF        AF=05a0 BC=000f DE=d02d HL=cc86 SP=c214 P1=014000 vc=152 bI
[001241] 1241 3E06   LD A,06h       AF=05a0 BC=000f DE=d02d HL=cc86 SP=c212 P1=014000 vc=152 bI
[001243] 1243 E097   LD (FF97h),A   AF=06a0 BC=000f DE=d02d HL=cc86 SP=c212 P1=014000 vc=152 bI
[001245] 1245 EA2222 LD (2222h),A   AF=06a0 BC=000f DE=d02d HL=cc86 SP=c212 P1=014000 vc=152 bI
[001248] 1248 CD0040 CALL 4000h     AF=06a0 BC=000f DE=d02d HL=cc86 SP=c212 P1=018000 vc=152 bI
[018000] 4000 FA75CC LD A,(CC75h)   AF=06a0 BC=000f DE=d02d HL=cc86 SP=c210 P1=018000 vc=152 bI
[018003] 4003 B7     OR A           AF=00a0 BC=000f DE=d02d HL=cc86 SP=c210 P1=018000 vc=152 bI
[018004] 4004 C0     RET NZ         AF=0080 BC=000f DE=d02d HL=cc86 SP=c210 P1=018000 vc=152 bI
[018005] 4005 CD6443 CALL 4364h     AF=0080 BC=000f DE=d02d HL=cc86 SP=c210 P1=018000 vc=152 bI
[018364] 4364 1E08   LD E,08h       AF=0080 BC=000f DE=d02d HL=cc86 SP=c20e P1=018000 vc=152 bI
[018366] 4366 1A     LD A,(DE)      AF=0080 BC=000f DE=d008 HL=cc86 SP=c20e P1=018000 vc=152 bI
[018367] 4367 218143 LD HL,4381h    AF=0280 BC=000f DE=d008 HL=cc86 SP=c20e P1=018000 vc=152 bI
[01836a] 436a DF     RST 18         AF=0280 BC=000f DE=d008 HL=4381 SP=c20e P1=018000 vc=152 bI
[000018] 0018 C5     PUSH BC        AF=0280 BC=000f DE=d008 HL=4381 SP=c20c P1=018000 vc=152 bI
[00001d] 001d 09     ADD HL,BC      AF=0280 BC=0002 DE=d008 HL=4383 SP=c20a P1=018000 vc=152 bI
[00001e] 001e C1     POP BC         AF=0280 BC=0002 DE=d008 HL=4385 SP=c20a P1=018000 vc=152 bI
[00001f] 001f C9     RET            AF=0280 BC=000f DE=d008 HL=4385 SP=c20c P1=018000 vc=152 bI
[01836b] 436b 1E0B   LD E,0Bh       AF=0280 BC=000f DE=d008 HL=4385 SP=c20e P1=018000 vc=152 bI
[01836d] 436d 1A     LD A,(DE)      AF=0280 BC=000f DE=d00b HL=4385 SP=c20e P1=018000 vc=152 bI
[01836e] 436e 86     ADD A,(HL)     AF=1f80 BC=000f DE=d00b HL=4385 SP=c20e P1=018000 vc=152 bI
[01836f] 436f E6F0   AND F0h        AF=2720 BC=000f DE=d00b HL=4385 SP=c20e P1=018000 vc=152 bI
[018371] 4371 4F     LD C,A         AF=2020 BC=000f DE=d00b HL=4385 SP=c20e P1=018000 vc=152 bI
[018372] 4372 23     INC HL         AF=2020 BC=0020 DE=d00b HL=4385 SP=c20e P1=018000 vc=152 bI
[018373] 4373 1E0D   LD E,0Dh       AF=2020 BC=0020 DE=d00b HL=4386 SP=c20e P1=018000 vc=152 bI
[018375] 4375 1A     LD A,(DE)      AF=2020 BC=0020 DE=d00d HL=4386 SP=c20e P1=018000 vc=152 bI
[018376] 4376 86     ADD A,(HL)     AF=cb20 BC=0020 DE=d00d HL=4386 SP=c20e P1=018000 vc=152 bI
[018377] 4377 CB37   SWAP A         AF=cb00 BC=0020 DE=d00d HL=4386 SP=c20e P1=018000 vc=152 bI
[018379] 4379 E60F   AND 0Fh        AF=bc00 BC=0020 DE=d00d HL=4386 SP=c20e P1=018000 vc=152 bI
[01837b] 437b B1     OR C           AF=0c20 BC=0020 DE=d00d HL=4386 SP=c20e P1=018000 vc=152 bI
[01837c] 437c 4F     LD C,A         AF=2c00 BC=0020 DE=d00d HL=4386 SP=c20e P1=018000 vc=152 bI
[01837d] 437d 06CF   LD B,CFh       AF=2c00 BC=002c DE=d00d HL=4386 SP=c20e P1=018000 vc=152 bI
[01837f] 437f 0A     LD A,(BC)      AF=2c00 BC=cf2c DE=d00d HL=4386 SP=c20e P1=018000 vc=152 bI
[018380] 4380 C9     RET            AF=a000 BC=cf2c DE=d00d HL=4386 SP=c20e P1=018000 vc=152 bI
[018008] 4008 5F     LD E,A         AF=a000 BC=cf2c DE=d00d HL=4386 SP=c210 P1=018000 vc=152 bI
[018009] 4009 E08B   LD (FF8Bh),A   AF=a000 BC=cf2c DE=d0a0 HL=4386 SP=c210 P1=018000 vc=152 bI
[01800b] 400b 79     LD A,C         AF=a000 BC=cf2c DE=d0a0 HL=4386 SP=c210 P1=018000 vc=152 bI
[01800c] 400c E08D   LD (FF8Dh),A   AF=2c00 BC=cf2c DE=d0a0 HL=4386 SP=c210 P1=018000 vc=152 bI
[01800e] 400e 21A343 LD HL,43A3h    AF=2c00 BC=cf2c DE=d0a0 HL=4386 SP=c210 P1=018000 vc=152 bI
[018011] 4011 CDDE1D CALL 1DDEh     AF=2c00 BC=cf2c DE=d0a0 HL=43a3 SP=c210 P1=018000 vc=152 bI
[001dde] 1dde FA4FCC LD A,(CC4Fh)   AF=2c00 BC=cf2c DE=d0a0 HL=43a3 SP=c20e P1=018000 vc=152 bI
[001de1] 1de1 DF     RST 18         AF=0400 BC=cf2c DE=d0a0 HL=43a3 SP=c20e P1=018000 vc=152 bI
[001de2] 1de2 2A     LDI A,(HL)     AF=0400 BC=cf2c DE=d0a0 HL=43ab SP=c20e P1=018000 vc=152 bI
[001de3] 1de3 66     LD H,(HL)      AF=c900 BC=cf2c DE=d0a0 HL=43ac SP=c20e P1=018000 vc=152 bI
[001de4] 1de4 6F     LD L,A         AF=c900 BC=cf2c DE=d0a0 HL=43ac SP=c20e P1=018000 vc=152 bI
[001de5] 1de5 18DD   JR 1DC4h       AF=c900 BC=cf2c DE=d0a0 HL=43c9 SP=c20e P1=018000 vc=152 bI
[001dc4] 1dc4 2A     LDI A,(HL)     AF=c900 BC=cf2c DE=d0a0 HL=43c9 SP=c20e P1=018000 vc=152 bI
[001dc5] 1dc5 B7     OR A           AF=1800 BC=cf2c DE=d0a0 HL=43ca SP=c20e P1=018000 vc=152 bI
[001dc6] 1dc6 C8     RET Z          AF=1800 BC=cf2c DE=d0a0 HL=43ca SP=c20e P1=018000 vc=152 bI
[001dc7] 1dc7 BB     CP E           AF=1800 BC=cf2c DE=d0a0 HL=43ca SP=c20e P1=018000 vc=152 bI
[001dc8] 1dc8 2A     LDI A,(HL)     AF=1850 BC=cf2c DE=d0a0 HL=43ca SP=c20e P1=018000 vc=152 bI
[001dc9] 1dc9 20F9   JR NZ,1DC4h    AF=0050 BC=cf2c DE=d0a0 HL=43cb SP=c20e P1=018000 vc=152 bI
[018014] 4014 D2DD41 JP NC,41DDh    AF=0080 BC=cf2c DE=d0a0 HL=4408 SP=c210 P1=018000 vc=0 BI
[0181dd] 41dd 3E14   LD A,14h       AF=0080 BC=cf2c DE=d0a0 HL=4408 SP=c210 P1=018000 vc=0 BI
[0181df] 41df EA84CC LD (CC84h),A   AF=1480 BC=cf2c DE=d0a0 HL=4408 SP=c210 P1=018000 vc=0 BI
[0181e2] 41e2 C9     RET            AF=1480 BC=cf2c DE=d0a0 HL=4408 SP=c210 P1=018000 vc=0 BI
[00124b] 124b CB11   RL C           AF=1480 BC=cf2c DE=d0a0 HL=4408 SP=c212 P1=018000 vc=0 BI
[00124d] 124d F1     POP AF         AF=1400 BC=cf58 DE=d0a0 HL=4408 SP=c212 P1=018000 vc=0 BI
[00124e] 124e E097   LD (FF97h),A   AF=05a0 BC=cf58 DE=d0a0 HL=4408 SP=c214 P1=018000 vc=0 BI
[001250] 1250 EA2222 LD (2222h),A   AF=05a0 BC=cf58 DE=d0a0 HL=4408 SP=c214 P1=018000 vc=0 BI
[001253] 1253 CB39   SRL C          AF=05a0 BC=cf58 DE=d0a0 HL=4408 SP=c214 P1=014000 vc=0 BI
[001255] 1255 C9     RET            AF=0500 BC=cf2c DE=d0a0 HL=4408 SP=c214 P1=014000 vc=0 BI
[0154d1] 54d1 D8     RET C          AF=0500 BC=cf2c DE=d0a0 HL=4408 SP=c216 P1=014000 vc=0 BI
[0154d2] 54d2 AF     XOR A          AF=0500 BC=cf2c DE=d0a0 HL=4408 SP=c216 P1=014000 vc=0 BI
[0154d3] 54d3 EA81CC LD (CC81h),A   AF=0080 BC=cf2c DE=d0a0 HL=4408 SP=c216 P1=014000 vc=0 BI
[0154d6] 54d6 EAA7CC LD (CCA7h),A   AF=0080 BC=cf2c DE=d0a0 HL=4408 SP=c216 P1=014000 vc=0 BI
[0154d9] 54d9 FA50CC LD A,(CC50h)   AF=0080 BC=cf2c DE=d0a0 HL=4408 SP=c216 P1=014000 vc=0 bI
[0154dc] 54dc E620   AND 20h        AF=0880 BC=cf2c DE=d0a0 HL=4408 SP=c216 P1=014000 vc=0 bI
[0154de] 54de C2B258 JP NZ,58B2h    AF=00a0 BC=cf2c DE=d0a0 HL=4408 SP=c216 P1=014000 vc=0 bI
[0154e1] 54e1 CD7542 CALL 4275h     AF=00a0 BC=cf2c DE=d0a0 HL=4408 SP=c216 P1=014000 vc=0 bI
[014275] 4275 AF     XOR A          AF=00a0 BC=cf2c DE=d0a0 HL=4408 SP=c214 P1=014000 vc=0 bI
[014276] 4276 EAB8CC LD (CCB8h),A   AF=0080 BC=cf2c DE=d0a0 HL=4408 SP=c214 P1=014000 vc=0 bI
[014279] 4279 FA77CC LD A,(CC77h)   AF=0080 BC=cf2c DE=d0a0 HL=4408 SP=c214 P1=014000 vc=0 bI
[01427c] 427c B7     OR A           AF=0080 BC=cf2c DE=d0a0 HL=4408 SP=c214 P1=014000 vc=0 bI
[01427d] 427d C2B342 JP NZ,42B3h    AF=0080 BC=cf2c DE=d0a0 HL=4408 SP=c214 P1=014000 vc=0 bI
[014280] 4280 CDB943 CALL 43B9h     AF=0080 BC=cf2c DE=d0a0 HL=4408 SP=c214 P1=014000 vc=0 bI
[0143b9] 43b9 010005 LD BC,0500h    AF=0080 BC=cf2c DE=d0a0 HL=4408 SP=c212 P1=014000 vc=0 bI
[0143bc] 43bc CD2314 CALL 1423h     AF=0080 BC=0500 DE=d0a0 HL=4408 SP=c212 P1=014000 vc=0 bI
[001423] 1423 F0AC   LD A,(FFACh)   AF=0080 BC=0500 DE=d0a0 HL=4408 SP=c210 P1=014000 vc=0 bI
[001425] 1425 F60B   OR 0Bh         AF=0080 BC=0500 DE=d0a0 HL=4408 SP=c210 P1=014000 vc=0 bI
[001427] 1427 6F     LD L,A         AF=0b00 BC=0500 DE=d0a0 HL=4408 SP=c210 P1=014000 vc=0 bI
[001428] 1428 62     LD H,D         AF=0b00 BC=0500 DE=d0a0 HL=440b SP=c210 P1=014000 vc=0 bI
[001429] 1429 2A     LDI A,(HL)     AF=0b00 BC=0500 DE=d0a0 HL=d00b SP=c210 P1=014000 vc=0 bI
[00142a] 142a 80     ADD A,B        AF=1f00 BC=0500 DE=d0a0 HL=d00c SP=c210 P1=014000 vc=0 bI
[00142b] 142b 47     LD B,A         AF=2420 BC=0500 DE=d0a0 HL=d00c SP=c210 P1=014000 vc=0 bI
[00142c] 142c 2C     INC L          AF=2420 BC=2400 DE=d0a0 HL=d00c SP=c210 P1=014000 vc=0 bI
[00142d] 142d 2A     LDI A,(HL)     AF=2400 BC=2400 DE=d0a0 HL=d00d SP=c210 P1=014000 vc=0 bI
[00142e] 142e 81     ADD A,C        AF=cb00 BC=2400 DE=d0a0 HL=d00e SP=c210 P1=014000 vc=0 bI
[00142f] 142f 4F     LD C,A         AF=cb00 BC=2400 DE=d0a0 HL=d00e SP=c210 P1=014000 vc=0 bI
[001430] 1430 1803   JR 1435h       AF=cb00 BC=24cb DE=d0a0 HL=d00e SP=c210 P1=014000 vc=0 bI
[001435] 1435 79     LD A,C         AF=cb00 BC=24cb DE=d0a0 HL=d00e SP=c210 P1=014000 vc=0 bI
[001436] 1436 E6F0   AND F0h        AF=cb00 BC=24cb DE=d0a0 HL=d00e SP=c210 P1=014000 vc=0 bI
[001438] 1438 CB37   SWAP A         AF=c020 BC=24cb DE=d0a0 HL=d00e SP=c210 P1=014000 vc=0 bI
[00143a] 143a 6F     LD L,A         AF=0c00 BC=24cb DE=d0a0 HL=d00e SP=c210 P1=014000 vc=0 bI
[00143b] 143b 78     LD A,B         AF=0c00 BC=24cb DE=d0a0 HL=d00c SP=c210 P1=014000 vc=0 bI
[00143c] 143c E6F0   AND F0h        AF=2400 BC=24cb DE=d0a0 HL=d00c SP=c210 P1=014000 vc=0 bI
[00143e] 143e B5     OR L           AF=2020 BC=24cb DE=d0a0 HL=d00c SP=c210 P1=014000 vc=0 bI
[00143f] 143f 6F     LD L,A         AF=2c00 BC=24cb DE=d0a0 HL=d00c SP=c210 P1=014000 vc=0 bI
[001440] 1440 26CF   LD H,CFh       AF=2c00 BC=24cb DE=d0a0 HL=d02c SP=c210 P1=014000 vc=0 bI
[001442] 1442 7E     LD A,(HL)      AF=2c00 BC=24cb DE=d0a0 HL=cf2c SP=c210 P1=014000 vc=0 bI
[001443] 1443 C9     RET            AF=a000 BC=24cb DE=d0a0 HL=cf2c SP=c210 P1=014000 vc=0 bI
[0143bf] 43bf 4F     LD C,A         AF=a000 BC=24cb DE=d0a0 HL=cf2c SP=c212 P1=014000 vc=0 bI
[0143c0] 43c0 45     LD B,L         AF=a000 BC=24a0 DE=d0a0 HL=cf2c SP=c212 P1=014000 vc=0 bI
[0143c1] 43c1 21B3CC LD HL,CCB3h    AF=a000 BC=2ca0 DE=d0a0 HL=cf2c SP=c212 P1=014000 vc=0 bI
[0143c4] 43c4 2A     LDI A,(HL)     AF=a000 BC=2ca0 DE=d0a0 HL=ccb3 SP=c212 P1=014000 vc=0 bI
[0143c5] 43c5 B8     CP B           AF=2c00 BC=2ca0 DE=d0a0 HL=ccb4 SP=c212 P1=014000 vc=0 bI
[0143c6] 43c6 2004   JR NZ,43CCh    AF=2cc0 BC=2ca0 DE=d0a0 HL=ccb4 SP=c212 P1=014000 vc=0 bI
[0143c8] 43c8 7E     LD A,(HL)      AF=2cc0 BC=2ca0 DE=d0a0 HL=ccb4 SP=c212 P1=014000 vc=0 bI
[0143c9] 43c9 B9     CP C           AF=a0c0 BC=2ca0 DE=d0a0 HL=ccb4 SP=c212 P1=014000 vc=0 bI
[0143ca] 43ca 280A   JR Z,43D6h     AF=a0c0 BC=2ca0 DE=d0a0 HL=ccb4 SP=c212 P1=014000 vc=0 bI
[0143d6] 43d6 2EB5   LD L,B5h       AF=a0c0 BC=2ca0 DE=d0a0 HL=ccb4 SP=c212 P1=014000 vc=0 bI
[0143d8] 43d8 34     INC (HL)       AF=a0c0 BC=2ca0 DE=d0a0 HL=ccb5 SP=c212 P1=014000 vc=0 bI
[0143d9] 43d9 2C     INC L          AF=a000 BC=2ca0 DE=d0a0 HL=ccb5 SP=c212 P1=014000 vc=1 BI
[0143da] 43da 2A     LDI A,(HL)     AF=a000 BC=2ca0 DE=d0a0 HL=ccb6 SP=c212 P1=014000 vc=1 BI
[0143db] 43db 77     LD (HL),A      AF=0000 BC=2ca0 DE=d0a0 HL=ccb7 SP=c212 P1=014000 vc=1 BI
[0143dc] 43dc 79     LD A,C         AF=0000 BC=2ca0 DE=d0a0 HL=ccb7 SP=c212 P1=014000 vc=1 BI
[0143dd] 43dd 21AD7B LD HL,7BADh    AF=a000 BC=2ca0 DE=d0a0 HL=ccb7 SP=c212 P1=014000 vc=1 BI
[0143e0] 43e0 C3DD1D JP 1DDDh       AF=a000 BC=2ca0 DE=d0a0 HL=7bad SP=c212 P1=014000 vc=1 BI
[001ddd] 1ddd 5F     LD E,A         AF=a000 BC=2ca0 DE=d0a0 HL=7bad SP=c212 P1=014000 vc=1 BI
[014283] 4283 EAB6CC LD (CCB6h),A   AF=0080 BC=2ca0 DE=d0a0 HL=7c73 SP=c214 P1=014000 vc=2 bI
[014286] 4286 C7     RST 00         AF=0080 BC=2ca0 DE=d0a0 HL=7c73 SP=c214 P1=014000 vc=2 bI
[0142b3] 42b3 AF     XOR A          AF=b300 BC=2ca0 DE=d0a0 HL=42b3 SP=c214 P1=014000 vc=2 bI
[0142b4] 42b4 EAB6CC LD (CCB6h),A   AF=0080 BC=2ca0 DE=d0a0 HL=42b3 SP=c214 P1=014000 vc=2 bI
[0142b7] 42b7 EAB5CC LD (CCB5h),A   AF=0080 BC=2ca0 DE=d0a0 HL=42b3 SP=c214 P1=014000 vc=2 bI
[0142ba] 42ba EA78CC LD (CC78h),A   AF=0080 BC=2ca0 DE=d0a0 HL=42b3 SP=c214 P1=014000 vc=2 bI
[0142bd] 42bd C9     RET            AF=0080 BC=2ca0 DE=d0a0 HL=42b3 SP=c214 P1=014000 vc=2 bI
[0154e4] 54e4 CD1312 CALL 1213h     AF=0080 BC=2ca0 DE=d0a0 HL=42b3 SP=c216 P1=014000 vc=2 bI
[001213] 1213 FAB9CC LD A,(CCB9h)   AF=0080 BC=2ca0 DE=d0a0 HL=42b3 SP=c214 P1=014000 vc=2 bI
[001216] 1216 B7     OR A           AF=0080 BC=2ca0 DE=d0a0 HL=42b3 SP=c214 P1=014000 vc=3 BI
[001217] 1217 2012   JR NZ,122Bh    AF=0080 BC=2ca0 DE=d0a0 HL=42b3 SP=c214 P1=014000 vc=3 BI
[001219] 1219 FAB4CC LD A,(CCB4h)   AF=0080 BC=2ca0 DE=d0a0 HL=42b3 SP=c214 P1=014000 vc=3 BI
[00121c] 121c FEF1   CP F1h         AF=a080 BC=2ca0 DE=d0a0 HL=42b3 SP=c214 P1=014000 vc=3 BI
[00121e] 121e C0     RET NZ         AF=a070 BC=2ca0 DE=d0a0 HL=42b3 SP=c214 P1=014000 vc=3 BI
[0154e7] 54e7 CD5F2B CALL 2B5Fh     AF=a070 BC=2ca0 DE=d0a0 HL=42b3 SP=c216 P1=014000 vc=3 BI
[002b5f] 2b5f 0E02   LD C,02h       AF=a070 BC=2ca0 DE=d0a0 HL=42b3 SP=c214 P1=014000 vc=3 BI
[002b61] 2b61 F097   LD A,(FF97h)   AF=a070 BC=2c02 DE=d0a0 HL=42b3 SP=c214 P1=014000 vc=3 BI
[002b63] 2b63 F5     PUSH AF        AF=0570 BC=2c02 DE=d0a0 HL=42b3 SP=c214 P1=014000 vc=3 BI
[002b64] 2b64 3E06   LD A,06h       AF=0570 BC=2c02 DE=d0a0 HL=42b3 SP=c212 P1=014000 vc=3 BI
[002b66] 2b66 E097   LD (FF97h),A   AF=0670 BC=2c02 DE=d0a0 HL=42b3 SP=c212 P1=014000 vc=3 BI
[002b68] 2b68 EA2222 LD (2222h),A   AF=0670 BC=2c02 DE=d0a0 HL=42b3 SP=c212 P1=014000 vc=3 BI
[002b6b] 2b6b CD2248 CALL 4822h     AF=0670 BC=2c02 DE=d0a0 HL=42b3 SP=c212 P1=018000 vc=3 BI
[018822] 4822 79     LD A,C         AF=0670 BC=2c02 DE=d0a0 HL=42b3 SP=c210 P1=018000 vc=3 BI
[018823] 4823 C7     RST 00         AF=0270 BC=2c02 DE=d0a0 HL=42b3 SP=c210 P1=018000 vc=3 BI
[018865] 4865 AF     XOR A          AF=6500 BC=2c02 DE=d0a0 HL=4865 SP=c210 P1=018000 vc=3 BI
[018866] 4866 EA89CC LD (CC89h),A   AF=0080 BC=2c02 DE=d0a0 HL=4865 SP=c210 P1=018000 vc=3 BI
[018869] 4869 2174CC LD HL,CC74h    AF=0080 BC=2c02 DE=d0a0 HL=4865 SP=c210 P1=018000 vc=3 BI
[01886c] 486c 7E     LD A,(HL)      AF=0080 BC=2c02 DE=d0a0 HL=cc74 SP=c210 P1=018000 vc=3 BI
[01886d] 486d B7     OR A           AF=0080 BC=2c02 DE=d0a0 HL=cc74 SP=c210 P1=018000 vc=3 BI
[01886e] 486e 2801   JR Z,4871h     AF=0080 BC=2c02 DE=d0a0 HL=cc74 SP=c210 P1=018000 vc=3 BI
[018871] 4871 217ACC LD HL,CC7Ah    AF=0080 BC=2c02 DE=d0a0 HL=cc74 SP=c210 P1=018000 vc=3 BI
[018874] 4874 7E     LD A,(HL)      AF=0080 BC=2c02 DE=d0a0 HL=cc7a SP=c210 P1=018000 vc=3 BI
[018875] 4875 E60F   AND 0Fh        AF=0080 BC=2c02 DE=d0a0 HL=cc7a SP=c210 P1=018000 vc=3 BI
[018877] 4877 77     LD (HL),A      AF=00a0 BC=2c02 DE=d0a0 HL=cc7a SP=c210 P1=018000 vc=3 BI
[018878] 4878 FA7ECC LD A,(CC7Eh)   AF=00a0 BC=2c02 DE=d0a0 HL=cc7a SP=c210 P1=018000 vc=3 BI
[01887b] 487b 07     RLCA           AF=00a0 BC=2c02 DE=d0a0 HL=cc7a SP=c210 P1=018000 vc=3 BI
[01887c] 487c 385C   JR C,48DAh     AF=0000 BC=2c02 DE=d0a0 HL=cc7a SP=c210 P1=018000 vc=3 BI
[01887e] 487e FAEACC LD A,(CCEAh)   AF=0000 BC=2c02 DE=d0a0 HL=cc7a SP=c210 P1=018000 vc=3 BI
[018881] 4881 B7     OR A           AF=0000 BC=2c02 DE=d0a0 HL=cc7a SP=c210 P1=018000 vc=3 BI
[018882] 4882 C27F49 JP NZ,497Fh    AF=0080 BC=2c02 DE=d0a0 HL=cc7a SP=c210 P1=018000 vc=3 BI
[018885] 4885 FAAFCC LD A,(CCAFh)   AF=0080 BC=2c02 DE=d0a0 HL=cc7a SP=c210 P1=018000 vc=3 BI
[018888] 4888 47     LD B,A         AF=7f80 BC=2c02 DE=d0a0 HL=cc7a SP=c210 P1=018000 vc=3 BI
[018889] 4889 FA77CC LD A,(CC77h)   AF=7f80 BC=7f02 DE=d0a0 HL=cc7a SP=c210 P1=018000 vc=3 BI
[01888c] 488c B0     OR B           AF=0080 BC=7f02 DE=d0a0 HL=cc7a SP=c210 P1=018000 vc=3 BI
[01888d] 488d 07     RLCA           AF=7f00 BC=7f02 DE=d0a0 HL=cc7a SP=c210 P1=018000 vc=3 BI
[01888e] 488e 3831   JR C,48C1h     AF=fe00 BC=7f02 DE=d0a0 HL=cc7a SP=c210 P1=018000 vc=3 BI
[018890] 4890 FAEFCC LD A,(CCEFh)   AF=fe00 BC=7f02 DE=d0a0 HL=cc7a SP=c210 P1=018000 vc=3 BI
[018893] 4893 47     LD B,A         AF=0000 BC=7f02 DE=d0a0 HL=cc7a SP=c210 P1=018000 vc=3 BI
[018894] 4894 FA75CC LD A,(CC75h)   AF=0000 BC=0002 DE=d0a0 HL=cc7a SP=c210 P1=018000 vc=3 BI
[018897] 4897 B0     OR B           AF=0000 BC=0002 DE=d0a0 HL=cc7a SP=c210 P1=018000 vc=3 bI
[018898] 4898 2027   JR NZ,48C1h    AF=0080 BC=0002 DE=d0a0 HL=cc7a SP=c210 P1=018000 vc=3 bI
[01889a] 489a FA83CC LD A,(CC83h)   AF=0080 BC=0002 DE=d0a0 HL=cc7a SP=c210 P1=018000 vc=3 bI
[01889d] 489d 3C     INC A          AF=0080 BC=0002 DE=d0a0 HL=cc7a SP=c210 P1=018000 vc=3 bI
[01889e] 489e 2821   JR Z,48C1h     AF=0100 BC=0002 DE=d0a0 HL=cc7a SP=c210 P1=018000 vc=3 bI
[0188a0] 48a0 FA50CC LD A,(CC50h)   AF=0100 BC=0002 DE=d0a0 HL=cc7a SP=c210 P1=018000 vc=3 bI
[0188a3] 48a3 CB6F   BIT 5,A        AF=0800 BC=0002 DE=d0a0 HL=cc7a SP=c210 P1=018000 vc=3 bI
[0188a5] 48a5 2008   JR NZ,48AFh    AF=08a0 BC=0002 DE=d0a0 HL=cc7a SP=c210 P1=018000 vc=3 bI
[0188a7] 48a7 FA78CC LD A,(CC78h)   AF=08a0 BC=0002 DE=d0a0 HL=cc7a SP=c210 P1=018000 vc=3 bI
[0188aa] 48aa B7     OR A           AF=00a0 BC=0002 DE=d0a0 HL=cc7a SP=c210 P1=018000 vc=3 bI
[0188ab] 48ab 2808   JR Z,48B5h     AF=0080 BC=0002 DE=d0a0 HL=cc7a SP=c210 P1=018000 vc=3 bI
[0188b5] 48b5 118101 LD DE,0181h    AF=0080 BC=0002 DE=d0a0 HL=cc7a SP=c210 P1=018000 vc=3 bI
[0188b8] 48b8 CDF348 CALL 48F3h     AF=0080 BC=0002 DE=0181 HL=cc7a SP=c210 P1=018000 vc=3 bI
[0188f3] 48f3 26C6   LD H,C6h       AF=0080 BC=0002 DE=0181 HL=cc7a SP=c20e P1=018000 vc=3 bI
[0188f5] 48f5 6B     LD L,E         AF=0080 BC=0002 DE=0181 HL=c67a SP=c20e P1=018000 vc=3 bI
[0188f6] 48f6 7E     LD A,(HL)      AF=0080 BC=0002 DE=0181 HL=c681 SP=c20e P1=018000 vc=3 bI
[0188f7] 48f7 B7     OR A           AF=1980 BC=0002 DE=0181 HL=c681 SP=c20e P1=018000 vc=3 bI
[0188f8] 48f8 2017   JR NZ,4911h    AF=1900 BC=0002 DE=0181 HL=c681 SP=c20e P1=018000 vc=3 bI
[018911] 4911 FE20   CP 20h         AF=1900 BC=0002 DE=0181 HL=c681 SP=c20e P1=018000 vc=3 bI
[018913] 4913 D0     RET NC         AF=1950 BC=0002 DE=0181 HL=c681 SP=c20e P1=018000 vc=3 bI
[018914] 4914 5F     LD E,A         AF=1950 BC=0002 DE=0181 HL=c681 SP=c20e P1=018000 vc=3 bI
[018915] 4915 210855 LD HL,5508h    AF=1950 BC=0002 DE=0119 HL=c681 SP=c20e P1=018000 vc=3 bI
[018918] 4918 DF     RST 18         AF=1950 BC=0002 DE=0119 HL=5508 SP=c20e P1=018000 vc=3 bI
[018919] 4919 2A     LDI A,(HL)     AF=1900 BC=0002 DE=0119 HL=553a SP=c20e P1=018000 vc=3 bI
[01891a] 491a 4F     LD C,A         AF=0200 BC=0002 DE=0119 HL=553b SP=c20e P1=018000 vc=3 bI
[01891b] 491b 6E     LD L,(HL)      AF=0200 BC=0002 DE=0119 HL=553b SP=c20e P1=018000 vc=3 bI
[01891c] 491c 26CC   LD H,CCh       AF=0200 BC=0002 DE=0119 HL=5546 SP=c20e P1=018000 vc=3 bI
[01891e] 491e 7E     LD A,(HL)      AF=0200 BC=0002 DE=0119 HL=cc46 SP=c20e P1=018000 vc=3 bI
[01891f] 491f A2     AND D          AF=0000 BC=0002 DE=0119 HL=cc46 SP=c20e P1=018000 vc=3 bI
[018920] 4920 C8     RET Z          AF=00a0 BC=0002 DE=0119 HL=cc46 SP=c20e P1=018000 vc=3 bI
[0188bb] 48bb 118002 LD DE,0280h    AF=00a0 BC=0002 DE=0119 HL=cc46 SP=c210 P1=018000 vc=3 bI
[0188be] 48be CDF348 CALL 48F3h     AF=00a0 BC=0002 DE=0280 HL=cc46 SP=c210 P1=018000 vc=3 bI
[0188c1] 48c1 1100D2 LD DE,D200h    AF=00a0 BC=0063 DE=0205 HL=cc46 SP=c210 P1=018000 vc=4 BI
[0188c4] 48c4 1E00   LD E,00h       AF=00a0 BC=0063 DE=d200 HL=cc46 SP=c210 P1=018000 vc=4 BI
[0188c6] 48c6 1A     LD A,(DE)      AF=00a0 BC=0063 DE=d200 HL=cc46 SP=c210 P1=018000 vc=4 BI
[0188c7] 48c7 B7     OR A           AF=00a0 BC=0063 DE=d200 HL=cc46 SP=c210 P1=018000 vc=4 BI
[0188c8] 48c8 C49449 CALL NZ,4994h  AF=0080 BC=0063 DE=d200 HL=cc46 SP=c210 P1=018000 vc=4 BI
[0188cb] 48cb 14     INC D          AF=0080 BC=0063 DE=d200 HL=cc46 SP=c210 P1=018000 vc=4 BI
[0188cc] 48cc 7A     LD A,D         AF=0000 BC=0063 DE=d300 HL=cc46 SP=c210 P1=018000 vc=4 BI
[0188cd] 48cd FED6   CP D6h         AF=d300 BC=0063 DE=d300 HL=cc46 SP=c210 P1=018000 vc=4 BI
[0188cf] 48cf 38F3   JR C,48C4h     AF=d370 BC=0063 DE=d300 HL=cc46 SP=c210 P1=018000 vc=4 BI
[0188d1] 48d1 AF     XOR A          AF=d6c0 BC=0063 DE=d600 HL=cc46 SP=c210 P1=018000 vc=4 BI
[0188d2] 48d2 E0AC   LD (FFACh),A   AF=0080 BC=0063 DE=d600 HL=cc46 SP=c210 P1=018000 vc=4 BI
[0188d4] 48d4 16D0   LD D,D0h       AF=0080 BC=0063 DE=d600 HL=cc46 SP=c210 P1=018000 vc=4 BI
[0188d6] 48d6 7A     LD A,D         AF=0080 BC=0063 DE=d000 HL=cc46 SP=c210 P1=018000 vc=4 BI
[0188d7] 48d7 E0AD   LD (FFADh),A   AF=d080 BC=0063 DE=d000 HL=cc46 SP=c210 P1=018000 vc=4 BI
[0188d9] 48d9 C9     RET            AF=d080 BC=0063 DE=d000 HL=cc46 SP=c210 P1=018000 vc=4 BI
[002b6e] 2b6e F1     POP AF         AF=d080 BC=0063 DE=d000 HL=cc46 SP=c212 P1=018000 vc=4 bI
[002b6f] 2b6f E097   LD (FF97h),A   AF=0570 BC=0063 DE=d000 HL=cc46 SP=c214 P1=018000 vc=4 bI
[002b71] 2b71 EA2222 LD (2222h),A   AF=0570 BC=0063 DE=d000 HL=cc46 SP=c214 P1=018000 vc=4 bI
[002b74] 2b74 C9     RET            AF=0570 BC=0063 DE=d000 HL=cc46 SP=c214 P1=014000 vc=4 bI
[0154ea] 54ea FAA7CC LD A,(CCA7h)   AF=0570 BC=0063 DE=d000 HL=cc46 SP=c216 P1=014000 vc=4 bI
[0154ed] 54ed B7     OR A           AF=0070 BC=0063 DE=d000 HL=cc46 SP=c216 P1=014000 vc=4 bI
[0154ee] 54ee C0     RET NZ         AF=0080 BC=0063 DE=d000 HL=cc46 SP=c216 P1=014000 vc=4 bI
[0154ef] 54ef CD535D CALL 5D53h     AF=0080 BC=0063 DE=d000 HL=cc46 SP=c216 P1=014000 vc=4 bI
[015d53] 5d53 1E33   LD E,33h       AF=0080 BC=0063 DE=d000 HL=cc46 SP=c214 P1=014000 vc=4 bI
[015d55] 5d55 AF     XOR A          AF=0080 BC=0063 DE=d033 HL=cc46 SP=c214 P1=014000 vc=4 bI
[015d56] 5d56 12     LD (DE),A      AF=0080 BC=0063 DE=d033 HL=cc46 SP=c214 P1=014000 vc=4 bI
[015d57] 5d57 FA48CC LD A,(CC48h)   AF=0080 BC=0063 DE=d033 HL=cc46 SP=c214 P1=014000 vc=4 bI
[015d5a] 5d5a 0F     RRCA           AF=d080 BC=0063 DE=d033 HL=cc46 SP=c214 P1=014000 vc=4 bI
[015d5b] 5d5b D8     RET C          AF=6800 BC=0063 DE=d033 HL=cc46 SP=c214 P1=014000 vc=4 bI
[015d5c] 5d5c FAB6CC LD A,(CCB6h)   AF=6800 BC=0063 DE=d033 HL=cc46 SP=c214 P1=014000 vc=4 bI
[015d5f] 5d5f D608   SUB 08h        AF=0000 BC=0063 DE=d033 HL=cc46 SP=c214 P1=014000 vc=4 bI
[015d61] 5d61 2003   JR NZ,5D66h    AF=f870 BC=0063 DE=d033 HL=cc46 SP=c214 P1=014000 vc=4 bI
[015d66] 5d66 62     LD H,D         AF=f870 BC=0063 DE=d033 HL=cc46 SP=c214 P1=014000 vc=4 bI
[015d67] 5d67 2E0B   LD L,0Bh       AF=f870 BC=0063 DE=d033 HL=d046 SP=c214 P1=014000 vc=4 bI
[015d69] 5d69 46     LD B,(HL)      AF=f870 BC=0063 DE=d033 HL=d00b SP=c214 P1=014000 vc=4 bI
[015d6a] 5d6a 2E0D   LD L,0Dh       AF=f870 BC=1f63 DE=d033 HL=d00b SP=c214 P1=014000 vc=4 bI
[015d6c] 5d6c 4E     LD C,(HL)      AF=f870 BC=1f63 DE=d033 HL=d00d SP=c214 P1=014000 vc=4 bI
[015d6d] 5d6d CD855D CALL 5D85h     AF=f870 BC=1fcb DE=d033 HL=d00d SP=c214 P1=014000 vc=4 bI
[015d85] 5d85 3E01   LD A,01h       AF=f870 BC=1fcb DE=d033 HL=d00d SP=c212 P1=014000 vc=4 bI
[015d87] 5d87 E08B   LD (FF8Bh),A   AF=0170 BC=1fcb DE=d033 HL=d00d SP=c212 P1=014000 vc=4 bI
[015d89] 5d89 21A95D LD HL,5DA9h    AF=0170 BC=1fcb DE=d033 HL=d00d SP=c212 P1=014000 vc=4 bI
[015d8c] 5d8c FA50CC LD A,(CC50h)   AF=0170 BC=1fcb DE=d033 HL=5da9 SP=c212 P1=014000 vc=4 bI
[015d8f] 5d8f E620   AND 20h        AF=0870 BC=1fcb DE=d033 HL=5da9 SP=c212 P1=014000 vc=4 bI
[015d91] 5d91 2803   JR Z,5D96h     AF=00a0 BC=1fcb DE=d033 HL=5da9 SP=c212 P1=014000 vc=4 bI
[015d96] 5d96 2A     LDI A,(HL)     AF=00a0 BC=1fcb DE=d033 HL=5da9 SP=c212 P1=014000 vc=4 bI
[015d97] 5d97 80     ADD A,B        AF=fda0 BC=1fcb DE=d033 HL=5daa SP=c212 P1=014000 vc=4 bI
[015d98] 5d98 47     LD B,A         AF=1c30 BC=1fcb DE=d033 HL=5daa SP=c212 P1=014000 vc=4 bI
[015d99] 5d99 2A     LDI A,(HL)     AF=1c30 BC=1ccb DE=d033 HL=5daa SP=c212 P1=014000 vc=4 bI
[015d9a] 5d9a 81     ADD A,C        AF=fd30 BC=1ccb DE=d033 HL=5dab SP=c212 P1=014000 vc=4 bI
[015d9b] 5d9b 4F     LD C,A         AF=c830 BC=1ccb DE=d033 HL=5dab SP=c212 P1=014000 vc=4 bI
[015d9c] 5d9c E5     PUSH HL        AF=c830 BC=1cc8 DE=d033 HL=5dab SP=c212 P1=014000 vc=4 bI
[015d9d] 5d9d CDBF14 CALL 14BFh     AF=c830 BC=1cc8 DE=d033 HL=5dab SP=c210 P1=014000 vc=4 bI
[0014bf] 14bf 78     LD A,B         AF=c830 BC=1cc8 DE=d033 HL=5dab SP=c20e P1=014000 vc=4 bI
[0014c0] 14c0 E6F0   AND F0h        AF=1c30 BC=1cc8 DE=d033 HL=5dab SP=c20e P1=014000 vc=4 bI
[0014c2] 14c2 6F     LD L,A         AF=1020 BC=1cc8 DE=d033 HL=5dab SP=c20e P1=014000 vc=5 BI
[0014c3] 14c3 79     LD A,C         AF=1020 BC=1cc8 DE=d033 HL=5d10 SP=c20e P1=014000 vc=5 BI
[0014c4] 14c4 CB37   SWAP A         AF=c820 BC=1cc8 DE=d033 HL=5d10 SP=c20e P1=014000 vc=5 BI
[0014c6] 14c6 E60F   AND 0Fh        AF=8c00 BC=1cc8 DE=d033 HL=5d10 SP=c20e P1=014000 vc=5 BI
[0014c8] 14c8 B5     OR L           AF=0c20 BC=1cc8 DE=d033 HL=5d10 SP=c20e P1=014000 vc=5 BI
[0014c9] 14c9 6F     LD L,A         AF=1c00 BC=1cc8 DE=d033 HL=5d10 SP=c20e P1=014000 vc=5 BI
[0014ca] 14ca 26CE   LD H,CEh       AF=1c00 BC=1cc8 DE=d033 HL=5d1c SP=c20e P1=014000 vc=5 BI
[0014cc] 14cc 7E     LD A,(HL)      AF=1c00 BC=1cc8 DE=d033 HL=ce1c SP=c20e P1=014000 vc=5 BI
[0014cd] 14cd FE10   CP 10h         AF=0000 BC=1cc8 DE=d033 HL=ce1c SP=c20e P1=014000 vc=5 BI
[0014cf] 14cf 3862   JR C,1533h     AF=0050 BC=1cc8 DE=d033 HL=ce1c SP=c20e P1=014000 vc=5 BI
[001533] 1533 CB58   BIT 3,B        AF=0050 BC=1cc8 DE=d033 HL=ce1c SP=c20e P1=014000 vc=5 BI
[001535] 1535 2002   JR NZ,1539h    AF=0030 BC=1cc8 DE=d033 HL=ce1c SP=c20e P1=014000 vc=5 BI
[001539] 1539 CB59   BIT 3,C        AF=0030 BC=1cc8 DE=d033 HL=ce1c SP=c20e P1=014000 vc=5 BI
[00153b] 153b 2001   JR NZ,153Eh    AF=0030 BC=1cc8 DE=d033 HL=ce1c SP=c20e P1=014000 vc=5 BI
[00153e] 153e 0F     RRCA           AF=0030 BC=1cc8 DE=d033 HL=ce1c SP=c20e P1=014000 vc=5 BI
[00153f] 153f C9     RET            AF=0000 BC=1cc8 DE=d033 HL=ce1c SP=c20e P1=014000 vc=5 BI
[015da0] 5da0 E1     POP HL         AF=0000 BC=1cc8 DE=d033 HL=ce1c SP=c210 P1=014000 vc=5 BI
[015da1] 5da1 F08B   LD A,(FF8Bh)   AF=0000 BC=1cc8 DE=d033 HL=5dab SP=c212 P1=014000 vc=5 BI
[015da3] 5da3 17     RLA            AF=0100 BC=1cc8 DE=d033 HL=5dab SP=c212 P1=014000 vc=5 BI
[015da4] 5da4 E08B   LD (FF8Bh),A   AF=0200 BC=1cc8 DE=d033 HL=5dab SP=c212 P1=014000 vc=5 BI
[015da6] 5da6 30EE   JR NC,5D96h    AF=0200 BC=1cc8 DE=d033 HL=5dab SP=c212 P1=014000 vc=5 BI
[001537] 1537 0F     RRCA           AF=00b0 BC=26c8 DE=d033 HL=ce2c SP=c20e P1=014000 vc=5 bI
[001538] 1538 0F     RRCA           AF=0000 BC=26c8 DE=d033 HL=ce2c SP=c20e P1=014000 vc=5 bI
[00153d] 153d 0F     RRCA           AF=00b0 BC=1fc6 DE=d033 HL=ce1c SP=c20e P1=014000 vc=6 BI
[015da8] 5da8 C9     RET            AF=0010 BC=24cf DE=d033 HL=5db9 SP=c212 P1=014000 vc=7 BI
[015d70] 5d70 1E33   LD E,33h       AF=0010 BC=24cf DE=d033 HL=5db9 SP=c214 P1=014000 vc=7 BI
[015d72] 5d72 12     LD (DE),A      AF=0010 BC=24cf DE=d033 HL=5db9 SP=c214 P1=014000 vc=7 BI
[015d73] 5d73 C9     RET            AF=0010 BC=24cf DE=d033 HL=5db9 SP=c214 P1=014000 vc=7 BI
[0154f2] 54f2 CD4C5C CALL 5C4Ch     AF=0010 BC=24cf DE=d033 HL=5db9 SP=c216 P1=014000 vc=7 BI
[015c4c] 5c4c 1E04   LD E,04h       AF=0010 BC=24cf DE=d033 HL=5db9 SP=c214 P1=014000 vc=7 BI
[015c4e] 5c4e 1A     LD A,(DE)      AF=0010 BC=24cf DE=d004 HL=5db9 SP=c214 P1=014000 vc=7 BI
[015c4f] 5c4f FE02   CP 02h         AF=0110 BC=24cf DE=d004 HL=5db9 SP=c214 P1=014000 vc=7 BI
[015c51] 5c51 2827   JR Z,5C7Ah     AF=0170 BC=24cf DE=d004 HL=5db9 SP=c214 P1=014000 vc=7 BI
[015c53] 5c53 FA77CC LD A,(CC77h)   AF=0170 BC=24cf DE=d004 HL=5db9 SP=c214 P1=014000 vc=7 BI
[015c56] 5c56 07     RLCA           AF=0070 BC=24cf DE=d004 HL=5db9 SP=c214 P1=014000 vc=7 BI
[015c57] 5c57 3821   JR C,5C7Ah     AF=0000 BC=24cf DE=d004 HL=5db9 SP=c214 P1=014000 vc=7 BI
[015c59] 5c59 0E01   LD C,01h       AF=0000 BC=24cf DE=d004 HL=5db9 SP=c214 P1=014000 vc=7 BI
[015c5b] 5c5b B7     OR A           AF=0000 BC=2401 DE=d004 HL=5db9 SP=c214 P1=014000 vc=7 BI
[015c5c] 5c5c 2801   JR Z,5C5Fh     AF=0080 BC=2401 DE=d004 HL=5db9 SP=c214 P1=014000 vc=7 BI
[015c5f] 5c5f 62     LD H,D         AF=0080 BC=2401 DE=d004 HL=5db9 SP=c214 P1=014000 vc=7 BI
[015c60] 5c60 2E2D   LD L,2Dh       AF=0080 BC=2401 DE=d004 HL=d0b9 SP=c214 P1=014000 vc=7 BI
[015c62] 5c62 7E     LD A,(HL)      AF=0080 BC=2401 DE=d004 HL=d02d SP=c214 P1=014000 vc=7 BI
[015c63] 5c63 B7     OR A           AF=0080 BC=2401 DE=d004 HL=d02d SP=c214 P1=014000 vc=7 BI
[015c64] 5c64 C8     RET Z          AF=0080 BC=2401 DE=d004 HL=d02d SP=c214 P1=014000 vc=7 BI
[0154f5] 54f5 FA78CC LD A,(CC78h)   AF=0080 BC=2401 DE=d004 HL=d02d SP=c216 P1=014000 vc=7 BI
[0154f8] 54f8 E640   AND 40h        AF=0080 BC=2401 DE=d004 HL=d02d SP=c216 P1=014000 vc=7 BI
[0154fa] 54fa 2020   JR NZ,551Ch    AF=00a0 BC=2401 DE=d004 HL=d02d SP=c216 P1=014000 vc=7 BI
[0154fc] 54fc FA79CC LD A,(CC79h)   AF=00a0 BC=2401 DE=d004 HL=d02d SP=c216 P1=014000 vc=7 BI
[0154ff] 54ff CB77   BIT 6,A        AF=00a0 BC=2401 DE=d004 HL=d02d SP=c216 P1=014000 vc=7 BI
[015501] 5501 2019   JR NZ,551Ch    AF=00a0 BC=2401 DE=d004 HL=d02d SP=c216 P1=014000 vc=7 BI
[015503] 5503 FA77CC LD A,(CC77h)   AF=00a0 BC=2401 DE=d004 HL=d02d SP=c216 P1=014000 vc=7 BI
[015506] 5506 B7     OR A           AF=00a0 BC=2401 DE=d004 HL=d02d SP=c216 P1=014000 vc=7 BI
[015507] 5507 2013   JR NZ,551Ch    AF=0080 BC=2401 DE=d004 HL=d02d SP=c216 P1=014000 vc=7 BI
[015509] 5509 FA75CC LD A,(CC75h)   AF=0080 BC=2401 DE=d004 HL=d02d SP=c216 P1=014000 vc=7 bI
[01550c] 550c 4F     LD C,A         AF=0080 BC=2401 DE=d004 HL=d02d SP=c216 P1=014000 vc=7 bI
[01550d] 550d FA7CCC LD A,(CC7Ch)   AF=0080 BC=2400 DE=d004 HL=d02d SP=c216 P1=014000 vc=7 bI
[015510] 5510 B1     OR C           AF=0080 BC=2400 DE=d004 HL=d02d SP=c216 P1=014000 vc=7 bI
[015511] 5511 2009   JR NZ,551Ch    AF=0080 BC=2400 DE=d004 HL=d02d SP=c216 P1=014000 vc=7 bI
[015513] 5513 CD3D5E CALL 5E3Dh     AF=0080 BC=2400 DE=d004 HL=d02d SP=c216 P1=014000 vc=7 bI
[015e3d] 5e3d 21EECC LD HL,CCEEh    AF=0080 BC=2400 DE=d004 HL=d02d SP=c214 P1=014000 vc=7 bI
[015e40] 5e40 CB4E   BIT 1,(HL)     AF=0080 BC=2400 DE=d004 HL=ccee SP=c214 P1=014000 vc=7 bI
[015e42] 5e42 C0     RET NZ         AF=00a0 BC=2400 DE=d004 HL=ccee SP=c214 P1=014000 vc=7 bI
[015e43] 5e43 FA49CC LD A,(CC49h)   AF=00a0 BC=2400 DE=d004 HL=ccee SP=c214 P1=014000 vc=7 bI
[015e46] 5e46 FE03   CP 03h         AF=04a0 BC=2400 DE=d004 HL=ccee SP=c214 P1=014000 vc=7 bI
[015e48] 5e48 C0     RET NZ         AF=0440 BC=2400 DE=d004 HL=ccee SP=c214 P1=014000 vc=7 bI
[015516] 5516 CD745E CALL 5E74h     AF=0440 BC=2400 DE=d004 HL=ccee SP=c216 P1=014000 vc=7 bI
[015e74] 5e74 FAB6CC LD A,(CCB6h)   AF=0440 BC=2400 DE=d004 HL=ccee SP=c214 P1=014000 vc=7 bI
[015e77] 5e77 FE08   CP 08h         AF=0040 BC=2400 DE=d004 HL=ccee SP=c214 P1=014000 vc=7 bI
[015e79] 5e79 CAD35E JP Z,5ED3h     AF=0070 BC=2400 DE=d004 HL=ccee SP=c214 P1=014000 vc=7 bI
[015e7c] 5e7c FA49CC LD A,(CC49h)   AF=0070 BC=2400 DE=d004 HL=ccee SP=c214 P1=014000 vc=7 bI
[015e7f] 5e7f B7     OR A           AF=0470 BC=2400 DE=d004 HL=ccee SP=c214 P1=014000 vc=7 bI
[015e80] 5e80 C0     RET NZ         AF=0400 BC=2400 DE=d004 HL=ccee SP=c214 P1=014000 vc=7 bI
[015519] 5519 CD895F CALL 5F89h     AF=0400 BC=2400 DE=d004 HL=ccee SP=c216 P1=014000 vc=7 bI
[015f89] 5f89 FAB6CC LD A,(CCB6h)   AF=0400 BC=2400 DE=d004 HL=ccee SP=c214 P1=014000 vc=7 bI
[015f8c] 5f8c FE08   CP 08h         AF=0000 BC=2400 DE=d004 HL=ccee SP=c214 P1=014000 vc=7 bI
[015f8e] 5f8e C8     RET Z          AF=0070 BC=2400 DE=d004 HL=ccee SP=c214 P1=014000 vc=7 bI
[015f8f] 5f8f FA47CC LD A,(CC47h)   AF=0070 BC=2400 DE=d004 HL=ccee SP=c214 P1=014000 vc=7 bI
[015f92] 5f92 4F     LD C,A         AF=ff70 BC=2400 DE=d004 HL=ccee SP=c214 P1=014000 vc=7 bI
[015f93] 5f93 E6E7   AND E7h        AF=ff70 BC=24ff DE=d004 HL=ccee SP=c214 P1=014000 vc=7 bI
[015f95] 5f95 C0     RET NZ         AF=e720 BC=24ff DE=d004 HL=ccee SP=c214 P1=014000 vc=7 bI
[01551c] 551c CDE259 CALL 59E2h     AF=e720 BC=24ff DE=d004 HL=ccee SP=c216 P1=014000 vc=7 bI
[0159e2] 59e2 FA77CC LD A,(CC77h)   AF=e720 BC=24ff DE=d004 HL=ccee SP=c214 P1=014000 vc=7 bI
[0159e5] 59e5 E60F   AND 0Fh        AF=0020 BC=24ff DE=d004 HL=ccee SP=c214 P1=014000 vc=7 bI
[0159e7] 59e7 C7     RST 00         AF=00a0 BC=24ff DE=d004 HL=ccee SP=c214 P1=014000 vc=7 bI
[0159ee] 59ee 62     LD H,D         AF=ee00 BC=24ff DE=d004 HL=59ee SP=c214 P1=014000 vc=8 BI
[0159ef] 59ef 2E0F   LD L,0Fh       AF=ee00 BC=24ff DE=d004 HL=d0ee SP=c214 P1=014000 vc=8 BI
[0159f1] 59f1 CB7E   BIT 7,(HL)     AF=ee00 BC=24ff DE=d004 HL=d00f SP=c214 P1=014000 vc=8 BI
[0159f3] 59f3 C8     RET Z          AF=eea0 BC=24ff DE=d004 HL=d00f SP=c214 P1=014000 vc=8 BI
[01551f] 551f FA77CC LD A,(CC77h)   AF=eea0 BC=24ff DE=d004 HL=d00f SP=c216 P1=014000 vc=8 BI
[015522] 5522 B7     OR A           AF=00a0 BC=24ff DE=d004 HL=d00f SP=c216 P1=014000 vc=8 BI
[015523] 5523 281A   JR Z,553Fh     AF=0080 BC=24ff DE=d004 HL=d00f SP=c216 P1=014000 vc=8 BI
[01553f] 553f FA79CC LD A,(CC79h)   AF=0080 BC=24ff DE=d004 HL=d00f SP=c216 P1=014000 vc=8 BI
[015542] 5542 CB77   BIT 6,A        AF=0080 BC=24ff DE=d004 HL=d00f SP=c216 P1=014000 vc=8 BI
[015544] 5544 C2AE5B JP NZ,5BAEh    AF=00a0 BC=24ff DE=d004 HL=d00f SP=c216 P1=014000 vc=8 BI
[015547] 5547 1E2D   LD E,2Dh       AF=00a0 BC=24ff DE=d004 HL=d00f SP=c216 P1=014000 vc=8 BI
[015549] 5549 1A     LD A,(DE)      AF=00a0 BC=24ff DE=d02d HL=d00f SP=c216 P1=014000 vc=8 BI
[01554a] 554a B7     OR A           AF=00a0 BC=24ff DE=d02d HL=d00f SP=c216 P1=014000 vc=8 BI
[01554b] 554b C2C055 JP NZ,55C0h    AF=0080 BC=24ff DE=d02d HL=d00f SP=c216 P1=014000 vc=8 BI
[01554e] 554e 62     LD H,D         AF=0080 BC=24ff DE=d02d HL=d00f SP=c216 P1=014000 vc=8 BI
[01554f] 554f 2E24   LD L,24h       AF=0080 BC=24ff DE=d02d HL=d00f SP=c216 P1=014000 vc=8 BI
[015551] 5551 CBFE   SET 7,(HL)     AF=0080 BC=24ff DE=d02d HL=d024 SP=c216 P1=014000 vc=8 BI
[015553] 5553 FA78CC LD A,(CC78h)   AF=0080 BC=24ff DE=d02d HL=d024 SP=c216 P1=014000 vc=8 BI
[015556] 5556 B7     OR A           AF=0080 BC=24ff DE=d02d HL=d024 SP=c216 P1=014000 vc=8 BI
[015557] 5557 C22756 JP NZ,5627h    AF=0080 BC=24ff DE=d02d HL=d024 SP=c216 P1=014000 vc=8 BI
[01555a] 555a CDFA1D CALL 1DFAh     AF=0080 BC=24ff DE=d02d HL=d024 SP=c216 P1=014000 vc=8 BI
[001dfa] 1dfa F0AC   LD A,(FFACh)   AF=0080 BC=24ff DE=d02d HL=d024 SP=c214 P1=014000 vc=8 BI
[001dfc] 1dfc C61A   ADD A,1Ah      AF=0080 BC=24ff DE=d02d HL=d024 SP=c214 P1=014000 vc=8 BI
[001dfe] 1dfe 5F     LD E,A         AF=1a00 BC=24ff DE=d02d HL=d024 SP=c214 P1=014000 vc=8 BI
[001dff] 1dff 3EC1   LD A,C1h       AF=1a00 BC=24ff DE=d01a HL=d024 SP=c214 P1=014000 vc=8 BI
[001e01] 1e01 12     LD (DE),A      AF=c100 BC=24ff DE=d01a HL=d024 SP=c214 P1=014000 vc=8 BI
[001e02] 1e02 C9     RET            AF=c100 BC=24ff DE=d01a HL=d024 SP=c214 P1=014000 vc=8 BI
[01555d] 555d FA48CC LD A,(CC48h)   AF=c100 BC=24ff DE=d01a HL=d024 SP=c216 P1=014000 vc=8 BI
[015560] 5560 0F     RRCA           AF=d000 BC=24ff DE=d01a HL=d024 SP=c216 P1=014000 vc=8 BI
[015561] 5561 3855   JR C,55B8h     AF=6800 BC=24ff DE=d01a HL=d024 SP=c216 P1=014000 vc=8 BI
[015563] 5563 210C46 LD HL,460Ch    AF=6800 BC=24ff DE=d01a HL=d024 SP=c216 P1=014000 vc=8 BI
[015566] 5566 1E06   LD E,06h       AF=6800 BC=24ff DE=d01a HL=460c SP=c216 P1=014000 vc=8 BI
[015568] 5568 CD8A00 CALL 008Ah     AF=6800 BC=24ff DE=d006 HL=460c SP=c216 P1=014000 vc=8 BI
[01860c] 460c 2171CC LD HL,CC71h    AF=0600 BC=24ff DE=d006 HL=460c SP=c210 P1=018000 vc=8 bI
[01860f] 460f 7E     LD A,(HL)      AF=0600 BC=24ff DE=d006 HL=cc71 SP=c210 P1=018000 vc=8 bI
[018610] 4610 B7     OR A           AF=0000 BC=24ff DE=d006 HL=cc71 SP=c210 P1=018000 vc=8 bI
[018611] 4611 2803   JR Z,4616h     AF=0080 BC=24ff DE=d006 HL=cc71 SP=c210 P1=018000 vc=8 bI
[018616] 4616 FA50CC LD A,(CC50h)   AF=0080 BC=24ff DE=d006 HL=cc71 SP=c210 P1=018000 vc=8 bI
[018619] 4619 E660   AND 60h        AF=0880 BC=24ff DE=d006 HL=cc71 SP=c210 P1=018000 vc=8 bI
[01861b] 461b 201C   JR NZ,4639h    AF=00a0 BC=24ff DE=d006 HL=cc71 SP=c210 P1=018000 vc=8 bI
[01861d] 461d FA02CC LD A,(CC02h)   AF=00a0 BC=24ff DE=d006 HL=cc71 SP=c210 P1=018000 vc=8 bI
[018620] 4620 B7     OR A           AF=00a0 BC=24ff DE=d006 HL=cc71 SP=c210 P1=018000 vc=8 bI
[018621] 4621 2016   JR NZ,4639h    AF=0080 BC=24ff DE=d006 HL=cc71 SP=c210 P1=018000 vc=8 bI
[018623] 4623 FAEACC LD A,(CCEAh)   AF=0080 BC=24ff DE=d006 HL=cc71 SP=c210 P1=018000 vc=8 bI
[018626] 4626 47     LD B,A         AF=0080 BC=24ff DE=d006 HL=cc71 SP=c210 P1=018000 vc=8 bI
[018627] 4627 FA75CC LD A,(CC75h)   AF=0080 BC=00ff DE=d006 HL=cc71 SP=c210 P1=018000 vc=8 bI
[01862a] 462a B0     OR B           AF=0080 BC=00ff DE=d006 HL=cc71 SP=c210 P1=018000 vc=8 bI
[01862b] 462b 200C   JR NZ,4639h    AF=0080 BC=00ff DE=d006 HL=cc71 SP=c210 P1=018000 vc=8 bI
[01862d] 462d FAC5C6 LD A,(C6C5h)   AF=0080 BC=00ff DE=d006 HL=cc71 SP=c210 P1=018000 vc=8 bI
[018630] 4630 5F     LD E,A         AF=0080 BC=00ff DE=d006 HL=cc71 SP=c210 P1=018000 vc=8 bI
[018631] 4631 213C46 LD HL,463Ch    AF=0080 BC=00ff DE=d000 HL=cc71 SP=c210 P1=018000 vc=8 bI
[018634] 4634 CDC41D CALL 1DC4h     AF=0080 BC=00ff DE=d000 HL=463c SP=c210 P1=018000 vc=8 bI
[018637] 4637 47     LD B,A         AF=0080 BC=00ff DE=d000 HL=4647 SP=c210 P1=018000 vc=9 BI
[018638] 4638 C9     RET            AF=0080 BC=00ff DE=d000 HL=4647 SP=c210 P1=018000 vc=9 BI
[01556b] 556b 78     LD A,B         AF=0500 BC=00ff DE=d000 HL=4647 SP=c216 P1=014000 vc=9 BI
[01556c] 556c B7     OR A           AF=0000 BC=00ff DE=d000 HL=4647 SP=c216 P1=014000 vc=9 BI
[01556d] 556d C2162A JP NZ,2A16h    AF=0080 BC=00ff DE=d000 HL=4647 SP=c216 P1=014000 vc=9 BI
[015570] 5570 FA75CC LD A,(CC75h)   AF=0080 BC=00ff DE=d000 HL=4647 SP=c216 P1=014000 vc=9 BI
[015573] 5573 E60F   AND 0Fh        AF=0080 BC=00ff DE=d000 HL=4647 SP=c216 P1=014000 vc=9 BI
[015575] 5575 3D     DEC A          AF=00a0 BC=00ff DE=d000 HL=4647 SP=c216 P1=014000 vc=9 BI
[015576] 5576 FE02   CP 02h         AF=ff60 BC=00ff DE=d000 HL=4647 SP=c216 P1=014000 vc=9 BI
[015578] 5578 3819   JR C,5593h     AF=ff40 BC=00ff DE=d000 HL=4647 SP=c216 P1=014000 vc=9 BI
[01557a] 557a 21B8CC LD HL,CCB8h    AF=ff40 BC=00ff DE=d000 HL=4647 SP=c216 P1=014000 vc=9 BI
[01557d] 557d CB76   BIT 6,(HL)     AF=ff40 BC=00ff DE=d000 HL=ccb8 SP=c216 P1=014000 vc=9 BI
[01557f] 557f 2812   JR Z,5593h     AF=ffa0 BC=00ff DE=d000 HL=ccb8 SP=c216 P1=014000 vc=9 BI
[015593] 5593 FAAFCC LD A,(CCAFh)   AF=ffa0 BC=00ff DE=d000 HL=ccb8 SP=c216 P1=014000 vc=9 BI
[015596] 5596 47     LD B,A         AF=7fa0 BC=00ff DE=d000 HL=ccb8 SP=c216 P1=014000 vc=9 BI
[015597] 5597 1E09   LD E,09h       AF=7fa0 BC=7fff DE=d000 HL=ccb8 SP=c216 P1=014000 vc=9 BI
[015599] 5599 FA47CC LD A,(CC47h)   AF=7fa0 BC=7fff DE=d009 HL=ccb8 SP=c216 P1=014000 vc=9 BI
[01559c] 559c 12     LD (DE),A      AF=ffa0 BC=7fff DE=d009 HL=ccb8 SP=c216 P1=014000 vc=9 BI
[01559d] 559d B0     OR B           AF=ffa0 BC=7fff DE=d009 HL=ccb8 SP=c216 P1=014000 vc=9 BI
[01559e] 559e 07     RLCA           AF=ff00 BC=7fff DE=d009 HL=ccb8 SP=c216 P1=014000 vc=9 BI
[01559f] 559f 0E00   LD C,00h       AF=ff10 BC=7fff DE=d009 HL=ccb8 SP=c216 P1=014000 vc=9 BI
[0155a1] 55a1 380D   JR C,55B0h     AF=ff10 BC=7f00 DE=d009 HL=ccb8 SP=c216 P1=014000 vc=9 BI
[0155b0] 55b0 CDBF59 CALL 59BFh     AF=ff10 BC=7f00 DE=d009 HL=ccb8 SP=c216 P1=014000 vc=9 BI
[0159bf] 59bf 79     LD A,C         AF=ff10 BC=7f00 DE=d009 HL=ccb8 SP=c214 P1=014000 vc=9 BI
[0159c0] 59c0 0F     RRCA           AF=0010 BC=7f00 DE=d009 HL=ccb8 SP=c214 P1=014000 vc=9 BI
[0159c1] 59c1 F5     PUSH AF        AF=0000 BC=7f00 DE=d009 HL=ccb8 SP=c214 P1=014000 vc=9 BI
[0159c2] 59c2 3805   JR C,59C9h     AF=0000 BC=7f00 DE=d009 HL=ccb8 SP=c212 P1=014000 vc=9 BI
[0159c4] 59c4 CDAE5B CALL 5BAEh     AF=0000 BC=7f00 DE=d009 HL=ccb8 SP=c212 P1=014000 vc=9 BI
[015bae] 5bae 1E30   LD E,30h       AF=0000 BC=7f00 DE=d009 HL=ccb8 SP=c210 P1=014000 vc=9 BI
[015bb0] 5bb0 1A     LD A,(DE)      AF=0000 BC=7f00 DE=d030 HL=ccb8 SP=c210 P1=014000 vc=9 BI
[015bb1] 5bb1 FE10   CP 10h         AF=1000 BC=7f00 DE=d030 HL=ccb8 SP=c210 P1=014000 vc=9 BI
[015bb3] 5bb3 2005   JR NZ,5BBAh    AF=10c0 BC=7f00 DE=d030 HL=ccb8 SP=c210 P1=014000 vc=9 BI
[015bb5] 5bb5 CD2F2B CALL 2B2Fh     AF=10c0 BC=7f00 DE=d030 HL=ccb8 SP=c210 P1=014000 vc=9 BI
[002b2f] 2b2f 2186CC LD HL,CC86h    AF=10c0 BC=7f00 DE=d030 HL=ccb8 SP=c20e P1=014000 vc=9 BI
[002b32] 2b32 2A     LDI A,(HL)     AF=10c0 BC=7f00 DE=d030 HL=cc86 SP=c20e P1=014000 vc=9 BI
[002b33] 2b33 B6     OR (HL)        AF=00c0 BC=7f00 DE=d030 HL=cc87 SP=c20e P1=014000 vc=9 BI
[002b34] 2b34 3A     LDD A,(HL)     AF=0080 BC=7f00 DE=d030 HL=cc87 SP=c20e P1=014000 vc=9 BI
[002b35] 2b35 C9     RET            AF=0080 BC=7f00 DE=d030 HL=cc86 SP=c20e P1=014000 vc=9 BI
[015bb8] 5bb8 2002   JR NZ,5BBCh    AF=0080 BC=7f00 DE=d030 HL=cc86 SP=c210 P1=014000 vc=9 bI
[015bba] 5bba AF     XOR A          AF=0080 BC=7f00 DE=d030 HL=cc86 SP=c210 P1=014000 vc=9 bI
[015bbb] 5bbb 12     LD (DE),A      AF=0080 BC=7f00 DE=d030 HL=cc86 SP=c210 P1=014000 vc=9 bI
[015bbc] 5bbc CD2F2B CALL 2B2Fh     AF=0080 BC=7f00 DE=d030 HL=cc86 SP=c210 P1=014000 vc=9 bI
[015bbf] 5bbf 2812   JR Z,5BD3h     AF=0080 BC=7f00 DE=d030 HL=cc86 SP=c210 P1=014000 vc=9 bI
[015bd3] 5bd3 62     LD H,D         AF=0080 BC=7f00 DE=d030 HL=cc86 SP=c210 P1=014000 vc=9 bI
[015bd4] 5bd4 3E10   LD A,10h       AF=0080 BC=7f00 DE=d030 HL=d086 SP=c210 P1=014000 vc=9 bI
[015bd6] 5bd6 2E30   LD L,30h       AF=1080 BC=7f00 DE=d030 HL=d086 SP=c210 P1=014000 vc=9 bI
[015bd8] 5bd8 BE     CP (HL)        AF=1080 BC=7f00 DE=d030 HL=d030 SP=c210 P1=014000 vc=9 bI
[015bd9] 5bd9 C2512A JP NZ,2A51h    AF=1040 BC=7f00 DE=d030 HL=d030 SP=c210 P1=014000 vc=9 bI
[002a51] 2a51 1E30   LD E,30h       AF=1040 BC=7f00 DE=d030 HL=d030 SP=c210 P1=014000 vc=9 bI
[002a53] 2a53 12     LD (DE),A      AF=1040 BC=7f00 DE=d030 HL=d030 SP=c210 P1=014000 vc=9 bI
[002a54] 2a54 87     ADD A,A        AF=1040 BC=7f00 DE=d030 HL=d030 SP=c210 P1=014000 vc=9 bI
[002a55] 2a55 4F     LD C,A         AF=2000 BC=7f00 DE=d030 HL=d030 SP=c210 P1=014000 vc=9 bI
[002a56] 2a56 0600   LD B,00h       AF=2000 BC=7f20 DE=d030 HL=d030 SP=c210 P1=014000 vc=9 bI
[002a58] 2a58 F097   LD A,(FF97h)   AF=2000 BC=0020 DE=d030 HL=d030 SP=c210 P1=014000 vc=9 bI
[002a5a] 2a5a F5     PUSH AF        AF=0500 BC=0020 DE=d030 HL=d030 SP=c210 P1=014000 vc=9 bI
[002a5b] 2a5b 3E06   LD A,06h       AF=0500 BC=0020 DE=d030 HL=d030 SP=c20e P1=014000 vc=9 bI
[002a5d] 2a5d E097   LD (FF97h),A   AF=0600 BC=0020 DE=d030 HL=d030 SP=c20e P1=014000 vc=9 bI
[002a5f] 2a5f EA2222 LD (2222h),A   AF=0600 BC=0020 DE=d030 HL=d030 SP=c20e P1=014000 vc=9 bI
[002a62] 2a62 CD1D44 CALL 441Dh     AF=0600 BC=0020 DE=d030 HL=d030 SP=c20e P1=018000 vc=9 bI
[01841d] 441d 1E01   LD E,01h       AF=0600 BC=0020 DE=d030 HL=d030 SP=c20c P1=018000 vc=9 bI
[01841f] 441f 1A     LD A,(DE)      AF=0600 BC=0020 DE=d001 HL=d030 SP=c20c P1=018000 vc=9 bI
[018420] 4420 216F44 LD HL,446Fh    AF=0000 BC=0020 DE=d001 HL=d030 SP=c20c P1=018000 vc=9 bI
[018423] 4423 DF     RST 18         AF=0000 BC=0020 DE=d001 HL=446f SP=c20c P1=018000 vc=9 bI
[018424] 4424 2A     LDI A,(HL)     AF=0000 BC=0020 DE=d001 HL=446f SP=c20c P1=018000 vc=9 bI
[018425] 4425 66     LD H,(HL)      AF=2100 BC=0020 DE=d001 HL=4470 SP=c20c P1=018000 vc=9 bI
[018426] 4426 6F     LD L,A         AF=2100 BC=0020 DE=d001 HL=5a70 SP=c20c P1=018000 vc=10 BI
[018427] 4427 09     ADD HL,BC      AF=2100 BC=0020 DE=d001 HL=5a21 SP=c20c P1=018000 vc=10 BI
[018428] 4428 2A     LDI A,(HL)     AF=2100 BC=0020 DE=d001 HL=5a41 SP=c20c P1=018000 vc=10 BI
[018429] 4429 66     LD H,(HL)      AF=7100 BC=0020 DE=d001 HL=5a42 SP=c20c P1=018000 vc=10 BI
[01842a] 442a 6F     LD L,A         AF=7100 BC=0020 DE=d001 HL=5c42 SP=c20c P1=018000 vc=10 BI
[01842b] 442b 2A     LDI A,(HL)     AF=7100 BC=0020 DE=d001 HL=5c71 SP=c20c P1=018000 vc=10 BI
[01842c] 442c FEFF   CP FFh         AF=0200 BC=0020 DE=d001 HL=5c72 SP=c20c P1=018000 vc=10 BI
[01842e] 442e 2004   JR NZ,4434h    AF=0270 BC=0020 DE=d001 HL=5c72 SP=c20c P1=018000 vc=10 BI
[018434] 4434 1E20   LD E,20h       AF=0270 BC=0020 DE=d001 HL=5c72 SP=c20c P1=018000 vc=10 BI
[018436] 4436 12     LD (DE),A      AF=0270 BC=0020 DE=d020 HL=5c72 SP=c20c P1=018000 vc=10 BI
[018437] 4437 1C     INC E          AF=0270 BC=0020 DE=d020 HL=5c72 SP=c20c P1=018000 vc=10 BI
[018438] 4438 2A     LDI A,(HL)     AF=0210 BC=0020 DE=d021 HL=5c72 SP=c20c P1=018000 vc=10 BI
[018439] 4439 4F     LD C,A         AF=5410 BC=0020 DE=d021 HL=5c73 SP=c20c P1=018000 vc=10 BI
[01843a] 443a 2A     LDI A,(HL)     AF=5410 BC=0054 DE=d021 HL=5c73 SP=c20c P1=018000 vc=10 BI
[01843b] 443b 12     LD (DE),A      AF=0010 BC=0054 DE=d021 HL=5c74 SP=c20c P1=018000 vc=10 BI
[01843c] 443c 1C     INC E          AF=0010 BC=0054 DE=d021 HL=5c74 SP=c20c P1=018000 vc=10 BI
[01843d] 443d 7D     LD A,L         AF=0010 BC=0054 DE=d022 HL=5c74 SP=c20c P1=018000 vc=10 BI
[01843e] 443e 12     LD (DE),A      AF=7410 BC=0054 DE=d022 HL=5c74 SP=c20c P1=018000 vc=10 BI
[01843f] 443f 1C     INC E          AF=7410 BC=0054 DE=d022 HL=5c74 SP=c20c P1=018000 vc=10 BI
[018440] 4440 7C     LD A,H         AF=7410 BC=0054 DE=d023 HL=5c74 SP=c20c P1=018000 vc=10 BI
[018441] 4441 12     LD (DE),A      AF=5c10 BC=0054 DE=d023 HL=5c74 SP=c20c P1=018000 vc=10 BI
[018442] 4442 1E31   LD E,31h       AF=5c10 BC=0054 DE=d023 HL=5c74 SP=c20c P1=018000 vc=10 BI
[018444] 4444 79     LD A,C         AF=5c10 BC=0054 DE=d031 HL=5c74 SP=c20c P1=018000 vc=10 BI
[018445] 4445 12     LD (DE),A      AF=5410 BC=0054 DE=d031 HL=5c74 SP=c20c P1=018000 vc=10 BI
[018446] 4446 C9     RET            AF=5410 BC=0054 DE=d031 HL=5c74 SP=c20c P1=018000 vc=10 BI
[002a65] 2a65 F1     POP AF         AF=5410 BC=0054 DE=d031 HL=5c74 SP=c20e P1=018000 vc=10 BI
[002a66] 2a66 E097   LD (FF97h),A   AF=0500 BC=0054 DE=d031 HL=5c74 SP=c210 P1=018000 vc=10 BI
[002a68] 2a68 EA2222 LD (2222h),A   AF=0500 BC=0054 DE=d031 HL=5c74 SP=c210 P1=018000 vc=10 BI
[002a6b] 2a6b C9     RET            AF=0500 BC=0054 DE=d031 HL=5c74 SP=c210 P1=014000 vc=10 BI
[0159c7] 59c7 1803   JR 59CCh       AF=0500 BC=0054 DE=d031 HL=5c74 SP=c212 P1=014000 vc=10 BI
[0159cc] 59cc F1     POP AF         AF=0500 BC=0054 DE=d031 HL=5c74 SP=c212 P1=014000 vc=10 BI
[0159cd] 59cd 0F     RRCA           AF=0000 BC=0054 DE=d031 HL=5c74 SP=c214 P1=014000 vc=10 BI
[0159ce] 59ce 300F   JR NC,59DFh    AF=0000 BC=0054 DE=d031 HL=5c74 SP=c214 P1=014000 vc=10 BI
[0159df] 59df C3BB55 JP 55BBh       AF=0000 BC=0054 DE=d031 HL=5c74 SP=c214 P1=014000 vc=10 BI
[0155bb] 55bb 1E10   LD E,10h       AF=0000 BC=0054 DE=d031 HL=5c74 SP=c214 P1=014000 vc=10 BI
[0155bd] 55bd AF     XOR A          AF=0000 BC=0054 DE=d010 HL=5c74 SP=c214 P1=014000 vc=10 BI
[0155be] 55be 12     LD (DE),A      AF=0080 BC=0054 DE=d010 HL=5c74 SP=c214 P1=014000 vc=10 BI
[0155bf] 55bf C9     RET            AF=0080 BC=0054 DE=d010 HL=5c74 SP=c214 P1=014000 vc=10 BI
[0155b3] 55b3 FA7BCC LD A,(CC7Bh)   AF=0080 BC=0054 DE=d010 HL=5c74 SP=c216 P1=014000 vc=10 BI
[0155b6] 55b6 B7     OR A           AF=0080 BC=0054 DE=d010 HL=5c74 SP=c216 P1=014000 vc=10 BI
[0155b7] 55b7 C0     RET NZ         AF=0080 BC=0054 DE=d010 HL=5c74 SP=c216 P1=014000 vc=10 BI
[0155b8] 55b8 C3AB2A JP 2AABh       AF=0080 BC=0054 DE=d010 HL=5c74 SP=c216 P1=014000 vc=10 BI
[002aab] 2aab C5     PUSH BC        AF=0080 BC=0054 DE=d010 HL=5c74 SP=c216 P1=014000 vc=10 BI
[002aac] 2aac E5     PUSH HL        AF=0080 BC=0054 DE=d010 HL=5c74 SP=c214 P1=014000 vc=10 BI
[002aad] 2aad 2108D0 LD HL,D008h    AF=0080 BC=0054 DE=d010 HL=5c74 SP=c212 P1=014000 vc=10 BI
[002ab0] 2ab0 46     LD B,(HL)      AF=0080 BC=0054 DE=d010 HL=d008 SP=c212 P1=014000 vc=10 BI
[002ab1] 2ab1 FA47CC LD A,(CC47h)   AF=0080 BC=0254 DE=d010 HL=d008 SP=c212 P1=014000 vc=10 BI
[002ab4] 2ab4 FEFF   CP FFh         AF=ff80 BC=0254 DE=d010 HL=d008 SP=c212 P1=014000 vc=10 BI
[002ab6] 2ab6 2815   JR Z,2ACDh     AF=ffc0 BC=0254 DE=d010 HL=d008 SP=c212 P1=014000 vc=10 BI
[002acd] 2acd 78     LD A,B         AF=ffc0 BC=0254 DE=d010 HL=d008 SP=c212 P1=014000 vc=10 BI
[002ace] 2ace E1     POP HL         AF=02c0 BC=0254 DE=d010 HL=d008 SP=c212 P1=014000 vc=10 BI
[002acf] 2acf C1     POP BC         AF=02c0 BC=0254 DE=d010 HL=5c74 SP=c214 P1=014000 vc=10 BI
[002ad0] 2ad0 C9     RET            AF=02c0 BC=0054 DE=d010 HL=5c74 SP=c216 P1=014000 vc=10 BI
[014037] 4037 CD3742 CALL 4237h     AF=02c0 BC=0054 DE=d010 HL=5c74 SP=c218 P1=014000 vc=10 BI
[014237] 4237 212BD0 LD HL,D02Bh    AF=02c0 BC=0054 DE=d010 HL=5c74 SP=c216 P1=014000 vc=10 bI
[01423a] 423a 7E     LD A,(HL)      AF=02c0 BC=0054 DE=d010 HL=d02b SP=c216 P1=014000 vc=10 bI
[01423b] 423b B7     OR A           AF=00c0 BC=0054 DE=d010 HL=d02b SP=c216 P1=014000 vc=10 bI
[01423c] 423c C8     RET Z          AF=0080 BC=0054 DE=d010 HL=d02b SP=c216 P1=014000 vc=10 bI
[01403a] 403a FAA7CC LD A,(CCA7h)   AF=0080 BC=0054 DE=d010 HL=d02b SP=c218 P1=014000 vc=10 bI
[01403d] 403d EAB0CC LD (CCB0h),A   AF=0080 BC=0054 DE=d010 HL=d02b SP=c218 P1=014000 vc=10 bI
[014040] 4040 217CCC LD HL,CC7Ch    AF=0080 BC=0054 DE=d010 HL=d02b SP=c218 P1=014000 vc=10 bI
[014043] 4043 7E     LD A,(HL)      AF=0080 BC=0054 DE=d010 HL=cc7c SP=c218 P1=014000 vc=10 bI
[014044] 4044 E60F   AND 0Fh        AF=0080 BC=0054 DE=d010 HL=cc7c SP=c218 P1=014000 vc=10 bI
[014046] 4046 77     LD (HL),A      AF=00a0 BC=0054 DE=d010 HL=cc7c SP=c218 P1=014000 vc=10 bI
[014047] 4047 AF     XOR A          AF=00a0 BC=0054 DE=d010 HL=cc7c SP=c218 P1=014000 vc=10 bI
[014048] 4048 EA82CC LD (CC82h),A   AF=0080 BC=0054 DE=d010 HL=cc7c SP=c218 P1=014000 vc=10 bI
[01404b] 404b EA2AD0 LD (D02Ah),A   AF=0080 BC=0054 DE=d010 HL=cc7c SP=c218 P1=014000 vc=10 bI
[01404e] 404e EAEFCC LD (CCEFh),A   AF=0080 BC=0054 DE=d010 HL=cc7c SP=c218 P1=014000 vc=10 bI
[014051] 4051 2185CC LD HL,CC85h    AF=0080 BC=0054 DE=d010 HL=cc7c SP=c218 P1=014000 vc=10 bI
[014054] 4054 7E     LD A,(HL)      AF=0080 BC=0054 DE=d010 HL=cc85 SP=c218 P1=014000 vc=10 bI
[014055] 4055 B7     OR A           AF=0080 BC=0054 DE=d010 HL=cc85 SP=c218 P1=014000 vc=10 bI
[014056] 4056 2801   JR Z,4059h     AF=0080 BC=0054 DE=d010 HL=cc85 SP=c218 P1=014000 vc=10 bI
[014059] 4059 218ECC LD HL,CC8Eh    AF=0080 BC=0054 DE=d010 HL=cc85 SP=c218 P1=014000 vc=10 bI
[01405c] 405c 0610   LD B,10h       AF=0080 BC=0054 DE=d010 HL=cc8e SP=c218 P1=014000 vc=10 bI
[01405e] 405e C34B04 JP 044Bh       AF=0080 BC=1054 DE=d010 HL=cc8e SP=c218 P1=014000 vc=10 bI
[00044b] 044b AF     XOR A          AF=0080 BC=1054 DE=d010 HL=cc8e SP=c218 P1=014000 vc=10 bI
[00044c] 044c 22     LDI (HL),A     AF=0080 BC=1054 DE=d010 HL=cc8e SP=c218 P1=014000 vc=10 bI
[00044d] 044d 05     DEC B          AF=0080 BC=1054 DE=d010 HL=cc8f SP=c218 P1=014000 vc=10 bI
[00044e] 044e 20FC   JR NZ,044Ch    AF=0060 BC=0f54 DE=d010 HL=cc8f SP=c218 P1=014000 vc=10 bI
[000450] 0450 C9     RET            AF=00c0 BC=0054 DE=d010 HL=cc9e SP=c218 P1=014000 vc=11 BI
[00338f] 338f 3E07   LD A,07h       AF=00c0 BC=0054 DE=d010 HL=cc9e SP=c21a P1=014000 vc=11 BI
[003391] 3391 E097   LD (FF97h),A   AF=07c0 BC=0054 DE=d010 HL=cc9e SP=c21a P1=014000 vc=11 BI
[003393] 3393 EA2222 LD (2222h),A   AF=07c0 BC=0054 DE=d010 HL=cc9e SP=c21a P1=014000 vc=11 BI
[003396] 3396 CD5A48 CALL 485Ah     AF=07c0 BC=0054 DE=d010 HL=cc9e SP=c21a P1=01c000 vc=11 BI
[01c85a] 485a 0600   LD B,00h       AF=07c0 BC=0054 DE=d010 HL=cc9e SP=c218 P1=01c000 vc=11 BI
[01c85c] 485c FA00CD LD A,(CD00h)   AF=07c0 BC=0054 DE=d010 HL=cc9e SP=c218 P1=01c000 vc=11 BI
[01c85f] 485f FE08   CP 08h         AF=01c0 BC=0054 DE=d010 HL=cc9e SP=c218 P1=01c000 vc=11 BI
[01c861] 4861 2813   JR Z,4876h     AF=0170 BC=0054 DE=d010 HL=cc9e SP=c218 P1=01c000 vc=11 BI
[01c863] 4863 FAA4CC LD A,(CCA4h)   AF=0170 BC=0054 DE=d010 HL=cc9e SP=c218 P1=01c000 vc=11 BI
[01c866] 4866 E690   AND 90h        AF=0070 BC=0054 DE=d010 HL=cc9e SP=c218 P1=01c000 vc=11 BI
[01c868] 4868 200C   JR NZ,4876h    AF=00a0 BC=0054 DE=d010 HL=cc9e SP=c218 P1=01c000 vc=11 BI
[01c86a] 486a FAABC4 LD A,(C4ABh)   AF=00a0 BC=0054 DE=d010 HL=cc9e SP=c218 P1=01c000 vc=11 BI
[01c86d] 486d B7     OR A           AF=00a0 BC=0054 DE=d010 HL=cc9e SP=c218 P1=01c000 vc=11 BI
[01c86e] 486e 2006   JR NZ,4876h    AF=0080 BC=0054 DE=d010 HL=cc9e SP=c218 P1=01c000 vc=11 BI
[01c870] 4870 FAA0CB LD A,(CBA0h)   AF=0080 BC=0054 DE=d010 HL=cc9e SP=c218 P1=01c000 vc=11 BI
[01c873] 4873 B7     OR A           AF=0080 BC=0054 DE=d010 HL=cc9e SP=c218 P1=01c000 vc=11 BI
[01c874] 4874 2801   JR Z,4877h     AF=0080 BC=0054 DE=d010 HL=cc9e SP=c218 P1=01c000 vc=11 BI
[01c877] 4877 21A5CC LD HL,CCA5h    AF=0080 BC=0054 DE=d010 HL=cc9e SP=c218 P1=01c000 vc=11 BI
[01c87a] 487a 7E     LD A,(HL)      AF=0080 BC=0054 DE=d010 HL=cca5 SP=c218 P1=01c000 vc=11 BI
[01c87b] 487b E6FE   AND FEh        AF=0080 BC=0054 DE=d010 HL=cca5 SP=c218 P1=01c000 vc=11 BI
[01c87d] 487d B0     OR B           AF=00a0 BC=0054 DE=d010 HL=cca5 SP=c218 P1=01c000 vc=11 BI
[01c87e] 487e 77     LD (HL),A      AF=0080 BC=0054 DE=d010 HL=cca5 SP=c218 P1=01c000 vc=11 BI
[01c87f] 487f AF     XOR A          AF=0080 BC=0054 DE=d010 HL=cca5 SP=c218 P1=01c000 vc=11 BI
[01c880] 4880 EAF0CC LD (CCF0h),A   AF=0080 BC=0054 DE=d010 HL=cca5 SP=c218 P1=01c000 vc=11 BI
[01c883] 4883 3E00   LD A,00h       AF=0080 BC=0054 DE=d010 HL=cca5 SP=c218 P1=01c000 vc=11 BI
[01c885] 4885 E0AC   LD (FFACh),A   AF=0080 BC=0054 DE=d010 HL=cca5 SP=c218 P1=01c000 vc=11 bI
[01c887] 4887 16D6   LD D,D6h       AF=0080 BC=0054 DE=d010 HL=cca5 SP=c218 P1=01c000 vc=11 bI
[01c889] 4889 7A     LD A,D         AF=0080 BC=0054 DE=d610 HL=cca5 SP=c218 P1=01c000 vc=11 bI
[01c88a] 488a E0AD   LD (FFADh),A   AF=d680 BC=0054 DE=d610 HL=cca5 SP=c218 P1=01c000 vc=11 bI
[01c88c] 488c 1E00   LD E,00h       AF=d680 BC=0054 DE=d610 HL=cca5 SP=c218 P1=01c000 vc=11 bI
[01c88e] 488e 1A     LD A,(DE)      AF=d680 BC=0054 DE=d600 HL=cca5 SP=c218 P1=01c000 vc=11 bI
[01c88f] 488f B7     OR A           AF=0080 BC=0054 DE=d600 HL=cca5 SP=c218 P1=01c000 vc=11 bI
[01c890] 4890 280D   JR Z,489Fh     AF=0080 BC=0054 DE=d600 HL=cca5 SP=c218 P1=01c000 vc=11 bI
[01c89f] 489f 14     INC D          AF=0080 BC=0054 DE=d600 HL=cca5 SP=c218 P1=01c000 vc=11 bI
[01c8a0] 48a0 7A     LD A,D         AF=0000 BC=0054 DE=d700 HL=cca5 SP=c218 P1=01c000 vc=11 bI
[01c8a1] 48a1 FEE0   CP E0h         AF=d700 BC=0054 DE=d700 HL=cca5 SP=c218 P1=01c000 vc=11 bI
[01c8a3] 48a3 38E5   JR C,488Ah     AF=d750 BC=0054 DE=d700 HL=cca5 SP=c218 P1=01c000 vc=11 bI
[01c8a5] 48a5 C9     RET            AF=e0c0 BC=0054 DE=e000 HL=cca5 SP=c218 P1=01c000 vc=12 BI
[003399] 3399 CD9C35 CALL 359Ch     AF=e0c0 BC=0054 DE=e000 HL=cca5 SP=c21a P1=01c000 vc=12 BI
[00359c] 359c FA48CC LD A,(CC48h)   AF=e0c0 BC=0054 DE=e000 HL=cca5 SP=c218 P1=01c000 vc=12 BI
[00359f] 359f 67     LD H,A         AF=d0c0 BC=0054 DE=e000 HL=cca5 SP=c218 P1=01c000 vc=12 BI
[0035a0] 35a0 2E0B   LD L,0Bh       AF=d0c0 BC=0054 DE=e000 HL=d0a5 SP=c218 P1=01c000 vc=12 BI
[0035a2] 35a2 2A     LDI A,(HL)     AF=d0c0 BC=0054 DE=e000 HL=d00b SP=c218 P1=01c000 vc=12 BI
[0035a3] 35a3 E0AE   LD (FFAEh),A   AF=1fc0 BC=0054 DE=e000 HL=d00c SP=c218 P1=01c000 vc=12 BI
[0035a5] 35a5 2C     INC L          AF=1fc0 BC=0054 DE=e000 HL=d00c SP=c218 P1=01c000 vc=12 BI
[0035a6] 35a6 7E     LD A,(HL)      AF=1f00 BC=0054 DE=e000 HL=d00d SP=c218 P1=01c000 vc=12 BI
[0035a7] 35a7 E0AF   LD (FFAFh),A   AF=cb00 BC=0054 DE=e000 HL=d00d SP=c218 P1=01c000 vc=12 BI
[0035a9] 35a9 FAF0CC LD A,(CCF0h)   AF=cb00 BC=0054 DE=e000 HL=d00d SP=c218 P1=01c000 vc=12 BI
[0035ac] 35ac B7     OR A           AF=0000 BC=0054 DE=e000 HL=d00d SP=c218 P1=01c000 vc=12 BI
[0035ad] 35ad C0     RET NZ         AF=0080 BC=0054 DE=e000 HL=d00d SP=c218 P1=01c000 vc=12 BI
[0035ae] 35ae 2E0B   LD L,0Bh       AF=0080 BC=0054 DE=e000 HL=d00d SP=c218 P1=01c000 vc=12 BI
[0035b0] 35b0 2A     LDI A,(HL)     AF=0080 BC=0054 DE=e000 HL=d00b SP=c218 P1=01c000 vc=12 BI
[0035b1] 35b1 E0B0   LD (FFB0h),A   AF=1f80 BC=0054 DE=e000 HL=d00c SP=c218 P1=01c000 vc=12 BI
[0035b3] 35b3 2C     INC L          AF=1f80 BC=0054 DE=e000 HL=d00c SP=c218 P1=01c000 vc=12 bI
[0035b4] 35b4 7E     LD A,(HL)      AF=1f00 BC=0054 DE=e000 HL=d00d SP=c218 P1=01c000 vc=12 bI
[0035b5] 35b5 E0B1   LD (FFB1h),A   AF=cb00 BC=0054 DE=e000 HL=d00d SP=c218 P1=01c000 vc=12 bI
[0035b7] 35b7 C9     RET            AF=cb00 BC=0054 DE=e000 HL=d00d SP=c218 P1=01c000 vc=12 bI
[00339c] 339c 3E00   LD A,00h       AF=cb00 BC=0054 DE=e000 HL=d00d SP=c21a P1=01c000 vc=12 bI
[00339e] 339e E097   LD (FF97h),A   AF=0000 BC=0054 DE=e000 HL=d00d SP=c21a P1=01c000 vc=12 bI
[0033a0] 33a0 EA2222 LD (2222h),A   AF=0000 BC=0054 DE=e000 HL=d00d SP=c21a P1=01c000 vc=12 bI
[0033a3] 33a3 CD862E CALL 2E86h     AF=0000 BC=0054 DE=e000 HL=d00d SP=c21a P1=000000 vc=12 bI
[002e86] 2e86 FA00CD LD A,(CD00h)   AF=0000 BC=0054 DE=e000 HL=d00d SP=c218 P1=000000 vc=12 bI
[002e89] 2e89 E60E   AND 0Eh        AF=0100 BC=0054 DE=e000 HL=d00d SP=c218 P1=000000 vc=12 bI
[002e8b] 2e8b 20D6   JR NZ,2E63h    AF=00a0 BC=0054 DE=e000 HL=d00d SP=c218 P1=000000 vc=12 bI
[002e8d] 2e8d FAA0CB LD A,(CBA0h)   AF=00a0 BC=0054 DE=e000 HL=d00d SP=c218 P1=000000 vc=12 bI
[002e90] 2e90 B7     OR A           AF=00a0 BC=0054 DE=e000 HL=d00d SP=c218 P1=000000 vc=12 bI
[002e91] 2e91 20D0   JR NZ,2E63h    AF=0080 BC=0054 DE=e000 HL=d00d SP=c218 P1=000000 vc=12 bI
[002e93] 2e93 FAA4CC LD A,(CCA4h)   AF=0080 BC=0054 DE=e000 HL=d00d SP=c218 P1=000000 vc=12 bI
[002e96] 2e96 E684   AND 84h        AF=0080 BC=0054 DE=e000 HL=d00d SP=c218 P1=000000 vc=12 bI
[002e98] 2e98 20C9   JR NZ,2E63h    AF=00a0 BC=0054 DE=e000 HL=d00d SP=c218 P1=000000 vc=12 bI
[002e9a] 2e9a FAABC4 LD A,(C4ABh)   AF=00a0 BC=0054 DE=e000 HL=d00d SP=c218 P1=000000 vc=12 bI
[002e9d] 2e9d B7     OR A           AF=00a0 BC=0054 DE=e000 HL=d00d SP=c218 P1=000000 vc=12 bI
[002e9e] 2e9e 20C3   JR NZ,2E63h    AF=0080 BC=0054 DE=e000 HL=d00d SP=c218 P1=000000 vc=12 bI
[002ea0] 2ea0 3E80   LD A,80h       AF=0080 BC=0054 DE=e000 HL=d00d SP=c218 P1=000000 vc=12 bI
[002ea2] 2ea2 E0AC   LD (FFACh),A   AF=8080 BC=0054 DE=e000 HL=d00d SP=c218 P1=000000 vc=12 bI
[002ea4] 2ea4 16D0   LD D,D0h       AF=8080 BC=0054 DE=e000 HL=d00d SP=c218 P1=000000 vc=12 bI
[002ea6] 2ea6 7A     LD A,D         AF=8080 BC=0054 DE=d000 HL=d00d SP=c218 P1=000000 vc=12 bI
[002ea7] 2ea7 E0AD   LD (FFADh),A   AF=d080 BC=0054 DE=d000 HL=d00d SP=c218 P1=000000 vc=12 bI
[002ea9] 2ea9 1E80   LD E,80h       AF=d080 BC=0054 DE=d000 HL=d00d SP=c218 P1=000000 vc=12 bI
[002eab] 2eab 1A     LD A,(DE)      AF=d080 BC=0054 DE=d080 HL=d00d SP=c218 P1=000000 vc=12 bI
[002eac] 2eac B7     OR A           AF=0080 BC=0054 DE=d080 HL=d00d SP=c218 P1=000000 vc=12 bI
[002ead] 2ead 2832   JR Z,2EE1h     AF=0080 BC=0054 DE=d080 HL=d00d SP=c218 P1=000000 vc=12 bI
[002ee1] 2ee1 14     INC D          AF=0080 BC=0054 DE=d080 HL=d00d SP=c218 P1=000000 vc=12 bI
[002ee2] 2ee2 7A     LD A,D         AF=0000 BC=0054 DE=d180 HL=d00d SP=c218 P1=000000 vc=12 bI
[002ee3] 2ee3 FEE0   CP E0h         AF=d100 BC=0054 DE=d180 HL=d00d SP=c218 P1=000000 vc=12 bI
[002ee5] 2ee5 38C0   JR C,2EA7h     AF=d150 BC=0054 DE=d180 HL=d00d SP=c218 P1=000000 vc=12 bI
[002ee7] 2ee7 C9     RET            AF=e0c0 BC=0054 DE=e080 HL=d00d SP=c218 P1=000000 vc=14 BI
[0033a6] 33a6 3E10   LD A,10h       AF=e0c0 BC=0054 DE=e080 HL=d00d SP=c21a P1=000000 vc=14 BI
[0033a8] 33a8 E097   LD (FF97h),A   AF=10c0 BC=0054 DE=e080 HL=d00d SP=c21a P1=000000 vc=14 BI
[0033aa] 33aa EA2222 LD (2222h),A   AF=10c0 BC=0054 DE=e080 HL=d00d SP=c21a P1=000000 vc=14 BI
[0033ad] 33ad CDDC61 CALL 61DCh     AF=10c0 BC=0054 DE=e080 HL=d00d SP=c21a P1=040000 vc=14 BI
[0421dc] 61dc 3EC0   LD A,C0h       AF=10c0 BC=0054 DE=e080 HL=d00d SP=c218 P1=040000 vc=14 BI
[0421de] 61de E0AC   LD (FFACh),A   AF=c0c0 BC=0054 DE=e080 HL=d00d SP=c218 P1=040000 vc=14 BI
[0421e0] 61e0 FA00CD LD A,(CD00h)   AF=c0c0 BC=0054 DE=e080 HL=d00d SP=c218 P1=040000 vc=14 BI
[0421e3] 61e3 FE08   CP 08h         AF=01c0 BC=0054 DE=e080 HL=d00d SP=c218 P1=040000 vc=14 BI
[0421e5] 61e5 28D7   JR Z,61BEh     AF=0170 BC=0054 DE=e080 HL=d00d SP=c218 P1=040000 vc=14 BI
[0421e7] 61e7 FAA0CB LD A,(CBA0h)   AF=0170 BC=0054 DE=e080 HL=d00d SP=c218 P1=040000 vc=14 BI
[0421ea] 61ea B7     OR A           AF=0070 BC=0054 DE=e080 HL=d00d SP=c218 P1=040000 vc=14 BI
[0421eb] 61eb 20D1   JR NZ,61BEh    AF=0080 BC=0054 DE=e080 HL=d00d SP=c218 P1=040000 vc=14 BI
[0421ed] 61ed FAA4CC LD A,(CCA4h)   AF=0080 BC=0054 DE=e080 HL=d00d SP=c218 P1=040000 vc=14 BI
[0421f0] 61f0 E688   AND 88h        AF=0080 BC=0054 DE=e080 HL=d00d SP=c218 P1=040000 vc=14 BI
[0421f2] 61f2 20CA   JR NZ,61BEh    AF=00a0 BC=0054 DE=e080 HL=d00d SP=c218 P1=040000 vc=14 BI
[0421f4] 61f4 16D0   LD D,D0h       AF=00a0 BC=0054 DE=e080 HL=d00d SP=c218 P1=040000 vc=14 BI
[0421f6] 61f6 7A     LD A,D         AF=00a0 BC=0054 DE=d080 HL=d00d SP=c218 P1=040000 vc=14 BI
[0421f7] 61f7 E0AD   LD (FFADh),A   AF=d0a0 BC=0054 DE=d080 HL=d00d SP=c218 P1=040000 vc=14 BI
[0421f9] 61f9 1EC0   LD E,C0h       AF=d0a0 BC=0054 DE=d080 HL=d00d SP=c218 P1=040000 vc=14 BI
[0421fb] 61fb 1A     LD A,(DE)      AF=d0a0 BC=0054 DE=d0c0 HL=d00d SP=c218 P1=040000 vc=14 BI
[0421fc] 61fc B7     OR A           AF=00a0 BC=0054 DE=d0c0 HL=d00d SP=c218 P1=040000 vc=14 BI
[0421fd] 61fd 2808   JR Z,6207h     AF=0080 BC=0054 DE=d0c0 HL=d00d SP=c218 P1=040000 vc=14 BI
[042207] 6207 14     INC D          AF=0080 BC=0054 DE=d0c0 HL=d00d SP=c218 P1=040000 vc=14 BI
[042208] 6208 7A     LD A,D         AF=0000 BC=0054 DE=d1c0 HL=d00d SP=c218 P1=040000 vc=14 BI
[042209] 6209 FEE0   CP E0h         AF=d100 BC=0054 DE=d1c0 HL=d00d SP=c218 P1=040000 vc=14 BI
[04220b] 620b 38EA   JR C,61F7h     AF=d150 BC=0054 DE=d1c0 HL=d00d SP=c218 P1=040000 vc=14 BI
[000b22] 0b22 F099   LD A,(FF99h)   AF=d950 BC=0054 DE=d9c0 HL=d00d SP=c212 P1=040000 vc=15 BI
[000b24] 0b24 FE02   CP 02h         AF=0350 BC=0054 DE=d9c0 HL=d00d SP=c212 P1=040000 vc=15 BI
[000b26] 0b26 3019   JR NC,0B41h    AF=0340 BC=0054 DE=d9c0 HL=d00d SP=c212 P1=040000 vc=15 BI
[000b41] 0b41 C5     PUSH BC        AF=0340 BC=0054 DE=d9c0 HL=d00d SP=c212 P1=040000 vc=15 BI
[000b42] 0b42 0E03   LD C,03h       AF=0340 BC=0054 DE=d9c0 HL=d00d SP=c210 P1=040000 vc=15 BI
[000b44] 0b44 F09A   LD A,(FF9Ah)   AF=0340 BC=0003 DE=d9c0 HL=d00d SP=c210 P1=040000 vc=15 BI
[000b46] 0b46 B7     OR A           AF=0040 BC=0003 DE=d9c0 HL=d00d SP=c210 P1=040000 vc=15 BI
[000b47] 0b47 2029   JR NZ,0B72h    AF=0080 BC=0003 DE=d9c0 HL=d00d SP=c210 P1=040000 vc=15 BI
[000b49] 0b49 2191C4 LD HL,C491h    AF=0080 BC=0003 DE=d9c0 HL=d00d SP=c210 P1=040000 vc=15 BI
[000b4c] 0b4c F041   LD A,(FF41h)   AF=0080 BC=0003 DE=d9c0 HL=c491 SP=c210 P1=040000 vc=15 BI
[000b4e] 0b4e A1     AND C          AF=c680 BC=0003 DE=d9c0 HL=c491 SP=c210 P1=040000 vc=15 BI
[000b4f] 0b4f 20FB   JR NZ,0B4Ch    AF=0220 BC=0003 DE=d9c0 HL=c491 SP=c210 P1=040000 vc=15 BI
[000b51] 0b51 2A     LDI A,(HL)     AF=00a0 BC=0003 DE=d9c0 HL=c491 SP=c210 P1=040000 vc=15 bI
[000b52] 0b52 E040   LD (FF40h),A   AF=e7a0 BC=0003 DE=d9c0 HL=c492 SP=c210 P1=040000 vc=15 bI
[000b54] 0b54 2A     LDI A,(HL)     AF=e7a0 BC=0003 DE=d9c0 HL=c492 SP=c210 P1=040000 vc=15 bI
[000b55] 0b55 E042   LD (FF42h),A   AF=f0a0 BC=0003 DE=d9c0 HL=c493 SP=c210 P1=040000 vc=15 bI
[000b57] 0b57 2A     LDI A,(HL)     AF=f0a0 BC=0003 DE=d9c0 HL=c493 SP=c210 P1=040000 vc=15 bI
[000b58] 0b58 E043   LD (FF43h),A   AF=40a0 BC=0003 DE=d9c0 HL=c494 SP=c210 P1=040000 vc=15 bI
[000b5a] 0b5a 2A     LDI A,(HL)     AF=40a0 BC=0003 DE=d9c0 HL=c494 SP=c210 P1=040000 vc=15 bI
[000b5b] 0b5b E04A   LD (FF4Ah),A   AF=c7a0 BC=0003 DE=d9c0 HL=c495 SP=c210 P1=040000 vc=15 bI
[000b5d] 0b5d 2A     LDI A,(HL)     AF=c7a0 BC=0003 DE=d9c0 HL=c495 SP=c210 P1=040000 vc=15 bI
[000b5e] 0b5e E04B   LD (FF4Bh),A   AF=c7a0 BC=0003 DE=d9c0 HL=c496 SP=c210 P1=040000 vc=15 bI
[000b60] 0b60 2A     LDI A,(HL)     AF=c7a0 BC=0003 DE=d9c0 HL=c496 SP=c210 P1=040000 vc=15 bI
[000b61] 0b61 E045   LD (FF45h),A   AF=c7a0 BC=0003 DE=d9c0 HL=c497 SP=c210 P1=040000 vc=15 bI
[000b63] 0b63 F099   LD A,(FF99h)   AF=c7a0 BC=0003 DE=d9c0 HL=c497 SP=c210 P1=040000 vc=15 bI
[000b65] 0b65 FE02   CP 02h         AF=03a0 BC=0003 DE=d9c0 HL=c497 SP=c210 P1=040000 vc=15 bI
[000b67] 0b67 2003   JR NZ,0B6Ch    AF=0340 BC=0003 DE=d9c0 HL=c497 SP=c210 P1=040000 vc=15 bI
[000b6c] 0b6c 3E01   LD A,01h       AF=0340 BC=0003 DE=d9c0 HL=c497 SP=c210 P1=040000 vc=15 bI
[000b6e] 0b6e E09A   LD (FF9Ah),A   AF=0140 BC=0003 DE=d9c0 HL=c497 SP=c210 P1=040000 vc=15 bI
[000b70] 0b70 1850   JR 0BC2h       AF=0140 BC=0003 DE=d9c0 HL=c497 SP=c210 P1=040000 vc=15 bI
[000bc2] 0bc2 C1     POP BC         AF=0140 BC=0003 DE=d9c0 HL=c497 SP=c210 P1=040000 vc=15 bI
[000bc3] 0bc3 E1     POP HL         AF=0140 BC=0054 DE=d9c0 HL=c497 SP=c212 P1=040000 vc=15 bI
[000bc4] 0bc4 F1     POP AF         AF=0140 BC=0054 DE=d9c0 HL=d00d SP=c214 P1=040000 vc=15 bI
[000bc5] 0bc5 D9     RETI           AF=d950 BC=0054 DE=d9c0 HL=d00d SP=c216 P1=040000 vc=15 bI
[04220d] 620d C9     RET            AF=e0c0 BC=0054 DE=e0c0 HL=d00d SP=c218 P1=040000 vc=16 BI
[0033b0] 33b0 3E00   LD A,00h       AF=e0c0 BC=0054 DE=e0c0 HL=d00d SP=c21a P1=040000 vc=16 BI
[0033b2] 33b2 E097   LD (FF97h),A   AF=00c0 BC=0054 DE=e0c0 HL=d00d SP=c21a P1=040000 vc=16 BI
[0033b4] 33b4 EA2222 LD (2222h),A   AF=00c0 BC=0054 DE=e0c0 HL=d00d SP=c21a P1=040000 vc=16 BI
[0033b7] 33b7 CD0A3B CALL 3B0Ah     AF=00c0 BC=0054 DE=e0c0 HL=d00d SP=c21a P1=000000 vc=16 BI
[003b0a] 3b0a FA00CD LD A,(CD00h)   AF=00c0 BC=0054 DE=e0c0 HL=d00d SP=c218 P1=000000 vc=16 BI
[003b0d] 3b0d FE08   CP 08h         AF=01c0 BC=0054 DE=e0c0 HL=d00d SP=c218 P1=000000 vc=16 BI
[003b0f] 3b0f 28D6   JR Z,3AE7h     AF=0170 BC=0054 DE=e0c0 HL=d00d SP=c218 P1=000000 vc=16 BI
[003b11] 3b11 FAA4CC LD A,(CCA4h)   AF=0170 BC=0054 DE=e0c0 HL=d00d SP=c218 P1=000000 vc=16 BI
[003b14] 3b14 E602   AND 02h        AF=0070 BC=0054 DE=e0c0 HL=d00d SP=c218 P1=000000 vc=16 BI
[003b16] 3b16 20CF   JR NZ,3AE7h    AF=00a0 BC=0054 DE=e0c0 HL=d00d SP=c218 P1=000000 vc=16 BI
[003b18] 3b18 FAA0CB LD A,(CBA0h)   AF=00a0 BC=0054 DE=e0c0 HL=d00d SP=c218 P1=000000 vc=16 bI
[003b1b] 3b1b B7     OR A           AF=00a0 BC=0054 DE=e0c0 HL=d00d SP=c218 P1=000000 vc=16 bI
[003b1c] 3b1c 20C9   JR NZ,3AE7h    AF=0080 BC=0054 DE=e0c0 HL=d00d SP=c218 P1=000000 vc=16 bI
[003b1e] 3b1e 3E40   LD A,40h       AF=0080 BC=0054 DE=e0c0 HL=d00d SP=c218 P1=000000 vc=16 bI
[003b20] 3b20 E0AC   LD (FFACh),A   AF=4080 BC=0054 DE=e0c0 HL=d00d SP=c218 P1=000000 vc=16 bI
[003b22] 3b22 3ED0   LD A,D0h       AF=4080 BC=0054 DE=e0c0 HL=d00d SP=c218 P1=000000 vc=16 bI
[003b24] 3b24 E0AD   LD (FFADh),A   AF=d080 BC=0054 DE=e0c0 HL=d00d SP=c218 P1=000000 vc=16 bI
[003b26] 3b26 57     LD D,A         AF=d080 BC=0054 DE=e0c0 HL=d00d SP=c218 P1=000000 vc=16 bI
[003b27] 3b27 1E40   LD E,40h       AF=d080 BC=0054 DE=d0c0 HL=d00d SP=c218 P1=000000 vc=16 bI
[003b29] 3b29 1A     LD A,(DE)      AF=d080 BC=0054 DE=d040 HL=d00d SP=c218 P1=000000 vc=16 bI
[003b2a] 3b2a B7     OR A           AF=0080 BC=0054 DE=d040 HL=d00d SP=c218 P1=000000 vc=16 bI
[003b2b] 3b2b C4363B CALL NZ,3B36h  AF=0080 BC=0054 DE=d040 HL=d00d SP=c218 P1=000000 vc=16 bI
[003b2e] 3b2e F0AD   LD A,(FFADh)   AF=0080 BC=0054 DE=d040 HL=d00d SP=c218 P1=000000 vc=16 bI
[003b30] 3b30 3C     INC A          AF=d080 BC=0054 DE=d040 HL=d00d SP=c218 P1=000000 vc=16 bI
[003b31] 3b31 FEE0   CP E0h         AF=d100 BC=0054 DE=d040 HL=d00d SP=c218 P1=000000 vc=16 bI
[003b33] 3b33 38EF   JR C,3B24h     AF=d150 BC=0054 DE=d040 HL=d00d SP=c218 P1=000000 vc=16 bI
[003b35] 3b35 C9     RET            AF=e0c0 BC=0054 DE=df40 HL=d00d SP=c218 P1=000000 vc=18 BI
[0033ba] 33ba 3E01   LD A,01h       AF=e0c0 BC=0054 DE=df40 HL=d00d SP=c21a P1=000000 vc=18 BI
[0033bc] 33bc E097   LD (FF97h),A   AF=01c0 BC=0054 DE=df40 HL=d00d SP=c21a P1=000000 vc=18 BI
[0033be] 33be EA2222 LD (2222h),A   AF=01c0 BC=0054 DE=df40 HL=d00d SP=c21a P1=000000 vc=18 BI
[0033c1] 33c1 CD0040 CALL 4000h     AF=01c0 BC=0054 DE=df40 HL=d00d SP=c21a P1=004000 vc=18 BI
[004000] 4000 FA00CD LD A,(CD00h)   AF=01c0 BC=0054 DE=df40 HL=d00d SP=c218 P1=004000 vc=18 BI
[004003] 4003 B7     OR A           AF=01c0 BC=0054 DE=df40 HL=d00d SP=c218 P1=004000 vc=18 BI
[004004] 4004 C40B40 CALL NZ,400Bh  AF=0100 BC=0054 DE=df40 HL=d00d SP=c218 P1=004000 vc=18 BI
[00400b] 400b FA04CD LD A,(CD04h)   AF=0100 BC=0054 DE=df40 HL=d00d SP=c216 P1=004000 vc=18 BI
[00400e] 400e C7     RST 00         AF=0200 BC=0054 DE=df40 HL=d00d SP=c216 P1=004000 vc=18 BI
[004105] 4105 FA77CC LD A,(CC77h)   AF=0520 BC=0054 DE=df40 HL=4105 SP=c216 P1=004000 vc=18 BI
[004108] 4108 87     ADD A,A        AF=0020 BC=0054 DE=df40 HL=4105 SP=c216 P1=004000 vc=18 BI
[004109] 4109 3807   JR C,4112h     AF=0080 BC=0054 DE=df40 HL=4105 SP=c216 P1=004000 vc=18 BI
[00410b] 410b 2805   JR Z,4112h     AF=0080 BC=0054 DE=df40 HL=4105 SP=c216 P1=004000 vc=18 BI
[004112] 4112 FA02CD LD A,(CD02h)   AF=0080 BC=0054 DE=df40 HL=4105 SP=c216 P1=004000 vc=18 BI
[004115] 4115 CB7F   BIT 7,A        AF=0180 BC=0054 DE=df40 HL=4105 SP=c216 P1=004000 vc=18 BI
[004117] 4117 2806   JR Z,411Fh     AF=01a0 BC=0054 DE=df40 HL=4105 SP=c216 P1=004000 vc=18 BI
[00411f] 411f FA48CC LD A,(CC48h)   AF=01a0 BC=0054 DE=df40 HL=4105 SP=c216 P1=004000 vc=18 BI
[004122] 4122 67     LD H,A         AF=d0a0 BC=0054 DE=df40 HL=4105 SP=c216 P1=004000 vc=18 BI
[004123] 4123 2E0B   LD L,0Bh       AF=d0a0 BC=0054 DE=df40 HL=d005 SP=c216 P1=004000 vc=18 BI
[004125] 4125 3E05   LD A,05h       AF=d0a0 BC=0054 DE=df40 HL=d00b SP=c216 P1=004000 vc=18 BI
[004127] 4127 BE     CP (HL)        AF=05a0 BC=0054 DE=df40 HL=d00b SP=c216 P1=004000 vc=18 BI
[004128] 4128 3014   JR NC,413Eh    AF=0570 BC=0054 DE=df40 HL=d00b SP=c216 P1=004000 vc=18 BI
[00412a] 412a FA0DCD LD A,(CD0Dh)   AF=0570 BC=0054 DE=df40 HL=d00b SP=c216 P1=004000 vc=18 BI
[00412d] 412d BE     CP (HL)        AF=a970 BC=0054 DE=df40 HL=d00b SP=c216 P1=004000 vc=18 BI
[00412e] 412e 3819   JR C,4149h     AF=a960 BC=0054 DE=df40 HL=d00b SP=c216 P1=004000 vc=18 BI
[004130] 4130 2E0D   LD L,0Dh       AF=a960 BC=0054 DE=df40 HL=d00b SP=c216 P1=004000 vc=18 BI
[004132] 4132 3E05   LD A,05h       AF=a960 BC=0054 DE=df40 HL=d00d SP=c216 P1=004000 vc=18 BI
[004134] 4134 BE     CP (HL)        AF=0560 BC=0054 DE=df40 HL=d00d SP=c216 P1=004000 vc=18 BI
[004135] 4135 301C   JR NC,4153h    AF=0570 BC=0054 DE=df40 HL=d00d SP=c216 P1=004000 vc=18 BI
[004137] 4137 FA0CCD LD A,(CD0Ch)   AF=0570 BC=0054 DE=df40 HL=d00d SP=c216 P1=004000 vc=18 BI
[00413a] 413a BE     CP (HL)        AF=ea70 BC=0054 DE=df40 HL=d00d SP=c216 P1=004000 vc=18 BI
[00413b] 413b 381E   JR C,415Bh     AF=ea60 BC=0054 DE=df40 HL=d00d SP=c216 P1=004000 vc=18 bI
[00413d] 413d C9     RET            AF=ea60 BC=0054 DE=df40 HL=d00d SP=c216 P1=004000 vc=18 bI
[004007] 4007 AF     XOR A          AF=ea60 BC=0054 DE=df40 HL=d00d SP=c218 P1=004000 vc=18 bI
[004008] 4008 E070   LD (FF70h),A   AF=0080 BC=0054 DE=df40 HL=d00d SP=c218 P1=004000 vc=18 bI
[00400a] 400a C9     RET            AF=0080 BC=0054 DE=df40 HL=d00d SP=c218 P1=004000 vc=18 bI
[0033c4] 33c4 3E05   LD A,05h       AF=0080 BC=0054 DE=df40 HL=d00d SP=c21a P1=004000 vc=18 bI
[0033c6] 33c6 E097   LD (FF97h),A   AF=0580 BC=0054 DE=df40 HL=d00d SP=c21a P1=004000 vc=18 bI
[0033c8] 33c8 EA2222 LD (2222h),A   AF=0580 BC=0054 DE=df40 HL=d00d SP=c21a P1=004000 vc=18 bI
[0033cb] 33cb FA48CC LD A,(CC48h)   AF=0580 BC=0054 DE=df40 HL=d00d SP=c21a P1=014000 vc=18 bI
[0033ce] 33ce 0F     RRCA           AF=d080 BC=0054 DE=df40 HL=d00d SP=c21a P1=014000 vc=18 bI
[0033cf] 33cf DCF140 CALL C,40F1h   AF=6800 BC=0054 DE=df40 HL=d00d SP=c21a P1=014000 vc=18 bI
[0033d2] 33d2 3E06   LD A,06h       AF=6800 BC=0054 DE=df40 HL=d00d SP=c21a P1=014000 vc=18 bI
[0033d4] 33d4 E097   LD (FF97h),A   AF=0600 BC=0054 DE=df40 HL=d00d SP=c21a P1=014000 vc=18 bI
[0033d6] 33d6 EA2222 LD (2222h),A   AF=0600 BC=0054 DE=df40 HL=d00d SP=c21a P1=014000 vc=18 bI
[0033d9] 33d9 FA75CC LD A,(CC75h)   AF=0600 BC=0054 DE=df40 HL=d00d SP=c21a P1=018000 vc=18 bI
[0033dc] 33dc 07     RLCA           AF=0000 BC=0054 DE=df40 HL=d00d SP=c21a P1=018000 vc=18 bI
[0033dd] 33dd DC2954 CALL C,5429h   AF=0000 BC=0054 DE=df40 HL=d00d SP=c21a P1=018000 vc=18 bI
[0033e0] 33e0 CD6C2A CALL 2A6Ch     AF=0000 BC=0054 DE=df40 HL=d00d SP=c21a P1=018000 vc=18 bI
[002a6c] 2a6c F097   LD A,(FF97h)   AF=0000 BC=0054 DE=df40 HL=d00d SP=c218 P1=018000 vc=18 bI
[002a6e] 2a6e F5     PUSH AF        AF=0600 BC=0054 DE=df40 HL=d00d SP=c218 P1=018000 vc=18 bI
[002a6f] 2a6f 3E06   LD A,06h       AF=0600 BC=0054 DE=df40 HL=d00d SP=c216 P1=018000 vc=18 bI
[002a71] 2a71 E097   LD (FF97h),A   AF=0600 BC=0054 DE=df40 HL=d00d SP=c216 P1=018000 vc=18 bI
[002a73] 2a73 EA2222 LD (2222h),A   AF=0600 BC=0054 DE=df40 HL=d00d SP=c216 P1=018000 vc=18 bI
[002a76] 2a76 CDBF44 CALL 44BFh     AF=0600 BC=0054 DE=df40 HL=d00d SP=c216 P1=018000 vc=18 bI
[0184bf] 44bf 3EFF   LD A,FFh       AF=0600 BC=0054 DE=df40 HL=d00d SP=c214 P1=018000 vc=18 bI
[0184c1] 44c1 EA80CC LD (CC80h),A   AF=ff00 BC=0054 DE=df40 HL=d00d SP=c214 P1=018000 vc=18 bI
[0184c4] 44c4 FA1AD0 LD A,(D01Ah)   AF=ff00 BC=0054 DE=df40 HL=d00d SP=c214 P1=018000 vc=18 bI
[0184c7] 44c7 07     RLCA           AF=c100 BC=0054 DE=df40 HL=d00d SP=c214 P1=018000 vc=18 bI
[0184c8] 44c8 3017   JR NC,44E1h    AF=8310 BC=0054 DE=df40 HL=d00d SP=c214 P1=018000 vc=18 bI
[0184ca] 44ca CD4945 CALL 4549h     AF=8310 BC=0054 DE=df40 HL=d00d SP=c214 P1=018000 vc=18 bI
[018549] 4549 FA01D0 LD A,(D001h)   AF=8310 BC=0054 DE=df40 HL=d00d SP=c212 P1=018000 vc=18 bI
[01854c] 454c B7     OR A           AF=0010 BC=0054 DE=df40 HL=d00d SP=c212 P1=018000 vc=18 bI
[01854d] 454d 2805   JR Z,4554h     AF=0080 BC=0054 DE=df40 HL=d00d SP=c212 P1=018000 vc=18 bI
[018554] 4554 2100D2 LD HL,D200h    AF=0080 BC=0054 DE=df40 HL=d00d SP=c212 P1=018000 vc=19 BI
[018557] 4557 010000 LD BC,0000h    AF=0080 BC=0054 DE=df40 HL=d200 SP=c212 P1=018000 vc=19 BI
[01855a] 455a 2E3F   LD L,3Fh       AF=0080 BC=0000 DE=df40 HL=d200 SP=c212 P1=018000 vc=19 BI
[01855c] 455c 7E     LD A,(HL)      AF=0080 BC=0000 DE=df40 HL=d23f SP=c212 P1=018000 vc=19 BI
[01855d] 455d B9     CP C           AF=0080 BC=0000 DE=df40 HL=d23f SP=c212 P1=018000 vc=19 BI
[01855e] 455e 3804   JR C,4564h     AF=00c0 BC=0000 DE=df40 HL=d23f SP=c212 P1=018000 vc=19 BI
[018560] 4560 4F     LD C,A         AF=00c0 BC=0000 DE=df40 HL=d23f SP=c212 P1=018000 vc=19 BI
[018561] 4561 2E31   LD L,31h       AF=00c0 BC=0000 DE=df40 HL=d23f SP=c212 P1=018000 vc=19 BI
[018563] 4563 46     LD B,(HL)      AF=00c0 BC=0000 DE=df40 HL=d231 SP=c212 P1=018000 vc=19 BI
[018564] 4564 24     INC H          AF=00c0 BC=0000 DE=df40 HL=d231 SP=c212 P1=018000 vc=19 BI
[018565] 4565 7C     LD A,H         AF=0000 BC=0000 DE=df40 HL=d331 SP=c212 P1=018000 vc=19 BI
[018566] 4566 FED6   CP D6h         AF=d300 BC=0000 DE=df40 HL=d331 SP=c212 P1=018000 vc=19 BI
[018568] 4568 38F0   JR C,455Ah     AF=d370 BC=0000 DE=df40 HL=d331 SP=c212 P1=018000 vc=19 BI
[01856a] 456a FA3FD0 LD A,(D03Fh)   AF=d6c0 BC=0000 DE=df40 HL=d631 SP=c212 P1=018000 vc=19 BI
[01856d] 456d B9     CP C           AF=00c0 BC=0000 DE=df40 HL=d631 SP=c212 P1=018000 vc=19 BI
[01856e] 456e D8     RET C          AF=00c0 BC=0000 DE=df40 HL=d631 SP=c212 P1=018000 vc=19 BI
[01856f] 456f FA31D0 LD A,(D031h)   AF=00c0 BC=0000 DE=df40 HL=d631 SP=c212 P1=018000 vc=19 BI
[018572] 4572 47     LD B,A         AF=54c0 BC=0000 DE=df40 HL=d631 SP=c212 P1=018000 vc=19 BI
[018573] 4573 FA30D0 LD A,(D030h)   AF=54c0 BC=5400 DE=df40 HL=d631 SP=c212 P1=018000 vc=19 BI
[018576] 4576 FE10   CP 10h         AF=10c0 BC=5400 DE=df40 HL=d631 SP=c212 P1=018000 vc=19 BI
[018578] 4578 C0     RET NZ         AF=10c0 BC=5400 DE=df40 HL=d631 SP=c212 P1=018000 vc=19 BI
[018579] 4579 CD7F45 CALL 457Fh     AF=10c0 BC=5400 DE=df40 HL=d631 SP=c212 P1=018000 vc=19 BI
[01857f] 457f 0E00   LD C,00h       AF=10c0 BC=5400 DE=df40 HL=d631 SP=c210 P1=018000 vc=19 BI
[018581] 4581 FA75CC LD A,(CC75h)   AF=10c0 BC=5400 DE=df40 HL=d631 SP=c210 P1=018000 vc=19 BI
[018584] 4584 CB77   BIT 6,A        AF=00c0 BC=5400 DE=df40 HL=d631 SP=c210 P1=018000 vc=19 BI
[018586] 4586 C0     RET NZ         AF=00a0 BC=5400 DE=df40 HL=d631 SP=c210 P1=018000 vc=19 BI
[018587] 4587 B7     OR A           AF=00a0 BC=5400 DE=df40 HL=d631 SP=c210 P1=018000 vc=19 BI
[018588] 4588 2802   JR Z,458Ch     AF=0080 BC=5400 DE=df40 HL=d631 SP=c210 P1=018000 vc=19 BI
[01858c] 458c FA48CC LD A,(CC48h)   AF=0080 BC=5400 DE=df40 HL=d631 SP=c210 P1=018000 vc=19 BI
[01858f] 458f 0F     RRCA           AF=d080 BC=5400 DE=df40 HL=d631 SP=c210 P1=018000 vc=19 bI
[018590] 4590 3008   JR NC,459Ah    AF=6800 BC=5400 DE=df40 HL=d631 SP=c210 P1=018000 vc=19 bI
[01859a] 459a 79     LD A,C         AF=6800 BC=5400 DE=df40 HL=d631 SP=c210 P1=018000 vc=19 bI
[01859b] 459b B7     OR A           AF=0000 BC=5400 DE=df40 HL=d631 SP=c210 P1=018000 vc=19 bI
[01859c] 459c 205D   JR NZ,45FBh    AF=0080 BC=5400 DE=df40 HL=d631 SP=c210 P1=018000 vc=19 bI
[01859e] 459e FA79CC LD A,(CC79h)   AF=0080 BC=5400 DE=df40 HL=d631 SP=c210 P1=018000 vc=19 bI
[0185a1] 45a1 B7     OR A           AF=0080 BC=5400 DE=df40 HL=d631 SP=c210 P1=018000 vc=19 bI
[0185a2] 45a2 2804   JR Z,45A8h     AF=0080 BC=5400 DE=df40 HL=d631 SP=c210 P1=018000 vc=19 bI
[0185a8] 45a8 FA89CC LD A,(CC89h)   AF=0080 BC=5400 DE=df40 HL=d631 SP=c210 P1=018000 vc=19 bI
[0185ab] 45ab B7     OR A           AF=0080 BC=5400 DE=df40 HL=d631 SP=c210 P1=018000 vc=19 bI
[0185ac] 45ac 2809   JR Z,45B7h     AF=0080 BC=5400 DE=df40 HL=d631 SP=c210 P1=018000 vc=19 bI
[0185b7] 45b7 FA7BCC LD A,(CC7Bh)   AF=0080 BC=5400 DE=df40 HL=d631 SP=c210 P1=018000 vc=19 bI
[0185ba] 45ba B7     OR A           AF=0080 BC=5400 DE=df40 HL=d631 SP=c210 P1=018000 vc=19 bI
[0185bb] 45bb 2025   JR NZ,45E2h    AF=0080 BC=5400 DE=df40 HL=d631 SP=c210 P1=018000 vc=19 bI
[0185bd] 45bd FA81CC LD A,(CC81h)   AF=0080 BC=5400 DE=df40 HL=d631 SP=c210 P1=018000 vc=19 bI
[0185c0] 45c0 3D     DEC A          AF=0080 BC=5400 DE=df40 HL=d631 SP=c210 P1=018000 vc=19 bI
[0185c1] 45c1 2815   JR Z,45D8h     AF=ff60 BC=5400 DE=df40 HL=d631 SP=c210 P1=018000 vc=19 bI
[0185c3] 45c3 FA81CC LD A,(CC81h)   AF=ff60 BC=5400 DE=df40 HL=d631 SP=c210 P1=018000 vc=19 bI
[0185c6] 45c6 07     RLCA           AF=0060 BC=5400 DE=df40 HL=d631 SP=c210 P1=018000 vc=19 bI
[0185c7] 45c7 3819   JR C,45E2h     AF=0000 BC=5400 DE=df40 HL=d631 SP=c210 P1=018000 vc=19 bI
[0185c9] 45c9 FA83CC LD A,(CC83h)   AF=0000 BC=5400 DE=df40 HL=d631 SP=c210 P1=018000 vc=19 bI
[0185cc] 45cc 6F     LD L,A         AF=0000 BC=5400 DE=df40 HL=d631 SP=c210 P1=018000 vc=19 bI
[0185cd] 45cd FAA0CB LD A,(CBA0h)   AF=0000 BC=5400 DE=df40 HL=d600 SP=c210 P1=018000 vc=19 bI
[0185d0] 45d0 B5     OR L           AF=0000 BC=5400 DE=df40 HL=d600 SP=c210 P1=018000 vc=19 bI
[0185d1] 45d1 200F   JR NZ,45E2h    AF=0080 BC=5400 DE=df40 HL=d600 SP=c210 P1=018000 vc=19 bI
[0185d3] 45d3 CD802A CALL 2A80h     AF=0080 BC=5400 DE=df40 HL=d600 SP=c210 P1=018000 vc=19 bI
[002a80] 2a80 E5     PUSH HL        AF=0080 BC=5400 DE=df40 HL=d600 SP=c20e P1=018000 vc=19 bI
[002a81] 2a81 FA08D0 LD A,(D008h)   AF=0080 BC=5400 DE=df40 HL=d600 SP=c20c P1=018000 vc=19 bI
[002a84] 2a84 219C2A LD HL,2A9Ch    AF=0280 BC=5400 DE=df40 HL=d600 SP=c20c P1=018000 vc=19 bI
[002a87] 2a87 DF     RST 18         AF=0280 BC=5400 DE=df40 HL=2a9c SP=c20c P1=018000 vc=19 bI
[002a88] 2a88 FA33D0 LD A,(D033h)   AF=0280 BC=5400 DE=df40 HL=2aa0 SP=c20c P1=018000 vc=19 bI
[002a8b] 2a8b A6     AND (HL)       AF=0080 BC=5400 DE=df40 HL=2aa0 SP=c20c P1=018000 vc=19 bI
[002a8c] 2a8c BE     CP (HL)        AF=00a0 BC=5400 DE=df40 HL=2aa0 SP=c20c P1=018000 vc=20 BI
[002a8d] 2a8d 200A   JR NZ,2A99h    AF=0050 BC=5400 DE=df40 HL=2aa0 SP=c20c P1=018000 vc=20 BI
[002a99] 2a99 E1     POP HL         AF=0050 BC=5400 DE=df40 HL=2aa0 SP=c20c P1=018000 vc=20 BI
[002a9a] 2a9a AF     XOR A          AF=0050 BC=5400 DE=df40 HL=d600 SP=c20e P1=018000 vc=20 BI
[002a9b] 2a9b C9     RET            AF=0080 BC=5400 DE=df40 HL=d600 SP=c20e P1=018000 vc=20 BI
[0185d6] 45d6 300A   JR NC,45E2h    AF=0080 BC=5400 DE=df40 HL=d600 SP=c210 P1=018000 vc=20 BI
[0185e2] 45e2 FA81C6 LD A,(C681h)   AF=0080 BC=5400 DE=df40 HL=d600 SP=c210 P1=018000 vc=20 BI
[0185e5] 45e5 FE01   CP 01h         AF=1980 BC=5400 DE=df40 HL=d600 SP=c210 P1=018000 vc=20 BI
[0185e7] 45e7 2807   JR Z,45F0h     AF=1940 BC=5400 DE=df40 HL=d600 SP=c210 P1=018000 vc=20 BI
[0185e9] 45e9 FA80C6 LD A,(C680h)   AF=1940 BC=5400 DE=df40 HL=d600 SP=c210 P1=018000 vc=20 BI
[0185ec] 45ec FE01   CP 01h         AF=0540 BC=5400 DE=df40 HL=d600 SP=c210 P1=018000 vc=20 BI
[0185ee] 45ee 200B   JR NZ,45FBh    AF=0540 BC=5400 DE=df40 HL=d600 SP=c210 P1=018000 vc=20 BI
[0185fb] 45fb FA83CC LD A,(CC83h)   AF=0540 BC=5400 DE=df40 HL=d600 SP=c210 P1=018000 vc=20 BI
[0185fe] 45fe B7     OR A           AF=0040 BC=5400 DE=df40 HL=d600 SP=c210 P1=018000 vc=20 BI
[0185ff] 45ff 2804   JR Z,4605h     AF=0080 BC=5400 DE=df40 HL=d600 SP=c210 P1=018000 vc=20 BI
[018605] 4605 79     LD A,C         AF=0080 BC=5400 DE=df40 HL=d600 SP=c210 P1=018000 vc=20 BI
[018606] 4606 87     ADD A,A        AF=0080 BC=5400 DE=df40 HL=d600 SP=c210 P1=018000 vc=20 BI
[018607] 4607 87     ADD A,A        AF=0080 BC=5400 DE=df40 HL=d600 SP=c210 P1=018000 vc=20 BI
[018608] 4608 EA34D0 LD (D034h),A   AF=0080 BC=5400 DE=df40 HL=d600 SP=c210 P1=018000 vc=20 BI
[01860b] 460b C9     RET            AF=0080 BC=5400 DE=df40 HL=d600 SP=c210 P1=018000 vc=20 BI
[01857c] 457c 80     ADD A,B        AF=0080 BC=5400 DE=df40 HL=d600 SP=c212 P1=018000 vc=20 BI
[01857d] 457d 47     LD B,A         AF=5400 BC=5400 DE=df40 HL=d600 SP=c212 P1=018000 vc=20 BI
[01857e] 457e C9     RET            AF=5400 BC=5400 DE=df40 HL=d600 SP=c212 P1=018000 vc=20 BI
[0184cd] 44cd FA01D0 LD A,(D001h)   AF=5400 BC=5400 DE=df40 HL=d600 SP=c214 P1=018000 vc=20 BI
[0184d0] 44d0 210245 LD HL,4502h    AF=0000 BC=5400 DE=df40 HL=d600 SP=c214 P1=018000 vc=20 BI
[0184d3] 44d3 D7     RST 10         AF=0000 BC=5400 DE=df40 HL=4502 SP=c214 P1=018000 vc=20 BI
[0184d4] 44d4 78     LD A,B         AF=0200 BC=5400 DE=df40 HL=4502 SP=c214 P1=018000 vc=20 BI
[0184d5] 44d5 BE     CP (HL)        AF=5400 BC=5400 DE=df40 HL=4502 SP=c214 P1=018000 vc=20 BI
[0184d6] 44d6 3804   JR C,44DCh     AF=54c0 BC=5400 DE=df40 HL=4502 SP=c214 P1=018000 vc=20 BI
[0184d8] 44d8 FA08D0 LD A,(D008h)   AF=54c0 BC=5400 DE=df40 HL=4502 SP=c214 P1=018000 vc=20 BI
[0184db] 44db 80     ADD A,B        AF=02c0 BC=5400 DE=df40 HL=4502 SP=c214 P1=018000 vc=20 BI
[0184dc] 44dc 26D0   LD H,D0h       AF=5600 BC=5400 DE=df40 HL=4502 SP=c214 P1=018000 vc=20 BI
[0184de] 44de CDEA44 CALL 44EAh     AF=5600 BC=5400 DE=df40 HL=d002 SP=c214 P1=018000 vc=20 BI
[0184ea] 44ea 2E32   LD L,32h       AF=5600 BC=5400 DE=df40 HL=d002 SP=c212 P1=018000 vc=20 BI
[0184ec] 44ec BE     CP (HL)        AF=5600 BC=5400 DE=df40 HL=d032 SP=c212 P1=018000 vc=20 BI
[0184ed] 44ed C8     RET Z          AF=56c0 BC=5400 DE=df40 HL=d032 SP=c212 P1=018000 vc=20 BI
[0184e1] 44e1 211AD1 LD HL,D11Ah    AF=56c0 BC=5400 DE=df40 HL=d032 SP=c214 P1=018000 vc=20 BI
[0184e4] 44e4 CB7E   BIT 7,(HL)     AF=56c0 BC=5400 DE=df40 HL=d11a SP=c214 P1=018000 vc=20 BI
[0184e6] 44e6 C8     RET Z          AF=56a0 BC=5400 DE=df40 HL=d11a SP=c214 P1=018000 vc=20 BI
[002a79] 2a79 F1     POP AF         AF=56a0 BC=5400 DE=df40 HL=d11a SP=c216 P1=018000 vc=20 BI
[002a7a] 2a7a E097   LD (FF97h),A   AF=0600 BC=5400 DE=df40 HL=d11a SP=c218 P1=018000 vc=20 BI
[002a7c] 2a7c EA2222 LD (2222h),A   AF=0600 BC=5400 DE=df40 HL=d11a SP=c218 P1=018000 vc=20 BI
[002a7f] 2a7f C9     RET            AF=0600 BC=5400 DE=df40 HL=d11a SP=c218 P1=018000 vc=20 BI
[0033e3] 33e3 3E07   LD A,07h       AF=0600 BC=5400 DE=df40 HL=d11a SP=c21a P1=018000 vc=20 bI
[0033e5] 33e5 E097   LD (FF97h),A   AF=0700 BC=5400 DE=df40 HL=d11a SP=c21a P1=018000 vc=20 bI
[0033e7] 33e7 EA2222 LD (2222h),A   AF=0700 BC=5400 DE=df40 HL=d11a SP=c21a P1=018000 vc=20 bI
[0033ea] 33ea CD0249 CALL 4902h     AF=0700 BC=5400 DE=df40 HL=d11a SP=c21a P1=01c000 vc=20 bI
[01c902] 4902 AF     XOR A          AF=0700 BC=5400 DE=df40 HL=d11a SP=c218 P1=01c000 vc=20 bI
[01c903] 4903 E0AC   LD (FFACh),A   AF=0080 BC=5400 DE=df40 HL=d11a SP=c218 P1=01c000 vc=20 bI
[01c905] 4905 16D6   LD D,D6h       AF=0080 BC=5400 DE=df40 HL=d11a SP=c218 P1=01c000 vc=20 bI
[01c907] 4907 7A     LD A,D         AF=0080 BC=5400 DE=d640 HL=d11a SP=c218 P1=01c000 vc=20 bI
[01c908] 4908 E0AD   LD (FFADh),A   AF=d680 BC=5400 DE=d640 HL=d11a SP=c218 P1=01c000 vc=20 bI
[01c90a] 490a 1E00   LD E,00h       AF=d680 BC=5400 DE=d640 HL=d11a SP=c218 P1=01c000 vc=20 bI
[01c90c] 490c 1A     LD A,(DE)      AF=d680 BC=5400 DE=d600 HL=d11a SP=c218 P1=01c000 vc=20 bI
[01c90d] 490d B7     OR A           AF=0080 BC=5400 DE=d600 HL=d11a SP=c218 P1=01c000 vc=20 bI
[01c90e] 490e C41849 CALL NZ,4918h  AF=0080 BC=5400 DE=d600 HL=d11a SP=c218 P1=01c000 vc=20 bI
[01c911] 4911 14     INC D          AF=0080 BC=5400 DE=d600 HL=d11a SP=c218 P1=01c000 vc=20 bI
[01c912] 4912 7A     LD A,D         AF=0000 BC=5400 DE=d700 HL=d11a SP=c218 P1=01c000 vc=20 bI
[01c913] 4913 FEE0   CP E0h         AF=d700 BC=5400 DE=d700 HL=d11a SP=c218 P1=01c000 vc=20 bI
[01c915] 4915 38F1   JR C,4908h     AF=d750 BC=5400 DE=d700 HL=d11a SP=c218 P1=01c000 vc=20 bI
[01c917] 4917 C9     RET            AF=e0c0 BC=5400 DE=e000 HL=d11a SP=c218 P1=01c000 vc=21 BI
[0033ed] 33ed 3E01   LD A,01h       AF=e0c0 BC=5400 DE=e000 HL=d11a SP=c21a P1=01c000 vc=21 BI
[0033ef] 33ef E097   LD (FF97h),A   AF=01c0 BC=5400 DE=e000 HL=d11a SP=c21a P1=01c000 vc=21 BI
[0033f1] 33f1 EA2222 LD (2222h),A   AF=01c0 BC=5400 DE=e000 HL=d11a SP=c21a P1=01c000 vc=21 BI
[0033f4] 33f4 CDDA48 CALL 48DAh     AF=01c0 BC=5400 DE=e000 HL=d11a SP=c21a P1=004000 vc=21 BI
[0048da] 48da FAFECC LD A,(CCFEh)   AF=01c0 BC=5400 DE=e000 HL=d11a SP=c218 P1=004000 vc=21 BI
[0048dd] 48dd B7     OR A           AF=00c0 BC=5400 DE=e000 HL=d11a SP=c218 P1=004000 vc=21 BI
[0048de] 48de C8     RET Z          AF=0080 BC=5400 DE=e000 HL=d11a SP=c218 P1=004000 vc=21 bI
[0033f7] 33f7 3E00   LD A,00h       AF=0080 BC=5400 DE=e000 HL=d11a SP=c21a P1=004000 vc=21 bI
[0033f9] 33f9 E097   LD (FF97h),A   AF=0080 BC=5400 DE=e000 HL=d11a SP=c21a P1=004000 vc=21 bI
[0033fb] 33fb EA2222 LD (2222h),A   AF=0080 BC=5400 DE=e000 HL=d11a SP=c21a P1=004000 vc=21 bI
[0033fe] 33fe CD6C12 CALL 126Ch     AF=0080 BC=5400 DE=e000 HL=d11a SP=c21a P1=000000 vc=21 bI
[00126c] 126c FA00CD LD A,(CD00h)   AF=0080 BC=5400 DE=e000 HL=d11a SP=c218 P1=000000 vc=21 bI
[00126f] 126f E605   AND 05h        AF=0180 BC=5400 DE=e000 HL=d11a SP=c218 P1=000000 vc=21 bI
[001271] 1271 C8     RET Z          AF=0120 BC=5400 DE=e000 HL=d11a SP=c218 P1=000000 vc=21 bI
[001272] 1272 F097   LD A,(FF97h)   AF=0120 BC=5400 DE=e000 HL=d11a SP=c218 P1=000000 vc=21 bI
[001274] 1274 F5     PUSH AF        AF=0020 BC=5400 DE=e000 HL=d11a SP=c218 P1=000000 vc=21 bI
[001275] 1275 3E01   LD A,01h       AF=0020 BC=5400 DE=e000 HL=d11a SP=c216 P1=000000 vc=21 bI
[001277] 1277 E097   LD (FF97h),A   AF=0120 BC=5400 DE=e000 HL=d11a SP=c216 P1=000000 vc=21 bI
[001279] 1279 EA2222 LD (2222h),A   AF=0120 BC=5400 DE=e000 HL=d11a SP=c216 P1=000000 vc=21 bI
[00127c] 127c CDBF41 CALL 41BFh     AF=0120 BC=5400 DE=e000 HL=d11a SP=c216 P1=004000 vc=21 bI
[0041bf] 41bf 2100CD LD HL,CD00h    AF=0120 BC=5400 DE=e000 HL=d11a SP=c214 P1=004000 vc=21 bI
[0041c2] 41c2 CBBE   RES 7,(HL)     AF=0120 BC=5400 DE=e000 HL=cd00 SP=c214 P1=004000 vc=21 bI
[0041c4] 41c4 FA49CC LD A,(CC49h)   AF=0120 BC=5400 DE=e000 HL=cd00 SP=c214 P1=004000 vc=21 bI
[0041c7] 41c7 FE04   CP 04h         AF=0420 BC=5400 DE=e000 HL=cd00 SP=c214 P1=004000 vc=21 bI
[0041c9] 41c9 3006   JR NC,41D1h    AF=04c0 BC=5400 DE=e000 HL=cd00 SP=c214 P1=004000 vc=21 bI
[0041d1] 41d1 FA17CD LD A,(CD17h)   AF=04c0 BC=5400 DE=e000 HL=cd00 SP=c214 P1=004000 vc=21 bI
[0041d4] 41d4 57     LD D,A         AF=d0c0 BC=5400 DE=e000 HL=cd00 SP=c214 P1=004000 vc=21 bI
[0041d5] 41d5 FA16CD LD A,(CD16h)   AF=d0c0 BC=5400 DE=d000 HL=cd00 SP=c214 P1=004000 vc=21 bI
[0041d8] 41d8 C60B   ADD A,0Bh      AF=00c0 BC=5400 DE=d000 HL=cd00 SP=c214 P1=004000 vc=21 bI
[0041da] 41da 5F     LD E,A         AF=0b00 BC=5400 DE=d000 HL=cd00 SP=c214 P1=004000 vc=21 bI
[0041db] 41db 21A8FF LD HL,FFA8h    AF=0b00 BC=5400 DE=d00b HL=cd00 SP=c214 P1=004000 vc=21 bI
[0041de] 41de 1A     LD A,(DE)      AF=0b00 BC=5400 DE=d00b HL=ffa8 SP=c214 P1=004000 vc=21 bI
[0041df] 41df D640   SUB 40h        AF=1f00 BC=5400 DE=d00b HL=ffa8 SP=c214 P1=004000 vc=21 bI
[0041e1] 41e1 3001   JR NC,41E4h    AF=df50 BC=5400 DE=d00b HL=ffa8 SP=c214 P1=004000 vc=21 bI
[0041e3] 41e3 AF     XOR A          AF=df50 BC=5400 DE=d00b HL=ffa8 SP=c214 P1=004000 vc=21 bI
[0041e4] 41e4 FE30   CP 30h         AF=0080 BC=5400 DE=d00b HL=ffa8 SP=c214 P1=004000 vc=21 bI
[0041e6] 41e6 3802   JR C,41EAh     AF=0050 BC=5400 DE=d00b HL=ffa8 SP=c214 P1=004000 vc=21 bI
[0041ea] 41ea CDFE41 CALL 41FEh     AF=0050 BC=5400 DE=d00b HL=ffa8 SP=c214 P1=004000 vc=21 bI
[0041fe] 41fe 47     LD B,A         AF=0050 BC=5400 DE=d00b HL=ffa8 SP=c212 P1=004000 vc=21 bI
[0041ff] 41ff FAA0CB LD A,(CBA0h)   AF=0050 BC=0000 DE=d00b HL=ffa8 SP=c212 P1=004000 vc=21 bI
[004202] 4202 B7     OR A           AF=0050 BC=0000 DE=d00b HL=ffa8 SP=c212 P1=004000 vc=22 BI
[004203] 4203 2009   JR NZ,420Eh    AF=0080 BC=0000 DE=d00b HL=ffa8 SP=c212 P1=004000 vc=22 BI
[004205] 4205 7E     LD A,(HL)      AF=0080 BC=0000 DE=d00b HL=ffa8 SP=c212 P1=004000 vc=22 BI
[004206] 4206 B8     CP B           AF=0080 BC=0000 DE=d00b HL=ffa8 SP=c212 P1=004000 vc=22 BI
[004207] 4207 C8     RET Z          AF=00c0 BC=0000 DE=d00b HL=ffa8 SP=c212 P1=004000 vc=22 BI
[0041ed] 41ed 21AAFF LD HL,FFAAh    AF=00c0 BC=0000 DE=d00b HL=ffa8 SP=c214 P1=004000 vc=22 BI
[0041f0] 41f0 13     INC DE         AF=00c0 BC=0000 DE=d00b HL=ffaa SP=c214 P1=004000 vc=22 BI
[0041f1] 41f1 13     INC DE         AF=00c0 BC=0000 DE=d00c HL=ffaa SP=c214 P1=004000 vc=22 BI
[0041f2] 41f2 1A     LD A,(DE)      AF=00c0 BC=0000 DE=d00d HL=ffaa SP=c214 P1=004000 vc=22 BI
[0041f3] 41f3 D650   SUB 50h        AF=cbc0 BC=0000 DE=d00d HL=ffaa SP=c214 P1=004000 vc=22 BI
[0041f5] 41f5 3001   JR NC,41F8h    AF=7b40 BC=0000 DE=d00d HL=ffaa SP=c214 P1=004000 vc=22 BI
[0041f8] 41f8 FE50   CP 50h         AF=7b40 BC=0000 DE=d00d HL=ffaa SP=c214 P1=004000 vc=22 BI
[0041fa] 41fa 3802   JR C,41FEh     AF=7b40 BC=0000 DE=d00d HL=ffaa SP=c214 P1=004000 vc=22 BI
[0041fc] 41fc 3E50   LD A,50h       AF=7b40 BC=0000 DE=d00d HL=ffaa SP=c214 P1=004000 vc=22 BI
[00127f] 127f CD8942 CALL 4289h     AF=50c0 BC=5000 DE=d00d HL=ffaa SP=c216 P1=004000 vc=22 BI
[004289] 4289 F0A8   LD A,(FFA8h)   AF=50c0 BC=5000 DE=d00d HL=ffaa SP=c214 P1=004000 vc=22 BI
[00428b] 428b 47     LD B,A         AF=00c0 BC=5000 DE=d00d HL=ffaa SP=c214 P1=004000 vc=22 BI
[00428c] 428c FA08CD LD A,(CD08h)   AF=00c0 BC=0000 DE=d00d HL=ffaa SP=c214 P1=004000 vc=22 BI
[00428f] 428f 80     ADD A,B        AF=00c0 BC=0000 DE=d00d HL=ffaa SP=c214 P1=004000 vc=22 BI
[004290] 4290 D610   SUB 10h        AF=0080 BC=0000 DE=d00d HL=ffaa SP=c214 P1=004000 vc=22 BI
[004292] 4292 EA8CC4 LD (C48Ch),A   AF=f050 BC=0000 DE=d00d HL=ffaa SP=c214 P1=004000 vc=22 BI
[004295] 4295 F0AA   LD A,(FFAAh)   AF=f050 BC=0000 DE=d00d HL=ffaa SP=c214 P1=004000 vc=22 BI
[004297] 4297 47     LD B,A         AF=5050 BC=0000 DE=d00d HL=ffaa SP=c214 P1=004000 vc=22 BI
[004298] 4298 FA09CD LD A,(CD09h)   AF=5050 BC=5000 DE=d00d HL=ffaa SP=c214 P1=004000 vc=22 BI
[00429b] 429b 80     ADD A,B        AF=f050 BC=5000 DE=d00d HL=ffaa SP=c214 P1=004000 vc=22 BI
[00429c] 429c EA8DC4 LD (C48Dh),A   AF=4010 BC=5000 DE=d00d HL=ffaa SP=c214 P1=004000 vc=22 BI
[00429f] 429f C9     RET            AF=4010 BC=5000 DE=d00d HL=ffaa SP=c214 P1=004000 vc=22 BI
[001282] 1282 CD3B42 CALL 423Bh     AF=4010 BC=5000 DE=d00d HL=ffaa SP=c216 P1=004000 vc=22 BI
[00423b] 423b FA02CC LD A,(CC02h)   AF=4010 BC=5000 DE=d00d HL=ffaa SP=c214 P1=004000 vc=22 BI
[00423e] 423e B7     OR A           AF=0010 BC=5000 DE=d00d HL=ffaa SP=c214 P1=004000 vc=22 BI
[00423f] 423f 2005   JR NZ,4246h    AF=0080 BC=5000 DE=d00d HL=ffaa SP=c214 P1=004000 vc=22 BI
[004241] 4241 FAA7CC LD A,(CCA7h)   AF=0080 BC=5000 DE=d00d HL=ffaa SP=c214 P1=004000 vc=22 BI
[004244] 4244 B7     OR A           AF=0080 BC=5000 DE=d00d HL=ffaa SP=c214 P1=004000 vc=22 BI
[004245] 4245 C0     RET NZ         AF=0080 BC=5000 DE=d00d HL=ffaa SP=c214 P1=004000 vc=22 BI
[004246] 4246 FA18CD LD A,(CD18h)   AF=0080 BC=5000 DE=d00d HL=ffaa SP=c214 P1=004000 vc=22 BI
[004249] 4249 B7     OR A           AF=0080 BC=5000 DE=d00d HL=ffaa SP=c214 P1=004000 vc=22 BI
[00424a] 424a 280E   JR Z,425Ah     AF=0080 BC=5000 DE=d00d HL=ffaa SP=c214 P1=004000 vc=22 BI
[00425a] 425a FA19CD LD A,(CD19h)   AF=0080 BC=5000 DE=d00d HL=ffaa SP=c214 P1=004000 vc=22 BI
[00425d] 425d B7     OR A           AF=0080 BC=5000 DE=d00d HL=ffaa SP=c214 P1=004000 vc=22 BI
[00425e] 425e C8     RET Z          AF=0080 BC=5000 DE=d00d HL=ffaa SP=c214 P1=004000 vc=22 BI
[001285] 1285 F1     POP AF         AF=0080 BC=5000 DE=d00d HL=ffaa SP=c216 P1=004000 vc=22 BI
[001286] 1286 E097   LD (FF97h),A   AF=0020 BC=5000 DE=d00d HL=ffaa SP=c218 P1=004000 vc=22 bI
[001288] 1288 EA2222 LD (2222h),A   AF=0020 BC=5000 DE=d00d HL=ffaa SP=c218 P1=004000 vc=22 bI
[00128b] 128b C9     RET            AF=0020 BC=5000 DE=d00d HL=ffaa SP=c218 P1=000000 vc=22 bI
[003401] 3401 3E04   LD A,04h       AF=0020 BC=5000 DE=d00d HL=ffaa SP=c21a P1=000000 vc=22 bI
[003403] 3403 E097   LD (FF97h),A   AF=0420 BC=5000 DE=d00d HL=ffaa SP=c21a P1=000000 vc=22 bI
[003405] 3405 EA2222 LD (2222h),A   AF=0420 BC=5000 DE=d00d HL=ffaa SP=c21a P1=000000 vc=22 bI
[003408] 3408 CD256B CALL 6B25h     AF=0420 BC=5000 DE=d00d HL=ffaa SP=c21a P1=010000 vc=22 bI
[012b25] 6b25 FA00CD LD A,(CD00h)   AF=0420 BC=5000 DE=d00d HL=ffaa SP=c218 P1=010000 vc=22 bI
[012b28] 6b28 E60E   AND 0Eh        AF=0120 BC=5000 DE=d00d HL=ffaa SP=c218 P1=010000 vc=22 bI
[012b2a] 6b2a C0     RET NZ         AF=00a0 BC=5000 DE=d00d HL=ffaa SP=c218 P1=010000 vc=22 bI
[012b2b] 6b2b 0604   LD B,04h       AF=00a0 BC=5000 DE=d00d HL=ffaa SP=c218 P1=010000 vc=22 bI
[012b2d] 6b2d C5     PUSH BC        AF=00a0 BC=0400 DE=d00d HL=ffaa SP=c218 P1=010000 vc=22 bI
[012b2e] 6b2e CD396B CALL 6B39h     AF=00a0 BC=0400 DE=d00d HL=ffaa SP=c216 P1=010000 vc=22 bI
[012b39] 6b39 FAF5CC LD A,(CCF5h)   AF=00a0 BC=0400 DE=d00d HL=ffaa SP=c214 P1=010000 vc=22 bI
[012b3c] 6b3c 47     LD B,A         AF=06a0 BC=0400 DE=d00d HL=ffaa SP=c214 P1=010000 vc=22 bI
[012b3d] 6b3d FAF6CC LD A,(CCF6h)   AF=06a0 BC=0600 DE=d00d HL=ffaa SP=c214 P1=010000 vc=22 bI
[012b40] 6b40 B8     CP B           AF=06a0 BC=0600 DE=d00d HL=ffaa SP=c214 P1=010000 vc=22 bI
[012b41] 6b41 C8     RET Z          AF=06c0 BC=0600 DE=d00d HL=ffaa SP=c214 P1=010000 vc=22 bI
[012b31] 6b31 C1     POP BC         AF=06c0 BC=0600 DE=d00d HL=ffaa SP=c216 P1=010000 vc=22 bI
[012b32] 6b32 05     DEC B          AF=06c0 BC=0400 DE=d00d HL=ffaa SP=c218 P1=010000 vc=22 bI
[012b33] 6b33 20F8   JR NZ,6B2Dh    AF=0640 BC=0300 DE=d00d HL=ffaa SP=c218 P1=010000 vc=22 bI
[012b35] 6b35 AF     XOR A          AF=06c0 BC=0000 DE=d00d HL=ffaa SP=c218 P1=010000 vc=23 BI
[012b36] 6b36 E070   LD (FF70h),A   AF=0080 BC=0000 DE=d00d HL=ffaa SP=c218 P1=010000 vc=23 BI
[012b38] 6b38 C9     RET            AF=0080 BC=0000 DE=d00d HL=ffaa SP=c218 P1=010000 vc=23 BI
[00340b] 340b 3E04   LD A,04h       AF=0080 BC=0000 DE=d00d HL=ffaa SP=c21a P1=010000 vc=23 BI
[00340d] 340d E097   LD (FF97h),A   AF=0480 BC=0000 DE=d00d HL=ffaa SP=c21a P1=010000 vc=23 BI
[00340f] 340f EA2222 LD (2222h),A   AF=0480 BC=0000 DE=d00d HL=ffaa SP=c21a P1=010000 vc=23 BI
[003412] 3412 CD5E57 CALL 575Eh     AF=0480 BC=0000 DE=d00d HL=ffaa SP=c21a P1=010000 vc=23 BI
[01175e] 575e 2130CD LD HL,CD30h    AF=0480 BC=0000 DE=d00d HL=ffaa SP=c218 P1=010000 vc=23 BI
[011761] 5761 CBB6   RES 6,(HL)     AF=0480 BC=0000 DE=d00d HL=cd30 SP=c218 P1=010000 vc=23 BI
[011763] 5763 FA25CD LD A,(CD25h)   AF=0480 BC=0000 DE=d00d HL=cd30 SP=c218 P1=010000 vc=23 BI
[011766] 5766 3C     INC A          AF=1880 BC=0000 DE=d00d HL=cd30 SP=c218 P1=010000 vc=23 BI
[011767] 5767 C8     RET Z          AF=1900 BC=0000 DE=d00d HL=cd30 SP=c218 P1=010000 vc=23 BI
[011768] 5768 FA00CD LD A,(CD00h)   AF=1900 BC=0000 DE=d00d HL=cd30 SP=c218 P1=010000 vc=23 BI
[01176b] 576b E601   AND 01h        AF=0100 BC=0000 DE=d00d HL=cd30 SP=c218 P1=010000 vc=23 BI
[01176d] 576d C8     RET Z          AF=0120 BC=0000 DE=d00d HL=cd30 SP=c218 P1=010000 vc=23 BI
[01176e] 576e CD7357 CALL 5773h     AF=0120 BC=0000 DE=d00d HL=cd30 SP=c218 P1=010000 vc=23 BI
[011773] 5773 FAFACC LD A,(CCFAh)   AF=0120 BC=0000 DE=d00d HL=cd30 SP=c216 P1=010000 vc=23 BI
[011776] 5776 47     LD B,A         AF=1d20 BC=0000 DE=d00d HL=cd30 SP=c216 P1=010000 vc=23 BI
[011777] 5777 FAFBCC LD A,(CCFBh)   AF=1d20 BC=1d00 DE=d00d HL=cd30 SP=c216 P1=010000 vc=23 BI
[01177a] 577a B8     CP B           AF=1d20 BC=1d00 DE=d00d HL=cd30 SP=c216 P1=010000 vc=23 BI
[01177b] 577b C8     RET Z          AF=1dc0 BC=1d00 DE=d00d HL=cd30 SP=c216 P1=010000 vc=23 BI
[011771] 5771 1827   JR 579Ah       AF=1dc0 BC=1d00 DE=d00d HL=cd30 SP=c218 P1=010000 vc=23 bI
[01179a] 579a 2131CD LD HL,CD31h    AF=1dc0 BC=1d00 DE=d00d HL=cd30 SP=c218 P1=010000 vc=23 bI
[01179d] 579d FA30CD LD A,(CD30h)   AF=1dc0 BC=1d00 DE=d00d HL=cd31 SP=c218 P1=010000 vc=23 bI
[0117a0] 57a0 CB47   BIT 0,A        AF=0fc0 BC=1d00 DE=d00d HL=cd31 SP=c218 P1=010000 vc=23 bI
[0117a2] 57a2 C4CF57 CALL NZ,57CFh  AF=0f20 BC=1d00 DE=d00d HL=cd31 SP=c218 P1=010000 vc=23 bI
[0117cf] 57cf FA30CD LD A,(CD30h)   AF=0f20 BC=1d00 DE=d00d HL=cd31 SP=c216 P1=010000 vc=23 bI
[0117d2] 57d2 CB7F   BIT 7,A        AF=0f20 BC=1d00 DE=d00d HL=cd31 SP=c216 P1=010000 vc=23 bI
[0117d4] 57d4 2002   JR NZ,57D8h    AF=0fa0 BC=1d00 DE=d00d HL=cd31 SP=c216 P1=010000 vc=23 bI
[0117d6] 57d6 35     DEC (HL)       AF=0fa0 BC=1d00 DE=d00d HL=cd31 SP=c216 P1=010000 vc=23 bI
[0117d7] 57d7 C0     RET NZ         AF=0fc0 BC=1d00 DE=d00d HL=cd31 SP=c216 P1=010000 vc=23 bI
[0117d8] 57d8 E5     PUSH HL        AF=0fc0 BC=1d00 DE=d00d HL=cd31 SP=c216 P1=010000 vc=23 bI
[0117d9] 57d9 23     INC HL         AF=0fc0 BC=1d00 DE=d00d HL=cd31 SP=c214 P1=010000 vc=23 bI
[0117da] 57da 2A     LDI A,(HL)     AF=0fc0 BC=1d00 DE=d00d HL=cd32 SP=c214 P1=010000 vc=23 bI
[0117db] 57db 66     LD H,(HL)      AF=63c0 BC=1d00 DE=d00d HL=cd33 SP=c214 P1=010000 vc=23 bI
[0117dc] 57dc 6F     LD L,A         AF=63c0 BC=1d00 DE=d00d HL=5d33 SP=c214 P1=010000 vc=23 bI
[0117dd] 57dd 5E     LD E,(HL)      AF=63c0 BC=1d00 DE=d00d HL=5d63 SP=c214 P1=010000 vc=23 bI
[0117de] 57de 23     INC HL         AF=63c0 BC=1d00 DE=d04c HL=5d63 SP=c214 P1=010000 vc=23 bI
[0117df] 57df 2A     LDI A,(HL)     AF=63c0 BC=1d00 DE=d04c HL=5d64 SP=c214 P1=010000 vc=23 bI
[0117e0] 57e0 FEFF   CP FFh         AF=0fc0 BC=1d00 DE=d04c HL=5d65 SP=c214 P1=010000 vc=23 bI
[0117e2] 57e2 2004   JR NZ,57E8h    AF=0f50 BC=1d00 DE=d04c HL=5d65 SP=c214 P1=010000 vc=23 bI
[0117e8] 57e8 4D     LD C,L         AF=0f50 BC=1d00 DE=d04c HL=5d65 SP=c214 P1=010000 vc=23 bI
[0117e9] 57e9 44     LD B,H         AF=0f50 BC=1d65 DE=d04c HL=5d65 SP=c214 P1=010000 vc=23 bI
[0117ea] 57ea E1     POP HL         AF=0f50 BC=5d65 DE=d04c HL=5d65 SP=c214 P1=010000 vc=23 bI
[0117eb] 57eb 22     LDI (HL),A     AF=0f50 BC=5d65 DE=d04c HL=cd31 SP=c216 P1=010000 vc=23 bI
[0117ec] 57ec 71     LD (HL),C      AF=0f50 BC=5d65 DE=d04c HL=cd32 SP=c216 P1=010000 vc=23 bI
[0117ed] 57ed 23     INC HL         AF=0f50 BC=5d65 DE=d04c HL=cd32 SP=c216 P1=010000 vc=23 bI
[0117ee] 57ee 70     LD (HL),B      AF=0f50 BC=5d65 DE=d04c HL=cd33 SP=c216 P1=010000 vc=23 bI
[0117ef] 57ef 43     LD B,E         AF=0f50 BC=5d65 DE=d04c HL=cd33 SP=c216 P1=010000 vc=23 bI
[0117f0] 57f0 FAFBCC LD A,(CCFBh)   AF=0f50 BC=4c65 DE=d04c HL=cd33 SP=c216 P1=010000 vc=23 bI
[0117f3] 57f3 3C     INC A          AF=1d50 BC=4c65 DE=d04c HL=cd33 SP=c216 P1=010000 vc=23 bI
[0117f4] 57f4 E61F   AND 1Fh        AF=1e10 BC=4c65 DE=d04c HL=cd33 SP=c216 P1=010000 vc=23 bI
[0117f6] 57f6 5F     LD E,A         AF=1e20 BC=4c65 DE=d04c HL=cd33 SP=c216 P1=010000 vc=23 bI
[0117f7] 57f7 FAFACC LD A,(CCFAh)   AF=1e20 BC=4c65 DE=d01e HL=cd33 SP=c216 P1=010000 vc=23 bI
[0117fa] 57fa BB     CP E           AF=1d20 BC=4c65 DE=d01e HL=cd33 SP=c216 P1=010000 vc=23 bI
[0117fb] 57fb C8     RET Z          AF=1d70 BC=4c65 DE=d01e HL=cd33 SP=c216 P1=010000 vc=23 bI
[0117fc] 57fc 7B     LD A,E         AF=1d70 BC=4c65 DE=d01e HL=cd33 SP=c216 P1=010000 vc=23 bI
[0117fd] 57fd EAFBCC LD (CCFBh),A   AF=1e70 BC=4c65 DE=d01e HL=cd33 SP=c216 P1=010000 vc=23 bI
[011800] 5800 3E02   LD A,02h       AF=1e70 BC=4c65 DE=d01e HL=cd33 SP=c216 P1=010000 vc=23 bI
[011802] 5802 E070   LD (FF70h),A   AF=0270 BC=4c65 DE=d01e HL=cd33 SP=c216 P1=010000 vc=23 bI
[011804] 5804 7B     LD A,E         AF=0270 BC=4c65 DE=d01e HL=cd33 SP=c216 P1=010000 vc=23 bI
[011805] 5805 2190DB LD HL,DB90h    AF=1e70 BC=4c65 DE=d01e HL=cd33 SP=c216 P1=010000 vc=23 bI
[011808] 5808 D7     RST 10         AF=1e70 BC=4c65 DE=d01e HL=db90 SP=c216 P1=010000 vc=23 bI
[011809] 5809 70     LD (HL),B      AF=ae00 BC=4c65 DE=d01e HL=dbae SP=c216 P1=010000 vc=24 BI
[01180a] 580a AF     XOR A          AF=ae00 BC=4c65 DE=d01e HL=dbae SP=c216 P1=010000 vc=24 BI
[01180b] 580b E070   LD (FF70h),A   AF=0080 BC=4c65 DE=d01e HL=dbae SP=c216 P1=010000 vc=24 BI
[01180d] 580d B4     OR H           AF=0080 BC=4c65 DE=d01e HL=dbae SP=c216 P1=010000 vc=24 BI
[01180e] 580e C9     RET            AF=db00 BC=4c65 DE=d01e HL=dbae SP=c216 P1=010000 vc=24 BI
[0117a5] 57a5 2134CD LD HL,CD34h    AF=db00 BC=4c65 DE=d01e HL=dbae SP=c218 P1=010000 vc=24 BI
[0117a8] 57a8 FA30CD LD A,(CD30h)   AF=db00 BC=4c65 DE=d01e HL=cd34 SP=c218 P1=010000 vc=24 BI
[0117ab] 57ab CB4F   BIT 1,A        AF=0f00 BC=4c65 DE=d01e HL=cd34 SP=c218 P1=010000 vc=24 BI
[0117ad] 57ad C4CF57 CALL NZ,57CFh  AF=0f20 BC=4c65 DE=d01e HL=cd34 SP=c218 P1=010000 vc=24 BI
[0117b0] 57b0 2137CD LD HL,CD37h    AF=0f40 BC=4c65 DE=d01e HL=cd34 SP=c218 P1=010000 vc=24 BI
[0117b3] 57b3 FA30CD LD A,(CD30h)   AF=0f40 BC=4c65 DE=d01e HL=cd37 SP=c218 P1=010000 vc=24 BI
[0117b6] 57b6 CB57   BIT 2,A        AF=0f40 BC=4c65 DE=d01e HL=cd37 SP=c218 P1=010000 vc=24 BI
[0117b8] 57b8 C4CF57 CALL NZ,57CFh  AF=0f20 BC=4c65 DE=d01e HL=cd37 SP=c218 P1=010000 vc=24 BI
[0117bb] 57bb 213ACD LD HL,CD3Ah    AF=db00 BC=547d DE=d01f HL=dbaf SP=c218 P1=010000 vc=24 bI
[0117be] 57be FA30CD LD A,(CD30h)   AF=db00 BC=547d DE=d01f HL=cd3a SP=c218 P1=010000 vc=24 bI
[0117c1] 57c1 CB5F   BIT 3,A        AF=0f00 BC=547d DE=d01f HL=cd3a SP=c218 P1=010000 vc=24 bI
[0117c3] 57c3 C4CF57 CALL NZ,57CFh  AF=0f20 BC=547d DE=d01f HL=cd3a SP=c218 P1=010000 vc=24 bI
[0117c6] 57c6 FA30CD LD A,(CD30h)   AF=db00 BC=5887 DE=d000 HL=db90 SP=c218 P1=010000 vc=25 BI
[0117c9] 57c9 E67F   AND 7Fh        AF=0f00 BC=5887 DE=d000 HL=db90 SP=c218 P1=010000 vc=25 BI
[0117cb] 57cb EA30CD LD (CD30h),A   AF=0f20 BC=5887 DE=d000 HL=db90 SP=c218 P1=010000 vc=25 BI
[0117ce] 57ce C9     RET            AF=0f20 BC=5887 DE=d000 HL=db90 SP=c218 P1=010000 vc=25 BI
[003415] 3415 AF     XOR A          AF=0f20 BC=5887 DE=d000 HL=db90 SP=c21a P1=010000 vc=25 BI
[003416] 3416 EAB6C4 LD (C4B6h),A   AF=0080 BC=5887 DE=d000 HL=db90 SP=c21a P1=010000 vc=25 BI
[003419] 3419 F1     POP AF         AF=0080 BC=5887 DE=d000 HL=db90 SP=c21a P1=010000 vc=25 BI
[00341a] 341a E097   LD (FF97h),A   AF=0180 BC=5887 DE=d000 HL=db90 SP=c21c P1=010000 vc=25 BI
[00341c] 341c EA2222 LD (2222h),A   AF=0180 BC=5887 DE=d000 HL=db90 SP=c21c P1=010000 vc=25 BI
[00341f] 341f C9     RET            AF=0180 BC=5887 DE=d000 HL=db90 SP=c21c P1=004000 vc=25 BI
[00598d] 598d CD621A CALL 1A62h     AF=0180 BC=5887 DE=d000 HL=db90 SP=c21e P1=004000 vc=25 BI
[001a62] 1a62 2601   LD H,01h       AF=0180 BC=5887 DE=d000 HL=db90 SP=c21c P1=004000 vc=25 BI
[001a64] 1a64 181A   JR 1A80h       AF=0180 BC=5887 DE=d000 HL=0190 SP=c21c P1=004000 vc=25 BI
[001a80] 1a80 6F     LD L,A         AF=0180 BC=5887 DE=d000 HL=0190 SP=c21c P1=004000 vc=25 BI
[001a81] 1a81 F070   LD A,(FF70h)   AF=0180 BC=5887 DE=d000 HL=0101 SP=c21c P1=004000 vc=25 BI
[001a83] 1a83 4F     LD C,A         AF=f880 BC=5887 DE=d000 HL=0101 SP=c21c P1=004000 vc=25 BI
[001a84] 1a84 F097   LD A,(FF97h)   AF=f880 BC=58f8 DE=d000 HL=0101 SP=c21c P1=004000 vc=25 BI
[001a86] 1a86 47     LD B,A         AF=0180 BC=58f8 DE=d000 HL=0101 SP=c21c P1=004000 vc=25 BI
[001a87] 1a87 C5     PUSH BC        AF=0180 BC=01f8 DE=d000 HL=0101 SP=c21c P1=004000 vc=25 BI
[001a88] 1a88 3E02   LD A,02h       AF=0180 BC=01f8 DE=d000 HL=0101 SP=c21a P1=004000 vc=25 BI
[001a8a] 1a8a E097   LD (FF97h),A   AF=0280 BC=01f8 DE=d000 HL=0101 SP=c21a P1=004000 vc=25 BI
[001a8c] 1a8c EA2222 LD (2222h),A   AF=0280 BC=01f8 DE=d000 HL=0101 SP=c21a P1=004000 vc=25 BI
[001a8f] 1a8f CDD84E CALL 4ED8h     AF=0280 BC=01f8 DE=d000 HL=0101 SP=c21a P1=008000 vc=25 BI
[008ed8] 4ed8 4D     LD C,L         AF=0280 BC=01f8 DE=d000 HL=0101 SP=c218 P1=008000 vc=25 BI
[008ed9] 4ed9 7C     LD A,H         AF=0280 BC=0101 DE=d000 HL=0101 SP=c218 P1=008000 vc=25 BI
[008eda] 4eda C7     RST 00         AF=0180 BC=0101 DE=d000 HL=0101 SP=c218 P1=008000 vc=25 BI
[009173] 5173 FAE8CB LD A,(CBE8h)   AF=7300 BC=0101 DE=d000 HL=5173 SP=c218 P1=008000 vc=25 bI
[009176] 5176 B7     OR A           AF=0000 BC=0101 DE=d000 HL=5173 SP=c218 P1=008000 vc=25 bI
[009177] 5177 C0     RET NZ         AF=0080 BC=0101 DE=d000 HL=5173 SP=c218 P1=008000 vc=25 bI
[009178] 5178 3E04   LD A,04h       AF=0080 BC=0101 DE=d000 HL=5173 SP=c218 P1=008000 vc=25 bI
[00917a] 517a E070   LD (FF70h),A   AF=0480 BC=0101 DE=d000 HL=5173 SP=c218 P1=008000 vc=25 bI
[00917c] 517c CDA254 CALL 54A2h     AF=0480 BC=0101 DE=d000 HL=5173 SP=c218 P1=008000 vc=25 bI
[0094a2] 54a2 0E10   LD C,10h       AF=0480 BC=0101 DE=d000 HL=5173 SP=c216 P1=008000 vc=25 bI
[0094a4] 54a4 FAA3C6 LD A,(C6A3h)   AF=0480 BC=0110 DE=d000 HL=5173 SP=c216 P1=008000 vc=25 bI
[0094a7] 54a7 FE39   CP 39h         AF=0c80 BC=0110 DE=d000 HL=5173 SP=c216 P1=008000 vc=25 bI
[0094a9] 54a9 3801   JR C,54ACh     AF=0c50 BC=0110 DE=d000 HL=5173 SP=c216 P1=008000 vc=25 bI
[0094ac] 54ac FA80C6 LD A,(C680h)   AF=0c50 BC=0110 DE=d000 HL=5173 SP=c216 P1=008000 vc=25 bI
[0094af] 54af FE0C   CP 0Ch         AF=0550 BC=0110 DE=d000 HL=5173 SP=c216 P1=008000 vc=25 bI
[0094b1] 54b1 2002   JR NZ,54B5h    AF=0570 BC=0110 DE=d000 HL=5173 SP=c216 P1=008000 vc=25 bI
[0094b5] 54b5 21EACB LD HL,CBEAh    AF=0570 BC=0110 DE=d000 HL=5173 SP=c216 P1=008000 vc=25 bI
[0094b8] 54b8 3A     LDD A,(HL)     AF=0570 BC=0110 DE=d000 HL=cbea SP=c216 P1=008000 vc=25 bI
[0094b9] 54b9 0F     RRCA           AF=0070 BC=0110 DE=d000 HL=cbe9 SP=c216 P1=008000 vc=25 bI
[0094ba] 54ba 79     LD A,C         AF=0000 BC=0110 DE=d000 HL=cbe9 SP=c216 P1=008000 vc=25 bI
[0094bb] 54bb 3802   JR C,54BFh     AF=1000 BC=0110 DE=d000 HL=cbe9 SP=c216 P1=008000 vc=25 bI
[0094bd] 54bd BE     CP (HL)        AF=1000 BC=0110 DE=d000 HL=cbe9 SP=c216 P1=008000 vc=25 bI
[0094be] 54be C8     RET Z          AF=10c0 BC=0110 DE=d000 HL=cbe9 SP=c216 P1=008000 vc=25 bI
[00917f] 517f FAEACB LD A,(CBEAh)   AF=10c0 BC=0110 DE=d000 HL=cbe9 SP=c218 P1=008000 vc=25 bI
[009182] 5182 CB47   BIT 0,A        AF=00c0 BC=0110 DE=d000 HL=cbe9 SP=c218 P1=008000 vc=25 bI
[009184] 5184 2808   JR Z,518Eh     AF=00a0 BC=0110 DE=d000 HL=cbe9 SP=c218 P1=008000 vc=25 bI
[00918e] 518e CB4F   BIT 1,A        AF=00a0 BC=0110 DE=d000 HL=cbe9 SP=c218 P1=008000 vc=25 bI
[009190] 5190 C42A53 CALL NZ,532Ah  AF=00a0 BC=0110 DE=d000 HL=cbe9 SP=c218 P1=008000 vc=25 bI
[009193] 5193 FAE5CB LD A,(CBE5h)   AF=00a0 BC=0110 DE=d000 HL=cbe9 SP=c218 P1=008000 vc=25 bI
[009196] 5196 6F     LD L,A         AF=a5a0 BC=0110 DE=d000 HL=cbe9 SP=c218 P1=008000 vc=25 bI
[009197] 5197 26C6   LD H,C6h       AF=a5a0 BC=0110 DE=d000 HL=cba5 SP=c218 P1=008000 vc=25 bI
[009199] 5199 2A     LDI A,(HL)     AF=a5a0 BC=0110 DE=d000 HL=c6a5 SP=c218 P1=008000 vc=25 bI
[00919a] 519a 46     LD B,(HL)      AF=75a0 BC=0110 DE=d000 HL=c6a6 SP=c218 P1=008000 vc=25 bI
[00919b] 519b 4F     LD C,A         AF=75a0 BC=0010 DE=d000 HL=c6a6 SP=c218 P1=008000 vc=25 bI
[00919c] 519c 21E6CB LD HL,CBE6h    AF=75a0 BC=0075 DE=d000 HL=c6a6 SP=c218 P1=008000 vc=25 bI
[00919f] 519f 2A     LDI A,(HL)     AF=75a0 BC=0075 DE=d000 HL=cbe6 SP=c218 P1=008000 vc=25 bI
[0091a0] 51a0 66     LD H,(HL)      AF=75a0 BC=0075 DE=d000 HL=cbe7 SP=c218 P1=008000 vc=26 BI
[0091a1] 51a1 6F     LD L,A         AF=75a0 BC=0075 DE=d000 HL=00e7 SP=c218 P1=008000 vc=26 BI
[0091a2] 51a2 CDD601 CALL 01D6h     AF=75a0 BC=0075 DE=d000 HL=0075 SP=c218 P1=008000 vc=26 BI
[0001d6] 01d6 7C     LD A,H         AF=75a0 BC=0075 DE=d000 HL=0075 SP=c216 P1=008000 vc=26 BI
[0001d7] 01d7 B8     CP B           AF=00a0 BC=0075 DE=d000 HL=0075 SP=c216 P1=008000 vc=26 BI
[0001dd] 01dd B9     CP C           AF=75c0 BC=0075 DE=d000 HL=0075 SP=c216 P1=008000 vc=26 BI
[0001de] 01de 3804   JR C,01E4h     AF=75c0 BC=0075 DE=d000 HL=0075 SP=c216 P1=008000 vc=26 BI
[0091a5] 51a5 281A   JR Z,51C1h     AF=0080 BC=0075 DE=d000 HL=0075 SP=c218 P1=008000 vc=26 BI
[0091c1] 51c1 FAEACB LD A,(CBEAh)   AF=0080 BC=0075 DE=d000 HL=0075 SP=c218 P1=008000 vc=26 BI
[0091c4] 51c4 CB5F   BIT 3,A        AF=0080 BC=0075 DE=d000 HL=0075 SP=c218 P1=008000 vc=26 BI
[0091c6] 51c6 281E   JR Z,51E6h     AF=00a0 BC=0075 DE=d000 HL=0075 SP=c218 P1=008000 vc=26 BI
[0091e6] 51e6 21E4CB LD HL,CBE4h    AF=00a0 BC=0075 DE=d000 HL=0075 SP=c218 P1=008000 vc=26 BI
[0091e9] 51e9 FAA2C6 LD A,(C6A2h)   AF=00a0 BC=0075 DE=d000 HL=cbe4 SP=c218 P1=008000 vc=26 BI
[0091ec] 51ec BE     CP (HL)        AF=0ca0 BC=0075 DE=d000 HL=cbe4 SP=c218 P1=008000 vc=26 BI
[0091ed] 51ed 281A   JR Z,5209h     AF=0cc0 BC=0075 DE=d000 HL=cbe4 SP=c218 P1=008000 vc=26 BI
[009209] 5209 FAEACB LD A,(CBEAh)   AF=0cc0 BC=0075 DE=d000 HL=cbe4 SP=c218 P1=008000 vc=26 BI
[00920c] 520c CB57   BIT 2,A        AF=00c0 BC=0075 DE=d000 HL=cbe4 SP=c218 P1=008000 vc=26 BI
[00920e] 520e C40554 CALL NZ,5405h  AF=00a0 BC=0075 DE=d000 HL=cbe4 SP=c218 P1=008000 vc=26 BI
[009211] 5211 214AD2 LD HL,D24Ah    AF=00a0 BC=0075 DE=d000 HL=cbe4 SP=c218 P1=008000 vc=26 BI
[009214] 5214 CD9D52 CALL 529Dh     AF=00a0 BC=0075 DE=d000 HL=d24a SP=c218 P1=008000 vc=26 BI
[00929d] 529d FAE9CB LD A,(CBE9h)   AF=00a0 BC=0075 DE=d000 HL=d24a SP=c216 P1=008000 vc=26 BI
[0092a0] 52a0 0F     RRCA           AF=10a0 BC=0075 DE=d000 HL=d24a SP=c216 P1=008000 vc=26 BI
[0092a1] 52a1 D0     RET NC         AF=0800 BC=0075 DE=d000 HL=d24a SP=c216 P1=008000 vc=26 BI
[009217] 5217 3609   LD (HL),09h    AF=0800 BC=0075 DE=d000 HL=d24a SP=c218 P1=008000 vc=26 BI
[009219] 5219 FA50CC LD A,(CC50h)   AF=0800 BC=0075 DE=d000 HL=d24a SP=c218 P1=008000 vc=26 BI
[00921c] 521c CB5F   BIT 3,A        AF=0800 BC=0075 DE=d000 HL=d24a SP=c218 P1=008000 vc=26 BI
[00921e] 521e 2818   JR Z,5238h     AF=0820 BC=0075 DE=d000 HL=d24a SP=c218 P1=008000 vc=26 BI
[009220] 5220 2C     INC L          AF=0820 BC=0075 DE=d000 HL=d24a SP=c218 P1=008000 vc=26 BI
[009221] 5221 361B   LD (HL),1Bh    AF=0800 BC=0075 DE=d000 HL=d24b SP=c218 P1=008000 vc=26 BI
[009223] 5223 FAEACB LD A,(CBEAh)   AF=0800 BC=0075 DE=d000 HL=d24b SP=c218 P1=008000 vc=26 BI
[009226] 5226 CB67   BIT 4,A        AF=0000 BC=0075 DE=d000 HL=d24b SP=c218 P1=008000 vc=26 BI
[009228] 5228 280E   JR Z,5238h     AF=00a0 BC=0075 DE=d000 HL=d24b SP=c218 P1=008000 vc=26 BI
[009238] 5238 AF     XOR A          AF=00a0 BC=0075 DE=d000 HL=d24b SP=c218 P1=008000 vc=26 BI
[009239] 5239 E070   LD (FF70h),A   AF=0080 BC=0075 DE=d000 HL=d24b SP=c218 P1=008000 vc=26 BI
[00923b] 523b FAE9CB LD A,(CBE9h)   AF=0080 BC=0075 DE=d000 HL=d24b SP=c218 P1=008000 vc=26 BI
[00923e] 523e CB7F   BIT 7,A        AF=1080 BC=0075 DE=d000 HL=d24b SP=c218 P1=008000 vc=26 BI
[009240] 5240 2040   JR NZ,5282h    AF=10a0 BC=0075 DE=d000 HL=d24b SP=c218 P1=008000 vc=26 BI
[009242] 5242 1E10   LD E,10h       AF=10a0 BC=0075 DE=d000 HL=d24b SP=c218 P1=008000 vc=26 BI
[009244] 5244 013810 LD BC,1038h    AF=10a0 BC=0075 DE=d010 HL=d24b SP=c218 P1=008000 vc=26 BI
[009247] 5247 0F     RRCA           AF=10a0 BC=1038 DE=d010 HL=d24b SP=c218 P1=008000 vc=26 BI
[009248] 5248 3002   JR NC,524Ch    AF=0800 BC=1038 DE=d010 HL=d24b SP=c218 P1=008000 vc=26 BI
[00924c] 524c 2100CB LD HL,CB00h    AF=0800 BC=1038 DE=d010 HL=d24b SP=c218 P1=008000 vc=26 BI
[00924f] 524f 78     LD A,B         AF=0800 BC=1038 DE=d010 HL=cb00 SP=c218 P1=008000 vc=26 bI
[009250] 5250 22     LDI (HL),A     AF=1000 BC=1038 DE=d010 HL=cb00 SP=c218 P1=008000 vc=26 bI
[009251] 5251 7B     LD A,E         AF=1000 BC=1038 DE=d010 HL=cb01 SP=c218 P1=008000 vc=26 bI
[009252] 5252 22     LDI (HL),A     AF=1000 BC=1038 DE=d010 HL=cb01 SP=c218 P1=008000 vc=26 bI
[009253] 5253 3E78   LD A,78h       AF=1000 BC=1038 DE=d010 HL=cb02 SP=c218 P1=008000 vc=26 bI
[009255] 5255 22     LDI (HL),A     AF=7800 BC=1038 DE=d010 HL=cb02 SP=c218 P1=008000 vc=26 bI
[009256] 5256 FAECCB LD A,(CBECh)   AF=7800 BC=1038 DE=d010 HL=cb03 SP=c218 P1=008000 vc=26 bI
[009259] 5259 22     LDI (HL),A     AF=0800 BC=1038 DE=d010 HL=cb03 SP=c218 P1=008000 vc=26 bI
[00925a] 525a 78     LD A,B         AF=0800 BC=1038 DE=d010 HL=cb04 SP=c218 P1=008000 vc=26 bI
[00925b] 525b 22     LDI (HL),A     AF=1000 BC=1038 DE=d010 HL=cb04 SP=c218 P1=008000 vc=26 bI
[00925c] 525c FAEECB LD A,(CBEEh)   AF=1000 BC=1038 DE=d010 HL=cb05 SP=c218 P1=008000 vc=26 bI
[00925f] 525f 83     ADD A,E        AF=0000 BC=1038 DE=d010 HL=cb05 SP=c218 P1=008000 vc=26 bI
[009260] 5260 22     LDI (HL),A     AF=1000 BC=1038 DE=d010 HL=cb05 SP=c218 P1=008000 vc=26 bI
[009261] 5261 3E7A   LD A,7Ah       AF=1000 BC=1038 DE=d010 HL=cb06 SP=c218 P1=008000 vc=26 bI
[009263] 5263 22     LDI (HL),A     AF=7a00 BC=1038 DE=d010 HL=cb06 SP=c218 P1=008000 vc=26 bI
[009264] 5264 FAEDCB LD A,(CBEDh)   AF=7a00 BC=1038 DE=d010 HL=cb07 SP=c218 P1=008000 vc=26 bI
[009267] 5267 22     LDI (HL),A     AF=0800 BC=1038 DE=d010 HL=cb07 SP=c218 P1=008000 vc=26 bI
[009268] 5268 78     LD A,B         AF=0800 BC=1038 DE=d010 HL=cb08 SP=c218 P1=008000 vc=26 bI
[009269] 5269 22     LDI (HL),A     AF=1000 BC=1038 DE=d010 HL=cb08 SP=c218 P1=008000 vc=26 bI
[00926a] 526a 79     LD A,C         AF=1000 BC=1038 DE=d010 HL=cb09 SP=c218 P1=008000 vc=26 bI
[00926b] 526b 22     LDI (HL),A     AF=3800 BC=1038 DE=d010 HL=cb09 SP=c218 P1=008000 vc=26 bI
[00926c] 526c 3E7C   LD A,7Ch       AF=3800 BC=1038 DE=d010 HL=cb0a SP=c218 P1=008000 vc=26 bI
[00926e] 526e 22     LDI (HL),A     AF=7c00 BC=1038 DE=d010 HL=cb0a SP=c218 P1=008000 vc=26 bI
[00926f] 526f FAF1CB LD A,(CBF1h)   AF=7c00 BC=1038 DE=d010 HL=cb0b SP=c218 P1=008000 vc=26 bI
[009272] 5272 22     LDI (HL),A     AF=0b00 BC=1038 DE=d010 HL=cb0b SP=c218 P1=008000 vc=26 bI
[009273] 5273 78     LD A,B         AF=0b00 BC=1038 DE=d010 HL=cb0c SP=c218 P1=008000 vc=26 bI
[009274] 5274 22     LDI (HL),A     AF=1000 BC=1038 DE=d010 HL=cb0c SP=c218 P1=008000 vc=26 bI
[009275] 5275 FAF3CB LD A,(CBF3h)   AF=1000 BC=1038 DE=d010 HL=cb0d SP=c218 P1=008000 vc=26 bI
[009278] 5278 81     ADD A,C        AF=0800 BC=1038 DE=d010 HL=cb0d SP=c218 P1=008000 vc=26 bI
[009279] 5279 22     LDI (HL),A     AF=4020 BC=1038 DE=d010 HL=cb0d SP=c218 P1=008000 vc=26 bI
[00927a] 527a 3E7E   LD A,7Eh       AF=4020 BC=1038 DE=d010 HL=cb0e SP=c218 P1=008000 vc=26 bI
[00927c] 527c 22     LDI (HL),A     AF=7e20 BC=1038 DE=d010 HL=cb0e SP=c218 P1=008000 vc=26 bI
[00927d] 527d FAF2CB LD A,(CBF2h)   AF=7e20 BC=1038 DE=d010 HL=cb0f SP=c218 P1=008000 vc=26 bI
[009280] 5280 22     LDI (HL),A     AF=0a20 BC=1038 DE=d010 HL=cb0f SP=c218 P1=008000 vc=26 bI
[009281] 5281 C9     RET            AF=0a20 BC=1038 DE=d010 HL=cb10 SP=c218 P1=008000 vc=26 bI
[001a92] 1a92 C1     POP BC         AF=0a20 BC=1038 DE=d010 HL=cb10 SP=c21a P1=008000 vc=26 bI
[001a93] 1a93 78     LD A,B         AF=0a20 BC=01f8 DE=d010 HL=cb10 SP=c21c P1=008000 vc=26 bI
[001a94] 1a94 E097   LD (FF97h),A   AF=0120 BC=01f8 DE=d010 HL=cb10 SP=c21c P1=008000 vc=26 bI
[001a96] 1a96 EA2222 LD (2222h),A   AF=0120 BC=01f8 DE=d010 HL=cb10 SP=c21c P1=008000 vc=26 bI
[001a99] 1a99 79     LD A,C         AF=0120 BC=01f8 DE=d010 HL=cb10 SP=c21c P1=004000 vc=26 bI
[001a9a] 1a9a E070   LD (FF70h),A   AF=f820 BC=01f8 DE=d010 HL=cb10 SP=c21c P1=004000 vc=26 bI
[001a9c] 1a9c C9     RET            AF=f820 BC=01f8 DE=d010 HL=cb10 SP=c21c P1=004000 vc=26 bI
[005990] 5990 FA04CC LD A,(CC04h)   AF=f820 BC=01f8 DE=d010 HL=cb10 SP=c21e P1=004000 vc=26 bI
[005993] 5993 B7     OR A           AF=0020 BC=01f8 DE=d010 HL=cb10 SP=c21e P1=004000 vc=26 bI
[005994] 5994 C2B45C JP NZ,5CB4h    AF=0080 BC=01f8 DE=d010 HL=cb10 SP=c21e P1=004000 vc=26 bI
[005997] 5997 CD845F CALL 5F84h     AF=0080 BC=01f8 DE=d010 HL=cb10 SP=c21e P1=004000 vc=27 BI
[005f84] 5f84 FA00CD LD A,(CD00h)   AF=0080 BC=01f8 DE=d010 HL=cb10 SP=c21c P1=004000 vc=27 BI
[005f87] 5f87 B7     OR A           AF=0180 BC=01f8 DE=d010 HL=cb10 SP=c21c P1=004000 vc=27 BI
[005f88] 5f88 C8     RET Z          AF=0100 BC=01f8 DE=d010 HL=cb10 SP=c21c P1=004000 vc=27 BI
[005f89] 5f89 CD685F CALL 5F68h     AF=0100 BC=01f8 DE=d010 HL=cb10 SP=c21c P1=004000 vc=27 BI
[005f68] 5f68 FA48CC LD A,(CC48h)   AF=0100 BC=01f8 DE=d010 HL=cb10 SP=c21a P1=004000 vc=27 BI
[005f6b] 5f6b 0F     RRCA           AF=d000 BC=01f8 DE=d010 HL=cb10 SP=c21a P1=004000 vc=27 BI
[005f6c] 5f6c D0     RET NC         AF=6800 BC=01f8 DE=d010 HL=cb10 SP=c21a P1=004000 vc=27 BI
[005f8c] 5f8c D8     RET C          AF=6800 BC=01f8 DE=d010 HL=cb10 SP=c21c P1=004000 vc=27 BI
[005f8d] 5f8d FA77CC LD A,(CC77h)   AF=6800 BC=01f8 DE=d010 HL=cb10 SP=c21c P1=004000 vc=27 BI
[005f90] 5f90 E67F   AND 7Fh        AF=0000 BC=01f8 DE=d010 HL=cb10 SP=c21c P1=004000 vc=27 BI
[005f92] 5f92 C0     RET NZ         AF=00a0 BC=01f8 DE=d010 HL=cb10 SP=c21c P1=004000 vc=27 BI
[005f93] 5f93 FA88CC LD A,(CC88h)   AF=00a0 BC=01f8 DE=d010 HL=cb10 SP=c21c P1=004000 vc=27 BI
[005f96] 5f96 B7     OR A           AF=00a0 BC=01f8 DE=d010 HL=cb10 SP=c21c P1=004000 vc=27 BI
[005f97] 5f97 C0     RET NZ         AF=0080 BC=01f8 DE=d010 HL=cb10 SP=c21c P1=004000 vc=27 BI
[005f98] 5f98 FA04D0 LD A,(D004h)   AF=0080 BC=01f8 DE=d010 HL=cb10 SP=c21c P1=004000 vc=27 BI
[005f9b] 5f9b FE0A   CP 0Ah         AF=0180 BC=01f8 DE=d010 HL=cb10 SP=c21c P1=004000 vc=27 BI
[005f9d] 5f9d C8     RET Z          AF=0170 BC=01f8 DE=d010 HL=cb10 SP=c21c P1=004000 vc=27 BI
[005f9e] 5f9e FAA0CB LD A,(CBA0h)   AF=0170 BC=01f8 DE=d010 HL=cb10 SP=c21c P1=004000 vc=27 BI
[005fa1] 5fa1 B7     OR A           AF=0070 BC=01f8 DE=d010 HL=cb10 SP=c21c P1=004000 vc=27 BI
[005fa2] 5fa2 C0     RET NZ         AF=0080 BC=01f8 DE=d010 HL=cb10 SP=c21c P1=004000 vc=27 BI
[005fa3] 5fa3 FAAACC LD A,(CCAAh)   AF=0080 BC=01f8 DE=d010 HL=cb10 SP=c21c P1=004000 vc=27 BI
[005fa6] 5fa6 B7     OR A           AF=0080 BC=01f8 DE=d010 HL=cb10 SP=c21c P1=004000 vc=27 BI
[005fa7] 5fa7 C0     RET NZ         AF=0080 BC=01f8 DE=d010 HL=cb10 SP=c21c P1=004000 vc=27 BI
[005fa8] 5fa8 210BD0 LD HL,D00Bh    AF=0080 BC=01f8 DE=d010 HL=cb10 SP=c21c P1=004000 vc=27 BI
[005fab] 5fab 2A     LDI A,(HL)     AF=0080 BC=01f8 DE=d010 HL=d00b SP=c21c P1=004000 vc=27 BI
[005fac] 5fac C604   ADD A,04h      AF=1f80 BC=01f8 DE=d010 HL=d00c SP=c21c P1=004000 vc=27 BI
[005fae] 5fae 47     LD B,A         AF=2320 BC=01f8 DE=d010 HL=d00c SP=c21c P1=004000 vc=27 BI
[005faf] 5faf 2C     INC L          AF=2320 BC=23f8 DE=d010 HL=d00c SP=c21c P1=004000 vc=27 BI
[005fb0] 5fb0 4E     LD C,(HL)      AF=2300 BC=23f8 DE=d010 HL=d00d SP=c21c P1=004000 vc=27 BI
[005fb1] 5fb1 CD3514 CALL 1435h     AF=2300 BC=23cb DE=d010 HL=d00d SP=c21c P1=004000 vc=27 BI
[005fb4] 5fb4 E08C   LD (FF8Ch),A   AF=a000 BC=23cb DE=d010 HL=cf2c SP=c21c P1=004000 vc=27 BI
[005fb6] 5fb6 47     LD B,A         AF=a000 BC=23cb DE=d010 HL=cf2c SP=c21c P1=004000 vc=27 BI
[005fb7] 5fb7 7D     LD A,L         AF=a000 BC=a0cb DE=d010 HL=cf2c SP=c21c P1=004000 vc=27 BI
[005fb8] 5fb8 E08D   LD (FF8Dh),A   AF=2c00 BC=a0cb DE=d010 HL=cf2c SP=c21c P1=004000 vc=27 BI
[005fba] 5fba FA00CD LD A,(CD00h)   AF=2c00 BC=a0cb DE=d010 HL=cf2c SP=c21c P1=004000 vc=27 BI
[005fbd] 5fbd E604   AND 04h        AF=0100 BC=a0cb DE=d010 HL=cf2c SP=c21c P1=004000 vc=27 BI
[005fbf] 5fbf 2004   JR NZ,5FC5h    AF=00a0 BC=a0cb DE=d010 HL=cf2c SP=c21c P1=004000 vc=27 BI
[005fc1] 5fc1 CDAD60 CALL 60ADh     AF=00a0 BC=a0cb DE=d010 HL=cf2c SP=c21c P1=004000 vc=27 BI
[0060ad] 60ad 37     SCF            AF=00a0 BC=a0cb DE=d010 HL=cf2c SP=c21a P1=004000 vc=27 bI
[0060ae] 60ae FAA8CC LD A,(CCA8h)   AF=0090 BC=a0cb DE=d010 HL=cf2c SP=c21a P1=004000 vc=27 bI
[0060b1] 60b1 3C     INC A          AF=ff90 BC=a0cb DE=d010 HL=cf2c SP=c21a P1=004000 vc=27 bI
[0060b2] 60b2 C8     RET Z          AF=00b0 BC=a0cb DE=d010 HL=cf2c SP=c21a P1=004000 vc=27 bI
[005fc4] 5fc4 D0     RET NC         AF=00b0 BC=a0cb DE=d010 HL=cf2c SP=c21c P1=004000 vc=27 bI
[005fc5] 5fc5 3EFF   LD A,FFh       AF=00b0 BC=a0cb DE=d010 HL=cf2c SP=c21c P1=004000 vc=27 bI
[005fc7] 5fc7 EAA8CC LD (CCA8h),A   AF=ffb0 BC=a0cb DE=d010 HL=cf2c SP=c21c P1=004000 vc=27 bI
[005fca] 5fca FA49CC LD A,(CC49h)   AF=ffb0 BC=a0cb DE=d010 HL=cf2c SP=c21c P1=004000 vc=27 bI
[005fcd] 5fcd C7     RST 00         AF=04b0 BC=a0cb DE=d010 HL=cf2c SP=c21c P1=004000 vc=27 bI
[005fde] 5fde CD3C60 CALL 603Ch     AF=de20 BC=a0cb DE=d010 HL=5fde SP=c21c P1=004000 vc=27 bI
[00603c] 603c FA48CC LD A,(CC48h)   AF=de20 BC=a0cb DE=d010 HL=5fde SP=c21a P1=004000 vc=27 bI
[00603f] 603f 67     LD H,A         AF=d020 BC=a0cb DE=d010 HL=5fde SP=c21a P1=004000 vc=27 bI
[006040] 6040 2E0F   LD L,0Fh       AF=d020 BC=a0cb DE=d010 HL=d0de SP=c21a P1=004000 vc=27 bI
[006042] 6042 7E     LD A,(HL)      AF=d020 BC=a0cb DE=d010 HL=d00f SP=c21a P1=004000 vc=27 bI
[006043] 6043 B7     OR A           AF=0020 BC=a0cb DE=d010 HL=d00f SP=c21a P1=004000 vc=27 bI
[006044] 6044 C0     RET NZ         AF=0080 BC=a0cb DE=d010 HL=d00f SP=c21a P1=004000 vc=27 bI
[006045] 6045 FA02CC LD A,(CC02h)   AF=0080 BC=a0cb DE=d010 HL=d00f SP=c21a P1=004000 vc=27 bI
[006048] 6048 B7     OR A           AF=0080 BC=a0cb DE=d010 HL=d00f SP=c21a P1=004000 vc=27 bI
[006049] 6049 20EF   JR NZ,603Ah    AF=0080 BC=a0cb DE=d010 HL=d00f SP=c21a P1=004000 vc=27 bI
[00604b] 604b F08C   LD A,(FF8Ch)   AF=0080 BC=a0cb DE=d010 HL=d00f SP=c21a P1=004000 vc=27 bI
[00604d] 604d CDE260 CALL 60E2h     AF=a080 BC=a0cb DE=d010 HL=d00f SP=c21a P1=004000 vc=27 bI
[0060e2] 60e2 21E860 LD HL,60E8h    AF=a080 BC=a0cb DE=d010 HL=d00f SP=c218 P1=004000 vc=27 bI
[0060e5] 60e5 C3DD1D JP 1DDDh       AF=a080 BC=a0cb DE=d010 HL=60e8 SP=c218 P1=004000 vc=27 bI
[006050] 6050 30E8   JR NC,603Ah    AF=0080 BC=a0cb DE=d0a0 HL=6139 SP=c21a P1=004000 vc=28 BI
[00603a] 603a AF     XOR A          AF=0080 BC=a0cb DE=d0a0 HL=6139 SP=c21a P1=004000 vc=28 BI
[00603b] 603b C9     RET            AF=0080 BC=a0cb DE=d0a0 HL=6139 SP=c21a P1=004000 vc=28 BI
[005fe1] 5fe1 D8     RET C          AF=0080 BC=a0cb DE=d0a0 HL=6139 SP=c21c P1=004000 vc=28 BI
[005fe2] 5fe2 CDCA60 CALL 60CAh     AF=0080 BC=a0cb DE=d0a0 HL=6139 SP=c21c P1=004000 vc=28 BI
[0060ca] 60ca 3EFF   LD A,FFh       AF=0080 BC=a0cb DE=d0a0 HL=6139 SP=c21a P1=004000 vc=28 BI
[0060cc] 60cc EAC0CE LD (CEC0h),A   AF=ff80 BC=a0cb DE=d0a0 HL=6139 SP=c21a P1=004000 vc=28 BI
[0060cf] 60cf 21A846 LD HL,46A8h    AF=ff80 BC=a0cb DE=d0a0 HL=6139 SP=c21a P1=004000 vc=28 BI
[0060d2] 60d2 1E04   LD E,04h       AF=ff80 BC=a0cb DE=d0a0 HL=46a8 SP=c21a P1=004000 vc=28 BI
[0060d4] 60d4 CD8A00 CALL 008Ah     AF=ff80 BC=a0cb DE=d004 HL=46a8 SP=c21a P1=004000 vc=28 BI
[0106a8] 46a8 FA00CD LD A,(CD00h)   AF=0480 BC=a0cb DE=d004 HL=46a8 SP=c214 P1=010000 vc=28 bI
[0106ab] 46ab E604   AND 04h        AF=0180 BC=a0cb DE=d004 HL=46a8 SP=c214 P1=010000 vc=28 bI
[0106ad] 46ad C8     RET Z          AF=00a0 BC=a0cb DE=d004 HL=46a8 SP=c214 P1=010000 vc=28 bI
[0060d7] 60d7 FAC0CE LD A,(CEC0h)   AF=0180 BC=a0cb DE=d004 HL=46a8 SP=c21a P1=004000 vc=28 bI
[0060da] 60da FEFF   CP FFh         AF=ff80 BC=a0cb DE=d004 HL=46a8 SP=c21a P1=004000 vc=28 bI
[0060dc] 60dc CA3A60 JP Z,603Ah     AF=ffc0 BC=a0cb DE=d004 HL=46a8 SP=c21a P1=004000 vc=28 bI
[005fe5] 5fe5 D0     RET NC         AF=0080 BC=a0cb DE=d004 HL=46a8 SP=c21c P1=004000 vc=28 bI
[00599a] 599a FA67CC LD A,(CC67h)   AF=0080 BC=a0cb DE=d004 HL=46a8 SP=c21e P1=004000 vc=28 bI
[00599d] 599d B7     OR A           AF=0080 BC=a0cb DE=d004 HL=46a8 SP=c21e P1=004000 vc=28 bI
[00599e] 599e C2855C JP NZ,5C85h    AF=0080 BC=a0cb DE=d004 HL=46a8 SP=c21e P1=004000 vc=28 bI
[0059a1] 59a1 FA68CC LD A,(CC68h)   AF=0080 BC=a0cb DE=d004 HL=46a8 SP=c21e P1=004000 vc=28 bI
[0059a4] 59a4 B7     OR A           AF=0080 BC=a0cb DE=d004 HL=46a8 SP=c21e P1=004000 vc=28 bI
[0059a5] 59a5 C27D5C JP NZ,5C7Dh    AF=0080 BC=a0cb DE=d004 HL=46a8 SP=c21e P1=004000 vc=28 bI
[0059a8] 59a8 CD8B5D CALL 5D8Bh     AF=0080 BC=a0cb DE=d004 HL=46a8 SP=c21e P1=004000 vc=28 bI
[005d8b] 5d8b FA00CD LD A,(CD00h)   AF=0080 BC=a0cb DE=d004 HL=46a8 SP=c21c P1=004000 vc=28 bI
[005d8e] 5d8e E604   AND 04h        AF=0180 BC=a0cb DE=d004 HL=46a8 SP=c21c P1=004000 vc=28 bI
[005d90] 5d90 C8     RET Z          AF=00a0 BC=a0cb DE=d004 HL=46a8 SP=c21c P1=004000 vc=28 bI
[0059ab] 59ab D2A51D JP NC,1DA5h    AF=00a0 BC=a0cb DE=d004 HL=46a8 SP=c21e P1=004000 vc=28 bI
[001da5] 1da5 CD3218 CALL 1832h     AF=00a0 BC=a0cb DE=d004 HL=46a8 SP=c21e P1=004000 vc=28 bI
[001da8] 1da8 F097   LD A,(FF97h)   AF=0080 BC=a0cb DE=d004 HL=46a8 SP=c21e P1=004000 vc=29 BI
[001daa] 1daa F5     PUSH AF        AF=0180 BC=a0cb DE=d004 HL=46a8 SP=c21e P1=004000 vc=29 BI
[001dab] 1dab 3E07   LD A,07h       AF=0180 BC=a0cb DE=d004 HL=46a8 SP=c21c P1=004000 vc=29 BI
[001dad] 1dad E097   LD (FF97h),A   AF=0780 BC=a0cb DE=d004 HL=46a8 SP=c21c P1=004000 vc=29 BI
[001daf] 1daf EA2222 LD (2222h),A   AF=0780 BC=a0cb DE=d004 HL=46a8 SP=c21c P1=004000 vc=29 BI
[001db2] 1db2 CDB941 CALL 41B9h     AF=0780 BC=a0cb DE=d004 HL=46a8 SP=c21c P1=01c000 vc=29 BI
[01c1b9] 41b9 FA08D0 LD A,(D008h)   AF=0780 BC=a0cb DE=d004 HL=46a8 SP=c21a P1=01c000 vc=29 BI
[01c1bc] 41bc 87     ADD A,A        AF=0280 BC=a0cb DE=d004 HL=46a8 SP=c21a P1=01c000 vc=29 BI
[01c1bd] 41bd 87     ADD A,A        AF=0400 BC=a0cb DE=d004 HL=46a8 SP=c21a P1=01c000 vc=29 BI
[01c1be] 41be 211942 LD HL,4219h    AF=0800 BC=a0cb DE=d004 HL=46a8 SP=c21a P1=01c000 vc=29 BI
[01c1c1] 41c1 D7     RST 10         AF=0800 BC=a0cb DE=d004 HL=4219 SP=c21a P1=01c000 vc=29 BI
[01c1c2] 41c2 118ACC LD DE,CC8Ah    AF=2120 BC=a0cb DE=d004 HL=4221 SP=c21a P1=01c000 vc=29 BI
[01c1c5] 41c5 FA0BD0 LD A,(D00Bh)   AF=2120 BC=a0cb DE=cc8a HL=4221 SP=c21a P1=01c000 vc=29 BI
[01c1c8] 41c8 86     ADD A,(HL)     AF=1f20 BC=a0cb DE=cc8a HL=4221 SP=c21a P1=01c000 vc=29 BI
[01c1c9] 41c9 12     LD (DE),A      AF=2520 BC=a0cb DE=cc8a HL=4221 SP=c21a P1=01c000 vc=29 BI
[01c1ca] 41ca 23     INC HL         AF=2520 BC=a0cb DE=cc8a HL=4221 SP=c21a P1=01c000 vc=29 BI
[01c1cb] 41cb 1C     INC E          AF=2520 BC=a0cb DE=cc8a HL=4222 SP=c21a P1=01c000 vc=29 BI
[01c1cc] 41cc FA0DD0 LD A,(D00Dh)   AF=2500 BC=a0cb DE=cc8b HL=4222 SP=c21a P1=01c000 vc=29 BI
[01c1cf] 41cf 86     ADD A,(HL)     AF=cb00 BC=a0cb DE=cc8b HL=4222 SP=c21a P1=01c000 vc=29 BI
[01c1d0] 41d0 12     LD (DE),A      AF=ca30 BC=a0cb DE=cc8b HL=4222 SP=c21a P1=01c000 vc=29 BI
[01c1d1] 41d1 23     INC HL         AF=ca30 BC=a0cb DE=cc8b HL=4222 SP=c21a P1=01c000 vc=29 BI
[01c1d2] 41d2 1C     INC E          AF=ca30 BC=a0cb DE=cc8b HL=4223 SP=c21a P1=01c000 vc=29 BI
[01c1d3] 41d3 2A     LDI A,(HL)     AF=ca10 BC=a0cb DE=cc8c HL=4223 SP=c21a P1=01c000 vc=29 BI
[01c1d4] 41d4 12     LD (DE),A      AF=0110 BC=a0cb DE=cc8c HL=4224 SP=c21a P1=01c000 vc=29 BI
[01c1d5] 41d5 1C     INC E          AF=0110 BC=a0cb DE=cc8c HL=4224 SP=c21a P1=01c000 vc=29 BI
[01c1d6] 41d6 2A     LDI A,(HL)     AF=0110 BC=a0cb DE=cc8d HL=4224 SP=c21a P1=01c000 vc=29 BI
[01c1d7] 41d7 12     LD (DE),A      AF=0610 BC=a0cb DE=cc8d HL=4225 SP=c21a P1=01c000 vc=29 BI
[01c1d8] 41d8 3E80   LD A,80h       AF=0610 BC=a0cb DE=cc8d HL=4225 SP=c21a P1=01c000 vc=29 BI
[01c1da] 41da E0AC   LD (FFACh),A   AF=8010 BC=a0cb DE=cc8d HL=4225 SP=c21a P1=01c000 vc=29 BI
[01c1dc] 41dc 16D0   LD D,D0h       AF=8010 BC=a0cb DE=cc8d HL=4225 SP=c21a P1=01c000 vc=29 BI
[01c1de] 41de 7A     LD A,D         AF=8010 BC=a0cb DE=d08d HL=4225 SP=c21a P1=01c000 vc=29 BI
[01c1df] 41df E0AD   LD (FFADh),A   AF=d010 BC=a0cb DE=d08d HL=4225 SP=c21a P1=01c000 vc=29 BI
[01c1e1] 41e1 62     LD H,D         AF=d010 BC=a0cb DE=d08d HL=4225 SP=c21a P1=01c000 vc=29 BI
[01c1e2] 41e2 2EA4   LD L,A4h       AF=d010 BC=a0cb DE=d08d HL=d025 SP=c21a P1=01c000 vc=29 BI
[01c1e4] 41e4 CB7E   BIT 7,(HL)     AF=d010 BC=a0cb DE=d08d HL=d0a4 SP=c21a P1=01c000 vc=29 BI
[01c1e6] 41e6 2808   JR Z,41F0h     AF=d0b0 BC=a0cb DE=d08d HL=d0a4 SP=c21a P1=01c000 vc=29 BI
[01c1f0] 41f0 14     INC D          AF=d0b0 BC=a0cb DE=d08d HL=d0a4 SP=c21a P1=01c000 vc=29 BI
[01c1f1] 41f1 7A     LD A,D         AF=d010 BC=a0cb DE=d18d HL=d0a4 SP=c21a P1=01c000 vc=29 BI
[01c1f2] 41f2 FEE0   CP E0h         AF=d110 BC=a0cb DE=d18d HL=d0a4 SP=c21a P1=01c000 vc=29 BI
[01c1f4] 41f4 38E9   JR C,41DFh     AF=d150 BC=a0cb DE=d18d HL=d0a4 SP=c21a P1=01c000 vc=29 BI
[01c1f6] 41f6 3EC0   LD A,C0h       AF=e0c0 BC=a0cb DE=e08d HL=dfa4 SP=c21a P1=01c000 vc=30 bI
[01c1f8] 41f8 E0AC   LD (FFACh),A   AF=c0c0 BC=a0cb DE=e08d HL=dfa4 SP=c21a P1=01c000 vc=30 bI
[01c1fa] 41fa 16D0   LD D,D0h       AF=c0c0 BC=a0cb DE=e08d HL=dfa4 SP=c21a P1=01c000 vc=30 bI
[01c1fc] 41fc 7A     LD A,D         AF=c0c0 BC=a0cb DE=d08d HL=dfa4 SP=c21a P1=01c000 vc=30 bI
[01c1fd] 41fd E0AD   LD (FFADh),A   AF=d0c0 BC=a0cb DE=d08d HL=dfa4 SP=c21a P1=01c000 vc=30 bI
[01c1ff] 41ff 62     LD H,D         AF=d0c0 BC=a0cb DE=d08d HL=dfa4 SP=c21a P1=01c000 vc=30 bI
[01c200] 4200 2EE4   LD L,E4h       AF=d0c0 BC=a0cb DE=d08d HL=d0a4 SP=c21a P1=01c000 vc=30 bI
[01c202] 4202 CB7E   BIT 7,(HL)     AF=d0c0 BC=a0cb DE=d08d HL=d0e4 SP=c21a P1=01c000 vc=30 bI
[01c204] 4204 280C   JR Z,4212h     AF=d0a0 BC=a0cb DE=d08d HL=d0e4 SP=c21a P1=01c000 vc=30 bI
[01c212] 4212 14     INC D          AF=d0a0 BC=a0cb DE=d08d HL=d0e4 SP=c21a P1=01c000 vc=30 bI
[01c213] 4213 7A     LD A,D         AF=d000 BC=a0cb DE=d18d HL=d0e4 SP=c21a P1=01c000 vc=30 bI
[01c214] 4214 FEE0   CP E0h         AF=d100 BC=a0cb DE=d18d HL=d0e4 SP=c21a P1=01c000 vc=30 bI
[01c216] 4216 38E5   JR C,41FDh     AF=d150 BC=a0cb DE=d18d HL=d0e4 SP=c21a P1=01c000 vc=30 bI
[01c218] 4218 C9     RET            AF=e0c0 BC=a0cb DE=e08d HL=dfe4 SP=c21a P1=01c000 vc=32 BI
[001db5] 1db5 F1     POP AF         AF=e0c0 BC=a0cb DE=e08d HL=dfe4 SP=c21c P1=01c000 vc=32 BI
[001db6] 1db6 E097   LD (FF97h),A   AF=0180 BC=a0cb DE=e08d HL=dfe4 SP=c21e P1=01c000 vc=32 BI
[001db8] 1db8 EA2222 LD (2222h),A   AF=0180 BC=a0cb DE=e08d HL=dfe4 SP=c21e P1=01c000 vc=32 BI
[001dbb] 1dbb C9     RET            AF=0180 BC=a0cb DE=e08d HL=dfe4 SP=c21e P1=004000 vc=32 BI
[00326b] 326b CD760D CALL 0D76h     AF=0180 BC=a0cb DE=e08d HL=dfe4 SP=c220 P1=004000 vc=32 BI
[000d76] 0d76 21B6C4 LD HL,C4B6h    AF=0180 BC=a0cb DE=e08d HL=dfe4 SP=c21e P1=004000 vc=32 BI
[000d79] 0d79 CB46   BIT 0,(HL)     AF=0180 BC=a0cb DE=e08d HL=c4b6 SP=c21e P1=004000 vc=32 BI
[000d7b] 0d7b C0     RET NZ         AF=01a0 BC=a0cb DE=e08d HL=c4b6 SP=c21e P1=004000 vc=32 BI
[000d7c] 0d7c 36FF   LD (HL),FFh    AF=01a0 BC=a0cb DE=e08d HL=c4b6 SP=c21e P1=004000 vc=32 BI
[000d7e] 0d7e F097   LD A,(FF97h)   AF=01a0 BC=a0cb DE=e08d HL=c4b6 SP=c21e P1=004000 vc=32 BI
[000d80] 0d80 F5     PUSH AF        AF=01a0 BC=a0cb DE=e08d HL=c4b6 SP=c21e P1=004000 vc=32 BI
[000d81] 0d81 CD4610 CALL 1046h     AF=01a0 BC=a0cb DE=e08d HL=c4b6 SP=c21c P1=004000 vc=32 BI
[001046] 1046 219EFF LD HL,FF9Eh    AF=01a0 BC=a0cb DE=e08d HL=c4b6 SP=c21a P1=004000 vc=32 BI
[001049] 1049 AF     XOR A          AF=01a0 BC=a0cb DE=e08d HL=ff9e SP=c21a P1=004000 vc=32 BI
[00104a] 104a 22     LDI (HL),A     AF=0080 BC=a0cb DE=e08d HL=ff9e SP=c21a P1=004000 vc=32 BI
[00104b] 104b 22     LDI (HL),A     AF=0080 BC=a0cb DE=e08d HL=ff9f SP=c21a P1=004000 vc=32 BI
[00104c] 104c 22     LDI (HL),A     AF=0080 BC=a0cb DE=e08d HL=ffa0 SP=c21a P1=004000 vc=32 BI
[00104d] 104d 22     LDI (HL),A     AF=0080 BC=a0cb DE=e08d HL=ffa1 SP=c21a P1=004000 vc=32 BI
[00104e] 104e 22     LDI (HL),A     AF=0080 BC=a0cb DE=e08d HL=ffa2 SP=c21a P1=004000 vc=32 BI
[00104f] 104f 1100D6 LD DE,D600h    AF=0080 BC=a0cb DE=e08d HL=ffa3 SP=c21a P1=004000 vc=32 BI
[001052] 1052 060B   LD B,0Bh       AF=0080 BC=a0cb DE=d600 HL=ffa3 SP=c21a P1=004000 vc=32 BI
[001054] 1054 CD6C10 CALL 106Ch     AF=0080 BC=0bcb DE=d600 HL=ffa3 SP=c21a P1=004000 vc=32 BI
[00106c] 106c CD7610 CALL 1076h     AF=0080 BC=0bcb DE=d600 HL=ffa3 SP=c218 P1=004000 vc=32 BI
[001076] 1076 1A     LD A,(DE)      AF=0080 BC=0bcb DE=d600 HL=ffa3 SP=c216 P1=004000 vc=32 BI
[001077] 1077 B7     OR A           AF=0080 BC=0bcb DE=d600 HL=ffa3 SP=c216 P1=004000 vc=32 BI
[001078] 1078 C8     RET Z          AF=0080 BC=0bcb DE=d600 HL=ffa3 SP=c216 P1=004000 vc=32 BI
[00106f] 106f 14     INC D          AF=0080 BC=0bcb DE=d600 HL=ffa3 SP=c218 P1=004000 vc=32 BI
[001070] 1070 7A     LD A,D         AF=0000 BC=0bcb DE=d700 HL=ffa3 SP=c218 P1=004000 vc=32 BI
[001071] 1071 FEE0   CP E0h         AF=d700 BC=0bcb DE=d700 HL=ffa3 SP=c218 P1=004000 vc=32 BI
[001073] 1073 38F7   JR C,106Ch     AF=d750 BC=0bcb DE=d700 HL=ffa3 SP=c218 P1=004000 vc=32 BI
[001075] 1075 C9     RET            AF=e0c0 BC=0bcb DE=e000 HL=ffa3 SP=c218 P1=004000 vc=33 BI
[001057] 1057 1180D0 LD DE,D080h    AF=e0c0 BC=0bcb DE=e000 HL=ffa3 SP=c21a P1=004000 vc=33 BI
[00105a] 105a 068B   LD B,8Bh       AF=e0c0 BC=0bcb DE=d080 HL=ffa3 SP=c21a P1=004000 vc=33 BI
[00105c] 105c CD6C10 CALL 106Ch     AF=e0c0 BC=8bcb DE=d080 HL=ffa3 SP=c21a P1=004000 vc=33 BI
[00105f] 105f 11C0D0 LD DE,D0C0h    AF=e0c0 BC=8bcb DE=e080 HL=ffa3 SP=c21a P1=004000 vc=34 bI
[001062] 1062 06CB   LD B,CBh       AF=e0c0 BC=8bcb DE=d0c0 HL=ffa3 SP=c21a P1=004000 vc=34 bI
[001064] 1064 CD6C10 CALL 106Ch     AF=e0c0 BC=cbcb DE=d0c0 HL=ffa3 SP=c21a P1=004000 vc=34 bI
[001067] 1067 1140D0 LD DE,D040h    AF=e0c0 BC=cbcb DE=e0c0 HL=ffa3 SP=c21a P1=004000 vc=36 BI
[00106a] 106a 064B   LD B,4Bh       AF=e0c0 BC=cbcb DE=d040 HL=ffa3 SP=c21a P1=004000 vc=36 BI
[000d84] 0d84 1100D0 LD DE,D000h    AF=e0c0 BC=4bcb DE=e040 HL=ffa3 SP=c21c P1=004000 vc=37 bI
[000d87] 0d87 060B   LD B,0Bh       AF=e0c0 BC=4bcb DE=d000 HL=ffa3 SP=c21c P1=004000 vc=37 bI
[000d89] 0d89 FAAECB LD A,(CBAEh)   AF=e0c0 BC=0bcb DE=d000 HL=ffa3 SP=c21c P1=004000 vc=37 bI
[000d8c] 0d8c E604   AND 04h        AF=00c0 BC=0bcb DE=d000 HL=ffa3 SP=c21c P1=004000 vc=37 bI
[000d8e] 0d8e 2805   JR Z,0D95h     AF=00a0 BC=0bcb DE=d000 HL=ffa3 SP=c21c P1=004000 vc=37 bI
[000d95] 0d95 CD7610 CALL 1076h     AF=00a0 BC=0bcb DE=d000 HL=ffa3 SP=c21c P1=004000 vc=37 bI
[001079] 1079 7B     LD A,E         AF=0300 BC=0bcb DE=d000 HL=ffa3 SP=c21a P1=004000 vc=38 BI
[00107a] 107a F61A   OR 1Ah         AF=0000 BC=0bcb DE=d000 HL=ffa3 SP=c21a P1=004000 vc=38 BI
[00107c] 107c 6F     LD L,A         AF=1a00 BC=0bcb DE=d000 HL=ffa3 SP=c21a P1=004000 vc=38 BI
[00107d] 107d 62     LD H,D         AF=1a00 BC=0bcb DE=d000 HL=ff1a SP=c21a P1=004000 vc=38 BI
[00107e] 107e 7E     LD A,(HL)      AF=1a00 BC=0bcb DE=d000 HL=d01a SP=c21a P1=004000 vc=38 BI
[00107f] 107f CB7F   BIT 7,A        AF=c100 BC=0bcb DE=d000 HL=d01a SP=c21a P1=004000 vc=38 BI
[001081] 1081 C8     RET Z          AF=c120 BC=0bcb DE=d000 HL=d01a SP=c21a P1=004000 vc=38 BI
[001082] 1082 E603   AND 03h        AF=c120 BC=0bcb DE=d000 HL=d01a SP=c21a P1=004000 vc=38 BI
[001084] 1084 67     LD H,A         AF=0120 BC=0bcb DE=d000 HL=d01a SP=c21a P1=004000 vc=38 BI
[001085] 1085 C69F   ADD A,9Fh      AF=0120 BC=0bcb DE=d000 HL=011a SP=c21a P1=004000 vc=38 BI
[001087] 1087 4F     LD C,A         AF=a020 BC=0bcb DE=d000 HL=011a SP=c21a P1=004000 vc=38 BI
[001088] 1088 F2     LD A,(FF00h+C) AF=a020 BC=0ba0 DE=d000 HL=011a SP=c21a P1=004000 vc=38 BI
[001089] 1089 FE10   CP 10h         AF=0020 BC=0ba0 DE=d000 HL=011a SP=c21a P1=004000 vc=38 BI
[00108b] 108b D0     RET NC         AF=0050 BC=0ba0 DE=d000 HL=011a SP=c21a P1=004000 vc=38 BI
[00108c] 108c 3C     INC A          AF=0050 BC=0ba0 DE=d000 HL=011a SP=c21a P1=004000 vc=38 BI
[00108d] 108d E2     LD (FF00h+C),A AF=0110 BC=0ba0 DE=d000 HL=011a SP=c21a P1=004000 vc=38 BI
[00108e] 108e 3D     DEC A          AF=0110 BC=0ba0 DE=d000 HL=011a SP=c21a P1=004000 vc=38 BI
[00108f] 108f CB34   SWAP H         AF=00d0 BC=0ba0 DE=d000 HL=011a SP=c21a P1=004000 vc=38 BI
[001091] 1091 84     ADD A,H        AF=0000 BC=0ba0 DE=d000 HL=101a SP=c21a P1=004000 vc=38 BI
[001092] 1092 87     ADD A,A        AF=1000 BC=0ba0 DE=d000 HL=101a SP=c21a P1=004000 vc=38 BI
[001093] 1093 6F     LD L,A         AF=2000 BC=0ba0 DE=d000 HL=101a SP=c21a P1=004000 vc=38 BI
[001094] 1094 26C5   LD H,C5h       AF=2000 BC=0ba0 DE=d000 HL=1020 SP=c21a P1=004000 vc=38 BI
[001096] 1096 78     LD A,B         AF=2000 BC=0ba0 DE=d000 HL=c520 SP=c21a P1=004000 vc=38 BI
[001097] 1097 22     LDI (HL),A     AF=0b00 BC=0ba0 DE=d000 HL=c520 SP=c21a P1=004000 vc=38 BI
[001098] 1098 72     LD (HL),D      AF=0b00 BC=0ba0 DE=d000 HL=c521 SP=c21a P1=004000 vc=38 BI
[001099] 1099 C9     RET            AF=0b00 BC=0ba0 DE=d000 HL=c521 SP=c21a P1=004000 vc=38 BI
[000d98] 0d98 14     INC D          AF=0b00 BC=0ba0 DE=d000 HL=c521 SP=c21c P1=004000 vc=38 BI
[000d99] 0d99 7A     LD A,D         AF=0b00 BC=0ba0 DE=d100 HL=c521 SP=c21c P1=004000 vc=38 BI
[000d9a] 0d9a FED6   CP D6h         AF=d100 BC=0ba0 DE=d100 HL=c521 SP=c21c P1=004000 vc=38 BI
[000d9c] 0d9c 38F7   JR C,0D95h     AF=d170 BC=0ba0 DE=d100 HL=c521 SP=c21c P1=004000 vc=38 BI
[000d9e] 0d9e 3E13   LD A,13h       AF=d6c0 BC=0ba0 DE=d600 HL=c521 SP=c21c P1=004000 vc=38 bI
[000da0] 0da0 E097   LD (FF97h),A   AF=13c0 BC=0ba0 DE=d600 HL=c521 SP=c21c P1=004000 vc=38 bI
[000da2] 0da2 EA2222 LD (2222h),A   AF=13c0 BC=0ba0 DE=d600 HL=c521 SP=c21c P1=004000 vc=38 bI
[000da5] 0da5 FA00CC LD A,(CC00h)   AF=13c0 BC=0ba0 DE=d600 HL=c521 SP=c21c P1=04c000 vc=38 bI
[000da8] 0da8 87     ADD A,A        AF=ddc0 BC=0ba0 DE=d600 HL=c521 SP=c21c P1=04c000 vc=38 bI
[000da9] 0da9 CB37   SWAP A         AF=ba30 BC=0ba0 DE=d600 HL=c521 SP=c21c P1=04c000 vc=38 bI
[000dab] 0dab E603   AND 03h        AF=ab00 BC=0ba0 DE=d600 HL=c521 SP=c21c P1=04c000 vc=38 bI
[000dad] 0dad 215F40 LD HL,405Fh    AF=0320 BC=0ba0 DE=d600 HL=c521 SP=c21c P1=04c000 vc=38 bI
[000db0] 0db0 DF     RST 18         AF=0320 BC=0ba0 DE=d600 HL=405f SP=c21c P1=04c000 vc=38 bI
[000db1] 0db1 2A     LDI A,(HL)     AF=0300 BC=0ba0 DE=d600 HL=4065 SP=c21c P1=04c000 vc=38 bI
[000db2] 0db2 EABAC4 LD (C4BAh),A   AF=5600 BC=0ba0 DE=d600 HL=4066 SP=c21c P1=04c000 vc=38 bI
[000db5] 0db5 2A     LDI A,(HL)     AF=5600 BC=0ba0 DE=d600 HL=4066 SP=c21c P1=04c000 vc=38 bI
[000db6] 0db6 EABBC4 LD (C4BBh),A   AF=4000 BC=0ba0 DE=d600 HL=4067 SP=c21c P1=04c000 vc=38 bI
[000db9] 0db9 21B7C4 LD HL,C4B7h    AF=4000 BC=0ba0 DE=d600 HL=4067 SP=c21c P1=04c000 vc=38 bI
[000dbc] 0dbc 3EC3   LD A,C3h       AF=4000 BC=0ba0 DE=d600 HL=c4b7 SP=c21c P1=04c000 vc=38 bI
[000dbe] 0dbe 22     LDI (HL),A     AF=c300 BC=0ba0 DE=d600 HL=c4b7 SP=c21c P1=04c000 vc=38 bI
[000dbf] 0dbf 3E50   LD A,50h       AF=c300 BC=0ba0 DE=d600 HL=c4b8 SP=c21c P1=04c000 vc=38 bI
[000dc1] 0dc1 22     LDI (HL),A     AF=5000 BC=0ba0 DE=d600 HL=c4b8 SP=c21c P1=04c000 vc=38 bI
[000dc2] 0dc2 360F   LD (HL),0Fh    AF=5000 BC=0ba0 DE=d600 HL=c4b9 SP=c21c P1=04c000 vc=39 BI
[000dc4] 0dc4 FA00CD LD A,(CD00h)   AF=5000 BC=0ba0 DE=d600 HL=c4b9 SP=c21c P1=04c000 vc=39 BI
[000dc7] 0dc7 FE08   CP 08h         AF=0100 BC=0ba0 DE=d600 HL=c4b9 SP=c21c P1=04c000 vc=39 BI
[000dc9] 0dc9 202A   JR NZ,0DF5h    AF=0170 BC=0ba0 DE=d600 HL=c4b9 SP=c21c P1=04c000 vc=39 BI
[000050] 0050 FB     EI             AF=0170 BC=0ba0 DE=d600 HL=c4b9 SP=c21a P1=04c000 vc=39 BI
[000055] 0055 C3E30C JP 0CE3h       AF=0170 BC=0ba0 DE=d600 HL=c4b9 SP=c212 P1=04c000 vc=39 BI
[000ce3] 0ce3 21B5FF LD HL,FFB5h    AF=0170 BC=0ba0 DE=d600 HL=c4b9 SP=c212 P1=04c000 vc=39 BI
[000ce6] 0ce6 CB7E   BIT 7,(HL)     AF=0170 BC=0ba0 DE=d600 HL=ffb5 SP=c212 P1=04c000 vc=39 BI
[000ce8] 0ce8 204B   JR NZ,0D35h    AF=01b0 BC=0ba0 DE=d600 HL=ffb5 SP=c212 P1=04c000 vc=39 BI
[000cea] 0cea CB46   BIT 0,(HL)     AF=01b0 BC=0ba0 DE=d600 HL=ffb5 SP=c212 P1=04c000 vc=39 BI
[000cec] 0cec 2047   JR NZ,0D35h    AF=01b0 BC=0ba0 DE=d600 HL=ffb5 SP=c212 P1=04c000 vc=39 BI
[000cee] 0cee CBC6   SET 0,(HL)     AF=01b0 BC=0ba0 DE=d600 HL=ffb5 SP=c212 P1=04c000 vc=39 BI
[000cf0] 0cf0 2C     INC L          AF=01b0 BC=0ba0 DE=d600 HL=ffb5 SP=c212 P1=04c000 vc=39 BI
[000cf1] 0cf1 35     DEC (HL)       AF=0110 BC=0ba0 DE=d600 HL=ffb6 SP=c212 P1=04c000 vc=39 BI
[000cf2] 0cf2 2007   JR NZ,0CFBh    AF=0150 BC=0ba0 DE=d600 HL=ffb6 SP=c212 P1=04c000 vc=39 BI
[000cfb] 0cfb 3E39   LD A,39h       AF=0150 BC=0ba0 DE=d600 HL=ffb6 SP=c212 P1=04c000 vc=39 BI
[000cfd] 0cfd EA2222 LD (2222h),A   AF=3950 BC=0ba0 DE=d600 HL=ffb6 SP=c212 P1=04c000 vc=39 BI
[000d00] 0d00 F0B4   LD A,(FFB4h)   AF=3950 BC=0ba0 DE=d600 HL=ffb6 SP=c212 P1=0e4000 vc=39 BI
[000d02] 0d02 CB7F   BIT 7,A        AF=0350 BC=0ba0 DE=d600 HL=ffb6 SP=c212 P1=0e4000 vc=39 BI
[000d04] 0d04 2807   JR Z,0D0Dh     AF=03b0 BC=0ba0 DE=d600 HL=ffb6 SP=c212 P1=0e4000 vc=39 BI
[000d0d] 0d0d F0B3   LD A,(FFB3h)   AF=03b0 BC=0ba0 DE=d600 HL=ffb6 SP=c212 P1=0e4000 vc=39 BI
[000d0f] 0d0f 47     LD B,A         AF=a4b0 BC=0ba0 DE=d600 HL=ffb6 SP=c212 P1=0e4000 vc=39 BI
[000d10] 0d10 F0B2   LD A,(FFB2h)   AF=a4b0 BC=a4a0 DE=d600 HL=ffb6 SP=c212 P1=0e4000 vc=39 BI
[000d12] 0d12 B8     CP B           AF=a4b0 BC=a4a0 DE=d600 HL=ffb6 SP=c212 P1=0e4000 vc=39 BI
[000d13] 0d13 2813   JR Z,0D28h     AF=a4c0 BC=a4a0 DE=d600 HL=ffb6 SP=c212 P1=0e4000 vc=39 BI
[000d28] 0d28 CD0340 CALL 4003h     AF=a4c0 BC=a4a0 DE=d600 HL=ffb6 SP=c212 P1=0e4000 vc=39 BI
[0e4003] 4003 C32741 JP 4127h       AF=a4c0 BC=a4a0 DE=d600 HL=ffb6 SP=c210 P1=0e4000 vc=39 BI
[0e4127] 4127 C5     PUSH BC        AF=a4c0 BC=a4a0 DE=d600 HL=ffb6 SP=c210 P1=0e4000 vc=39 BI
[0e4128] 4128 D5     PUSH DE        AF=a4c0 BC=a4a0 DE=d600 HL=ffb6 SP=c20e P1=0e4000 vc=39 BI
[0e4129] 4129 E5     PUSH HL        AF=a4c0 BC=a4a0 DE=d600 HL=ffb6 SP=c20c P1=0e4000 vc=39 BI
[0e412a] 412a FA1BC0 LD A,(C01Bh)   AF=a4c0 BC=a4a0 DE=d600 HL=ffb6 SP=c20a P1=0e4000 vc=39 BI
[0e412d] 412d FE00   CP 00h         AF=00c0 BC=a4a0 DE=d600 HL=ffb6 SP=c20a P1=0e4000 vc=39 BI
[0e412f] 412f 2803   JR Z,4134h     AF=00c0 BC=a4a0 DE=d600 HL=ffb6 SP=c20a P1=0e4000 vc=39 BI
[0e4134] 4134 FA24C0 LD A,(C024h)   AF=00c0 BC=a4a0 DE=d600 HL=ffb6 SP=c20a P1=0e4000 vc=39 BI
[0e4137] 4137 E024   LD (FF24h),A   AF=77c0 BC=a4a0 DE=d600 HL=ffb6 SP=c20a P1=0e4000 vc=39 BI
[0e4139] 4139 FA15C0 LD A,(C015h)   AF=77c0 BC=a4a0 DE=d600 HL=ffb6 SP=c20a P1=0e4000 vc=39 BI
[0e413c] 413c FE00   CP 00h         AF=00c0 BC=a4a0 DE=d600 HL=ffb6 SP=c20a P1=0e4000 vc=39 BI
[0e413e] 413e 283F   JR Z,417Fh     AF=00c0 BC=a4a0 DE=d600 HL=ffb6 SP=c20a P1=0e4000 vc=39 bI
[0e417f] 417f 3E00   LD A,00h       AF=00c0 BC=a4a0 DE=d600 HL=ffb6 SP=c20a P1=0e4000 vc=39 bI
[0e41a2] 41a2 CD9643 CALL 4396h     AF=00c0 BC=a4a0 DE=0000 HL=c075 SP=c20a P1=0e4000 vc=39 bI
[0e4396] 4396 CD6643 CALL 4366h     AF=00c0 BC=a4a0 DE=0000 HL=c075 SP=c208 P1=0e4000 vc=39 bI
[0e4366] 4366 C5     PUSH BC        AF=00c0 BC=a4a0 DE=0000 HL=c075 SP=c206 P1=0e4000 vc=39 bI
[0e4367] 4367 D5     PUSH DE        AF=00c0 BC=a4a0 DE=0000 HL=c075 SP=c204 P1=0e4000 vc=39 bI
[0e4368] 4368 E5     PUSH HL        AF=00c0 BC=a4a0 DE=0000 HL=c075 SP=c202 P1=0e4000 vc=39 bI
[0e4369] 4369 FA1AC0 LD A,(C01Ah)   AF=00c0 BC=a4a0 DE=0000 HL=c075 SP=c200 P1=0e4000 vc=39 bI
[0e436c] 436c CB27   SLA A          AF=00c0 BC=a4a0 DE=0000 HL=c075 SP=c200 P1=0e4000 vc=39 bI
[0e436e] 436e C6E2   ADD A,E2h      AF=0080 BC=a4a0 DE=0000 HL=c075 SP=c200 P1=0e4000 vc=39 bI
[0e4370] 4370 4F     LD C,A         AF=e200 BC=a4a0 DE=0000 HL=c075 SP=c200 P1=0e4000 vc=39 bI
[0e4371] 4371 F2     LD A,(FF00h+C) AF=e200 BC=a4e2 DE=0000 HL=c075 SP=c200 P1=0e4000 vc=39 bI
[0e4372] 4372 0C     INC C          AF=b600 BC=a4e2 DE=0000 HL=c075 SP=c200 P1=0e4000 vc=39 bI
[0e4373] 4373 6F     LD L,A         AF=b600 BC=a4e3 DE=0000 HL=c075 SP=c200 P1=0e4000 vc=39 bI
[0e4374] 4374 F2     LD A,(FF00h+C) AF=b600 BC=a4e3 DE=0000 HL=c0b6 SP=c200 P1=0e4000 vc=39 bI
[0e4375] 4375 67     LD H,A         AF=4800 BC=a4e3 DE=0000 HL=c0b6 SP=c200 P1=0e4000 vc=39 bI
[0e4376] 4376 FA1AC0 LD A,(C01Ah)   AF=4800 BC=a4e3 DE=0000 HL=48b6 SP=c200 P1=0e4000 vc=39 bI
[0e4379] 4379 C6DA   ADD A,DAh      AF=0000 BC=a4e3 DE=0000 HL=48b6 SP=c200 P1=0e4000 vc=39 bI
[0e437b] 437b 4F     LD C,A         AF=da00 BC=a4e3 DE=0000 HL=48b6 SP=c200 P1=0e4000 vc=39 bI
[0e437c] 437c F2     LD A,(FF00h+C) AF=da00 BC=a4da DE=0000 HL=48b6 SP=c200 P1=0e4000 vc=39 bI
[0e437d] 437d 0C     INC C          AF=3c00 BC=a4da DE=0000 HL=48b6 SP=c200 P1=0e4000 vc=39 bI
[0e437e] 437e CD00C0 CALL C000h     AF=3c00 BC=a4db DE=0000 HL=48b6 SP=c200 P1=0e4000 vc=39 bI
[00c000] c000 E0D8   LD (FFD8h),A   AF=3c00 BC=a4db DE=0000 HL=48b6 SP=c1fe P1=0e4000 vc=39 bI
[00c002] c002 EA0020 LD (2000h),A   AF=3c00 BC=a4db DE=0000 HL=48b6 SP=c1fe P1=0e4000 vc=40 BI
[00c005] c005 2A     LDI A,(HL)     AF=3c00 BC=a4db DE=0000 HL=48b6 SP=c1fe P1=0f0000 vc=40 BI
[00c006] c006 4F     LD C,A         AF=d500 BC=a4db DE=0000 HL=48b7 SP=c1fe P1=0f0000 vc=40 BI
[00c007] c007 F0D9   LD A,(FFD9h)   AF=d500 BC=a4d5 DE=0000 HL=48b7 SP=c1fe P1=0f0000 vc=40 BI
[00c009] c009 E0D8   LD (FFD8h),A   AF=3900 BC=a4d5 DE=0000 HL=48b7 SP=c1fe P1=0f0000 vc=40 BI
[00c00b] c00b EA0020 LD (2000h),A   AF=3900 BC=a4d5 DE=0000 HL=48b7 SP=c1fe P1=0f0000 vc=40 BI
[00c00e] c00e 79     LD A,C         AF=3900 BC=a4d5 DE=0000 HL=48b7 SP=c1fe P1=0e4000 vc=40 BI
[00c00f] c00f C9     RET            AF=d500 BC=a4d5 DE=0000 HL=48b7 SP=c1fe P1=0e4000 vc=40 BI
[0e4381] 4381 F5     PUSH AF        AF=d500 BC=a4d5 DE=0000 HL=48b7 SP=c200 P1=0e4000 vc=40 BI
[0e4382] 4382 FA1AC0 LD A,(C01Ah)   AF=d500 BC=a4d5 DE=0000 HL=48b7 SP=c1fe P1=0e4000 vc=40 BI
[0e4385] 4385 CB27   SLA A          AF=0000 BC=a4d5 DE=0000 HL=48b7 SP=c1fe P1=0e4000 vc=40 BI
[0e4387] 4387 47     LD B,A         AF=0080 BC=a4d5 DE=0000 HL=48b7 SP=c1fe P1=0e4000 vc=40 BI
[0e4388] 4388 7D     LD A,L         AF=0080 BC=00d5 DE=0000 HL=48b7 SP=c1fe P1=0e4000 vc=40 BI
[0e4389] 4389 0EE2   LD C,E2h       AF=b780 BC=00d5 DE=0000 HL=48b7 SP=c1fe P1=0e4000 vc=40 BI
[0e438b] 438b CD254D CALL 4D25h     AF=b780 BC=00e2 DE=0000 HL=48b7 SP=c1fe P1=0e4000 vc=40 BI
[0e438e] 438e 7C     LD A,H         AF=b700 BC=00e3 DE=0000 HL=48b7 SP=c1fe P1=0e4000 vc=40 BI
[0e438f] 438f E2     LD (FF00h+C),A AF=4800 BC=00e3 DE=0000 HL=48b7 SP=c1fe P1=0e4000 vc=40 BI
[0e4390] 4390 0C     INC C          AF=4800 BC=00e3 DE=0000 HL=48b7 SP=c1fe P1=0e4000 vc=40 BI
[0e4391] 4391 F1     POP AF         AF=4800 BC=00e4 DE=0000 HL=48b7 SP=c1fe P1=0e4000 vc=40 BI
[0e4392] 4392 E1     POP HL         AF=d500 BC=00e4 DE=0000 HL=48b7 SP=c200 P1=0e4000 vc=40 BI
[0e4393] 4393 D1     POP DE         AF=d500 BC=00e4 DE=0000 HL=c075 SP=c202 P1=0e4000 vc=40 BI
[0e4394] 4394 C1     POP BC         AF=d500 BC=00e4 DE=0000 HL=c075 SP=c204 P1=0e4000 vc=40 BI
[0e4395] 4395 C9     RET            AF=d500 BC=a4a0 DE=0000 HL=c075 SP=c206 P1=0e4000 vc=40 BI
[0e4399] 4399 37     SCF            AF=d500 BC=a4a0 DE=0000 HL=c075 SP=c208 P1=0e4000 vc=40 BI
[0e439a] 439a 3F     CCF            AF=d510 BC=a4a0 DE=0000 HL=c075 SP=c208 P1=0e4000 vc=40 BI
[0e439b] 439b FEF0   CP F0h         AF=d500 BC=a4a0 DE=0000 HL=c075 SP=c208 P1=0e4000 vc=40 BI
[0e439d] 439d 3018   JR NC,43B7h    AF=d550 BC=a4a0 DE=0000 HL=c075 SP=c208 P1=0e4000 vc=40 BI
[0e439f] 439f 37     SCF            AF=d550 BC=a4a0 DE=0000 HL=c075 SP=c208 P1=0e4000 vc=40 BI
[0e43a0] 43a0 3F     CCF            AF=d510 BC=a4a0 DE=0000 HL=c075 SP=c208 P1=0e4000 vc=40 BI
[0e43a1] 43a1 FEE0   CP E0h         AF=d500 BC=a4a0 DE=0000 HL=c075 SP=c208 P1=0e4000 vc=40 BI
[0e43a3] 43a3 3803   JR C,43A8h     AF=d550 BC=a4a0 DE=0000 HL=c075 SP=c208 P1=0e4000 vc=40 BI
[0e43a8] 43a8 37     SCF            AF=d550 BC=a4a0 DE=0000 HL=c075 SP=c208 P1=0e4000 vc=40 BI
[0e43a9] 43a9 3F     CCF            AF=d510 BC=a4a0 DE=0000 HL=c075 SP=c208 P1=0e4000 vc=40 BI
[0e43aa] 43aa FED0   CP D0h         AF=d500 BC=a4a0 DE=0000 HL=c075 SP=c208 P1=0e4000 vc=40 BI
[0e43ac] 43ac 3803   JR C,43B1h     AF=d540 BC=a4a0 DE=0000 HL=c075 SP=c208 P1=0e4000 vc=40 BI
[0e43ae] 43ae C3CB44 JP 44CBh       AF=d540 BC=a4a0 DE=0000 HL=c075 SP=c208 P1=0e4000 vc=40 BI
[0e44cb] 44cb F5     PUSH AF        AF=d540 BC=a4a0 DE=0000 HL=c075 SP=c208 P1=0e4000 vc=40 BI
[0e44cc] 44cc FA1AC0 LD A,(C01Ah)   AF=d540 BC=a4a0 DE=0000 HL=c075 SP=c206 P1=0e4000 vc=40 BI
[0e44cf] 44cf FE04   CP 04h         AF=0040 BC=a4a0 DE=0000 HL=c075 SP=c206 P1=0e4000 vc=40 BI
[0e44d1] 44d1 2813   JR Z,44E6h     AF=0070 BC=a4a0 DE=0000 HL=c075 SP=c206 P1=0e4000 vc=40 BI
[0e44d3] 44d3 F1     POP AF         AF=0070 BC=a4a0 DE=0000 HL=c075 SP=c206 P1=0e4000 vc=40 BI
[0e44d4] 44d4 E60F   AND 0Fh        AF=d540 BC=a4a0 DE=0000 HL=c075 SP=c208 P1=0e4000 vc=40 BI
[0e44d6] 44d6 217DC0 LD HL,C07Dh    AF=0520 BC=a4a0 DE=0000 HL=c075 SP=c208 P1=0e4000 vc=40 BI
[0e44d9] 44d9 F5     PUSH AF        AF=0520 BC=a4a0 DE=0000 HL=c07d SP=c208 P1=0e4000 vc=40 BI
[0e44da] 44da FA1AC0 LD A,(C01Ah)   AF=0520 BC=a4a0 DE=0000 HL=c07d SP=c206 P1=0e4000 vc=40 bI
[0e44dd] 44dd 5F     LD E,A         AF=0020 BC=a4a0 DE=0000 HL=c07d SP=c206 P1=0e4000 vc=40 bI
[0e44de] 44de 1600   LD D,00h       AF=0020 BC=a4a0 DE=0000 HL=c07d SP=c206 P1=0e4000 vc=40 bI
[0e44e0] 44e0 19     ADD HL,DE      AF=0020 BC=a4a0 DE=0000 HL=c07d SP=c206 P1=0e4000 vc=40 bI
[0e44e1] 44e1 F1     POP AF         AF=0000 BC=a4a0 DE=0000 HL=c07d SP=c206 P1=0e4000 vc=40 bI
[0e44e2] 44e2 77     LD (HL),A      AF=0520 BC=a4a0 DE=0000 HL=c07d SP=c208 P1=0e4000 vc=40 bI
[0e44e3] 44e3 C39643 JP 4396h       AF=0520 BC=a4a0 DE=0000 HL=c07d SP=c208 P1=0e4000 vc=40 bI
[0e43b1] 43b1 EA1DC0 LD (C01Dh),A   AF=3150 BC=a4a0 DE=0000 HL=c07d SP=c208 P1=0e4000 vc=41 BI
[0e43b4] 43b4 C32945 JP 4529h       AF=3150 BC=a4a0 DE=0000 HL=c07d SP=c208 P1=0e4000 vc=41 BI
[0e4529] 4529 FA1AC0 LD A,(C01Ah)   AF=3150 BC=a4a0 DE=0000 HL=c07d SP=c208 P1=0e4000 vc=41 BI
[0e452c] 452c 213345 LD HL,4533h    AF=0050 BC=a4a0 DE=0000 HL=c07d SP=c208 P1=0e4000 vc=41 BI
[0e452f] 452f CD194D CALL 4D19h     AF=0050 BC=a4a0 DE=0000 HL=4533 SP=c208 P1=0e4000 vc=41 BI
[0e4532] 4532 E9     LD PC,HL       AF=0080 BC=a4a0 DE=4543 HL=4543 SP=c208 P1=0e4000 vc=41 BI
[0e4543] 4543 2139C0 LD HL,C039h    AF=0080 BC=a4a0 DE=4543 HL=4543 SP=c208 P1=0e4000 vc=41 BI
[0e4546] 4546 FA1AC0 LD A,(C01Ah)   AF=0080 BC=a4a0 DE=4543 HL=c039 SP=c208 P1=0e4000 vc=41 BI
[0e4549] 4549 5F     LD E,A         AF=0080 BC=a4a0 DE=4543 HL=c039 SP=c208 P1=0e4000 vc=41 BI
[0e454a] 454a 1600   LD D,00h       AF=0080 BC=a4a0 DE=4500 HL=c039 SP=c208 P1=0e4000 vc=41 BI
[0e454c] 454c 19     ADD HL,DE      AF=0080 BC=a4a0 DE=0000 HL=c039 SP=c208 P1=0e4000 vc=41 BI
[0e454d] 454d 7E     LD A,(HL)      AF=0080 BC=a4a0 DE=0000 HL=c039 SP=c208 P1=0e4000 vc=41 BI
[0e454e] 454e FE00   CP 00h         AF=0080 BC=a4a0 DE=0000 HL=c039 SP=c208 P1=0e4000 vc=41 BI
[0e4550] 4550 280B   JR Z,455Dh     AF=00c0 BC=a4a0 DE=0000 HL=c039 SP=c208 P1=0e4000 vc=41 bI
[0e455d] 455d FA1DC0 LD A,(C01Dh)   AF=00c0 BC=a4a0 DE=0000 HL=c039 SP=c208 P1=0e4000 vc=41 bI
[0e4560] 4560 FE60   CP 60h         AF=31c0 BC=a4a0 DE=0000 HL=c039 SP=c208 P1=0e4000 vc=41 bI
[0e4562] 4562 2807   JR Z,456Bh     AF=3150 BC=a4a0 DE=0000 HL=c039 SP=c208 P1=0e4000 vc=41 bI
[0e4564] 4564 FE61   CP 61h         AF=3150 BC=a4a0 DE=0000 HL=c039 SP=c208 P1=0e4000 vc=41 bI
[0e4566] 4566 2838   JR Z,45A0h     AF=3150 BC=a4a0 DE=0000 HL=c039 SP=c208 P1=0e4000 vc=41 bI
[0e4568] 4568 C3A345 JP 45A3h       AF=3150 BC=a4a0 DE=0000 HL=c039 SP=c208 P1=0e4000 vc=41 bI
[0e45a3] 45a3 FA1DC0 LD A,(C01Dh)   AF=3150 BC=a4a0 DE=0000 HL=c039 SP=c208 P1=0e4000 vc=41 bI
[0e45a6] 45a6 D60C   SUB 0Ch        AF=3150 BC=a4a0 DE=0000 HL=c039 SP=c208 P1=0e4000 vc=41 bI
[0e45a8] 45a8 21224A LD HL,4A22h    AF=2560 BC=a4a0 DE=0000 HL=c039 SP=c208 P1=0e4000 vc=41 bI
[0e45ab] 45ab CD194D CALL 4D19h     AF=2560 BC=a4a0 DE=0000 HL=4a22 SP=c208 P1=0e4000 vc=41 bI
[0e45ae] 45ae CD1A46 CALL 461Ah     AF=4a00 BC=a4a0 DE=0714 HL=0714 SP=c208 P1=0e4000 vc=41 bI
[0e461a] 461a E5     PUSH HL        AF=4a00 BC=a4a0 DE=0714 HL=0714 SP=c206 P1=0e4000 vc=41 bI
[0e461b] 461b 2133C0 LD HL,C033h    AF=4a00 BC=a4a0 DE=0714 HL=0714 SP=c204 P1=0e4000 vc=41 bI
[0e461e] 461e FA1AC0 LD A,(C01Ah)   AF=4a00 BC=a4a0 DE=0714 HL=c033 SP=c204 P1=0e4000 vc=41 bI
[0e4621] 4621 5F     LD E,A         AF=0000 BC=a4a0 DE=0714 HL=c033 SP=c204 P1=0e4000 vc=41 bI
[0e4622] 4622 1600   LD D,00h       AF=0000 BC=a4a0 DE=0700 HL=c033 SP=c204 P1=0e4000 vc=41 bI
[0e4624] 4624 19     ADD HL,DE      AF=0000 BC=a4a0 DE=0000 HL=c033 SP=c204 P1=0e4000 vc=41 bI
[0e4625] 4625 7E     LD A,(HL)      AF=0000 BC=a4a0 DE=0000 HL=c033 SP=c204 P1=0e4000 vc=41 bI
[0e4626] 4626 57     LD D,A         AF=0000 BC=a4a0 DE=0000 HL=c033 SP=c204 P1=0e4000 vc=41 bI
[0e4627] 4627 CB22   SLA D          AF=0000 BC=a4a0 DE=0000 HL=c033 SP=c204 P1=0e4000 vc=41 bI
[0e4629] 4629 3804   JR C,462Fh     AF=0080 BC=a4a0 DE=0000 HL=c033 SP=c204 P1=0e4000 vc=41 bI
[0e462b] 462b 1600   LD D,00h       AF=0080 BC=a4a0 DE=0000 HL=c033 SP=c204 P1=0e4000 vc=41 bI
[0e462d] 462d 1802   JR 4631h       AF=0080 BC=a4a0 DE=0000 HL=c033 SP=c204 P1=0e4000 vc=41 bI
[0e4631] 4631 5F     LD E,A         AF=0080 BC=a4a0 DE=0000 HL=c033 SP=c204 P1=0e4000 vc=41 bI
[0e4632] 4632 E1     POP HL         AF=0080 BC=a4a0 DE=0000 HL=c033 SP=c204 P1=0e4000 vc=41 bI
[0e4633] 4633 19     ADD HL,DE      AF=0080 BC=a4a0 DE=0000 HL=0714 SP=c206 P1=0e4000 vc=41 bI
[0e4634] 4634 FA1AC0 LD A,(C01Ah)   AF=0080 BC=a4a0 DE=0000 HL=0714 SP=c206 P1=0e4000 vc=41 bI
[0e4637] 4637 CB27   SLA A          AF=0080 BC=a4a0 DE=0000 HL=0714 SP=c206 P1=0e4000 vc=41 bI
[0e4639] 4639 47     LD B,A         AF=0080 BC=a4a0 DE=0000 HL=0714 SP=c206 P1=0e4000 vc=41 bI
[0e463a] 463a 7D     LD A,L         AF=0080 BC=00a0 DE=0000 HL=0714 SP=c206 P1=0e4000 vc=41 bI
[0e463b] 463b 0EF2   LD C,F2h       AF=1480 BC=00a0 DE=0000 HL=0714 SP=c206 P1=0e4000 vc=42 BI
[0e463d] 463d CD254D CALL 4D25h     AF=1480 BC=00f2 DE=0000 HL=0714 SP=c206 P1=0e4000 vc=42 BI
[0e4640] 4640 7C     LD A,H         AF=1400 BC=00f3 DE=0000 HL=0714 SP=c206 P1=0e4000 vc=42 BI
[0e4641] 4641 E2     LD (FF00h+C),A AF=0700 BC=00f3 DE=0000 HL=0714 SP=c206 P1=0e4000 vc=42 BI
[0e4642] 4642 0C     INC C          AF=0700 BC=00f3 DE=0000 HL=0714 SP=c206 P1=0e4000 vc=42 BI
[0e4643] 4643 7D     LD A,L         AF=0700 BC=00f4 DE=0000 HL=0714 SP=c206 P1=0e4000 vc=42 BI
[0e4644] 4644 EA1FC0 LD (C01Fh),A   AF=1400 BC=00f4 DE=0000 HL=0714 SP=c206 P1=0e4000 vc=42 BI
[0e4647] 4647 7C     LD A,H         AF=1400 BC=00f4 DE=0000 HL=0714 SP=c206 P1=0e4000 vc=42 BI
[0e4648] 4648 EA20C0 LD (C020h),A   AF=0700 BC=00f4 DE=0000 HL=0714 SP=c206 P1=0e4000 vc=42 BI
[0e464b] 464b C9     RET            AF=0700 BC=00f4 DE=0000 HL=0714 SP=c206 P1=0e4000 vc=42 BI
[0e45b1] 45b1 3E00   LD A,00h       AF=0700 BC=00f4 DE=0000 HL=0714 SP=c208 P1=0e4000 vc=42 BI
[0e45b3] 45b3 215DC0 LD HL,C05Dh    AF=0000 BC=00f4 DE=0000 HL=0714 SP=c208 P1=0e4000 vc=42 BI
[0e45b6] 45b6 F5     PUSH AF        AF=0000 BC=00f4 DE=0000 HL=c05d SP=c208 P1=0e4000 vc=42 BI
[0e45b7] 45b7 FA1AC0 LD A,(C01Ah)   AF=0000 BC=00f4 DE=0000 HL=c05d SP=c206 P1=0e4000 vc=42 BI
[0e45ba] 45ba 5F     LD E,A         AF=0000 BC=00f4 DE=0000 HL=c05d SP=c206 P1=0e4000 vc=42 BI
[0e45bb] 45bb 1600   LD D,00h       AF=0000 BC=00f4 DE=0000 HL=c05d SP=c206 P1=0e4000 vc=42 BI
[0e45bd] 45bd 19     ADD HL,DE      AF=0000 BC=00f4 DE=0000 HL=c05d SP=c206 P1=0e4000 vc=42 BI
[0e45be] 45be F1     POP AF         AF=0000 BC=00f4 DE=0000 HL=c05d SP=c206 P1=0e4000 vc=42 BI
[0e45bf] 45bf 77     LD (HL),A      AF=0000 BC=00f4 DE=0000 HL=c05d SP=c208 P1=0e4000 vc=42 BI
[0e45c0] 45c0 CD4C46 CALL 464Ch     AF=0000 BC=00f4 DE=0000 HL=c05d SP=c208 P1=0e4000 vc=42 BI
[0e4656] 4656 215DC0 LD HL,C05Dh    AF=0070 BC=00f4 DE=0000 HL=c05d SP=c206 P1=0e4000 vc=42 BI
[0e4659] 4659 FA1AC0 LD A,(C01Ah)   AF=0070 BC=00f4 DE=0000 HL=c05d SP=c206 P1=0e4000 vc=42 BI
[0e465c] 465c 5F     LD E,A         AF=0070 BC=00f4 DE=0000 HL=c05d SP=c206 P1=0e4000 vc=42 BI
[0e465d] 465d 1600   LD D,00h       AF=0070 BC=00f4 DE=0000 HL=c05d SP=c206 P1=0e4000 vc=42 BI
[0e465f] 465f 19     ADD HL,DE      AF=0070 BC=00f4 DE=0000 HL=c05d SP=c206 P1=0e4000 vc=42 BI
[0e4660] 4660 7E     LD A,(HL)      AF=0000 BC=00f4 DE=0000 HL=c05d SP=c206 P1=0e4000 vc=42 BI
[0e4661] 4661 FE00   CP 00h         AF=0000 BC=00f4 DE=0000 HL=c05d SP=c206 P1=0e4000 vc=42 BI
[0e4663] 4663 280A   JR Z,466Fh     AF=00c0 BC=00f4 DE=0000 HL=c05d SP=c206 P1=0e4000 vc=42 BI
[0e466f] 466f 2165C0 LD HL,C065h    AF=00c0 BC=00f4 DE=0000 HL=c05d SP=c206 P1=0e4000 vc=42 BI
[0e4672] 4672 FA1AC0 LD A,(C01Ah)   AF=00c0 BC=00f4 DE=0000 HL=c065 SP=c206 P1=0e4000 vc=42 BI
[0e4675] 4675 5F     LD E,A         AF=00c0 BC=00f4 DE=0000 HL=c065 SP=c206 P1=0e4000 vc=42 BI
[0e4676] 4676 1600   LD D,00h       AF=00c0 BC=00f4 DE=0000 HL=c065 SP=c206 P1=0e4000 vc=42 BI
[0e4678] 4678 19     ADD HL,DE      AF=00c0 BC=00f4 DE=0000 HL=c065 SP=c206 P1=0e4000 vc=42 BI
[0e4679] 4679 7E     LD A,(HL)      AF=0080 BC=00f4 DE=0000 HL=c065 SP=c206 P1=0e4000 vc=42 BI
[0e467a] 467a FE00   CP 00h         AF=0080 BC=00f4 DE=0000 HL=c065 SP=c206 P1=0e4000 vc=42 BI
[0e467c] 467c 2850   JR Z,46CEh     AF=00c0 BC=00f4 DE=0000 HL=c065 SP=c206 P1=0e4000 vc=42 BI
[0e46ce] 46ce 2169C0 LD HL,C069h    AF=00c0 BC=00f4 DE=0000 HL=c065 SP=c206 P1=0e4000 vc=42 BI
[0e46d1] 46d1 FA1AC0 LD A,(C01Ah)   AF=00c0 BC=00f4 DE=0000 HL=c069 SP=c206 P1=0e4000 vc=42 BI
[0e46d4] 46d4 5F     LD E,A         AF=00c0 BC=00f4 DE=0000 HL=c069 SP=c206 P1=0e4000 vc=42 bI
[0e46d5] 46d5 1600   LD D,00h       AF=00c0 BC=00f4 DE=0000 HL=c069 SP=c206 P1=0e4000 vc=42 bI
[0e46d7] 46d7 19     ADD HL,DE      AF=00c0 BC=00f4 DE=0000 HL=c069 SP=c206 P1=0e4000 vc=42 bI
[0e46d8] 46d8 7E     LD A,(HL)      AF=0080 BC=00f4 DE=0000 HL=c069 SP=c206 P1=0e4000 vc=42 bI
[0e46d9] 46d9 FE00   CP 00h         AF=0080 BC=00f4 DE=0000 HL=c069 SP=c206 P1=0e4000 vc=42 bI
[0e46db] 46db 2004   JR NZ,46E1h    AF=00c0 BC=00f4 DE=0000 HL=c069 SP=c206 P1=0e4000 vc=42 bI
[0e46dd] 46dd 3E02   LD A,02h       AF=00c0 BC=00f4 DE=0000 HL=c069 SP=c206 P1=0e4000 vc=42 bI
[0e46df] 46df 1802   JR 46E3h       AF=02c0 BC=00f4 DE=0000 HL=c069 SP=c206 P1=0e4000 vc=42 bI
[0e46e3] 46e3 215DC0 LD HL,C05Dh    AF=02c0 BC=00f4 DE=0000 HL=c069 SP=c206 P1=0e4000 vc=42 bI
[0e46e6] 46e6 F5     PUSH AF        AF=02c0 BC=00f4 DE=0000 HL=c05d SP=c206 P1=0e4000 vc=42 bI
[0e46e7] 46e7 FA1AC0 LD A,(C01Ah)   AF=02c0 BC=00f4 DE=0000 HL=c05d SP=c204 P1=0e4000 vc=42 bI
[0e46ea] 46ea 5F     LD E,A         AF=00c0 BC=00f4 DE=0000 HL=c05d SP=c204 P1=0e4000 vc=42 bI
[0e46eb] 46eb 1600   LD D,00h       AF=00c0 BC=00f4 DE=0000 HL=c05d SP=c204 P1=0e4000 vc=42 bI
[0e46ed] 46ed 19     ADD HL,DE      AF=00c0 BC=00f4 DE=0000 HL=c05d SP=c204 P1=0e4000 vc=42 bI
[0e46ee] 46ee F1     POP AF         AF=0080 BC=00f4 DE=0000 HL=c05d SP=c204 P1=0e4000 vc=42 bI
[0e46ef] 46ef 77     LD (HL),A      AF=02c0 BC=00f4 DE=0000 HL=c05d SP=c206 P1=0e4000 vc=42 bI
[0e46f0] 46f0 CD8347 CALL 4783h     AF=02c0 BC=00f4 DE=0000 HL=c05d SP=c206 P1=0e4000 vc=42 bI
[0e4783] 4783 FA1AC0 LD A,(C01Ah)   AF=02c0 BC=00f4 DE=0000 HL=c05d SP=c204 P1=0e4000 vc=42 bI
[0e4786] 4786 37     SCF            AF=00c0 BC=00f4 DE=0000 HL=c05d SP=c204 P1=0e4000 vc=42 bI
[0e4787] 4787 3F     CCF            AF=0090 BC=00f4 DE=0000 HL=c05d SP=c204 P1=0e4000 vc=42 bI
[0e4788] 4788 FE02   CP 02h         AF=0080 BC=00f4 DE=0000 HL=c05d SP=c204 P1=0e4000 vc=42 bI
[0e478a] 478a 300F   JR NC,479Bh    AF=0070 BC=00f4 DE=0000 HL=c05d SP=c204 P1=0e4000 vc=42 bI
[0e478c] 478c FA22C0 LD A,(C022h)   AF=0070 BC=00f4 DE=0000 HL=c05d SP=c204 P1=0e4000 vc=42 bI
[0e478f] 478f FE00   CP 00h         AF=0370 BC=00f4 DE=0000 HL=c05d SP=c204 P1=0e4000 vc=42 bI
[0e4791] 4791 2832   JR Z,47C5h     AF=0340 BC=00f4 DE=0000 HL=c05d SP=c204 P1=0e4000 vc=42 bI
[0e4793] 4793 FE01   CP 01h         AF=0340 BC=00f4 DE=0000 HL=c05d SP=c204 P1=0e4000 vc=42 bI
[0e4795] 4795 281E   JR Z,47B5h     AF=0340 BC=00f4 DE=0000 HL=c05d SP=c204 P1=0e4000 vc=42 bI
[0e4797] 4797 FE02   CP 02h         AF=0340 BC=00f4 DE=0000 HL=c05d SP=c204 P1=0e4000 vc=42 bI
[0e4799] 4799 280C   JR Z,47A7h     AF=0340 BC=00f4 DE=0000 HL=c05d SP=c204 P1=0e4000 vc=42 bI
[0e479b] 479b 217DC0 LD HL,C07Dh    AF=0340 BC=00f4 DE=0000 HL=c05d SP=c204 P1=0e4000 vc=42 bI
[0e479e] 479e FA1AC0 LD A,(C01Ah)   AF=0340 BC=00f4 DE=0000 HL=c07d SP=c204 P1=0e4000 vc=42 bI
[0e47a1] 47a1 5F     LD E,A         AF=0040 BC=00f4 DE=0000 HL=c07d SP=c204 P1=0e4000 vc=42 bI
[0e47a2] 47a2 1600   LD D,00h       AF=0040 BC=00f4 DE=0000 HL=c07d SP=c204 P1=0e4000 vc=42 bI
[0e47a4] 47a4 19     ADD HL,DE      AF=0040 BC=00f4 DE=0000 HL=c07d SP=c204 P1=0e4000 vc=42 bI
[0e47a5] 47a5 7E     LD A,(HL)      AF=0000 BC=00f4 DE=0000 HL=c07d SP=c204 P1=0e4000 vc=42 bI
[0e47a6] 47a6 C9     RET            AF=0500 BC=00f4 DE=0000 HL=c07d SP=c204 P1=0e4000 vc=42 bI
[0e46f3] 46f3 CB27   SLA A          AF=0500 BC=00f4 DE=0000 HL=c07d SP=c206 P1=0e4000 vc=42 bI
[0e46f5] 46f5 CB27   SLA A          AF=0a00 BC=00f4 DE=0000 HL=c07d SP=c206 P1=0e4000 vc=42 bI
[0e46f7] 46f7 CB27   SLA A          AF=1400 BC=00f4 DE=0000 HL=c07d SP=c206 P1=0e4000 vc=42 bI
[0e46f9] 46f9 CB27   SLA A          AF=2800 BC=00f4 DE=0000 HL=c07d SP=c206 P1=0e4000 vc=42 bI
[0e46fb] 46fb EA1EC0 LD (C01Eh),A   AF=5000 BC=00f4 DE=0000 HL=c07d SP=c206 P1=0e4000 vc=42 bI
[0e46fe] 46fe 2169C0 LD HL,C069h    AF=5000 BC=00f4 DE=0000 HL=c07d SP=c206 P1=0e4000 vc=42 bI
[0e4701] 4701 FA1AC0 LD A,(C01Ah)   AF=5000 BC=00f4 DE=0000 HL=c069 SP=c206 P1=0e4000 vc=43 BI
[0e4704] 4704 5F     LD E,A         AF=0000 BC=00f4 DE=0000 HL=c069 SP=c206 P1=0e4000 vc=43 BI
[0e4705] 4705 1600   LD D,00h       AF=0000 BC=00f4 DE=0000 HL=c069 SP=c206 P1=0e4000 vc=43 BI
[0e4707] 4707 19     ADD HL,DE      AF=0000 BC=00f4 DE=0000 HL=c069 SP=c206 P1=0e4000 vc=43 BI
[0e4708] 4708 7E     LD A,(HL)      AF=0000 BC=00f4 DE=0000 HL=c069 SP=c206 P1=0e4000 vc=43 BI
[0e4709] 4709 4F     LD C,A         AF=0000 BC=00f4 DE=0000 HL=c069 SP=c206 P1=0e4000 vc=43 BI
[0e470a] 470a FA1EC0 LD A,(C01Eh)   AF=0000 BC=0000 DE=0000 HL=c069 SP=c206 P1=0e4000 vc=43 BI
[0e470d] 470d B1     OR C           AF=5000 BC=0000 DE=0000 HL=c069 SP=c206 P1=0e4000 vc=43 BI
[0e470e] 470e EA1EC0 LD (C01Eh),A   AF=5000 BC=0000 DE=0000 HL=c069 SP=c206 P1=0e4000 vc=43 BI
[0e4711] 4711 C31447 JP 4714h       AF=5000 BC=0000 DE=0000 HL=c069 SP=c206 P1=0e4000 vc=43 BI
[0e4714] 4714 FA1AC0 LD A,(C01Ah)   AF=5000 BC=0000 DE=0000 HL=c069 SP=c206 P1=0e4000 vc=43 BI
[0e4717] 4717 FE02   CP 02h         AF=0000 BC=0000 DE=0000 HL=c069 SP=c206 P1=0e4000 vc=43 BI
[0e4719] 4719 3019   JR NC,4734h    AF=0070 BC=0000 DE=0000 HL=c069 SP=c206 P1=0e4000 vc=43 BI
[0e471b] 471b FA22C0 LD A,(C022h)   AF=0070 BC=0000 DE=0000 HL=c069 SP=c206 P1=0e4000 vc=43 BI
[0e471e] 471e FE00   CP 00h         AF=0370 BC=0000 DE=0000 HL=c069 SP=c206 P1=0e4000 vc=43 BI
[0e4720] 4720 2811   JR Z,4733h     AF=0340 BC=0000 DE=0000 HL=c069 SP=c206 P1=0e4000 vc=43 BI
[0e4722] 4722 FA1AC0 LD A,(C01Ah)   AF=0340 BC=0000 DE=0000 HL=c069 SP=c206 P1=0e4000 vc=43 BI
[0e4725] 4725 3C     INC A          AF=0040 BC=0000 DE=0000 HL=c069 SP=c206 P1=0e4000 vc=43 BI
[0e4726] 4726 3C     INC A          AF=0100 BC=0000 DE=0000 HL=c069 SP=c206 P1=0e4000 vc=43 BI
[0e4727] 4727 5F     LD E,A         AF=0200 BC=0000 DE=0000 HL=c069 SP=c206 P1=0e4000 vc=43 BI
[0e4728] 4728 216DC0 LD HL,C06Dh    AF=0200 BC=0000 DE=0002 HL=c069 SP=c206 P1=0e4000 vc=43 BI
[0e472b] 472b 1600   LD D,00h       AF=0200 BC=0000 DE=0002 HL=c06d SP=c206 P1=0e4000 vc=43 BI
[0e472d] 472d 19     ADD HL,DE      AF=0200 BC=0000 DE=0002 HL=c06d SP=c206 P1=0e4000 vc=43 BI
[0e472e] 472e 7E     LD A,(HL)      AF=0200 BC=0000 DE=0002 HL=c06f SP=c206 P1=0e4000 vc=43 BI
[0e472f] 472f FE00   CP 00h         AF=0000 BC=0000 DE=0002 HL=c06f SP=c206 P1=0e4000 vc=43 BI
[0e4731] 4731 2801   JR Z,4734h     AF=00c0 BC=0000 DE=0002 HL=c06f SP=c206 P1=0e4000 vc=43 BI
[0e4734] 4734 FA1AC0 LD A,(C01Ah)   AF=00c0 BC=0000 DE=0002 HL=c06f SP=c206 P1=0e4000 vc=43 BI
[0e4737] 4737 E601   AND 01h        AF=00c0 BC=0000 DE=0002 HL=c06f SP=c206 P1=0e4000 vc=43 BI
[0e4739] 4739 2004   JR NZ,473Fh    AF=00a0 BC=0000 DE=0002 HL=c06f SP=c206 P1=0e4000 vc=43 BI
[0e473b] 473b 3E08   LD A,08h       AF=00a0 BC=0000 DE=0002 HL=c06f SP=c206 P1=0e4000 vc=43 BI
[0e473d] 473d E010   LD (FF10h),A   AF=08a0 BC=0000 DE=0002 HL=c06f SP=c206 P1=0e4000 vc=43 BI
[0e473f] 473f FA1AC0 LD A,(C01Ah)   AF=08a0 BC=0000 DE=0002 HL=c06f SP=c206 P1=0e4000 vc=43 BI
[0e4742] 4742 E601   AND 01h        AF=00a0 BC=0000 DE=0002 HL=c06f SP=c206 P1=0e4000 vc=43 BI
[0e4744] 4744 47     LD B,A         AF=00a0 BC=0000 DE=0002 HL=c06f SP=c206 P1=0e4000 vc=43 BI
[0e4745] 4745 CB27   SLA A          AF=00a0 BC=0000 DE=0002 HL=c06f SP=c206 P1=0e4000 vc=43 BI
[0e4747] 4747 CB27   SLA A          AF=0080 BC=0000 DE=0002 HL=c06f SP=c206 P1=0e4000 vc=43 BI
[0e4749] 4749 80     ADD A,B        AF=0080 BC=0000 DE=0002 HL=c06f SP=c206 P1=0e4000 vc=43 BI
[0e474a] 474a 47     LD B,A         AF=0080 BC=0000 DE=0002 HL=c06f SP=c206 P1=0e4000 vc=43 BI
[0e474b] 474b FA1EC0 LD A,(C01Eh)   AF=0080 BC=0000 DE=0002 HL=c06f SP=c206 P1=0e4000 vc=43 BI
[0e474e] 474e 0E12   LD C,12h       AF=5080 BC=0000 DE=0002 HL=c06f SP=c206 P1=0e4000 vc=43 BI
[0e4750] 4750 CD254D CALL 4D25h     AF=5080 BC=0012 DE=0002 HL=c06f SP=c206 P1=0e4000 vc=43 BI
[0e4753] 4753 2139C0 LD HL,C039h    AF=5000 BC=0013 DE=0002 HL=c06f SP=c206 P1=0e4000 vc=43 BI
[0e4756] 4756 FA1AC0 LD A,(C01Ah)   AF=5000 BC=0013 DE=0002 HL=c039 SP=c206 P1=0e4000 vc=43 BI
[0e4759] 4759 5F     LD E,A         AF=0000 BC=0013 DE=0002 HL=c039 SP=c206 P1=0e4000 vc=43 BI
[0e475a] 475a 1600   LD D,00h       AF=0000 BC=0013 DE=0000 HL=c039 SP=c206 P1=0e4000 vc=43 BI
[0e475c] 475c 19     ADD HL,DE      AF=0000 BC=0013 DE=0000 HL=c039 SP=c206 P1=0e4000 vc=43 bI
[0e475d] 475d 7E     LD A,(HL)      AF=0000 BC=0013 DE=0000 HL=c039 SP=c206 P1=0e4000 vc=43 bI
[0e475e] 475e E640   AND 40h        AF=0000 BC=0013 DE=0000 HL=c039 SP=c206 P1=0e4000 vc=43 bI
[0e4760] 4760 F680   OR 80h         AF=00a0 BC=0013 DE=0000 HL=c039 SP=c206 P1=0e4000 vc=43 bI
[0e4762] 4762 EA1EC0 LD (C01Eh),A   AF=8000 BC=0013 DE=0000 HL=c039 SP=c206 P1=0e4000 vc=43 bI
[0e4765] 4765 C9     RET            AF=8000 BC=0013 DE=0000 HL=c039 SP=c206 P1=0e4000 vc=43 bI
[0e45c3] 45c3 3E00   LD A,00h       AF=8000 BC=0013 DE=0000 HL=c039 SP=c208 P1=0e4000 vc=43 bI
[0e45c5] 45c5 2145C0 LD HL,C045h    AF=0000 BC=0013 DE=0000 HL=c039 SP=c208 P1=0e4000 vc=43 bI
[0e45c8] 45c8 F5     PUSH AF        AF=0000 BC=0013 DE=0000 HL=c045 SP=c208 P1=0e4000 vc=43 bI
[0e45c9] 45c9 FA1AC0 LD A,(C01Ah)   AF=0000 BC=0013 DE=0000 HL=c045 SP=c206 P1=0e4000 vc=43 bI
[0e45cc] 45cc 5F     LD E,A         AF=0000 BC=0013 DE=0000 HL=c045 SP=c206 P1=0e4000 vc=43 bI
[0e45cd] 45cd 1600   LD D,00h       AF=0000 BC=0013 DE=0000 HL=c045 SP=c206 P1=0e4000 vc=43 bI
[0e45cf] 45cf 19     ADD HL,DE      AF=0000 BC=0013 DE=0000 HL=c045 SP=c206 P1=0e4000 vc=43 bI
[0e45d0] 45d0 F1     POP AF         AF=0000 BC=0013 DE=0000 HL=c045 SP=c206 P1=0e4000 vc=43 bI
[0e45d1] 45d1 77     LD (HL),A      AF=0000 BC=0013 DE=0000 HL=c045 SP=c208 P1=0e4000 vc=43 bI
[0e45d2] 45d2 3E00   LD A,00h       AF=0000 BC=0013 DE=0000 HL=c045 SP=c208 P1=0e4000 vc=43 bI
[0e45d4] 45d4 214BC0 LD HL,C04Bh    AF=0000 BC=0013 DE=0000 HL=c045 SP=c208 P1=0e4000 vc=43 bI
[0e45d7] 45d7 FA1AC0 LD A,(C01Ah)   AF=0000 BC=0013 DE=0000 HL=c04b SP=c208 P1=0e4000 vc=43 bI
[0e45da] 45da 5F     LD E,A         AF=0000 BC=0013 DE=0000 HL=c04b SP=c208 P1=0e4000 vc=43 bI
[0e45db] 45db 1600   LD D,00h       AF=0000 BC=0013 DE=0000 HL=c04b SP=c208 P1=0e4000 vc=43 bI
[0e45dd] 45dd 19     ADD HL,DE      AF=0000 BC=0013 DE=0000 HL=c04b SP=c208 P1=0e4000 vc=43 bI
[0e45de] 45de 7E     LD A,(HL)      AF=0000 BC=0013 DE=0000 HL=c04b SP=c208 P1=0e4000 vc=43 bI
[0e45df] 45df E6F0   AND F0h        AF=f100 BC=0013 DE=0000 HL=c04b SP=c208 P1=0e4000 vc=43 bI
[0e45e1] 45e1 CB3F   SRL A          AF=f020 BC=0013 DE=0000 HL=c04b SP=c208 P1=0e4000 vc=43 bI
[0e45e3] 45e3 CB3F   SRL A          AF=7800 BC=0013 DE=0000 HL=c04b SP=c208 P1=0e4000 vc=43 bI
[0e45e5] 45e5 CB3F   SRL A          AF=3c00 BC=0013 DE=0000 HL=c04b SP=c208 P1=0e4000 vc=43 bI
[0e45e7] 45e7 2151C0 LD HL,C051h    AF=1e00 BC=0013 DE=0000 HL=c04b SP=c208 P1=0e4000 vc=43 bI
[0e45ea] 45ea F5     PUSH AF        AF=1e00 BC=0013 DE=0000 HL=c051 SP=c208 P1=0e4000 vc=43 bI
[0e45eb] 45eb FA1AC0 LD A,(C01Ah)   AF=1e00 BC=0013 DE=0000 HL=c051 SP=c206 P1=0e4000 vc=43 bI
[0e45ee] 45ee 5F     LD E,A         AF=0000 BC=0013 DE=0000 HL=c051 SP=c206 P1=0e4000 vc=43 bI
[0e45ef] 45ef 1600   LD D,00h       AF=0000 BC=0013 DE=0000 HL=c051 SP=c206 P1=0e4000 vc=43 bI
[0e45f1] 45f1 19     ADD HL,DE      AF=0000 BC=0013 DE=0000 HL=c051 SP=c206 P1=0e4000 vc=43 bI
[0e45f2] 45f2 F1     POP AF         AF=0000 BC=0013 DE=0000 HL=c051 SP=c206 P1=0e4000 vc=43 bI
[0e45f3] 45f3 77     LD (HL),A      AF=1e00 BC=0013 DE=0000 HL=c051 SP=c208 P1=0e4000 vc=43 bI
[0e45f4] 45f4 CDEA42 CALL 42EAh     AF=1e00 BC=0013 DE=0000 HL=c051 SP=c208 P1=0e4000 vc=43 bI
[0e45f7] 45f7 CD6643 CALL 4366h     AF=8000 BC=0012 DE=0000 HL=c057 SP=c208 P1=0e4000 vc=44 bI
[0e45fa] 45fa 3D     DEC A          AF=0400 BC=0012 DE=0000 HL=c057 SP=c208 P1=0e4000 vc=45 BI
[0e45fb] 45fb 2175C0 LD HL,C075h    AF=0340 BC=0012 DE=0000 HL=c057 SP=c208 P1=0e4000 vc=45 BI
[0e45fe] 45fe F5     PUSH AF        AF=0340 BC=0012 DE=0000 HL=c075 SP=c208 P1=0e4000 vc=45 BI
[0e45ff] 45ff FA1AC0 LD A,(C01Ah)   AF=0340 BC=0012 DE=0000 HL=c075 SP=c206 P1=0e4000 vc=45 BI
[0e4602] 4602 5F     LD E,A         AF=0040 BC=0012 DE=0000 HL=c075 SP=c206 P1=0e4000 vc=45 BI
[0e4603] 4603 1600   LD D,00h       AF=0040 BC=0012 DE=0000 HL=c075 SP=c206 P1=0e4000 vc=45 BI
[0e4605] 4605 19     ADD HL,DE      AF=0040 BC=0012 DE=0000 HL=c075 SP=c206 P1=0e4000 vc=45 BI
[0e4606] 4606 F1     POP AF         AF=0000 BC=0012 DE=0000 HL=c075 SP=c206 P1=0e4000 vc=45 BI
[0e4607] 4607 77     LD (HL),A      AF=0340 BC=0012 DE=0000 HL=c075 SP=c208 P1=0e4000 vc=45 BI
[0e4608] 4608 C9     RET            AF=0340 BC=0012 DE=0000 HL=c075 SP=c208 P1=0e4000 vc=45 BI
[0e41a5] 41a5 1803   JR 41AAh       AF=0340 BC=0012 DE=0000 HL=c075 SP=c20a P1=0e4000 vc=45 BI
[0e4665] 4665 FE01   CP 01h         AF=0240 BC=0012 DE=0001 HL=c05e SP=c206 P1=0e4000 vc=45 bI
[0e4667] 4667 2843   JR Z,46ACh     AF=0240 BC=0012 DE=0001 HL=c05e SP=c206 P1=0e4000 vc=45 bI
[0e4669] 4669 3E00   LD A,00h       AF=0240 BC=0012 DE=0001 HL=c05e SP=c206 P1=0e4000 vc=45 bI
[0e466b] 466b EA1EC0 LD (C01Eh),A   AF=0040 BC=0012 DE=0001 HL=c05e SP=c206 P1=0e4000 vc=45 bI
[0e466e] 466e C9     RET            AF=0040 BC=0012 DE=0001 HL=c05e SP=c206 P1=0e4000 vc=45 bI
[0e429b] 429b 3E00   LD A,00h       AF=08c0 BC=2000 DE=0004 HL=c055 SP=c206 P1=0e4000 vc=48 bI
[0e429d] 429d 2151C0 LD HL,C051h    AF=00c0 BC=2000 DE=0004 HL=c055 SP=c206 P1=0e4000 vc=48 bI
[0e42a0] 42a0 F5     PUSH AF        AF=00c0 BC=2000 DE=0004 HL=c051 SP=c206 P1=0e4000 vc=48 bI
[0e42a1] 42a1 FA1AC0 LD A,(C01Ah)   AF=00c0 BC=2000 DE=0004 HL=c051 SP=c204 P1=0e4000 vc=48 bI
[0e42a4] 42a4 5F     LD E,A         AF=04c0 BC=2000 DE=0004 HL=c051 SP=c204 P1=0e4000 vc=48 bI
[0e42a5] 42a5 1600   LD D,00h       AF=04c0 BC=2000 DE=0004 HL=c051 SP=c204 P1=0e4000 vc=48 bI
[0e42a7] 42a7 19     ADD HL,DE      AF=04c0 BC=2000 DE=0004 HL=c051 SP=c204 P1=0e4000 vc=48 bI
[0e42a8] 42a8 F1     POP AF         AF=0480 BC=2000 DE=0004 HL=c055 SP=c204 P1=0e4000 vc=48 bI
[0e42a9] 42a9 77     LD (HL),A      AF=00c0 BC=2000 DE=0004 HL=c055 SP=c206 P1=0e4000 vc=48 bI
[0e42aa] 42aa 3E00   LD A,00h       AF=00c0 BC=2000 DE=0004 HL=c055 SP=c206 P1=0e4000 vc=48 bI
[000df5] 0df5 2100C5 LD HL,C500h    AF=0170 BC=0ba0 DE=d600 HL=c4b9 SP=c21c P1=04c000 vc=50 BI
[000e3b] 0e3b E5     PUSH HL        AF=0b00 BC=0ba0 DE=d600 HL=c520 SP=c21a P1=04c000 vc=51 BI
[000e3c] 0e3c 2C     INC L          AF=0b00 BC=0ba0 DE=d600 HL=c520 SP=c218 P1=04c000 vc=51 BI
[000e3d] 0e3d 66     LD H,(HL)      AF=0b00 BC=0ba0 DE=d600 HL=c521 SP=c218 P1=04c000 vc=51 BI
[000e3e] 0e3e 6F     LD L,A         AF=0b00 BC=0ba0 DE=d600 HL=d021 SP=c218 P1=04c000 vc=51 BI
[000e3f] 0e3f CDB7C4 CALL C4B7h     AF=0b00 BC=0ba0 DE=d600 HL=d00b SP=c218 P1=04c000 vc=51 BI
[00c4b7] c4b7 C3500F JP 0F50h       AF=0b00 BC=0ba0 DE=d600 HL=d00b SP=c216 P1=04c000 vc=51 BI
[000f50] 0f50 F0AA   LD A,(FFAAh)   AF=0b00 BC=0ba0 DE=d600 HL=d00b SP=c216 P1=04c000 vc=51 BI
[000f52] 0f52 4F     LD C,A         AF=5000 BC=0ba0 DE=d600 HL=d00b SP=c216 P1=04c000 vc=51 BI
[000f53] 0f53 F0A8   LD A,(FFA8h)   AF=5000 BC=0b50 DE=d600 HL=d00b SP=c216 P1=04c000 vc=51 BI
[000f55] 0f55 47     LD B,A         AF=0000 BC=0b50 DE=d600 HL=d00b SP=c216 P1=04c000 vc=51 BI
[000f56] 0f56 2A     LDI A,(HL)     AF=0000 BC=0050 DE=d600 HL=d00b SP=c216 P1=04c000 vc=51 BI
[000f57] 0f57 90     SUB B          AF=1f00 BC=0050 DE=d600 HL=d00c SP=c216 P1=04c000 vc=51 BI
[000f58] 0f58 C610   ADD A,10h      AF=1f40 BC=0050 DE=d600 HL=d00c SP=c216 P1=04c000 vc=51 bI
[000f5a] 0f5a E08C   LD (FF8Ch),A   AF=2f00 BC=0050 DE=d600 HL=d00c SP=c216 P1=04c000 vc=51 bI
[000f5c] 0f5c 57     LD D,A         AF=2f00 BC=0050 DE=d600 HL=d00c SP=c216 P1=04c000 vc=51 bI
[000f5d] 0f5d 2C     INC L          AF=2f00 BC=0050 DE=2f00 HL=d00c SP=c216 P1=04c000 vc=51 bI
[000f5e] 0f5e 2A     LDI A,(HL)     AF=2f00 BC=0050 DE=2f00 HL=d00d SP=c216 P1=04c000 vc=51 bI
[000f5f] 0f5f 91     SUB C          AF=cb00 BC=0050 DE=2f00 HL=d00e SP=c216 P1=04c000 vc=51 bI
[000f60] 0f60 E08D   LD (FF8Dh),A   AF=7b40 BC=0050 DE=2f00 HL=d00e SP=c216 P1=04c000 vc=51 bI
[000f62] 0f62 2C     INC L          AF=7b40 BC=0050 DE=2f00 HL=d00e SP=c216 P1=04c000 vc=51 bI
[000f63] 0f63 5E     LD E,(HL)      AF=7b00 BC=0050 DE=2f00 HL=d00f SP=c216 P1=04c000 vc=51 bI
[000f64] 0f64 7D     LD A,L         AF=7b00 BC=0050 DE=2f00 HL=d00f SP=c216 P1=04c000 vc=51 bI
[000f65] 0f65 E6C0   AND C0h        AF=0f00 BC=0050 DE=2f00 HL=d00f SP=c216 P1=04c000 vc=51 bI
[000f67] 0f67 C61A   ADD A,1Ah      AF=00a0 BC=0050 DE=2f00 HL=d00f SP=c216 P1=04c000 vc=51 bI
[000f69] 0f69 6F     LD L,A         AF=1a00 BC=0050 DE=2f00 HL=d00f SP=c216 P1=04c000 vc=51 bI
[000f6a] 0f6a 7E     LD A,(HL)      AF=1a00 BC=0050 DE=2f00 HL=d01a SP=c216 P1=04c000 vc=51 bI
[000f6b] 0f6b 07     RLCA           AF=c100 BC=0050 DE=2f00 HL=d01a SP=c216 P1=04c000 vc=51 bI
[000f6c] 0f6c D0     RET NC         AF=8310 BC=0050 DE=2f00 HL=d01a SP=c216 P1=04c000 vc=51 bI
[000f6d] 0f6d 07     RLCA           AF=8310 BC=0050 DE=2f00 HL=d01a SP=c216 P1=04c000 vc=51 bI
[000f6e] 0f6e DCD20E CALL C,0ED2h   AF=0710 BC=0050 DE=2f00 HL=d01a SP=c216 P1=04c000 vc=51 bI
[000ed2] 0ed2 FA50CC LD A,(CC50h)   AF=0710 BC=0050 DE=2f00 HL=d01a SP=c214 P1=04c000 vc=51 bI
[000ed5] 0ed5 E620   AND 20h        AF=0810 BC=0050 DE=2f00 HL=d01a SP=c214 P1=04c000 vc=51 bI
[000ed7] 0ed7 C0     RET NZ         AF=00a0 BC=0050 DE=2f00 HL=d01a SP=c214 P1=04c000 vc=51 bI
[000ed8] 0ed8 78     LD A,B         AF=00a0 BC=0050 DE=2f00 HL=d01a SP=c214 P1=04c000 vc=51 bI
[000ed9] 0ed9 FE97   CP 97h         AF=00a0 BC=0050 DE=2f00 HL=d01a SP=c214 P1=04c000 vc=51 bI
[000edb] 0edb D0     RET NC         AF=0070 BC=0050 DE=2f00 HL=d01a SP=c214 P1=04c000 vc=51 bI
[000edc] 0edc CB7B   BIT 7,E        AF=0070 BC=0050 DE=2f00 HL=d01a SP=c214 P1=04c000 vc=51 bI
[000ede] 0ede 2821   JR Z,0F01h     AF=00b0 BC=0050 DE=2f00 HL=d01a SP=c214 P1=04c000 vc=51 bI
[000f01] 0f01 FA00CD LD A,(CD00h)   AF=00b0 BC=0050 DE=2f00 HL=d01a SP=c214 P1=04c000 vc=51 bI
[000f04] 0f04 FE08   CP 08h         AF=01b0 BC=0050 DE=2f00 HL=d01a SP=c214 P1=04c000 vc=51 bI
[000f06] 0f06 C8     RET Z          AF=0170 BC=0050 DE=2f00 HL=d01a SP=c214 P1=04c000 vc=51 bI
[000f07] 0f07 E5     PUSH HL        AF=0170 BC=0050 DE=2f00 HL=d01a SP=c214 P1=04c000 vc=51 bI
[000f08] 0f08 7D     LD A,L         AF=0170 BC=0050 DE=2f00 HL=d01a SP=c212 P1=04c000 vc=51 bI
[000f09] 0f09 E6C0   AND C0h        AF=1a70 BC=0050 DE=2f00 HL=d01a SP=c212 P1=04c000 vc=51 bI
[000f0b] 0f0b C60B   ADD A,0Bh      AF=00a0 BC=0050 DE=2f00 HL=d01a SP=c212 P1=04c000 vc=51 bI
[000f0d] 0f0d 6F     LD L,A         AF=0b00 BC=0050 DE=2f00 HL=d01a SP=c212 P1=04c000 vc=51 bI
[000f0e] 0f0e 2A     LDI A,(HL)     AF=0b00 BC=0050 DE=2f00 HL=d00b SP=c212 P1=04c000 vc=51 bI
[000f0f] 0f0f 47     LD B,A         AF=1f00 BC=0050 DE=2f00 HL=d00c SP=c212 P1=04c000 vc=51 bI
[000f10] 0f10 C605   ADD A,05h      AF=1f00 BC=1f50 DE=2f00 HL=d00c SP=c212 P1=04c000 vc=51 bI
[000f12] 0f12 E6F0   AND F0h        AF=2420 BC=1f50 DE=2f00 HL=d00c SP=c212 P1=04c000 vc=51 bI
[000f14] 0f14 4F     LD C,A         AF=2020 BC=1f50 DE=2f00 HL=d00c SP=c212 P1=04c000 vc=51 bI
[000f15] 0f15 2C     INC L          AF=2020 BC=1f20 DE=2f00 HL=d00c SP=c212 P1=04c000 vc=51 bI
[000f16] 0f16 6E     LD L,(HL)      AF=2000 BC=1f20 DE=2f00 HL=d00d SP=c212 P1=04c000 vc=51 bI
[000f17] 0f17 7D     LD A,L         AF=2000 BC=1f20 DE=2f00 HL=d0cb SP=c212 P1=04c000 vc=51 bI
[000f18] 0f18 A8     XOR B          AF=cb00 BC=1f20 DE=2f00 HL=d0cb SP=c212 P1=04c000 vc=51 bI
[000f19] 0f19 67     LD H,A         AF=d400 BC=1f20 DE=2f00 HL=d0cb SP=c212 P1=04c000 vc=51 bI
[000f1a] 0f1a 7D     LD A,L         AF=d400 BC=1f20 DE=2f00 HL=d4cb SP=c212 P1=04c000 vc=51 bI
[000f1b] 0f1b E6F0   AND F0h        AF=cb00 BC=1f20 DE=2f00 HL=d4cb SP=c212 P1=04c000 vc=51 bI
[000f1d] 0f1d CB37   SWAP A         AF=c020 BC=1f20 DE=2f00 HL=d4cb SP=c212 P1=04c000 vc=51 bI
[000f1f] 0f1f B1     OR C           AF=0c00 BC=1f20 DE=2f00 HL=d4cb SP=c212 P1=04c000 vc=51 bI
[000f20] 0f20 4F     LD C,A         AF=2c00 BC=1f20 DE=2f00 HL=d4cb SP=c212 P1=04c000 vc=51 bI
[000f21] 0f21 06CF   LD B,CFh       AF=2c00 BC=1f2c DE=2f00 HL=d4cb SP=c212 P1=04c000 vc=51 bI
[000f23] 0f23 0A     LD A,(BC)      AF=2c00 BC=cf2c DE=2f00 HL=d4cb SP=c212 P1=04c000 vc=51 bI
[000f24] 0f24 FEF8   CP F8h         AF=a000 BC=cf2c DE=2f00 HL=d4cb SP=c212 P1=04c000 vc=51 bI
[000f26] 0f26 3826   JR C,0F4Eh     AF=a070 BC=cf2c DE=2f00 HL=d4cb SP=c212 P1=04c000 vc=51 bI
[000f4e] 0f4e E1     POP HL         AF=a070 BC=cf2c DE=2f00 HL=d4cb SP=c212 P1=04c000 vc=51 bI
[000f4f] 0f4f C9     RET            AF=a070 BC=cf2c DE=2f00 HL=d01a SP=c214 P1=04c000 vc=52 BI
[000f71] 0f71 7A     LD A,D         AF=a070 BC=cf2c DE=2f00 HL=d01a SP=c216 P1=04c000 vc=52 BI
[000f72] 0f72 83     ADD A,E        AF=2f70 BC=cf2c DE=2f00 HL=d01a SP=c216 P1=04c000 vc=52 BI
[000f73] 0f73 E08C   LD (FF8Ch),A   AF=2f00 BC=cf2c DE=2f00 HL=d01a SP=c216 P1=04c000 vc=52 BI
[000f75] 0f75 7D     LD A,L         AF=2f00 BC=cf2c DE=2f00 HL=d01a SP=c216 P1=04c000 vc=52 BI
[000f76] 0f76 E6C0   AND C0h        AF=1a00 BC=cf2c DE=2f00 HL=d01a SP=c216 P1=04c000 vc=52 BI
[000f78] 0f78 C61C   ADD A,1Ch      AF=00a0 BC=cf2c DE=2f00 HL=d01a SP=c216 P1=04c000 vc=52 BI
[000f7a] 0f7a 6F     LD L,A         AF=1c00 BC=cf2c DE=2f00 HL=d01a SP=c216 P1=04c000 vc=52 BI
[000f7b] 0f7b 37     SCF            AF=1c00 BC=cf2c DE=2f00 HL=d01c SP=c216 P1=04c000 vc=52 BI
[000f7c] 0f7c C9     RET            AF=1c10 BC=cf2c DE=2f00 HL=d01c SP=c216 P1=04c000 vc=52 BI
[000e42] 0e42 3054   JR NC,0E98h    AF=1c10 BC=cf2c DE=2f00 HL=d01c SP=c218 P1=04c000 vc=52 BI
[000e44] 0e44 2A     LDI A,(HL)     AF=1c10 BC=cf2c DE=2f00 HL=d01c SP=c218 P1=04c000 vc=52 BI
[000e45] 0e45 E08F   LD (FF8Fh),A   AF=0810 BC=cf2c DE=2f00 HL=d01d SP=c218 P1=04c000 vc=52 BI
[000e47] 0e47 2A     LDI A,(HL)     AF=0810 BC=cf2c DE=2f00 HL=d01d SP=c218 P1=04c000 vc=52 BI
[000e48] 0e48 E08E   LD (FF8Eh),A   AF=7010 BC=cf2c DE=2f00 HL=d01e SP=c218 P1=04c000 vc=52 BI
[000e4a] 0e4a 2A     LDI A,(HL)     AF=7010 BC=cf2c DE=2f00 HL=d01e SP=c218 P1=04c000 vc=52 BI
[000e4b] 0e4b 66     LD H,(HL)      AF=0010 BC=cf2c DE=2f00 HL=d01f SP=c218 P1=04c000 vc=52 BI
[000e4c] 0e4c 6F     LD L,A         AF=0010 BC=cf2c DE=2f00 HL=001f SP=c218 P1=04c000 vc=52 BI
[000e4d] 0e4d 7C     LD A,H         AF=0010 BC=cf2c DE=2f00 HL=0000 SP=c218 P1=04c000 vc=52 BI
[000e4e] 0e4e E6C0   AND C0h        AF=0010 BC=cf2c DE=2f00 HL=0000 SP=c218 P1=04c000 vc=52 BI
[01177c] 577c 04     INC B          AF=0070 BC=1d00 DE=d00d HL=cd30 SP=c216 P1=010000 vc=22 BI
[01177d] 577d 78     LD A,B         AF=0010 BC=1e00 DE=d00d HL=cd30 SP=c216 P1=010000 vc=22 BI
[01177e] 577e E61F   AND 1Fh        AF=1e10 BC=1e00 DE=d00d HL=cd30 SP=c216 P1=010000 vc=22 BI
[011780] 5780 EAFACC LD (CCFAh),A   AF=1e20 BC=1e00 DE=d00d HL=cd30 SP=c216 P1=010000 vc=22 BI
[011783] 5783 2190DB LD HL,DB90h    AF=1e20 BC=1e00 DE=d00d HL=cd30 SP=c216 P1=010000 vc=22 BI
[011786] 5786 D7     RST 10         AF=1e20 BC=1e00 DE=d00d HL=db90 SP=c216 P1=010000 vc=22 BI
[011787] 5787 3E02   LD A,02h       AF=ae00 BC=1e00 DE=d00d HL=dbae SP=c216 P1=010000 vc=22 BI
[011789] 5789 E070   LD (FF70h),A   AF=0200 BC=1e00 DE=d00d HL=dbae SP=c216 P1=010000 vc=22 BI
[01178b] 578b 46     LD B,(HL)      AF=0200 BC=1e00 DE=d00d HL=dbae SP=c216 P1=010000 vc=22 BI
[01178c] 578c AF     XOR A          AF=0200 BC=4c00 DE=d00d HL=dbae SP=c216 P1=010000 vc=22 BI
[01178d] 578d E070   LD (FF70h),A   AF=0080 BC=4c00 DE=d00d HL=dbae SP=c216 P1=010000 vc=22 BI
[01178f] 578f 78     LD A,B         AF=0080 BC=4c00 DE=d00d HL=dbae SP=c216 P1=010000 vc=22 BI
[011790] 5790 CD0F58 CALL 580Fh     AF=4c80 BC=4c00 DE=d00d HL=dbae SP=c216 P1=010000 vc=22 BI
[01180f] 580f 0E06   LD C,06h       AF=4c80 BC=4c00 DE=d00d HL=dbae SP=c214 P1=010000 vc=22 BI
[011811] 5811 CD9D01 CALL 019Dh     AF=4c80 BC=4c06 DE=d00d HL=dbae SP=c214 P1=010000 vc=22 BI
[00019d] 019d 1E08   LD E,08h       AF=4c80 BC=4c06 DE=d00d HL=dbae SP=c212 P1=010000 vc=22 BI
[00019f] 019f 0600   LD B,00h       AF=4c80 BC=4c06 DE=d008 HL=dbae SP=c212 P1=010000 vc=22 BI
[0001a5] 01a5 3001   JR NC,01A8h    AF=9820 BC=0006 DE=d008 HL=0000 SP=c212 P1=010000 vc=22 BI
[0001a7] 01a7 09     ADD HL,BC      AF=3030 BC=0006 DE=d007 HL=0000 SP=c212 P1=010000 vc=22 bI
[011814] 5814 01485A LD BC,5A48h    AF=00c0 BC=0006 DE=d000 HL=01c8 SP=c214 P1=010000 vc=22 bI
[011817] 5817 09     ADD HL,BC      AF=00c0 BC=5a48 DE=d000 HL=01c8 SP=c214 P1=010000 vc=22 bI
[011818] 5818 2A     LDI A,(HL)     AF=0080 BC=5a48 DE=d000 HL=5c10 SP=c214 P1=010000 vc=22 bI
[011819] 5819 4F     LD C,A         AF=1880 BC=5a48 DE=d000 HL=5c11 SP=c214 P1=010000 vc=22 bI
[01181a] 581a 2A     LDI A,(HL)     AF=1880 BC=5a18 DE=d000 HL=5c11 SP=c214 P1=010000 vc=22 bI
[01181b] 581b 57     LD D,A         AF=6e80 BC=5a18 DE=d000 HL=5c12 SP=c214 P1=010000 vc=22 bI
[01181c] 581c 2A     LDI A,(HL)     AF=6e80 BC=5a18 DE=6e00 HL=5c12 SP=c214 P1=010000 vc=22 bI
[01181d] 581d 5F     LD E,A         AF=6080 BC=5a18 DE=6e00 HL=5c13 SP=c214 P1=010000 vc=22 bI
[01181e] 581e D5     PUSH DE        AF=6080 BC=5a18 DE=6e60 HL=5c13 SP=c214 P1=010000 vc=22 bI
[01181f] 581f 2A     LDI A,(HL)     AF=6080 BC=5a18 DE=6e60 HL=5c13 SP=c212 P1=010000 vc=22 bI
[011820] 5820 57     LD D,A         AF=8980 BC=5a18 DE=6e60 HL=5c14 SP=c212 P1=010000 vc=22 bI
[011821] 5821 2A     LDI A,(HL)     AF=8980 BC=5a18 DE=8960 HL=5c14 SP=c212 P1=010000 vc=22 bI
[011822] 5822 5F     LD E,A         AF=0180 BC=5a18 DE=8960 HL=5c15 SP=c212 P1=010000 vc=22 bI
[011823] 5823 46     LD B,(HL)      AF=0180 BC=5a18 DE=8901 HL=5c15 SP=c212 P1=010000 vc=22 bI
[011824] 5824 E1     POP HL         AF=0180 BC=0a18 DE=8901 HL=5c15 SP=c212 P1=010000 vc=22 bI
[011825] 5825 C36605 JP 0566h       AF=0180 BC=0a18 DE=8901 HL=6e60 SP=c214 P1=010000 vc=22 bI
[000566] 0566 F040   LD A,(FF40h)   AF=0180 BC=0a18 DE=8901 HL=6e60 SP=c214 P1=010000 vc=23 BI
[000568] 0568 07     RLCA           AF=e780 BC=0a18 DE=8901 HL=6e60 SP=c214 P1=010000 vc=23 BI
[000569] 0569 3020   JR NC,058Bh    AF=cf10 BC=0a18 DE=8901 HL=6e60 SP=c214 P1=010000 vc=23 BI
[00056b] 056b D5     PUSH DE        AF=cf10 BC=0a18 DE=8901 HL=6e60 SP=c214 P1=010000 vc=23 BI
[00056c] 056c E5     PUSH HL        AF=cf10 BC=0a18 DE=8901 HL=6e60 SP=c212 P1=010000 vc=23 BI
[00056d] 056d 26C4   LD H,C4h       AF=cf10 BC=0a18 DE=8901 HL=6e60 SP=c210 P1=010000 vc=23 BI
[00056f] 056f F0A3   LD A,(FFA3h)   AF=cf10 BC=0a18 DE=8901 HL=c460 SP=c210 P1=010000 vc=23 BI
[000571] 0571 6F     LD L,A         AF=0010 BC=0a18 DE=8901 HL=c460 SP=c210 P1=010000 vc=23 BI
[000572] 0572 FA690A LD A,(0A69h)   AF=0010 BC=0a18 DE=8901 HL=c400 SP=c210 P1=010000 vc=23 BI
[000575] 0575 22     LDI (HL),A     AF=5d10 BC=0a18 DE=8901 HL=c400 SP=c210 P1=010000 vc=23 BI
[000576] 0576 79     LD A,C         AF=5d10 BC=0a18 DE=8901 HL=c401 SP=c210 P1=010000 vc=23 BI
[000577] 0577 22     LDI (HL),A     AF=1810 BC=0a18 DE=8901 HL=c401 SP=c210 P1=010000 vc=23 BI
[000578] 0578 D1     POP DE         AF=1810 BC=0a18 DE=8901 HL=c402 SP=c210 P1=010000 vc=23 BI
[000579] 0579 7A     LD A,D         AF=1810 BC=0a18 DE=6e60 HL=c402 SP=c212 P1=010000 vc=23 BI
[00057a] 057a 22     LDI (HL),A     AF=6e10 BC=0a18 DE=6e60 HL=c402 SP=c212 P1=010000 vc=23 BI
[00057b] 057b 7B     LD A,E         AF=6e10 BC=0a18 DE=6e60 HL=c403 SP=c212 P1=010000 vc=23 BI
[00057c] 057c 22     LDI (HL),A     AF=6010 BC=0a18 DE=6e60 HL=c403 SP=c212 P1=010000 vc=23 BI
[00057d] 057d D1     POP DE         AF=6010 BC=0a18 DE=6e60 HL=c404 SP=c212 P1=010000 vc=23 BI
[00057e] 057e 7B     LD A,E         AF=6010 BC=0a18 DE=8901 HL=c404 SP=c214 P1=010000 vc=23 BI
[00057f] 057f 22     LDI (HL),A     AF=0110 BC=0a18 DE=8901 HL=c404 SP=c214 P1=010000 vc=23 BI
[000580] 0580 7A     LD A,D         AF=0110 BC=0a18 DE=8901 HL=c405 SP=c214 P1=010000 vc=23 BI
[000581] 0581 22     LDI (HL),A     AF=8910 BC=0a18 DE=8901 HL=c405 SP=c214 P1=010000 vc=23 BI
[000582] 0582 7B     LD A,E         AF=8910 BC=0a18 DE=8901 HL=c406 SP=c214 P1=010000 vc=23 BI
[000583] 0583 22     LDI (HL),A     AF=0110 BC=0a18 DE=8901 HL=c406 SP=c214 P1=010000 vc=23 BI
[000584] 0584 78     LD A,B         AF=0110 BC=0a18 DE=8901 HL=c407 SP=c214 P1=010000 vc=23 BI
[000585] 0585 22     LDI (HL),A     AF=0a10 BC=0a18 DE=8901 HL=c407 SP=c214 P1=010000 vc=23 BI
[000586] 0586 7D     LD A,L         AF=0a10 BC=0a18 DE=8901 HL=c408 SP=c214 P1=010000 vc=23 BI
[000587] 0587 E0A3   LD (FFA3h),A   AF=0810 BC=0a18 DE=8901 HL=c408 SP=c214 P1=010000 vc=23 BI
[000589] 0589 37     SCF            AF=0810 BC=0a18 DE=8901 HL=c408 SP=c214 P1=010000 vc=23 BI
[00058a] 058a C9     RET            AF=0810 BC=0a18 DE=8901 HL=c408 SP=c214 P1=010000 vc=23 BI
[011793] 5793 2130CD LD HL,CD30h    AF=0810 BC=0a18 DE=8901 HL=c408 SP=c216 P1=010000 vc=23 BI
[011796] 5796 CBF6   SET 6,(HL)     AF=0810 BC=0a18 DE=8901 HL=cd30 SP=c216 P1=010000 vc=23 BI
[011798] 5798 B4     OR H           AF=0810 BC=0a18 DE=8901 HL=cd30 SP=c216 P1=010000 vc=23 BI
[011799] 5799 C9     RET            AF=cd00 BC=0a18 DE=8901 HL=cd30 SP=c216 P1=010000 vc=23 BI
[0e424b] 424b 2151C0 LD HL,C051h    AF=00a0 BC=a400 DE=0000 HL=c045 SP=c200 P1=0e4000 vc=40 BI
[0e424e] 424e FA1AC0 LD A,(C01Ah)   AF=00a0 BC=a400 DE=0000 HL=c051 SP=c200 P1=0e4000 vc=40 BI
[0e4251] 4251 5F     LD E,A         AF=00a0 BC=a400 DE=0000 HL=c051 SP=c200 P1=0e4000 vc=40 BI
[0e4252] 4252 1600   LD D,00h       AF=00a0 BC=a400 DE=0000 HL=c051 SP=c200 P1=0e4000 vc=40 BI
[0e4254] 4254 19     ADD HL,DE      AF=00a0 BC=a400 DE=0000 HL=c051 SP=c200 P1=0e4000 vc=40 BI
[0e4255] 4255 7E     LD A,(HL)      AF=0080 BC=a400 DE=0000 HL=c051 SP=c200 P1=0e4000 vc=40 BI
[0e4256] 4256 FE00   CP 00h         AF=1e80 BC=a400 DE=0000 HL=c051 SP=c200 P1=0e4000 vc=40 BI
[0e4258] 4258 2814   JR Z,426Eh     AF=1e40 BC=a400 DE=0000 HL=c051 SP=c200 P1=0e4000 vc=40 BI
[0e425a] 425a 3D     DEC A          AF=1e40 BC=a400 DE=0000 HL=c051 SP=c200 P1=0e4000 vc=40 BI
[0e425b] 425b 2151C0 LD HL,C051h    AF=1d40 BC=a400 DE=0000 HL=c051 SP=c200 P1=0e4000 vc=40 BI
[0e425e] 425e F5     PUSH AF        AF=1d40 BC=a400 DE=0000 HL=c051 SP=c200 P1=0e4000 vc=40 BI
[0e425f] 425f FA1AC0 LD A,(C01Ah)   AF=1d40 BC=a400 DE=0000 HL=c051 SP=c1fe P1=0e4000 vc=40 BI
[0e4262] 4262 5F     LD E,A         AF=0040 BC=a400 DE=0000 HL=c051 SP=c1fe P1=0e4000 vc=40 BI
[0e4263] 4263 1600   LD D,00h       AF=0040 BC=a400 DE=0000 HL=c051 SP=c1fe P1=0e4000 vc=40 BI
[0e4265] 4265 19     ADD HL,DE      AF=0040 BC=a400 DE=0000 HL=c051 SP=c1fe P1=0e4000 vc=40 BI
[0e4266] 4266 F1     POP AF         AF=0000 BC=a400 DE=0000 HL=c051 SP=c1fe P1=0e4000 vc=40 BI
[0e4267] 4267 77     LD (HL),A      AF=1d40 BC=a400 DE=0000 HL=c051 SP=c200 P1=0e4000 vc=40 BI
[0e4268] 4268 210000 LD HL,0000h    AF=1d40 BC=a400 DE=0000 HL=c051 SP=c200 P1=0e4000 vc=40 BI
[0e426b] 426b C3D142 JP 42D1h       AF=1d40 BC=a400 DE=0000 HL=0000 SP=c200 P1=0e4000 vc=40 BI
[000cf4] 0cf4 3607   LD (HL),07h    AF=a0d0 BC=cf2c DE=2f00 HL=ffb6 SP=c208 P1=04c000 vc=38 BI
[000cf6] 0cf6 F006   LD A,(FF06h)   AF=a0d0 BC=cf2c DE=2f00 HL=ffb6 SP=c208 P1=04c000 vc=38 BI
[000cf8] 0cf8 3D     DEC A          AF=77d0 BC=cf2c DE=2f00 HL=ffb6 SP=c208 P1=04c000 vc=38 BI
[000cf9] 0cf9 E005   LD (FF05h),A   AF=7650 BC=cf2c DE=2f00 HL=ffb6 SP=c208 P1=04c000 vc=38 BI
[0117e4] 57e4 47     LD B,A         AF=ffc0 BC=0000 DE=d051 HL=5d71 SP=c214 P1=010000 vc=22 BI
[0117e5] 57e5 4E     LD C,(HL)      AF=ffc0 BC=ff00 DE=d051 HL=5d71 SP=c214 P1=010000 vc=22 BI
[0117e6] 57e6 09     ADD HL,BC      AF=ffc0 BC=fff7 DE=d051 HL=5d71 SP=c214 P1=010000 vc=22 BI
[0117e7] 57e7 2A     LDI A,(HL)     AF=ffb0 BC=fff7 DE=d051 HL=5d68 SP=c214 P1=010000 vc=22 BI
[0e456b] 456b 2169C0 LD HL,C069h    AF=60c0 BC=a400 DE=0000 HL=c039 SP=c204 P1=0e4000 vc=40 BI
[0e456e] 456e FA1AC0 LD A,(C01Ah)   AF=60c0 BC=a400 DE=0000 HL=c069 SP=c204 P1=0e4000 vc=40 BI
[0e4571] 4571 5F     LD E,A         AF=00c0 BC=a400 DE=0000 HL=c069 SP=c204 P1=0e4000 vc=40 BI
[0e4572] 4572 1600   LD D,00h       AF=00c0 BC=a400 DE=0000 HL=c069 SP=c204 P1=0e4000 vc=40 BI
[0e4574] 4574 19     ADD HL,DE      AF=00c0 BC=a400 DE=0000 HL=c069 SP=c204 P1=0e4000 vc=40 BI
[0e4575] 4575 7E     LD A,(HL)      AF=0080 BC=a400 DE=0000 HL=c069 SP=c204 P1=0e4000 vc=40 BI
[0e4576] 4576 FE00   CP 00h         AF=0080 BC=a400 DE=0000 HL=c069 SP=c204 P1=0e4000 vc=40 bI
[0e4578] 4578 2026   JR NZ,45A0h    AF=00c0 BC=a400 DE=0000 HL=c069 SP=c204 P1=0e4000 vc=40 bI
[0e457a] 457a 3E02   LD A,02h       AF=00c0 BC=a400 DE=0000 HL=c069 SP=c204 P1=0e4000 vc=40 bI
[0e457c] 457c 215DC0 LD HL,C05Dh    AF=02c0 BC=a400 DE=0000 HL=c069 SP=c204 P1=0e4000 vc=40 bI
[0e457f] 457f F5     PUSH AF        AF=02c0 BC=a400 DE=0000 HL=c05d SP=c204 P1=0e4000 vc=40 bI
[0e4580] 4580 FA1AC0 LD A,(C01Ah)   AF=02c0 BC=a400 DE=0000 HL=c05d SP=c202 P1=0e4000 vc=40 bI
[0e4583] 4583 5F     LD E,A         AF=00c0 BC=a400 DE=0000 HL=c05d SP=c202 P1=0e4000 vc=40 bI
[0e4584] 4584 1600   LD D,00h       AF=00c0 BC=a400 DE=0000 HL=c05d SP=c202 P1=0e4000 vc=40 bI
[0e4586] 4586 19     ADD HL,DE      AF=00c0 BC=a400 DE=0000 HL=c05d SP=c202 P1=0e4000 vc=40 bI
[0e4587] 4587 F1     POP AF         AF=0080 BC=a400 DE=0000 HL=c05d SP=c202 P1=0e4000 vc=40 bI
[0e4588] 4588 77     LD (HL),A      AF=02c0 BC=a400 DE=0000 HL=c05d SP=c204 P1=0e4000 vc=40 bI
[0e4589] 4589 CD8347 CALL 4783h     AF=02c0 BC=a400 DE=0000 HL=c05d SP=c204 P1=0e4000 vc=40 bI
[0e458c] 458c CB27   SLA A          AF=0200 BC=a400 DE=0000 HL=c07d SP=c204 P1=0e4000 vc=40 bI
[0e458e] 458e CB27   SLA A          AF=0400 BC=a400 DE=0000 HL=c07d SP=c204 P1=0e4000 vc=40 bI
[0e4590] 4590 CB27   SLA A          AF=0800 BC=a400 DE=0000 HL=c07d SP=c204 P1=0e4000 vc=40 bI
[0e4592] 4592 CB27   SLA A          AF=1000 BC=a400 DE=0000 HL=c07d SP=c204 P1=0e4000 vc=40 bI
[0e4594] 4594 0E01   LD C,01h       AF=2000 BC=a400 DE=0000 HL=c07d SP=c204 P1=0e4000 vc=40 bI
[0e4596] 4596 B1     OR C           AF=2000 BC=a401 DE=0000 HL=c07d SP=c204 P1=0e4000 vc=40 bI
[0e4597] 4597 EA1EC0 LD (C01Eh),A   AF=2100 BC=a401 DE=0000 HL=c07d SP=c204 P1=0e4000 vc=40 bI
[0e459a] 459a CD1447 CALL 4714h     AF=2100 BC=a401 DE=0000 HL=c07d SP=c204 P1=0e4000 vc=40 bI
[0e459d] 459d CDF341 CALL 41F3h     AF=8000 BC=0013 DE=0000 HL=c039 SP=c204 P1=0e4000 vc=41 BI
[0e45a0] 45a0 C3F745 JP 45F7h       AF=8000 BC=0012 DE=0000 HL=c057 SP=c204 P1=0e4000 vc=42 bI
[0e47c8] 47c8 2139C0 LD HL,C039h    AF=0800 BC=0517 DE=47c8 HL=47c8 SP=c204 P1=0e4000 vc=49 BI
[0e47cb] 47cb FA1AC0 LD A,(C01Ah)   AF=0800 BC=0517 DE=47c8 HL=c039 SP=c204 P1=0e4000 vc=49 BI
[0e47ce] 47ce 5F     LD E,A         AF=0400 BC=0517 DE=47c8 HL=c039 SP=c204 P1=0e4000 vc=49 BI
[0e47cf] 47cf 1600   LD D,00h       AF=0400 BC=0517 DE=4704 HL=c039 SP=c204 P1=0e4000 vc=49 BI
[0e47d1] 47d1 19     ADD HL,DE      AF=0400 BC=0517 DE=0004 HL=c039 SP=c204 P1=0e4000 vc=49 BI
[0e47d2] 47d2 7E     LD A,(HL)      AF=0400 BC=0517 DE=0004 HL=c03d SP=c204 P1=0e4000 vc=49 BI
[0e47d3] 47d3 FE00   CP 00h         AF=0000 BC=0517 DE=0004 HL=c03d SP=c204 P1=0e4000 vc=49 BI
[0e47d5] 47d5 280B   JR Z,47E2h     AF=00c0 BC=0517 DE=0004 HL=c03d SP=c204 P1=0e4000 vc=49 BI
[0e47e2] 47e2 FA1DC0 LD A,(C01Dh)   AF=00c0 BC=0517 DE=0004 HL=c03d SP=c204 P1=0e4000 vc=49 BI
[0e47e5] 47e5 37     SCF            AF=60c0 BC=0517 DE=0004 HL=c03d SP=c204 P1=0e4000 vc=49 BI
[0e47e6] 47e6 3F     CCF            AF=6090 BC=0517 DE=0004 HL=c03d SP=c204 P1=0e4000 vc=49 BI
[0e47e7] 47e7 FE60   CP 60h         AF=6080 BC=0517 DE=0004 HL=c03d SP=c204 P1=0e4000 vc=49 BI
[0e47e9] 47e9 2036   JR NZ,4821h    AF=60c0 BC=0517 DE=0004 HL=c03d SP=c204 P1=0e4000 vc=49 BI
[0e47eb] 47eb 3E01   LD A,01h       AF=60c0 BC=0517 DE=0004 HL=c03d SP=c204 P1=0e4000 vc=49 BI
[0e47ed] 47ed 212DC0 LD HL,C02Dh    AF=01c0 BC=0517 DE=0004 HL=c03d SP=c204 P1=0e4000 vc=49 BI
[0e47f0] 47f0 F5     PUSH AF        AF=01c0 BC=0517 DE=0004 HL=c02d SP=c204 P1=0e4000 vc=49 BI
[0e47f1] 47f1 FA1AC0 LD A,(C01Ah)   AF=01c0 BC=0517 DE=0004 HL=c02d SP=c202 P1=0e4000 vc=49 BI
[0e47f4] 47f4 5F     LD E,A         AF=04c0 BC=0517 DE=0004 HL=c02d SP=c202 P1=0e4000 vc=49 BI
[0e47f5] 47f5 1600   LD D,00h       AF=04c0 BC=0517 DE=0004 HL=c02d SP=c202 P1=0e4000 vc=49 BI
[0e47f7] 47f7 19     ADD HL,DE      AF=04c0 BC=0517 DE=0004 HL=c02d SP=c202 P1=0e4000 vc=49 BI
[0e47f8] 47f8 F1     POP AF         AF=0480 BC=0517 DE=0004 HL=c031 SP=c202 P1=0e4000 vc=49 BI
[0e47f9] 47f9 77     LD (HL),A      AF=01c0 BC=0517 DE=0004 HL=c031 SP=c204 P1=0e4000 vc=49 BI
[0e47fa] 47fa CD9E48 CALL 489Eh     AF=01c0 BC=0517 DE=0004 HL=c031 SP=c204 P1=0e4000 vc=49 BI
[0e48cc] 48cc 3E00   LD A,00h       AF=0140 BC=0517 DE=0004 HL=c031 SP=c202 P1=0e4000 vc=49 BI
[0e48ce] 48ce C9     RET            AF=0040 BC=0517 DE=0004 HL=c031 SP=c202 P1=0e4000 vc=49 BI
[0e47fd] 47fd 2125C0 LD HL,C025h    AF=0040 BC=0517 DE=0004 HL=c031 SP=c204 P1=0e4000 vc=49 BI
[0e4800] 4800 F5     PUSH AF        AF=0040 BC=0517 DE=0004 HL=c025 SP=c204 P1=0e4000 vc=49 BI
[0e4801] 4801 FA1AC0 LD A,(C01Ah)   AF=0040 BC=0517 DE=0004 HL=c025 SP=c202 P1=0e4000 vc=49 BI
[0e4804] 4804 5F     LD E,A         AF=0440 BC=0517 DE=0004 HL=c025 SP=c202 P1=0e4000 vc=49 BI
[0e4805] 4805 1600   LD D,00h       AF=0440 BC=0517 DE=0004 HL=c025 SP=c202 P1=0e4000 vc=49 BI
[0e4807] 4807 19     ADD HL,DE      AF=0440 BC=0517 DE=0004 HL=c025 SP=c202 P1=0e4000 vc=49 bI
[0e4808] 4808 F1     POP AF         AF=0400 BC=0517 DE=0004 HL=c029 SP=c202 P1=0e4000 vc=49 bI
[0e4809] 4809 77     LD (HL),A      AF=0040 BC=0517 DE=0004 HL=c029 SP=c204 P1=0e4000 vc=49 bI
[0e480a] 480a CD4B43 CALL 434Bh     AF=0040 BC=0517 DE=0004 HL=c029 SP=c204 P1=0e4000 vc=49 bI
[0e480d] 480d FE00   CP 00h         AF=0070 BC=0517 DE=0004 HL=c029 SP=c204 P1=0e4000 vc=49 bI
[0e480f] 480f 200D   JR NZ,481Eh    AF=00c0 BC=0517 DE=0004 HL=c029 SP=c204 P1=0e4000 vc=49 bI
[0e4811] 4811 2125C0 LD HL,C025h    AF=00c0 BC=0517 DE=0004 HL=c029 SP=c204 P1=0e4000 vc=49 bI
[0e4814] 4814 FA1AC0 LD A,(C01Ah)   AF=00c0 BC=0517 DE=0004 HL=c025 SP=c204 P1=0e4000 vc=49 bI
[0e4817] 4817 5F     LD E,A         AF=04c0 BC=0517 DE=0004 HL=c025 SP=c204 P1=0e4000 vc=49 bI
[0e4818] 4818 1600   LD D,00h       AF=04c0 BC=0517 DE=0004 HL=c025 SP=c204 P1=0e4000 vc=49 bI
[0e481a] 481a 19     ADD HL,DE      AF=04c0 BC=0517 DE=0004 HL=c025 SP=c204 P1=0e4000 vc=49 bI
[0e481b] 481b 7E     LD A,(HL)      AF=0480 BC=0517 DE=0004 HL=c029 SP=c204 P1=0e4000 vc=49 bI
[0e481c] 481c E01C   LD (FF1Ch),A   AF=0080 BC=0517 DE=0004 HL=c029 SP=c204 P1=0e4000 vc=49 bI
[0e481e] 481e C3F745 JP 45F7h       AF=0080 BC=0517 DE=0004 HL=c029 SP=c204 P1=0e4000 vc=49 bI
[003258] 3258 34     INC (HL)       AF=00a0 BC=e000 DE=cb18 HL=c623 SP=c220 P1=0fc000 vc=148 bI
[003259] 3259 2006   JR NZ,3261h    AF=0000 BC=e000 DE=cb18 HL=c623 SP=c220 P1=0fc000 vc=148 bI
[009118] 5118 21A2C6 LD HL,C6A2h    AF=00a0 BC=00f8 DE=ccf2 HL=4a27 SP=c216 P1=008000 vc=149 bI
[00911b] 511b 2A     LDI A,(HL)     AF=00a0 BC=00f8 DE=ccf2 HL=c6a2 SP=c216 P1=008000 vc=149 bI
[00911c] 511c 3D     DEC A          AF=0ca0 BC=00f8 DE=ccf2 HL=c6a3 SP=c216 P1=008000 vc=149 bI
[00911d] 511d 87     ADD A,A        AF=0b40 BC=00f8 DE=ccf2 HL=c6a3 SP=c216 P1=008000 vc=149 bI
[00911e] 511e D8     RET C          AF=1620 BC=00f8 DE=ccf2 HL=c6a3 SP=c216 P1=008000 vc=149 bI
[00911f] 511f 87     ADD A,A        AF=1620 BC=00f8 DE=ccf2 HL=c6a3 SP=c216 P1=008000 vc=149 bI
[009120] 5120 BE     CP (HL)        AF=2c00 BC=00f8 DE=ccf2 HL=c6a3 SP=c216 P1=008000 vc=149 bI
[009121] 5121 D0     RET NC         AF=2c40 BC=00f8 DE=ccf2 HL=c6a3 SP=c216 P1=008000 vc=149 bI
[0e426e] 426e 3E10   LD A,10h       AF=00c0 BC=a400 DE=0000 HL=c051 SP=c204 P1=0e4000 vc=39 BI
[0e4270] 4270 2145C0 LD HL,C045h    AF=10c0 BC=a400 DE=0000 HL=c051 SP=c204 P1=0e4000 vc=39 BI
[0e4273] 4273 F5     PUSH AF        AF=10c0 BC=a400 DE=0000 HL=c045 SP=c204 P1=0e4000 vc=39 BI
[0e4274] 4274 FA1AC0 LD A,(C01Ah)   AF=10c0 BC=a400 DE=0000 HL=c045 SP=c202 P1=0e4000 vc=39 BI
[0e4277] 4277 5F     LD E,A         AF=00c0 BC=a400 DE=0000 HL=c045 SP=c202 P1=0e4000 vc=39 BI
[0e4278] 4278 1600   LD D,00h       AF=00c0 BC=a400 DE=0000 HL=c045 SP=c202 P1=0e4000 vc=39 BI
[0e427a] 427a 19     ADD HL,DE      AF=00c0 BC=a400 DE=0000 HL=c045 SP=c202 P1=0e4000 vc=39 BI
[0e427b] 427b F1     POP AF         AF=0080 BC=a400 DE=0000 HL=c045 SP=c202 P1=0e4000 vc=39 BI
[0e427c] 427c 77     LD (HL),A      AF=10c0 BC=a400 DE=0000 HL=c045 SP=c204 P1=0e4000 vc=39 BI
[0e427d] 427d 3E00   LD A,00h       AF=10c0 BC=a400 DE=0000 HL=c045 SP=c204 P1=0e4000 vc=39 BI
[0e427f] 427f 2151C0 LD HL,C051h    AF=00c0 BC=a400 DE=0000 HL=c045 SP=c204 P1=0e4000 vc=39 BI
[0e4282] 4282 F5     PUSH AF        AF=00c0 BC=a400 DE=0000 HL=c051 SP=c204 P1=0e4000 vc=39 BI
[0e4283] 4283 FA1AC0 LD A,(C01Ah)   AF=00c0 BC=a400 DE=0000 HL=c051 SP=c202 P1=0e4000 vc=39 BI
[0e4286] 4286 5F     LD E,A         AF=00c0 BC=a400 DE=0000 HL=c051 SP=c202 P1=0e4000 vc=39 BI
[0e4287] 4287 1600   LD D,00h       AF=00c0 BC=a400 DE=0000 HL=c051 SP=c202 P1=0e4000 vc=39 BI
[0e4289] 4289 19     ADD HL,DE      AF=00c0 BC=a400 DE=0000 HL=c051 SP=c202 P1=0e4000 vc=39 BI
[0e428a] 428a F1     POP AF         AF=0080 BC=a400 DE=0000 HL=c051 SP=c202 P1=0e4000 vc=39 BI
[0e428b] 428b 77     LD (HL),A      AF=00c0 BC=a400 DE=0000 HL=c051 SP=c204 P1=0e4000 vc=39 BI
[0e43b7] 43b7 5F     LD E,A         AF=fe40 BC=a4a0 DE=0000 HL=c075 SP=c208 P1=0e4000 vc=38 bI
[0e43b8] 43b8 3EFF   LD A,FFh       AF=fe40 BC=a4a0 DE=00fe HL=c075 SP=c208 P1=0e4000 vc=38 bI
[0e43ba] 43ba 93     SUB E          AF=ff40 BC=a4a0 DE=00fe HL=c075 SP=c208 P1=0e4000 vc=38 bI
[0e43bb] 43bb 21C243 LD HL,43C2h    AF=0140 BC=a4a0 DE=00fe HL=c075 SP=c208 P1=0e4000 vc=38 bI
[0e43be] 43be CD194D CALL 4D19h     AF=0140 BC=a4a0 DE=00fe HL=43c2 SP=c208 P1=0e4000 vc=38 bI
[0e43c1] 43c1 E9     LD PC,HL       AF=0200 BC=a4a0 DE=49f6 HL=49f6 SP=c208 P1=0e4000 vc=38 bI
[0e49f6] 49f6 CD6643 CALL 4366h     AF=0200 BC=a4a0 DE=49f6 HL=49f6 SP=c208 P1=0e4000 vc=38 bI
[0e49f9] 49f9 6F     LD L,A         AF=ce00 BC=a4a0 DE=49f6 HL=49f6 SP=c208 P1=0e4000 vc=39 BI
[0e49fa] 49fa CD6643 CALL 4366h     AF=ce00 BC=a4a0 DE=49f6 HL=49ce SP=c208 P1=0e4000 vc=39 BI
[0e49fd] 49fd 67     LD H,A         AF=4700 BC=a4a0 DE=49f6 HL=49ce SP=c208 P1=0e4000 vc=40 BI
[0e49fe] 49fe FA1AC0 LD A,(C01Ah)   AF=4700 BC=a4a0 DE=49f6 HL=47ce SP=c208 P1=0e4000 vc=40 BI
[0e4a01] 4a01 CB27   SLA A          AF=0000 BC=a4a0 DE=49f6 HL=47ce SP=c208 P1=0e4000 vc=40 BI
[0e4a03] 4a03 47     LD B,A         AF=0080 BC=a4a0 DE=49f6 HL=47ce SP=c208 P1=0e4000 vc=40 BI
[0e4a04] 4a04 7D     LD A,L         AF=0080 BC=00a0 DE=49f6 HL=47ce SP=c208 P1=0e4000 vc=40 BI
[0e4a05] 4a05 0EE2   LD C,E2h       AF=ce80 BC=00a0 DE=49f6 HL=47ce SP=c208 P1=0e4000 vc=40 BI
[0e4a07] 4a07 CD254D CALL 4D25h     AF=ce80 BC=00e2 DE=49f6 HL=47ce SP=c208 P1=0e4000 vc=40 BI
[0e4a0a] 4a0a 7C     LD A,H         AF=ce00 BC=00e3 DE=49f6 HL=47ce SP=c208 P1=0e4000 vc=40 BI
[0e4a0b] 4a0b E2     LD (FF00h+C),A AF=4700 BC=00e3 DE=49f6 HL=47ce SP=c208 P1=0e4000 vc=40 BI
[0e4a0c] 4a0c 0C     INC C          AF=4700 BC=00e3 DE=49f6 HL=47ce SP=c208 P1=0e4000 vc=40 BI
[0e4a0d] 4a0d C39643 JP 4396h       AF=4700 BC=00e4 DE=49f6 HL=47ce SP=c208 P1=0e4000 vc=40 BI
[0e44ea] 44ea FA1AC0 LD A,(C01Ah)   AF=1200 BC=0012 DE=44ea HL=44ea SP=c208 P1=0e4000 vc=46 bI
[0e44ed] 44ed FE04   CP 04h         AF=0100 BC=0012 DE=44ea HL=44ea SP=c208 P1=0e4000 vc=46 bI
[0e44ef] 44ef 281F   JR Z,4510h     AF=0170 BC=0012 DE=44ea HL=44ea SP=c208 P1=0e4000 vc=46 bI
[0e44f1] 44f1 FE05   CP 05h         AF=0170 BC=0012 DE=44ea HL=44ea SP=c208 P1=0e4000 vc=46 bI
[0e44f3] 44f3 281B   JR Z,4510h     AF=0170 BC=0012 DE=44ea HL=44ea SP=c208 P1=0e4000 vc=46 bI
[0e44f5] 44f5 CD6643 CALL 4366h     AF=0170 BC=0012 DE=44ea HL=44ea SP=c208 P1=0e4000 vc=46 bI
[0e44f8] 44f8 E603   AND 03h        AF=0200 BC=0012 DE=44ea HL=44ea SP=c208 P1=0e4000 vc=47 BI
[0e44fa] 44fa CB37   SWAP A         AF=0220 BC=0012 DE=44ea HL=44ea SP=c208 P1=0e4000 vc=47 BI
[0e44fc] 44fc CB27   SLA A          AF=2000 BC=0012 DE=44ea HL=44ea SP=c208 P1=0e4000 vc=47 BI
[0e44fe] 44fe CB27   SLA A          AF=4000 BC=0012 DE=44ea HL=44ea SP=c208 P1=0e4000 vc=47 BI
[0e4500] 4500 2157C0 LD HL,C057h    AF=8000 BC=0012 DE=44ea HL=44ea SP=c208 P1=0e4000 vc=47 BI
[0e4503] 4503 F5     PUSH AF        AF=8000 BC=0012 DE=44ea HL=c057 SP=c208 P1=0e4000 vc=47 BI
[0e4504] 4504 FA1AC0 LD A,(C01Ah)   AF=8000 BC=0012 DE=44ea HL=c057 SP=c206 P1=0e4000 vc=47 BI
[0e4507] 4507 5F     LD E,A         AF=0100 BC=0012 DE=44ea HL=c057 SP=c206 P1=0e4000 vc=47 BI
[0e4508] 4508 1600   LD D,00h       AF=0100 BC=0012 DE=4401 HL=c057 SP=c206 P1=0e4000 vc=47 BI
[0e450a] 450a 19     ADD HL,DE      AF=0100 BC=0012 DE=0001 HL=c057 SP=c206 P1=0e4000 vc=47 BI
[0e450b] 450b F1     POP AF         AF=0100 BC=0012 DE=0001 HL=c058 SP=c206 P1=0e4000 vc=47 BI
[0e450c] 450c 77     LD (HL),A      AF=8000 BC=0012 DE=0001 HL=c058 SP=c208 P1=0e4000 vc=47 BI
[0e450d] 450d C39643 JP 4396h       AF=8000 BC=0012 DE=0001 HL=c058 SP=c208 P1=0e4000 vc=47 BI
[0e4510] 4510 CD6643 CALL 4366h     AF=04c0 BC=08ec DE=44ea HL=44ea SP=c208 P1=0e4000 vc=58 BI
[0e4513] 4513 2157C0 LD HL,C057h    AF=0e00 BC=08ec DE=44ea HL=44ea SP=c208 P1=0e4000 vc=59 BI
[0e4516] 4516 F5     PUSH AF        AF=0e00 BC=08ec DE=44ea HL=c057 SP=c208 P1=0e4000 vc=59 BI
[0e4517] 4517 FA1AC0 LD A,(C01Ah)   AF=0e00 BC=08ec DE=44ea HL=c057 SP=c206 P1=0e4000 vc=59 BI
[0e451a] 451a 5F     LD E,A         AF=0400 BC=08ec DE=44ea HL=c057 SP=c206 P1=0e4000 vc=59 BI
[0e451b] 451b 1600   LD D,00h       AF=0400 BC=08ec DE=4404 HL=c057 SP=c206 P1=0e4000 vc=59 BI
[0e451d] 451d 19     ADD HL,DE      AF=0400 BC=08ec DE=0004 HL=c057 SP=c206 P1=0e4000 vc=59 BI
[0e451e] 451e F1     POP AF         AF=0400 BC=08ec DE=0004 HL=c05b SP=c206 P1=0e4000 vc=59 BI
[0e451f] 451f 77     LD (HL),A      AF=0e00 BC=08ec DE=0004 HL=c05b SP=c208 P1=0e4000 vc=59 BI
[0e4520] 4520 EA21C0 LD (C021h),A   AF=0e00 BC=08ec DE=0004 HL=c05b SP=c208 P1=0e4000 vc=59 BI
[0e4523] 4523 CDC149 CALL 49C1h     AF=0e00 BC=08ec DE=0004 HL=c05b SP=c208 P1=0e4000 vc=59 BI
[0e49c1] 49c1 CD4B43 CALL 434Bh     AF=0e00 BC=08ec DE=0004 HL=c05b SP=c206 P1=0e4000 vc=59 BI
[0e49c4] 49c4 FE00   CP 00h         AF=0070 BC=08ec DE=0004 HL=c05b SP=c206 P1=0e4000 vc=59 BI
[0e49c6] 49c6 2801   JR Z,49C9h     AF=00c0 BC=08ec DE=0004 HL=c05b SP=c206 P1=0e4000 vc=59 BI
[0e49c9] 49c9 3E00   LD A,00h       AF=00c0 BC=08ec DE=0004 HL=c05b SP=c206 P1=0e4000 vc=59 BI
[0e49cb] 49cb E01A   LD (FF1Ah),A   AF=00c0 BC=08ec DE=0004 HL=c05b SP=c206 P1=0e4000 vc=59 BI
[0e49cd] 49cd F026   LD A,(FF26h)   AF=00c0 BC=08ec DE=0004 HL=c05b SP=c206 P1=0e4000 vc=59 BI
[0e49cf] 49cf E604   AND 04h        AF=8bc0 BC=08ec DE=0004 HL=c05b SP=c206 P1=0e4000 vc=59 BI
[0e49d1] 49d1 20F6   JR NZ,49C9h    AF=00a0 BC=08ec DE=0004 HL=c05b SP=c206 P1=0e4000 vc=59 BI
[0e49d3] 49d3 FA21C0 LD A,(C021h)   AF=00a0 BC=08ec DE=0004 HL=c05b SP=c206 P1=0e4000 vc=59 BI
[0e49d6] 49d6 21604D LD HL,4D60h    AF=0ea0 BC=08ec DE=0004 HL=c05b SP=c206 P1=0e4000 vc=59 BI
[0e49d9] 49d9 CD194D CALL 4D19h     AF=0ea0 BC=08ec DE=0004 HL=4d60 SP=c206 P1=0e4000 vc=59 BI
[0e49dc] 49dc 0E10   LD C,10h       AF=1c00 BC=08ec DE=4ddc HL=4ddc SP=c206 P1=0e4000 vc=59 bI
[0e49de] 49de 1130FF LD DE,FF30h    AF=1c00 BC=0810 DE=4ddc HL=4ddc SP=c206 P1=0e4000 vc=59 bI
[0e49e1] 49e1 2A     LDI A,(HL)     AF=1c00 BC=0810 DE=ff30 HL=4ddc SP=c206 P1=0e4000 vc=59 bI
[0e49e2] 49e2 12     LD (DE),A      AF=0000 BC=0810 DE=ff30 HL=4ddd SP=c206 P1=0e4000 vc=59 bI
[0e49e3] 49e3 13     INC DE         AF=0000 BC=0810 DE=ff30 HL=4ddd SP=c206 P1=0e4000 vc=59 bI
[0e49e4] 49e4 0D     DEC C          AF=0000 BC=0810 DE=ff31 HL=4ddd SP=c206 P1=0e4000 vc=59 bI
[0e49e5] 49e5 20FA   JR NZ,49E1h    AF=0060 BC=080f DE=ff31 HL=4ddd SP=c206 P1=0e4000 vc=59 bI
[0e49e7] 49e7 3E80   LD A,80h       AF=88c0 BC=0800 DE=ff40 HL=4dec SP=c206 P1=0e4000 vc=60 BI
[0e49e9] 49e9 E01A   LD (FF1Ah),A   AF=80c0 BC=0800 DE=ff40 HL=4dec SP=c206 P1=0e4000 vc=60 BI
[0e49eb] 49eb F01A   LD A,(FF1Ah)   AF=80c0 BC=0800 DE=ff40 HL=4dec SP=c206 P1=0e4000 vc=60 BI
[0e49ed] 49ed E680   AND 80h        AF=80c0 BC=0800 DE=ff40 HL=4dec SP=c206 P1=0e4000 vc=60 BI
[0e49ef] 49ef 28F6   JR Z,49E7h     AF=8020 BC=0800 DE=ff40 HL=4dec SP=c206 P1=0e4000 vc=60 BI
[0e49f1] 49f1 3E80   LD A,80h       AF=8020 BC=0800 DE=ff40 HL=4dec SP=c206 P1=0e4000 vc=60 BI
[0e49f3] 49f3 E01E   LD (FF1Eh),A   AF=8020 BC=0800 DE=ff40 HL=4dec SP=c206 P1=0e4000 vc=60 BI
[0e49f5] 49f5 C9     RET            AF=8020 BC=0800 DE=ff40 HL=4dec SP=c206 P1=0e4000 vc=60 BI
[0e4526] 4526 C39643 JP 4396h       AF=8020 BC=0800 DE=ff40 HL=4dec SP=c208 P1=0e4000 vc=60 BI
[0e4821] 4821 3E00   LD A,00h       AF=1750 BC=0800 DE=0004 HL=c03d SP=c208 P1=0e4000 vc=61 BI
[0e4823] 4823 212DC0 LD HL,C02Dh    AF=0050 BC=0800 DE=0004 HL=c03d SP=c208 P1=0e4000 vc=61 BI
[0e4826] 4826 F5     PUSH AF        AF=0050 BC=0800 DE=0004 HL=c02d SP=c208 P1=0e4000 vc=61 BI
[0e4827] 4827 FA1AC0 LD A,(C01Ah)   AF=0050 BC=0800 DE=0004 HL=c02d SP=c206 P1=0e4000 vc=61 BI
[0e482a] 482a 5F     LD E,A         AF=0450 BC=0800 DE=0004 HL=c02d SP=c206 P1=0e4000 vc=61 BI
[0e482b] 482b 1600   LD D,00h       AF=0450 BC=0800 DE=0004 HL=c02d SP=c206 P1=0e4000 vc=61 BI
[0e482d] 482d 19     ADD HL,DE      AF=0450 BC=0800 DE=0004 HL=c02d SP=c206 P1=0e4000 vc=61 BI
[0e482e] 482e F1     POP AF         AF=0400 BC=0800 DE=0004 HL=c031 SP=c206 P1=0e4000 vc=61 BI
[0e482f] 482f 77     LD (HL),A      AF=0050 BC=0800 DE=0004 HL=c031 SP=c208 P1=0e4000 vc=61 BI
[0e4830] 4830 FA1DC0 LD A,(C01Dh)   AF=0050 BC=0800 DE=0004 HL=c031 SP=c208 P1=0e4000 vc=61 BI
[0e4833] 4833 21224A LD HL,4A22h    AF=1750 BC=0800 DE=0004 HL=c031 SP=c208 P1=0e4000 vc=61 BI
[0e4836] 4836 CD194D CALL 4D19h     AF=1750 BC=0800 DE=0004 HL=4a22 SP=c208 P1=0e4000 vc=61 bI
[0e4839] 4839 CD1A46 CALL 461Ah     AF=2e00 BC=0800 DE=05ed HL=05ed SP=c208 P1=0e4000 vc=61 bI
[0e483c] 483c 3E00   LD A,00h       AF=0500 BC=08fc DE=0000 HL=05ed SP=c208 P1=0e4000 vc=62 BI
[0e483e] 483e 2145C0 LD HL,C045h    AF=0000 BC=08fc DE=0000 HL=05ed SP=c208 P1=0e4000 vc=62 BI
[0e4841] 4841 F5     PUSH AF        AF=0000 BC=08fc DE=0000 HL=c045 SP=c208 P1=0e4000 vc=62 BI
[0e4842] 4842 FA1AC0 LD A,(C01Ah)   AF=0000 BC=08fc DE=0000 HL=c045 SP=c206 P1=0e4000 vc=62 BI
[0e4845] 4845 5F     LD E,A         AF=0400 BC=08fc DE=0000 HL=c045 SP=c206 P1=0e4000 vc=62 BI
[0e4846] 4846 1600   LD D,00h       AF=0400 BC=08fc DE=0004 HL=c045 SP=c206 P1=0e4000 vc=62 BI
[0e4848] 4848 19     ADD HL,DE      AF=0400 BC=08fc DE=0004 HL=c045 SP=c206 P1=0e4000 vc=62 BI
[0e4849] 4849 F1     POP AF         AF=0400 BC=08fc DE=0004 HL=c049 SP=c206 P1=0e4000 vc=62 BI
[0e484a] 484a 77     LD (HL),A      AF=0000 BC=08fc DE=0004 HL=c049 SP=c208 P1=0e4000 vc=62 BI
[0e484b] 484b 3E00   LD A,00h       AF=0000 BC=08fc DE=0004 HL=c049 SP=c208 P1=0e4000 vc=62 BI
[0e484d] 484d 214BC0 LD HL,C04Bh    AF=0000 BC=08fc DE=0004 HL=c049 SP=c208 P1=0e4000 vc=62 BI
[0e4850] 4850 FA1AC0 LD A,(C01Ah)   AF=0000 BC=08fc DE=0004 HL=c04b SP=c208 P1=0e4000 vc=62 BI
[0e4853] 4853 5F     LD E,A         AF=0400 BC=08fc DE=0004 HL=c04b SP=c208 P1=0e4000 vc=62 BI
[0e4854] 4854 1600   LD D,00h       AF=0400 BC=08fc DE=0004 HL=c04b SP=c208 P1=0e4000 vc=62 BI
[0e4856] 4856 19     ADD HL,DE      AF=0400 BC=08fc DE=0004 HL=c04b SP=c208 P1=0e4000 vc=62 BI
[0e4857] 4857 7E     LD A,(HL)      AF=0400 BC=08fc DE=0004 HL=c04f SP=c208 P1=0e4000 vc=62 BI
[0e4858] 4858 E6F0   AND F0h        AF=0000 BC=08fc DE=0004 HL=c04f SP=c208 P1=0e4000 vc=62 BI
[0e485a] 485a CB3F   SRL A          AF=00a0 BC=08fc DE=0004 HL=c04f SP=c208 P1=0e4000 vc=62 BI
[0e485c] 485c CB3F   SRL A          AF=0080 BC=08fc DE=0004 HL=c04f SP=c208 P1=0e4000 vc=62 BI
[0e485e] 485e CB3F   SRL A          AF=0080 BC=08fc DE=0004 HL=c04f SP=c208 P1=0e4000 vc=62 BI
[0e4860] 4860 2151C0 LD HL,C051h    AF=0080 BC=08fc DE=0004 HL=c04f SP=c208 P1=0e4000 vc=62 BI
[0e4863] 4863 F5     PUSH AF        AF=0080 BC=08fc DE=0004 HL=c051 SP=c208 P1=0e4000 vc=62 BI
[0e4864] 4864 FA1AC0 LD A,(C01Ah)   AF=0080 BC=08fc DE=0004 HL=c051 SP=c206 P1=0e4000 vc=62 BI
[0e4867] 4867 5F     LD E,A         AF=0480 BC=08fc DE=0004 HL=c051 SP=c206 P1=0e4000 vc=62 BI
[0e4868] 4868 1600   LD D,00h       AF=0480 BC=08fc DE=0004 HL=c051 SP=c206 P1=0e4000 vc=62 BI
[0e486a] 486a 19     ADD HL,DE      AF=0480 BC=08fc DE=0004 HL=c051 SP=c206 P1=0e4000 vc=62 BI
[0e486b] 486b F1     POP AF         AF=0480 BC=08fc DE=0004 HL=c055 SP=c206 P1=0e4000 vc=62 BI
[0e486c] 486c 77     LD (HL),A      AF=0080 BC=08fc DE=0004 HL=c055 SP=c208 P1=0e4000 vc=62 BI
[0e486d] 486d CD9E48 CALL 489Eh     AF=0080 BC=08fc DE=0004 HL=c055 SP=c208 P1=0e4000 vc=62 BI
[0e4870] 4870 2125C0 LD HL,C025h    AF=2040 BC=08fc DE=0004 HL=c031 SP=c208 P1=0e4000 vc=62 bI
[0e4873] 4873 F5     PUSH AF        AF=2040 BC=08fc DE=0004 HL=c025 SP=c208 P1=0e4000 vc=62 bI
[0e4874] 4874 FA1AC0 LD A,(C01Ah)   AF=2040 BC=08fc DE=0004 HL=c025 SP=c206 P1=0e4000 vc=62 bI
[0e4877] 4877 5F     LD E,A         AF=0440 BC=08fc DE=0004 HL=c025 SP=c206 P1=0e4000 vc=62 bI
[0e4878] 4878 1600   LD D,00h       AF=0440 BC=08fc DE=0004 HL=c025 SP=c206 P1=0e4000 vc=62 bI
[0e487a] 487a 19     ADD HL,DE      AF=0440 BC=08fc DE=0004 HL=c025 SP=c206 P1=0e4000 vc=62 bI
[0e487b] 487b F1     POP AF         AF=0400 BC=08fc DE=0004 HL=c029 SP=c206 P1=0e4000 vc=62 bI
[0e487c] 487c 77     LD (HL),A      AF=2040 BC=08fc DE=0004 HL=c029 SP=c208 P1=0e4000 vc=62 bI
[0e487d] 487d CD4B43 CALL 434Bh     AF=2040 BC=08fc DE=0004 HL=c029 SP=c208 P1=0e4000 vc=62 bI
[0e4880] 4880 FE00   CP 00h         AF=0070 BC=08fc DE=0004 HL=c029 SP=c208 P1=0e4000 vc=62 bI
[0e4882] 4882 2017   JR NZ,489Bh    AF=00c0 BC=08fc DE=0004 HL=c029 SP=c208 P1=0e4000 vc=62 bI
[0e4884] 4884 2125C0 LD HL,C025h    AF=00c0 BC=08fc DE=0004 HL=c029 SP=c208 P1=0e4000 vc=62 bI
[0e4887] 4887 FA1AC0 LD A,(C01Ah)   AF=00c0 BC=08fc DE=0004 HL=c025 SP=c208 P1=0e4000 vc=62 bI
[0e488a] 488a 5F     LD E,A         AF=04c0 BC=08fc DE=0004 HL=c025 SP=c208 P1=0e4000 vc=62 bI
[0e488b] 488b 1600   LD D,00h       AF=04c0 BC=08fc DE=0004 HL=c025 SP=c208 P1=0e4000 vc=62 bI
[0e488d] 488d 19     ADD HL,DE      AF=04c0 BC=08fc DE=0004 HL=c025 SP=c208 P1=0e4000 vc=62 bI
[0e488e] 488e 7E     LD A,(HL)      AF=0480 BC=08fc DE=0004 HL=c029 SP=c208 P1=0e4000 vc=62 bI
[0e488f] 488f E01C   LD (FF1Ch),A   AF=2080 BC=08fc DE=0004 HL=c029 SP=c208 P1=0e4000 vc=62 bI
[0e4891] 4891 FA1FC0 LD A,(C01Fh)   AF=2080 BC=08fc DE=0004 HL=c029 SP=c208 P1=0e4000 vc=62 bI
[0e4894] 4894 E01D   LD (FF1Dh),A   AF=ed80 BC=08fc DE=0004 HL=c029 SP=c208 P1=0e4000 vc=62 bI
[0e4896] 4896 FA20C0 LD A,(C020h)   AF=ed80 BC=08fc DE=0004 HL=c029 SP=c208 P1=0e4000 vc=62 bI
[0e4899] 4899 E01E   LD (FF1Eh),A   AF=0580 BC=08fc DE=0004 HL=c029 SP=c208 P1=0e4000 vc=62 bI
[0e489b] 489b C3F745 JP 45F7h       AF=0580 BC=08fc DE=0004 HL=c029 SP=c208 P1=0e4000 vc=63 BI
[015f96] 5f96 62     LD H,D         AF=00a0 BC=2418 DE=d004 HL=ccee SP=c214 P1=014000 vc=7 bI
[015f97] 5f97 2E09   LD L,09h       AF=00a0 BC=2418 DE=d004 HL=d0ee SP=c214 P1=014000 vc=7 bI
[015f99] 5f99 A9     XOR C          AF=00a0 BC=2418 DE=d004 HL=d009 SP=c214 P1=014000 vc=7 bI
[015f9a] 5f9a BE     CP (HL)        AF=1800 BC=2418 DE=d004 HL=d009 SP=c214 P1=014000 vc=7 bI
[015f9b] 5f9b C0     RET NZ         AF=1870 BC=2418 DE=d004 HL=d009 SP=c214 P1=014000 vc=7 bI
[0155a3] 55a3 0E01   LD C,01h       AF=fe00 BC=7f00 DE=d009 HL=ccb8 SP=c216 P1=014000 vc=9 BI
[0155a5] 55a5 FA7CCC LD A,(CC7Ch)   AF=fe00 BC=7f01 DE=d009 HL=ccb8 SP=c216 P1=014000 vc=9 BI
[0155a8] 55a8 B7     OR A           AF=0000 BC=7f01 DE=d009 HL=ccb8 SP=c216 P1=014000 vc=9 BI
[0155a9] 55a9 2005   JR NZ,55B0h    AF=0080 BC=7f01 DE=d009 HL=ccb8 SP=c216 P1=014000 vc=9 BI
[0155ab] 55ab CDDF5B CALL 5BDFh     AF=0080 BC=7f01 DE=d009 HL=ccb8 SP=c216 P1=014000 vc=9 BI
[015bdf] 5bdf 0E00   LD C,00h       AF=0080 BC=7f01 DE=d009 HL=ccb8 SP=c214 P1=014000 vc=9 BI
[015be1] 5be1 1E36   LD E,36h       AF=0080 BC=7f00 DE=d009 HL=ccb8 SP=c214 P1=014000 vc=9 BI
[015be3] 5be3 1A     LD A,(DE)      AF=0080 BC=7f00 DE=d036 HL=ccb8 SP=c214 P1=014000 vc=9 BI
[015be4] 5be4 B9     CP C           AF=0080 BC=7f00 DE=d036 HL=ccb8 SP=c214 P1=014000 vc=9 BI
[015be5] 5be5 2816   JR Z,5BFDh     AF=00c0 BC=7f00 DE=d036 HL=ccb8 SP=c214 P1=014000 vc=9 BI
[015bfd] 5bfd 0602   LD B,02h       AF=00c0 BC=7f00 DE=d036 HL=ccb8 SP=c214 P1=014000 vc=9 BI
[015bff] 5bff 1E00   LD E,00h       AF=00c0 BC=0200 DE=d036 HL=ccb8 SP=c214 P1=014000 vc=9 BI
[015c01] 5c01 FAB6CC LD A,(CCB6h)   AF=00c0 BC=0200 DE=d000 HL=ccb8 SP=c214 P1=014000 vc=9 BI
[015c04] 5c04 FE01   CP 01h         AF=00c0 BC=0200 DE=d000 HL=ccb8 SP=c214 P1=014000 vc=9 BI
[015c06] 5c06 2819   JR Z,5C21h     AF=0070 BC=0200 DE=d000 HL=ccb8 SP=c214 P1=014000 vc=9 BI
[015c08] 5c08 FE02   CP 02h         AF=0070 BC=0200 DE=d000 HL=ccb8 SP=c214 P1=014000 vc=9 BI
[015c0a] 5c0a 2815   JR Z,5C21h     AF=0070 BC=0200 DE=d000 HL=ccb8 SP=c214 P1=014000 vc=9 BI
[015c0c] 5c0c FE05   CP 05h         AF=0070 BC=0200 DE=d000 HL=ccb8 SP=c214 P1=014000 vc=9 BI
[015c0e] 5c0e 280A   JR Z,5C1Ah     AF=0070 BC=0200 DE=d000 HL=ccb8 SP=c214 P1=014000 vc=9 BI
[015c10] 5c10 04     INC B          AF=0070 BC=0200 DE=d000 HL=ccb8 SP=c214 P1=014000 vc=9 BI
[015c11] 5c11 FE06   CP 06h         AF=0010 BC=0300 DE=d000 HL=ccb8 SP=c214 P1=014000 vc=9 BI
[015c13] 5c13 2805   JR Z,5C1Ah     AF=0070 BC=0300 DE=d000 HL=ccb8 SP=c214 P1=014000 vc=9 BI
[015c15] 5c15 FE04   CP 04h         AF=0070 BC=0300 DE=d000 HL=ccb8 SP=c214 P1=014000 vc=9 BI
[015c17] 5c17 2801   JR Z,5C1Ah     AF=0070 BC=0300 DE=d000 HL=ccb8 SP=c214 P1=014000 vc=9 BI
[015c19] 5c19 04     INC B          AF=0070 BC=0300 DE=d000 HL=ccb8 SP=c214 P1=014000 vc=9 bI
[015c1a] 5c1a CD2F2B CALL 2B2Fh     AF=0010 BC=0400 DE=d000 HL=ccb8 SP=c214 P1=014000 vc=9 bI
[015c1d] 5c1d 2802   JR Z,5C21h     AF=0080 BC=0400 DE=d000 HL=cc86 SP=c214 P1=014000 vc=9 bI
[015c21] 5c21 7B     LD A,E         AF=0080 BC=0400 DE=d000 HL=cc86 SP=c214 P1=014000 vc=9 bI
[015c22] 5c22 80     ADD A,B        AF=0080 BC=0400 DE=d000 HL=cc86 SP=c214 P1=014000 vc=9 bI
[015c23] 5c23 81     ADD A,C        AF=0400 BC=0400 DE=d000 HL=cc86 SP=c214 P1=014000 vc=9 bI
[015c24] 5c24 E67F   AND 7Fh        AF=0400 BC=0400 DE=d000 HL=cc86 SP=c214 P1=014000 vc=9 bI
[015c26] 5c26 21345C LD HL,5C34h    AF=0420 BC=0400 DE=d000 HL=cc86 SP=c214 P1=014000 vc=9 bI
[015c29] 5c29 D7     RST 10         AF=0420 BC=0400 DE=d000 HL=5c34 SP=c214 P1=014000 vc=9 bI
[015c2a] 5c2a 7E     LD A,(HL)      AF=3800 BC=0400 DE=d000 HL=5c38 SP=c214 P1=014000 vc=9 bI
[015c2b] 5c2b 62     LD H,D         AF=2800 BC=0400 DE=d000 HL=5c38 SP=c214 P1=014000 vc=9 bI
[015c2c] 5c2c 2E11   LD L,11h       AF=2800 BC=0400 DE=d000 HL=d038 SP=c214 P1=014000 vc=9 bI
[015c2e] 5c2e 32     LDD (HL),A     AF=2800 BC=0400 DE=d000 HL=d011 SP=c214 P1=014000 vc=9 bI
[015c2f] 5c2f CB79   BIT 7,C        AF=2800 BC=0400 DE=d000 HL=d010 SP=c214 P1=014000 vc=9 bI
[015c31] 5c31 C0     RET NZ         AF=28a0 BC=0400 DE=d000 HL=d010 SP=c214 P1=014000 vc=9 bI
[015c32] 5c32 77     LD (HL),A      AF=28a0 BC=0400 DE=d000 HL=d010 SP=c214 P1=014000 vc=9 bI
[015c33] 5c33 C9     RET            AF=28a0 BC=0400 DE=d000 HL=d010 SP=c214 P1=014000 vc=9 bI
[0155ae] 55ae 0E07   LD C,07h       AF=28a0 BC=0400 DE=d000 HL=d010 SP=c216 P1=014000 vc=9 bI
[0159c9] 59c9 CDBC5B CALL 5BBCh     AF=8310 BC=0407 DE=d000 HL=d010 SP=c212 P1=014000 vc=9 bI
[015bdc] 5bdc C3362A JP 2A36h       AF=10c0 BC=0407 DE=d000 HL=d030 SP=c210 P1=014000 vc=10 BI
[002a36] 2a36 62     LD H,D         AF=10c0 BC=0407 DE=d000 HL=d030 SP=c210 P1=014000 vc=10 BI
[002a37] 2a37 2E20   LD L,20h       AF=10c0 BC=0407 DE=d000 HL=d030 SP=c210 P1=014000 vc=10 BI
[002a39] 2a39 35     DEC (HL)       AF=10c0 BC=0407 DE=d000 HL=d020 SP=c210 P1=014000 vc=10 BI
[002a3a] 2a3a C0     RET NZ         AF=1040 BC=0407 DE=d000 HL=d020 SP=c210 P1=014000 vc=10 BI
[0159d0] 59d0 F5     PUSH AF        AF=c110 BC=0407 DE=d000 HL=d020 SP=c214 P1=014000 vc=10 BI
[0159d1] 59d1 CD885C CALL 5C88h     AF=c110 BC=0407 DE=d000 HL=d020 SP=c212 P1=014000 vc=10 BI
[015c88] 5c88 1E10   LD E,10h       AF=c110 BC=0407 DE=d000 HL=d020 SP=c210 P1=014000 vc=10 BI
[015c8a] 5c8a 1A     LD A,(DE)      AF=c110 BC=0407 DE=d010 HL=d020 SP=c210 P1=014000 vc=10 BI
[015c8b] 5c8b 47     LD B,A         AF=2810 BC=0407 DE=d010 HL=d020 SP=c210 P1=014000 vc=10 BI
[015c8c] 5c8c 1E09   LD E,09h       AF=2810 BC=2807 DE=d010 HL=d020 SP=c210 P1=014000 vc=10 BI
[015c8e] 5c8e 1A     LD A,(DE)      AF=2810 BC=2807 DE=d009 HL=d020 SP=c210 P1=014000 vc=10 BI
[015c8f] 5c8f 4F     LD C,A         AF=1810 BC=2807 DE=d009 HL=d020 SP=c210 P1=014000 vc=10 BI
[015c90] 5c90 CB79   BIT 7,C        AF=1810 BC=2818 DE=d009 HL=d020 SP=c210 P1=014000 vc=10 BI
[015c92] 5c92 2049   JR NZ,5CDDh    AF=18b0 BC=2818 DE=d009 HL=d020 SP=c210 P1=014000 vc=10 BI
[015c94] 5c94 1E33   LD E,33h       AF=18b0 BC=2818 DE=d009 HL=d020 SP=c210 P1=014000 vc=10 BI
[015c96] 5c96 1A     LD A,(DE)      AF=18b0 BC=2818 DE=d033 HL=d020 SP=c210 P1=014000 vc=10 BI
[015c97] 5c97 5F     LD E,A         AF=00b0 BC=2818 DE=d033 HL=d020 SP=c210 P1=014000 vc=10 BI
[015c98] 5c98 CD005D CALL 5D00h     AF=00b0 BC=2818 DE=d000 HL=d020 SP=c210 P1=014000 vc=10 BI
[015d00] 5d00 79     LD A,C         AF=00b0 BC=2818 DE=d000 HL=d020 SP=c20e P1=014000 vc=10 BI
[015d01] 5d01 214D24 LD HL,244Dh    AF=18b0 BC=2818 DE=d000 HL=d020 SP=c20e P1=014000 vc=10 BI
[015d04] 5d04 D7     RST 10         AF=18b0 BC=2818 DE=d000 HL=244d SP=c20e P1=014000 vc=10 BI
[015d05] 5d05 7E     LD A,(HL)      AF=6520 BC=2818 DE=d000 HL=2465 SP=c20e P1=014000 vc=10 BI
[015d06] 5d06 E603   AND 03h        AF=1c20 BC=2818 DE=d000 HL=2465 SP=c20e P1=014000 vc=10 BI
[015d08] 5d08 C0     RET NZ         AF=00a0 BC=2818 DE=d000 HL=2465 SP=c20e P1=014000 vc=10 BI
[015d09] 5d09 7E     LD A,(HL)      AF=00a0 BC=2818 DE=d000 HL=2465 SP=c20e P1=014000 vc=10 BI
[015d0a] 5d0a 07     RLCA           AF=1ca0 BC=2818 DE=d000 HL=2465 SP=c20e P1=014000 vc=10 BI
[015d0b] 5d0b 3826   JR C,5D33h     AF=3800 BC=2818 DE=d000 HL=2465 SP=c20e P1=014000 vc=10 BI
[015d0d] 5d0d 07     RLCA           AF=3800 BC=2818 DE=d000 HL=2465 SP=c20e P1=014000 vc=10 BI
[015d0e] 5d0e 3833   JR C,5D43h     AF=7000 BC=2818 DE=d000 HL=2465 SP=c20e P1=014000 vc=10 BI
[015d10] 5d10 07     RLCA           AF=7000 BC=2818 DE=d000 HL=2465 SP=c20e P1=014000 vc=10 BI
[015d11] 5d11 3810   JR C,5D23h     AF=e000 BC=2818 DE=d000 HL=2465 SP=c20e P1=014000 vc=10 BI
[015d13] 5d13 7B     LD A,E         AF=e000 BC=2818 DE=d000 HL=2465 SP=c20e P1=014000 vc=10 BI
[015d14] 5d14 E6CC   AND CCh        AF=0000 BC=2818 DE=d000 HL=2465 SP=c20e P1=014000 vc=10 BI
[015d16] 5d16 FE04   CP 04h         AF=00a0 BC=2818 DE=d000 HL=2465 SP=c20e P1=014000 vc=10 BI
[015d18] 5d18 3E00   LD A,00h       AF=0070 BC=2818 DE=d000 HL=2465 SP=c20e P1=014000 vc=10 BI
[015d1a] 5d1a C8     RET Z          AF=0070 BC=2818 DE=d000 HL=2465 SP=c20e P1=014000 vc=10 BI
[015d1b] 5d1b 7B     LD A,E         AF=0070 BC=2818 DE=d000 HL=2465 SP=c20e P1=014000 vc=10 BI
[015d1c] 5d1c E63C   AND 3Ch        AF=0070 BC=2818 DE=d000 HL=2465 SP=c20e P1=014000 vc=10 BI
[015d1e] 5d1e FE08   CP 08h         AF=00a0 BC=2818 DE=d000 HL=2465 SP=c20e P1=014000 vc=10 BI
[015d20] 5d20 3E10   LD A,10h       AF=0070 BC=2818 DE=d000 HL=2465 SP=c20e P1=014000 vc=10 BI
[015d22] 5d22 C9     RET            AF=1070 BC=2818 DE=d000 HL=2465 SP=c20e P1=014000 vc=10 BI
[015c9b] 5c9b 2003   JR NZ,5CA0h    AF=1070 BC=2818 DE=d000 HL=2465 SP=c210 P1=014000 vc=10 BI
[015ca0] 5ca0 79     LD A,C         AF=1070 BC=2818 DE=d000 HL=2465 SP=c210 P1=014000 vc=10 BI
[015ca1] 5ca1 21E05C LD HL,5CE0h    AF=1870 BC=2818 DE=d000 HL=2465 SP=c210 P1=014000 vc=10 BI
[015ca4] 5ca4 D7     RST 10         AF=1870 BC=2818 DE=d000 HL=5ce0 SP=c210 P1=014000 vc=10 bI
[015ca5] 5ca5 7B     LD A,E         AF=f800 BC=2818 DE=d000 HL=5cf8 SP=c210 P1=014000 vc=10 bI
[015ca6] 5ca6 A6     AND (HL)       AF=0000 BC=2818 DE=d000 HL=5cf8 SP=c210 P1=014000 vc=10 bI
[015ca7] 5ca7 5F     LD E,A         AF=00a0 BC=2818 DE=d000 HL=5cf8 SP=c210 P1=014000 vc=10 bI
[015ca8] 5ca8 CDFF1F CALL 1FFFh     AF=00a0 BC=2818 DE=d000 HL=5cf8 SP=c210 P1=014000 vc=10 bI
[001fff] 1fff CB79   BIT 7,C        AF=00a0 BC=2818 DE=d000 HL=5cf8 SP=c20e P1=014000 vc=10 bI
[002001] 2001 203C   JR NZ,203Fh    AF=00a0 BC=2818 DE=d000 HL=5cf8 SP=c20e P1=014000 vc=10 bI
[002003] 2003 CB30   SWAP B         AF=00a0 BC=2818 DE=d000 HL=5cf8 SP=c20e P1=014000 vc=10 bI
[002005] 2005 2838   JR Z,203Fh     AF=0000 BC=8218 DE=d000 HL=5cf8 SP=c20e P1=014000 vc=10 bI
[002007] 2007 78     LD A,B         AF=0000 BC=8218 DE=d000 HL=5cf8 SP=c20e P1=014000 vc=10 bI
[002008] 2008 214B40 LD HL,404Bh    AF=8200 BC=8218 DE=d000 HL=5cf8 SP=c20e P1=014000 vc=10 bI
[00200b] 200b CB21   SLA C          AF=8200 BC=8218 DE=d000 HL=404b SP=c20e P1=014000 vc=10 bI
[00200d] 200d 0600   LD B,00h       AF=8200 BC=8230 DE=d000 HL=404b SP=c20e P1=014000 vc=10 bI
[00200f] 200f 09     ADD HL,BC      AF=8200 BC=0030 DE=d000 HL=404b SP=c20e P1=014000 vc=10 bI
[002010] 2010 47     LD B,A         AF=8200 BC=0030 DE=d000 HL=407b SP=c20e P1=014000 vc=10 bI
[002011] 2011 E6F0   AND F0h        AF=8200 BC=8230 DE=d000 HL=407b SP=c20e P1=014000 vc=10 bI
[002013] 2013 4F     LD C,A         AF=8020 BC=8230 DE=d000 HL=407b SP=c20e P1=014000 vc=10 bI
[002014] 2014 78     LD A,B         AF=8020 BC=8280 DE=d000 HL=407b SP=c20e P1=014000 vc=10 bI
[002015] 2015 E60F   AND 0Fh        AF=8220 BC=8280 DE=d000 HL=407b SP=c20e P1=014000 vc=10 bI
[002017] 2017 47     LD B,A         AF=0220 BC=8280 DE=d000 HL=407b SP=c20e P1=014000 vc=10 bI
[002018] 2018 09     ADD HL,BC      AF=0220 BC=0280 DE=d000 HL=407b SP=c20e P1=014000 vc=10 bI
[002019] 2019 F097   LD A,(FF97h)   AF=0200 BC=0280 DE=d000 HL=42fb SP=c20e P1=014000 vc=10 bI
[00201b] 201b F5     PUSH AF        AF=0500 BC=0280 DE=d000 HL=42fb SP=c20e P1=014000 vc=10 bI
[00201c] 201c 3E03   LD A,03h       AF=0500 BC=0280 DE=d000 HL=42fb SP=c20c P1=014000 vc=10 bI
[00201e] 201e E097   LD (FF97h),A   AF=0300 BC=0280 DE=d000 HL=42fb SP=c20c P1=014000 vc=10 bI
[002020] 2020 EA2222 LD (2222h),A   AF=0300 BC=0280 DE=d000 HL=42fb SP=c20c P1=014000 vc=10 bI
[002023] 2023 01C0CE LD BC,CEC0h    AF=0300 BC=0280 DE=d000 HL=42fb SP=c20c P1=00c000 vc=10 bI
[002026] 2026 2A     LDI A,(HL)     AF=0300 BC=cec0 DE=d000 HL=42fb SP=c20c P1=00c000 vc=10 bI
[002027] 2027 02     LD (BC),A      AF=0000 BC=cec0 DE=d000 HL=42fc SP=c20c P1=00c000 vc=10 bI
[002028] 2028 0C     INC C          AF=0000 BC=cec0 DE=d000 HL=42fc SP=c20c P1=00c000 vc=10 bI
[002029] 2029 2A     LDI A,(HL)     AF=0000 BC=cec1 DE=d000 HL=42fc SP=c20c P1=00c000 vc=10 bI
[00202a] 202a 02     LD (BC),A      AF=0000 BC=cec1 DE=d000 HL=42fd SP=c20c P1=00c000 vc=10 bI
[00202b] 202b 0C     INC C          AF=0000 BC=cec1 DE=d000 HL=42fd SP=c20c P1=00c000 vc=10 bI
[00202c] 202c 3E0E   LD A,0Eh       AF=0000 BC=cec2 DE=d000 HL=42fd SP=c20c P1=00c000 vc=10 bI
[00202e] 202e D7     RST 10         AF=0e00 BC=cec2 DE=d000 HL=42fd SP=c20c P1=00c000 vc=10 bI
[00202f] 202f 2A     LDI A,(HL)     AF=0b10 BC=cec2 DE=d000 HL=430b SP=c20c P1=00c000 vc=10 bI
[002030] 2030 02     LD (BC),A      AF=0010 BC=cec2 DE=d000 HL=430c SP=c20c P1=00c000 vc=10 bI
[002031] 2031 0C     INC C          AF=0010 BC=cec2 DE=d000 HL=430c SP=c20c P1=00c000 vc=10 bI
[002032] 2032 2A     LDI A,(HL)     AF=0010 BC=cec3 DE=d000 HL=430c SP=c20c P1=00c000 vc=10 bI
[002033] 2033 02     LD (BC),A      AF=ff10 BC=cec3 DE=d000 HL=430d SP=c20c P1=00c000 vc=10 bI
[002034] 2034 F1     POP AF         AF=ff10 BC=cec3 DE=d000 HL=430d SP=c20c P1=00c000 vc=11 BI
[002035] 2035 E097   LD (FF97h),A   AF=0500 BC=cec3 DE=d000 HL=430d SP=c20e P1=00c000 vc=11 BI
[002037] 2037 EA2222 LD (2222h),A   AF=0500 BC=cec3 DE=d000 HL=430d SP=c20e P1=00c000 vc=11 BI
[00203a] 203a 21C0CE LD HL,CEC0h    AF=0500 BC=cec3 DE=d000 HL=430d SP=c20e P1=014000 vc=11 BI
[00203d] 203d B4     OR H           AF=0500 BC=cec3 DE=d000 HL=cec0 SP=c20e P1=014000 vc=11 BI
[00203e] 203e C9     RET            AF=cf00 BC=cec3 DE=d000 HL=cec0 SP=c20e P1=014000 vc=11 BI
[015cab] 5cab 0E00   LD C,00h       AF=cf00 BC=cec3 DE=d000 HL=cec0 SP=c210 P1=014000 vc=11 BI
[015cad] 5cad 43     LD B,E         AF=cf00 BC=ce00 DE=d000 HL=cec0 SP=c210 P1=014000 vc=11 BI
[015cae] 5cae 78     LD A,B         AF=cf00 BC=0000 DE=d000 HL=cec0 SP=c210 P1=014000 vc=11 BI
[015caf] 5caf E6F0   AND F0h        AF=0000 BC=0000 DE=d000 HL=cec0 SP=c210 P1=014000 vc=11 BI
[015cb1] 5cb1 2010   JR NZ,5CC3h    AF=00a0 BC=0000 DE=d000 HL=cec0 SP=c210 P1=014000 vc=11 BI
[015cb3] 5cb3 2A     LDI A,(HL)     AF=00a0 BC=0000 DE=d000 HL=cec0 SP=c210 P1=014000 vc=11 BI
[015cb4] 5cb4 B6     OR (HL)        AF=00a0 BC=0000 DE=d000 HL=cec1 SP=c210 P1=014000 vc=11 BI
[015cb5] 5cb5 280C   JR Z,5CC3h     AF=0080 BC=0000 DE=d000 HL=cec1 SP=c210 P1=014000 vc=11 BI
[015cc3] 5cc3 78     LD A,B         AF=0080 BC=0000 DE=d000 HL=cec1 SP=c210 P1=014000 vc=11 BI
[015cc4] 5cc4 E60F   AND 0Fh        AF=0080 BC=0000 DE=d000 HL=cec1 SP=c210 P1=014000 vc=11 BI
[015cc6] 5cc6 2012   JR NZ,5CDAh    AF=00a0 BC=0000 DE=d000 HL=cec1 SP=c210 P1=014000 vc=11 BI
[015cc8] 5cc8 2EC3   LD L,C3h       AF=00a0 BC=0000 DE=d000 HL=cec1 SP=c210 P1=014000 vc=11 BI
[015cca] 5cca 3A     LDD A,(HL)     AF=00a0 BC=0000 DE=d000 HL=cec3 SP=c210 P1=014000 vc=11 BI
[015ccb] 5ccb B6     OR (HL)        AF=ffa0 BC=0000 DE=d000 HL=cec2 SP=c210 P1=014000 vc=11 BI
[015ccc] 5ccc 280C   JR Z,5CDAh     AF=ff00 BC=0000 DE=d000 HL=cec2 SP=c210 P1=014000 vc=11 BI
[015cce] 5cce 1E0C   LD E,0Ch       AF=ff00 BC=0000 DE=d000 HL=cec2 SP=c210 P1=014000 vc=11 BI
[015cd0] 5cd0 1A     LD A,(DE)      AF=ff00 BC=0000 DE=d00c HL=cec2 SP=c210 P1=014000 vc=11 BI
[015cd1] 5cd1 86     ADD A,(HL)     AF=b900 BC=0000 DE=d00c HL=cec2 SP=c210 P1=014000 vc=11 BI
[015cd2] 5cd2 12     LD (DE),A      AF=b900 BC=0000 DE=d00c HL=cec2 SP=c210 P1=014000 vc=11 BI
[015cd3] 5cd3 2C     INC L          AF=b900 BC=0000 DE=d00c HL=cec2 SP=c210 P1=014000 vc=11 BI
[015cd4] 5cd4 1C     INC E          AF=b900 BC=0000 DE=d00c HL=cec3 SP=c210 P1=014000 vc=11 BI
[015cd5] 5cd5 1A     LD A,(DE)      AF=b900 BC=0000 DE=d00d HL=cec3 SP=c210 P1=014000 vc=11 BI
[015cd6] 5cd6 8E     ADC A,(HL)     AF=cb00 BC=0000 DE=d00d HL=cec3 SP=c210 P1=014000 vc=11 BI
[015cd7] 5cd7 12     LD (DE),A      AF=ca30 BC=0000 DE=d00d HL=cec3 SP=c210 P1=014000 vc=11 BI
[015cd8] 5cd8 CBC9   SET 1,C        AF=ca30 BC=0000 DE=d00d HL=cec3 SP=c210 P1=014000 vc=11 BI
[015cda] 5cda 79     LD A,C         AF=ca30 BC=0002 DE=d00d HL=cec3 SP=c210 P1=014000 vc=11 BI
[015cdb] 5cdb B7     OR A           AF=0230 BC=0002 DE=d00d HL=cec3 SP=c210 P1=014000 vc=11 BI
[015cdc] 5cdc C9     RET            AF=0200 BC=0002 DE=d00d HL=cec3 SP=c210 P1=014000 vc=11 BI
[0159d4] 59d4 2808   JR Z,59DEh     AF=0200 BC=0002 DE=d00d HL=cec3 SP=c212 P1=014000 vc=11 BI
[0159d6] 59d6 4F     LD C,A         AF=0200 BC=0002 DE=d00d HL=cec3 SP=c212 P1=014000 vc=11 BI
[0159d7] 59d7 F1     POP AF         AF=0200 BC=0002 DE=d00d HL=cec3 SP=c212 P1=014000 vc=11 BI
[0159d8] 59d8 0F     RRCA           AF=c110 BC=0002 DE=d00d HL=cec3 SP=c214 P1=014000 vc=11 BI
[0159d9] 59d9 D0     RET NC         AF=e010 BC=0002 DE=d00d HL=cec3 SP=c214 P1=014000 vc=11 BI
[0159da] 59da 79     LD A,C         AF=e010 BC=0002 DE=d00d HL=cec3 SP=c214 P1=014000 vc=11 BI
[0159db] 59db C3CD55 JP 55CDh       AF=0210 BC=0002 DE=d00d HL=cec3 SP=c214 P1=014000 vc=11 BI
[0155cd] 55cd 5F     LD E,A         AF=0210 BC=0002 DE=d00d HL=cec3 SP=c214 P1=014000 vc=11 BI
[0155ce] 55ce FAC5C6 LD A,(C6C5h)   AF=0210 BC=0002 DE=d002 HL=cec3 SP=c214 P1=014000 vc=11 BI
[0155d1] 55d1 010802 LD BC,0208h    AF=0010 BC=0002 DE=d002 HL=cec3 SP=c214 P1=014000 vc=11 BI
[0155d4] 55d4 FE13   CP 13h         AF=0010 BC=0208 DE=d002 HL=cec3 SP=c214 P1=014000 vc=11 BI
[0155d6] 55d6 2807   JR Z,55DFh     AF=0070 BC=0208 DE=d002 HL=cec3 SP=c214 P1=014000 vc=11 BI
[0155d8] 55d8 FE14   CP 14h         AF=0070 BC=0208 DE=d002 HL=cec3 SP=c214 P1=014000 vc=11 BI
[0155da] 55da 202B   JR NZ,5607h    AF=0070 BC=0208 DE=d002 HL=cec3 SP=c214 P1=014000 vc=11 BI
[015607] 5607 216ECC LD HL,CC6Eh    AF=0070 BC=0208 DE=d002 HL=cec3 SP=c214 P1=014000 vc=11 BI
[01560a] 560a AF     XOR A          AF=0070 BC=0208 DE=d002 HL=cc6e SP=c214 P1=014000 vc=11 BI
[01560b] 560b 22     LDI (HL),A     AF=0080 BC=0208 DE=d002 HL=cc6e SP=c214 P1=014000 vc=11 BI
[01560c] 560c 22     LDI (HL),A     AF=0080 BC=0208 DE=d002 HL=cc6f SP=c214 P1=014000 vc=11 BI
[01560d] 560d 22     LDI (HL),A     AF=0080 BC=0208 DE=d002 HL=cc70 SP=c214 P1=014000 vc=11 BI
[01560e] 560e C9     RET            AF=0080 BC=0208 DE=d002 HL=cc71 SP=c214 P1=014000 vc=11 BI
[002ab8] 2ab8 E61C   AND 1Ch        AF=1870 BC=0208 DE=d002 HL=d008 SP=c212 P1=014000 vc=11 bI
[002aba] 2aba 0F     RRCA           AF=1820 BC=0208 DE=d002 HL=d008 SP=c212 P1=014000 vc=11 bI
[002abb] 2abb 0F     RRCA           AF=0c00 BC=0208 DE=d002 HL=d008 SP=c212 P1=014000 vc=11 bI
[002abc] 2abc 1F     RRA            AF=0600 BC=0208 DE=d002 HL=d008 SP=c212 P1=014000 vc=11 bI
[002abd] 2abd 3008   JR NC,2AC7h    AF=0300 BC=0208 DE=d002 HL=d008 SP=c212 P1=014000 vc=11 bI
[002ac7] 2ac7 BE     CP (HL)        AF=0300 BC=0208 DE=d002 HL=d008 SP=c212 P1=014000 vc=11 bI
[002ac8] 2ac8 2803   JR Z,2ACDh     AF=0340 BC=0208 DE=d002 HL=d008 SP=c212 P1=014000 vc=11 bI
[002aca] 2aca 77     LD (HL),A      AF=0340 BC=0208 DE=d002 HL=d008 SP=c212 P1=014000 vc=11 bI
[002acb] 2acb 47     LD B,A         AF=0340 BC=0208 DE=d002 HL=d008 SP=c212 P1=014000 vc=11 bI
[002acc] 2acc 37     SCF            AF=0340 BC=0308 DE=d002 HL=d008 SP=c212 P1=014000 vc=11 bI
[0184ee] 44ee 77     LD (HL),A      AF=5740 BC=5400 DE=df40 HL=d032 SP=c212 P1=018000 vc=21 bI
[0184ef] 44ef CD0C45 CALL 450Ch     AF=5740 BC=5400 DE=df40 HL=d032 SP=c212 P1=018000 vc=21 bI
[01850c] 450c 4F     LD C,A         AF=5740 BC=5400 DE=df40 HL=d032 SP=c210 P1=018000 vc=21 bI
[01850d] 450d 0600   LD B,00h       AF=5740 BC=5457 DE=df40 HL=d032 SP=c210 P1=018000 vc=21 bI
[01850f] 450f 54     LD D,H         AF=5740 BC=0057 DE=df40 HL=d032 SP=c210 P1=018000 vc=21 bI
[018510] 4510 2E01   LD L,01h       AF=5740 BC=0057 DE=d040 HL=d032 SP=c210 P1=018000 vc=21 bI
[018512] 4512 7E     LD A,(HL)      AF=5740 BC=0057 DE=d040 HL=d001 SP=c210 P1=018000 vc=21 bI
[018513] 4513 5F     LD E,A         AF=0040 BC=0057 DE=d040 HL=d001 SP=c210 P1=018000 vc=21 bI
[018514] 4514 214744 LD HL,4447h    AF=0040 BC=0057 DE=d000 HL=d001 SP=c210 P1=018000 vc=21 bI
[018517] 4517 DF     RST 18         AF=0040 BC=0057 DE=d000 HL=4447 SP=c210 P1=018000 vc=21 bI
[018518] 4518 2A     LDI A,(HL)     AF=0000 BC=0057 DE=d000 HL=4447 SP=c210 P1=018000 vc=21 bI
[018519] 4519 66     LD H,(HL)      AF=3900 BC=0057 DE=d000 HL=4448 SP=c210 P1=018000 vc=21 bI
[01851a] 451a 6F     LD L,A         AF=3900 BC=0057 DE=d000 HL=5748 SP=c210 P1=018000 vc=21 bI
[01851b] 451b 09     ADD HL,BC      AF=3900 BC=0057 DE=d000 HL=5739 SP=c210 P1=018000 vc=21 bI
[01851c] 451c 09     ADD HL,BC      AF=3900 BC=0057 DE=d000 HL=5790 SP=c210 P1=018000 vc=21 bI
[01851d] 451d 09     ADD HL,BC      AF=3900 BC=0057 DE=d000 HL=57e7 SP=c210 P1=018000 vc=21 bI
[01851e] 451e 2A     LDI A,(HL)     AF=3900 BC=0057 DE=d000 HL=583e SP=c210 P1=018000 vc=21 bI
[01851f] 451f E5     PUSH HL        AF=0000 BC=0057 DE=d000 HL=583f SP=c210 P1=018000 vc=21 bI
[018520] 4520 87     ADD A,A        AF=0000 BC=0057 DE=d000 HL=583f SP=c20e P1=018000 vc=21 bI
[018521] 4521 4F     LD C,A         AF=0080 BC=0057 DE=d000 HL=583f SP=c20e P1=018000 vc=21 bI
[018522] 4522 7B     LD A,E         AF=0080 BC=0000 DE=d000 HL=583f SP=c20e P1=018000 vc=21 bI
[018523] 4523 219744 LD HL,4497h    AF=0080 BC=0000 DE=d000 HL=583f SP=c20e P1=018000 vc=21 bI
[018526] 4526 DF     RST 18         AF=0080 BC=0000 DE=d000 HL=4497 SP=c20e P1=018000 vc=21 bI
[018527] 4527 2A     LDI A,(HL)     AF=0080 BC=0000 DE=d000 HL=4497 SP=c20e P1=018000 vc=22 BI
[018528] 4528 66     LD H,(HL)      AF=9e80 BC=0000 DE=d000 HL=4498 SP=c20e P1=018000 vc=22 BI
[018529] 4529 6F     LD L,A         AF=9e80 BC=0000 DE=d000 HL=5d98 SP=c20e P1=018000 vc=22 BI
[01852a] 452a 09     ADD HL,BC      AF=9e80 BC=0000 DE=d000 HL=5d9e SP=c20e P1=018000 vc=22 BI
[01852b] 452b 1E1E   LD E,1Eh       AF=9e80 BC=0000 DE=d000 HL=5d9e SP=c20e P1=018000 vc=22 BI
[01852d] 452d 2A     LDI A,(HL)     AF=9e80 BC=0000 DE=d01e HL=5d9e SP=c20e P1=018000 vc=22 BI
[01852e] 452e 12     LD (DE),A      AF=0080 BC=0000 DE=d01e HL=5d9f SP=c20e P1=018000 vc=22 BI
[01852f] 452f 1C     INC E          AF=0080 BC=0000 DE=d01e HL=5d9f SP=c20e P1=018000 vc=22 BI
[018530] 4530 2A     LDI A,(HL)     AF=0000 BC=0000 DE=d01f HL=5d9f SP=c20e P1=018000 vc=22 BI
[018531] 4531 E63F   AND 3Fh        AF=4000 BC=0000 DE=d01f HL=5da0 SP=c20e P1=018000 vc=22 BI
[018533] 4533 12     LD (DE),A      AF=00a0 BC=0000 DE=d01f HL=5da0 SP=c20e P1=018000 vc=22 BI
[018534] 4534 E1     POP HL         AF=00a0 BC=0000 DE=d01f HL=5da0 SP=c20e P1=018000 vc=22 BI
[018535] 4535 2A     LDI A,(HL)     AF=00a0 BC=0000 DE=d01f HL=583f SP=c210 P1=018000 vc=22 BI
[018536] 4536 66     LD H,(HL)      AF=84a0 BC=0000 DE=d01f HL=5840 SP=c210 P1=018000 vc=22 BI
[018537] 4537 6F     LD L,A         AF=84a0 BC=0000 DE=d01f HL=4040 SP=c210 P1=018000 vc=22 BI
[018538] 4538 B4     OR H           AF=84a0 BC=0000 DE=d01f HL=4084 SP=c210 P1=018000 vc=22 BI
[018539] 4539 C8     RET Z          AF=c400 BC=0000 DE=d01f HL=4084 SP=c210 P1=018000 vc=22 BI
[01853a] 453a 7D     LD A,L         AF=c400 BC=0000 DE=d01f HL=4084 SP=c210 P1=018000 vc=22 BI
[01853b] 453b E601   AND 01h        AF=8400 BC=0000 DE=d01f HL=4084 SP=c210 P1=018000 vc=22 BI
[01853d] 453d C61A   ADD A,1Ah      AF=00a0 BC=0000 DE=d01f HL=4084 SP=c210 P1=018000 vc=22 BI
[01853f] 453f 4F     LD C,A         AF=1a00 BC=0000 DE=d01f HL=4084 SP=c210 P1=018000 vc=22 BI
[018540] 4540 7D     LD A,L         AF=1a00 BC=001a DE=d01f HL=4084 SP=c210 P1=018000 vc=22 BI
[018541] 4541 E61E   AND 1Eh        AF=8400 BC=001a DE=d01f HL=4084 SP=c210 P1=018000 vc=22 BI
[018543] 4543 3D     DEC A          AF=0420 BC=001a DE=d01f HL=4084 SP=c210 P1=018000 vc=22 BI
[018544] 4544 47     LD B,A         AF=0340 BC=001a DE=d01f HL=4084 SP=c210 P1=018000 vc=22 BI
[018545] 4545 CBA5   RES 4,L        AF=0340 BC=031a DE=d01f HL=4084 SP=c210 P1=018000 vc=22 BI
[018547] 4547 B2     OR D           AF=0340 BC=031a DE=d01f HL=4084 SP=c210 P1=018000 vc=22 BI
[018548] 4548 C9     RET            AF=d300 BC=031a DE=d01f HL=4084 SP=c210 P1=018000 vc=22 BI
[0184f2] 44f2 C8     RET Z          AF=d300 BC=031a DE=d01f HL=4084 SP=c212 P1=018000 vc=22 BI
[0184f3] 44f3 1E01   LD E,01h       AF=d300 BC=031a DE=d01f HL=4084 SP=c212 P1=018000 vc=22 BI
[0184f5] 44f5 1A     LD A,(DE)      AF=d300 BC=031a DE=d001 HL=4084 SP=c212 P1=018000 vc=22 BI
[0184f6] 44f6 FE0A   CP 0Ah         AF=0000 BC=031a DE=d001 HL=4084 SP=c212 P1=018000 vc=22 BI
[0184f8] 44f8 110187 LD DE,8701h    AF=0070 BC=031a DE=d001 HL=4084 SP=c212 P1=018000 vc=22 BI
[0184fb] 44fb 3802   JR C,44FFh     AF=0070 BC=031a DE=8701 HL=4084 SP=c212 P1=018000 vc=22 BI
[0184ff] 44ff C36605 JP 0566h       AF=0070 BC=031a DE=8701 HL=4084 SP=c212 P1=018000 vc=22 BI
[015f9c] 5f9c 87     ADD A,A        AF=18c0 BC=2418 DE=d004 HL=d009 SP=c214 P1=014000 vc=8 BI
[015f9d] 5f9d CB37   SWAP A         AF=3020 BC=2418 DE=d004 HL=d009 SP=c214 P1=014000 vc=8 BI
[015f9f] 5f9f 4F     LD C,A         AF=0300 BC=2418 DE=d004 HL=d009 SP=c214 P1=014000 vc=8 BI
[015fa0] 5fa0 87     ADD A,A        AF=0300 BC=2403 DE=d004 HL=d009 SP=c214 P1=014000 vc=8 BI
[015fa1] 5fa1 87     ADD A,A        AF=0600 BC=2403 DE=d004 HL=d009 SP=c214 P1=014000 vc=8 BI
[015fa2] 5fa2 81     ADD A,C        AF=0c00 BC=2403 DE=d004 HL=d009 SP=c214 P1=014000 vc=8 BI
[015fa3] 5fa3 21F65F LD HL,5FF6h    AF=0f00 BC=2403 DE=d004 HL=d009 SP=c214 P1=014000 vc=8 BI
[015fa6] 5fa6 D7     RST 10         AF=0f00 BC=2403 DE=d004 HL=5ff6 SP=c214 P1=014000 vc=8 BI
[015fa7] 5fa7 1E33   LD E,33h       AF=0530 BC=2403 DE=d004 HL=6005 SP=c214 P1=014000 vc=8 BI
[015fa9] 5fa9 1A     LD A,(DE)      AF=0530 BC=2403 DE=d033 HL=6005 SP=c214 P1=014000 vc=8 BI
[015faa] 5faa A6     AND (HL)       AF=0030 BC=2403 DE=d033 HL=6005 SP=c214 P1=014000 vc=8 BI
[015fab] 5fab BE     CP (HL)        AF=00a0 BC=2403 DE=d033 HL=6005 SP=c214 P1=014000 vc=8 BI
[015fac] 5fac C0     RET NZ         AF=0070 BC=2403 DE=d033 HL=6005 SP=c214 P1=014000 vc=8 BI
[002a3b] 2a3b F097   LD A,(FF97h)   AF=10c0 BC=0407 DE=d000 HL=d020 SP=c210 P1=014000 vc=10 BI
[002a3d] 2a3d F5     PUSH AF        AF=05c0 BC=0407 DE=d000 HL=d020 SP=c210 P1=014000 vc=10 BI
[002a3e] 2a3e 3E06   LD A,06h       AF=05c0 BC=0407 DE=d000 HL=d020 SP=c20e P1=014000 vc=10 bI
[002a40] 2a40 E097   LD (FF97h),A   AF=06c0 BC=0407 DE=d000 HL=d020 SP=c20e P1=014000 vc=10 bI
[002a42] 2a42 EA2222 LD (2222h),A   AF=06c0 BC=0407 DE=d000 HL=d020 SP=c20e P1=014000 vc=10 bI
[002a45] 2a45 2E22   LD L,22h       AF=06c0 BC=0407 DE=d000 HL=d020 SP=c20e P1=018000 vc=10 bI
[002a47] 2a47 CD2844 CALL 4428h     AF=06c0 BC=0407 DE=d000 HL=d022 SP=c20e P1=018000 vc=10 bI
[002a4a] 2a4a F1     POP AF         AF=8010 BC=0480 DE=d031 HL=5c77 SP=c20e P1=018000 vc=10 bI
[002a4b] 2a4b E097   LD (FF97h),A   AF=05c0 BC=0480 DE=d031 HL=5c77 SP=c210 P1=018000 vc=10 bI
[002a4d] 2a4d EA2222 LD (2222h),A   AF=05c0 BC=0480 DE=d031 HL=5c77 SP=c210 P1=018000 vc=10 bI
[002a50] 2a50 C9     RET            AF=05c0 BC=0480 DE=d031 HL=5c77 SP=c210 P1=014000 vc=10 bI
[0143cc] 43cc 2EB3   LD L,B3h       AF=2c40 BC=2ba0 DE=d0a0 HL=ccb4 SP=c212 P1=014000 vc=1 BI
[0143ce] 43ce 7E     LD A,(HL)      AF=2c40 BC=2ba0 DE=d0a0 HL=ccb3 SP=c212 P1=014000 vc=1 BI
[0143cf] 43cf 70     LD (HL),B      AF=2c40 BC=2ba0 DE=d0a0 HL=ccb3 SP=c212 P1=014000 vc=1 BI
[0143d0] 43d0 47     LD B,A         AF=2c40 BC=2ba0 DE=d0a0 HL=ccb3 SP=c212 P1=014000 vc=1 bI
[0143d1] 43d1 2C     INC L          AF=2c40 BC=2ca0 DE=d0a0 HL=ccb3 SP=c212 P1=014000 vc=1 bI
[0143d2] 43d2 71     LD (HL),C      AF=2c00 BC=2ca0 DE=d0a0 HL=ccb4 SP=c212 P1=014000 vc=1 bI
[0143d3] 43d3 2C     INC L          AF=2c00 BC=2ca0 DE=d0a0 HL=ccb4 SP=c212 P1=014000 vc=1 bI
[0143d4] 43d4 3600   LD (HL),00h    AF=2c00 BC=2ca0 DE=d0a0 HL=ccb5 SP=c212 P1=014000 vc=1 bI
[0014d1] 14d1 21D614 LD HL,14D6h    AF=10c0 BC=24af DE=d033 HL=ce2a SP=c20e P1=014000 vc=4 bI
[0014d4] 14d4 186A   JR 1540h       AF=10c0 BC=24af DE=d033 HL=14d6 SP=c20e P1=014000 vc=4 bI
[001540] 1540 D5     PUSH DE        AF=10c0 BC=24af DE=d033 HL=14d6 SP=c20e P1=014000 vc=4 bI
[001541] 1541 E60F   AND 0Fh        AF=10c0 BC=24af DE=d033 HL=14d6 SP=c20c P1=014000 vc=4 bI
[001543] 1543 5F     LD E,A         AF=00a0 BC=24af DE=d033 HL=14d6 SP=c20c P1=014000 vc=5 BI
[001544] 1544 1600   LD D,00h       AF=00a0 BC=24af DE=d000 HL=14d6 SP=c20c P1=014000 vc=5 BI
[001546] 1546 19     ADD HL,DE      AF=00a0 BC=24af DE=0000 HL=14d6 SP=c20c P1=014000 vc=5 BI
[001547] 1547 5E     LD E,(HL)      AF=0080 BC=24af DE=0000 HL=14d6 SP=c20c P1=014000 vc=5 BI
[001548] 1548 FE08   CP 08h         AF=0080 BC=24af DE=0000 HL=14d6 SP=c20c P1=014000 vc=5 BI
[00154a] 154a 78     LD A,B         AF=0070 BC=24af DE=0000 HL=14d6 SP=c20c P1=014000 vc=5 BI
[00154b] 154b 3001   JR NC,154Eh    AF=2470 BC=24af DE=0000 HL=14d6 SP=c20c P1=014000 vc=5 BI
[00154d] 154d 79     LD A,C         AF=2470 BC=24af DE=0000 HL=14d6 SP=c20c P1=014000 vc=5 BI
[00154e] 154e 0F     RRCA           AF=af70 BC=24af DE=0000 HL=14d6 SP=c20c P1=014000 vc=5 BI
[00154f] 154f E607   AND 07h        AF=d710 BC=24af DE=0000 HL=14d6 SP=c20c P1=014000 vc=5 BI
[001551] 1551 21F800 LD HL,00F8h    AF=0720 BC=24af DE=0000 HL=14d6 SP=c20c P1=014000 vc=5 BI
[001554] 1554 85     ADD A,L        AF=0720 BC=24af DE=0000 HL=00f8 SP=c20c P1=014000 vc=5 BI
[001555] 1555 6F     LD L,A         AF=ff00 BC=24af DE=0000 HL=00f8 SP=c20c P1=014000 vc=5 BI
[001556] 1556 7E     LD A,(HL)      AF=ff00 BC=24af DE=0000 HL=00ff SP=c20c P1=014000 vc=5 BI
[001557] 1557 A3     AND E          AF=8000 BC=24af DE=0000 HL=00ff SP=c20c P1=014000 vc=5 BI
[001558] 1558 D1     POP DE         AF=00a0 BC=24af DE=0000 HL=00ff SP=c20c P1=014000 vc=5 BI
[001559] 1559 C8     RET Z          AF=00a0 BC=24af DE=d033 HL=00ff SP=c20e P1=014000 vc=5 BI
[001dcb] 1dcb 37     SCF            AF=01c0 BC=2bf7 DE=d0f7 HL=7c3c SP=c212 P1=014000 vc=1 BI
[001dcc] 1dcc C9     RET            AF=0190 BC=2bf7 DE=d0f7 HL=7c3c SP=c212 P1=014000 vc=1 BI
[014305] 4305 AF     XOR A          AF=0500 BC=2bf7 DE=d0f7 HL=4305 SP=c214 P1=014000 vc=1 BI
[014306] 4306 EA78CC LD (CC78h),A   AF=0080 BC=2bf7 DE=d0f7 HL=4305 SP=c214 P1=014000 vc=1 BI
[014309] 4309 FAB0CC LD A,(CCB0h)   AF=0080 BC=2bf7 DE=d0f7 HL=4305 SP=c214 P1=014000 vc=1 BI
[01430c] 430c B7     OR A           AF=0080 BC=2bf7 DE=d0f7 HL=4305 SP=c214 P1=014000 vc=1 BI
[01430d] 430d 20A4   JR NZ,42B3h    AF=0080 BC=2bf7 DE=d0f7 HL=4305 SP=c214 P1=014000 vc=1 BI
[01430f] 430f FA79CC LD A,(CC79h)   AF=0080 BC=2bf7 DE=d0f7 HL=4305 SP=c214 P1=014000 vc=1 BI
[014312] 4312 CB77   BIT 6,A        AF=0080 BC=2bf7 DE=d0f7 HL=4305 SP=c214 P1=014000 vc=1 bI
[014314] 4314 209D   JR NZ,42B3h    AF=00a0 BC=2bf7 DE=d0f7 HL=4305 SP=c214 P1=014000 vc=1 bI
[014316] 4316 21B7CC LD HL,CCB7h    AF=00a0 BC=2bf7 DE=d0f7 HL=4305 SP=c214 P1=014000 vc=1 bI
[014319] 4319 3A     LDD A,(HL)     AF=00a0 BC=2bf7 DE=d0f7 HL=ccb7 SP=c214 P1=014000 vc=1 bI
[01431a] 431a BE     CP (HL)        AF=00a0 BC=2bf7 DE=d0f7 HL=ccb6 SP=c214 P1=014000 vc=1 bI
[01431b] 431b 200A   JR NZ,4327h    AF=0070 BC=2bf7 DE=d0f7 HL=ccb6 SP=c214 P1=014000 vc=1 bI
[014327] 4327 3E80   LD A,80h       AF=0070 BC=2bf7 DE=d0f7 HL=ccb6 SP=c214 P1=014000 vc=1 bI
[014329] 4329 EAACCC LD (CCACh),A   AF=8070 BC=2bf7 DE=d0f7 HL=ccb6 SP=c214 P1=014000 vc=1 bI
[01432c] 432c C3D95D JP 5DD9h       AF=8070 BC=2bf7 DE=d0f7 HL=ccb6 SP=c214 P1=014000 vc=1 bI
[015dd9] 5dd9 AF     XOR A          AF=8070 BC=2bf7 DE=d0f7 HL=ccb6 SP=c214 P1=014000 vc=1 bI
[015dda] 5dda 1E2D   LD E,2Dh       AF=0080 BC=2bf7 DE=d0f7 HL=ccb6 SP=c214 P1=014000 vc=1 bI
[015ddc] 5ddc 12     LD (DE),A      AF=0080 BC=2bf7 DE=d02d HL=ccb6 SP=c214 P1=014000 vc=1 bI
[015ddd] 5ddd 62     LD H,D         AF=0080 BC=2bf7 DE=d02d HL=ccb6 SP=c214 P1=014000 vc=1 bI
[015dde] 5dde 2E04   LD L,04h       AF=0080 BC=2bf7 DE=d02d HL=d0b6 SP=c214 P1=014000 vc=1 bI
[015de0] 5de0 7E     LD A,(HL)      AF=0080 BC=2bf7 DE=d02d HL=d004 SP=c214 P1=014000 vc=1 bI
[015de1] 5de1 FE02   CP 02h         AF=0180 BC=2bf7 DE=d02d HL=d004 SP=c214 P1=014000 vc=1 bI
[015de3] 5de3 C8     RET Z          AF=0170 BC=2bf7 DE=d02d HL=d004 SP=c214 P1=014000 vc=1 bI
[015de4] 5de4 FAB5CC LD A,(CCB5h)   AF=0170 BC=2bf7 DE=d02d HL=d004 SP=c214 P1=014000 vc=1 bI
[015de7] 5de7 FE10   CP 10h         AF=0170 BC=2bf7 DE=d02d HL=d004 SP=c214 P1=014000 vc=1 bI
[015de9] 5de9 D4D15D CALL NC,5DD1h  AF=0150 BC=2bf7 DE=d02d HL=d004 SP=c214 P1=014000 vc=1 bI
[015dec] 5dec E603   AND 03h        AF=0150 BC=2bf7 DE=d02d HL=d004 SP=c214 P1=014000 vc=1 bI
[015dee] 5dee 2804   JR Z,5DF4h     AF=0120 BC=2bf7 DE=d02d HL=d004 SP=c214 P1=014000 vc=1 bI
[015df0] 5df0 3D     DEC A          AF=0120 BC=2bf7 DE=d02d HL=d004 SP=c214 P1=014000 vc=1 bI
[015df1] 5df1 280F   JR Z,5E02h     AF=00c0 BC=2bf7 DE=d02d HL=d004 SP=c214 P1=014000 vc=1 bI
[015e02] 5e02 2E0D   LD L,0Dh       AF=00c0 BC=2bf7 DE=d02d HL=d004 SP=c214 P1=014000 vc=1 bI
[015e04] 5e04 7E     LD A,(HL)      AF=00c0 BC=2bf7 DE=d02d HL=d00d SP=c214 P1=014000 vc=1 bI
[015e05] 5e05 E6F0   AND F0h        AF=afc0 BC=2bf7 DE=d02d HL=d00d SP=c214 P1=014000 vc=1 bI
[015e07] 5e07 C608   ADD A,08h      AF=a020 BC=2bf7 DE=d02d HL=d00d SP=c214 P1=014000 vc=1 bI
[015e09] 5e09 96     SUB (HL)       AF=a800 BC=2bf7 DE=d02d HL=d00d SP=c214 P1=014000 vc=1 bI
[015e0a] 5e0a 3804   JR C,5E10h     AF=f970 BC=2bf7 DE=d02d HL=d00d SP=c214 P1=014000 vc=1 bI
[015e10] 5e10 7E     LD A,(HL)      AF=f970 BC=2bf7 DE=d02d HL=d00d SP=c214 P1=014000 vc=1 bI
[015e11] 5e11 3D     DEC A          AF=af70 BC=2bf7 DE=d02d HL=d00d SP=c214 P1=014000 vc=1 bI
[015e12] 5e12 77     LD (HL),A      AF=ae50 BC=2bf7 DE=d02d HL=d00d SP=c214 P1=014000 vc=1 bI
[015e13] 5e13 2E0B   LD L,0Bh       AF=ae50 BC=2bf7 DE=d02d HL=d00d SP=c214 P1=014000 vc=1 bI
[015e15] 5e15 2A     LDI A,(HL)     AF=ae50 BC=2bf7 DE=d02d HL=d00b SP=c214 P1=014000 vc=1 bI
[015e16] 5e16 E60F   AND 0Fh        AF=1f50 BC=2bf7 DE=d02d HL=d00c SP=c214 P1=014000 vc=1 bI
[015e18] 5e18 D607   SUB 07h        AF=0f20 BC=2bf7 DE=d02d HL=d00c SP=c214 P1=014000 vc=1 bI
[015e1a] 5e1a FE03   CP 03h         AF=0840 BC=2bf7 DE=d02d HL=d00c SP=c214 P1=014000 vc=1 bI
[015e1c] 5e1c D0     RET NC         AF=0840 BC=2bf7 DE=d02d HL=d00c SP=c214 P1=014000 vc=1 bI
[01431d] 431d 2EB3   LD L,B3h       AF=01c0 BC=2af7 DE=d0f7 HL=ccb6 SP=c214 P1=014000 vc=1 bI
[01431f] 431f 2A     LDI A,(HL)     AF=01c0 BC=2af7 DE=d0f7 HL=ccb3 SP=c214 P1=014000 vc=1 bI
[014320] 4320 B8     CP B           AF=2ac0 BC=2af7 DE=d0f7 HL=ccb4 SP=c214 P1=014000 vc=1 bI
[014321] 4321 2804   JR Z,4327h     AF=2ac0 BC=2af7 DE=d0f7 HL=ccb4 SP=c214 P1=014000 vc=1 bI
[015df3] 5df3 C9     RET            AF=0140 BC=2af7 DE=d02d HL=d004 SP=c214 P1=014000 vc=1 bI
[015df4] 5df4 2E0B   LD L,0Bh       AF=00a0 BC=2af7 DE=d02d HL=d004 SP=c214 P1=014000 vc=0 BI
[015df6] 5df6 7E     LD A,(HL)      AF=00a0 BC=2af7 DE=d02d HL=d00b SP=c214 P1=014000 vc=0 BI
[015df7] 5df7 C605   ADD A,05h      AF=1fa0 BC=2af7 DE=d02d HL=d00b SP=c214 P1=014000 vc=0 BI
[015df9] 5df9 E6F0   AND F0h        AF=2420 BC=2af7 DE=d02d HL=d00b SP=c214 P1=014000 vc=0 BI
[015dfb] 5dfb C608   ADD A,08h      AF=2020 BC=2af7 DE=d02d HL=d00b SP=c214 P1=014000 vc=0 BI
[015dfd] 5dfd 96     SUB (HL)       AF=2800 BC=2af7 DE=d02d HL=d00b SP=c214 P1=014000 vc=0 BI
[015dfe] 5dfe 3810   JR C,5E10h     AF=0960 BC=2af7 DE=d02d HL=d00b SP=c214 P1=014000 vc=0 BI
[015e00] 5e00 180A   JR 5E0Ch       AF=0960 BC=2af7 DE=d02d HL=d00b SP=c214 P1=014000 vc=0 BI
[015e0c] 5e0c 7E     LD A,(HL)      AF=0960 BC=2af7 DE=d02d HL=d00b SP=c214 P1=014000 vc=0 BI
[015e0d] 5e0d 3C     INC A          AF=1f60 BC=2af7 DE=d02d HL=d00b SP=c214 P1=014000 vc=0 BI
[015e0e] 5e0e 1802   JR 5E12h       AF=2020 BC=2af7 DE=d02d HL=d00b SP=c214 P1=014000 vc=0 BI
[015dd1] 5dd1 E5     PUSH HL        AF=10c0 BC=2af7 DE=d02d HL=d004 SP=c212 P1=014000 vc=1 bI
[015dd2] 5dd2 217CCC LD HL,CC7Ch    AF=10c0 BC=2af7 DE=d02d HL=d004 SP=c210 P1=014000 vc=1 bI
[015dd5] 5dd5 CBE6   SET 4,(HL)     AF=10c0 BC=2af7 DE=d02d HL=cc7c SP=c210 P1=014000 vc=1 bI
[015dd7] 5dd7 E1     POP HL         AF=10c0 BC=2af7 DE=d02d HL=cc7c SP=c210 P1=014000 vc=1 bI
[015dd8] 5dd8 C9     RET            AF=10c0 BC=2af7 DE=d02d HL=d004 SP=c212 P1=014000 vc=1 bI
[015e1d] 5e1d 2C     INC L          AF=0070 BC=2af7 DE=d02d HL=d00c SP=c214 P1=014000 vc=2 BI
[015e1e] 5e1e 2A     LDI A,(HL)     AF=0010 BC=2af7 DE=d02d HL=d00d SP=c214 P1=014000 vc=2 BI
[015e1f] 5e1f E60F   AND 0Fh        AF=a810 BC=2af7 DE=d02d HL=d00e SP=c214 P1=014000 vc=2 BI
[015e21] 5e21 D607   SUB 07h        AF=0820 BC=2af7 DE=d02d HL=d00e SP=c214 P1=014000 vc=2 BI
[015e23] 5e23 FE03   CP 03h         AF=0140 BC=2af7 DE=d02d HL=d00e SP=c214 P1=014000 vc=2 BI
[015e25] 5e25 D0     RET NC         AF=0170 BC=2af7 DE=d02d HL=d00e SP=c214 P1=014000 vc=2 BI
[015e26] 5e26 CD572B CALL 2B57h     AF=0170 BC=2af7 DE=d02d HL=d00e SP=c214 P1=014000 vc=2 BI
[002b57] 2b57 0E00   LD C,00h       AF=0170 BC=2af7 DE=d02d HL=d00e SP=c212 P1=014000 vc=2 BI
[002b59] 2b59 1806   JR 2B61h       AF=0170 BC=2a00 DE=d02d HL=d00e SP=c212 P1=014000 vc=2 BI
[01882a] 482a D5     PUSH DE        AF=2a00 BC=2a00 DE=d02d HL=482a SP=c20e P1=018000 vc=2 BI
[01882b] 482b 16D2   LD D,D2h       AF=2a00 BC=2a00 DE=d02d HL=482a SP=c20c P1=018000 vc=2 BI
[01882d] 482d CDE749 CALL 49E7h     AF=2a00 BC=2a00 DE=d22d HL=482a SP=c20c P1=018000 vc=2 BI
[0189e7] 49e7 CDA253 CALL 53A2h     AF=2a00 BC=2a00 DE=d22d HL=482a SP=c20a P1=018000 vc=2 BI
[0193a2] 53a2 CDDE53 CALL 53DEh     AF=2a00 BC=2a00 DE=d22d HL=482a SP=c208 P1=018000 vc=2 BI
[0193de] 53de 7A     LD A,D         AF=2a00 BC=2a00 DE=d22d HL=482a SP=c206 P1=018000 vc=2 BI
[0193df] 53df D6D2   SUB D2h        AF=d200 BC=2a00 DE=d22d HL=482a SP=c206 P1=018000 vc=2 BI
[0193e1] 53e1 21F800 LD HL,00F8h    AF=00c0 BC=2a00 DE=d22d HL=482a SP=c206 P1=018000 vc=2 BI
[0193e4] 53e4 85     ADD A,L        AF=00c0 BC=2a00 DE=d22d HL=00f8 SP=c206 P1=018000 vc=2 BI
[0193e5] 53e5 6F     LD L,A         AF=f800 BC=2a00 DE=d22d HL=00f8 SP=c206 P1=018000 vc=2 BI
[0193e6] 53e6 7E     LD A,(HL)      AF=f800 BC=2a00 DE=d22d HL=00f8 SP=c206 P1=018000 vc=2 BI
[0193e7] 53e7 C9     RET            AF=0100 BC=2a00 DE=d22d HL=00f8 SP=c206 P1=018000 vc=2 BI
[0193a5] 53a5 CB37   SWAP A         AF=0100 BC=2a00 DE=d22d HL=00f8 SP=c208 P1=018000 vc=2 BI
[0193a7] 53a7 B6     OR (HL)        AF=1000 BC=2a00 DE=d22d HL=00f8 SP=c208 P1=018000 vc=2 BI
[0193a8] 53a8 2F     CPL            AF=1100 BC=2a00 DE=d22d HL=00f8 SP=c208 P1=018000 vc=2 BI
[0193a9] 53a9 217ACC LD HL,CC7Ah    AF=ee60 BC=2a00 DE=d22d HL=00f8 SP=c208 P1=018000 vc=2 BI
[0193ac] 53ac A6     AND (HL)       AF=ee60 BC=2a00 DE=d22d HL=cc7a SP=c208 P1=018000 vc=2 BI
[0193ad] 53ad 77     LD (HL),A      AF=00a0 BC=2a00 DE=d22d HL=cc7a SP=c208 P1=018000 vc=2 BI
[0193ae] 53ae C9     RET            AF=00a0 BC=2a00 DE=d22d HL=cc7a SP=c208 P1=018000 vc=2 BI
[0189ea] 49ea CDCB53 CALL 53CBh     AF=00a0 BC=2a00 DE=d22d HL=cc7a SP=c20a P1=018000 vc=2 BI
[0193cb] 53cb CDDE53 CALL 53DEh     AF=00a0 BC=2a00 DE=d22d HL=cc7a SP=c208 P1=018000 vc=2 bI
[0193ce] 53ce 217BCC LD HL,CC7Bh    AF=0100 BC=2a00 DE=d22d HL=00f8 SP=c208 P1=018000 vc=2 bI
[0193d1] 53d1 2F     CPL            AF=0100 BC=2a00 DE=d22d HL=cc7b SP=c208 P1=018000 vc=2 bI
[0193d2] 53d2 A6     AND (HL)       AF=fe60 BC=2a00 DE=d22d HL=cc7b SP=c208 P1=018000 vc=2 bI
[0193d3] 53d3 77     LD (HL),A      AF=00a0 BC=2a00 DE=d22d HL=cc7b SP=c208 P1=018000 vc=2 bI
[0193d4] 53d4 C9     RET            AF=00a0 BC=2a00 DE=d22d HL=cc7b SP=c208 P1=018000 vc=2 bI
[0189ed] 49ed CDB853 CALL 53B8h     AF=00a0 BC=2a00 DE=d22d HL=cc7b SP=c20a P1=018000 vc=2 bI
[0193b8] 53b8 CDDE53 CALL 53DEh     AF=00a0 BC=2a00 DE=d22d HL=cc7b SP=c208 P1=018000 vc=2 bI
[0193bb] 53bb 217CCC LD HL,CC7Ch    AF=0100 BC=2a00 DE=d22d HL=00f8 SP=c208 P1=018000 vc=2 bI
[0193be] 53be 2F     CPL            AF=0100 BC=2a00 DE=d22d HL=cc7c SP=c208 P1=018000 vc=2 bI
[0193bf] 53bf A6     AND (HL)       AF=fe60 BC=2a00 DE=d22d HL=cc7c SP=c208 P1=018000 vc=2 bI
[0193c0] 53c0 77     LD (HL),A      AF=1020 BC=2a00 DE=d22d HL=cc7c SP=c208 P1=018000 vc=2 bI
[0193c1] 53c1 C9     RET            AF=1020 BC=2a00 DE=d22d HL=cc7c SP=c208 P1=018000 vc=2 bI
[0189f0] 49f0 1E00   LD E,00h       AF=1020 BC=2a00 DE=d22d HL=cc7c SP=c20a P1=018000 vc=2 bI
[0189f2] 49f2 C3A121 JP 21A1h       AF=1020 BC=2a00 DE=d200 HL=cc7c SP=c20a P1=018000 vc=2 bI
[0021a1] 21a1 7B     LD A,E         AF=1020 BC=2a00 DE=d200 HL=cc7c SP=c20a P1=018000 vc=2 bI
[0021a2] 21a2 E6C0   AND C0h        AF=0020 BC=2a00 DE=d200 HL=cc7c SP=c20a P1=018000 vc=2 bI
[0021a4] 21a4 5F     LD E,A         AF=00a0 BC=2a00 DE=d200 HL=cc7c SP=c20a P1=018000 vc=2 bI
[0021a5] 21a5 6F     LD L,A         AF=00a0 BC=2a00 DE=d200 HL=cc7c SP=c20a P1=018000 vc=2 bI
[0021a6] 21a6 62     LD H,D         AF=00a0 BC=2a00 DE=d200 HL=cc00 SP=c20a P1=018000 vc=2 bI
[0021a7] 21a7 0610   LD B,10h       AF=00a0 BC=2a00 DE=d200 HL=d200 SP=c20a P1=018000 vc=2 bI
[0021a9] 21a9 AF     XOR A          AF=00a0 BC=1000 DE=d200 HL=d200 SP=c20a P1=018000 vc=2 bI
[0021aa] 21aa 22     LDI (HL),A     AF=0080 BC=1000 DE=d200 HL=d200 SP=c20a P1=018000 vc=2 bI
[0021ab] 21ab 22     LDI (HL),A     AF=0080 BC=1000 DE=d200 HL=d201 SP=c20a P1=018000 vc=2 bI
[0021ac] 21ac 22     LDI (HL),A     AF=0080 BC=1000 DE=d200 HL=d202 SP=c20a P1=018000 vc=2 bI
[0021ad] 21ad 22     LDI (HL),A     AF=0080 BC=1000 DE=d200 HL=d203 SP=c20a P1=018000 vc=2 bI
[0021ae] 21ae 05     DEC B          AF=0080 BC=1000 DE=d200 HL=d204 SP=c20a P1=018000 vc=2 bI
[0021af] 21af 20F9   JR NZ,21AAh    AF=0060 BC=0f00 DE=d200 HL=d204 SP=c20a P1=018000 vc=2 bI
[0021b1] 21b1 C3071B JP 1B07h       AF=00c0 BC=0000 DE=d200 HL=d240 SP=c20a P1=018000 vc=3 bI
[001b07] 1b07 D5     PUSH DE        AF=00c0 BC=0000 DE=d200 HL=d240 SP=c20a P1=018000 vc=3 bI
[001b08] 1b08 7B     LD A,E         AF=00c0 BC=0000 DE=d200 HL=d240 SP=c208 P1=018000 vc=3 bI
[001b09] 1b09 E6C0   AND C0h        AF=00c0 BC=0000 DE=d200 HL=d240 SP=c208 P1=018000 vc=3 bI
[001b0b] 1b0b 5F     LD E,A         AF=00a0 BC=0000 DE=d200 HL=d240 SP=c208 P1=018000 vc=3 bI
[001b0c] 1b0c 21CACC LD HL,CCCAh    AF=00a0 BC=0000 DE=d200 HL=d240 SP=c208 P1=018000 vc=3 bI
[001b0f] 1b0f 2A     LDI A,(HL)     AF=00a0 BC=0000 DE=d200 HL=ccca SP=c208 P1=018000 vc=3 bI
[001b10] 1b10 BA     CP D           AF=00a0 BC=0000 DE=d200 HL=cccb SP=c208 P1=018000 vc=3 bI
[001b11] 1b11 2008   JR NZ,1B1Bh    AF=0070 BC=0000 DE=d200 HL=cccb SP=c208 P1=018000 vc=3 bI
[001b1b] 1b1b 2C     INC L          AF=0070 BC=0000 DE=d200 HL=cccb SP=c208 P1=018000 vc=3 bI
[001b1c] 1b1c 7D     LD A,L         AF=0010 BC=0000 DE=d200 HL=cccc SP=c208 P1=018000 vc=3 bI
[001b1d] 1b1d FEEA   CP EAh         AF=cc10 BC=0000 DE=d200 HL=cccc SP=c208 P1=018000 vc=3 bI
[001b1f] 1b1f 38EE   JR C,1B0Fh     AF=cc50 BC=0000 DE=d200 HL=cccc SP=c208 P1=018000 vc=3 bI
[001b21] 1b21 D1     POP DE         AF=eac0 BC=0000 DE=d200 HL=ccea SP=c208 P1=018000 vc=4 bI
[001b22] 1b22 C9     RET            AF=eac0 BC=0000 DE=d200 HL=ccea SP=c20a P1=018000 vc=4 bI
[018830] 4830 14     INC D          AF=eac0 BC=0000 DE=d200 HL=ccea SP=c20c P1=018000 vc=4 bI
[018831] 4831 7A     LD A,D         AF=ea00 BC=0000 DE=d300 HL=ccea SP=c20c P1=018000 vc=4 bI
[018832] 4832 FED6   CP D6h         AF=d300 BC=0000 DE=d300 HL=ccea SP=c20c P1=018000 vc=4 bI
[018834] 4834 38F7   JR C,482Dh     AF=d370 BC=0000 DE=d300 HL=ccea SP=c20c P1=018000 vc=4 bI
[018836] 4836 AF     XOR A          AF=d6c0 BC=0000 DE=d600 HL=ccea SP=c20c P1=018000 vc=12 BI
[018837] 4837 EA89CC LD (CC89h),A   AF=0080 BC=0000 DE=d600 HL=ccea SP=c20c P1=018000 vc=12 BI
[01883a] 483a EA7ECC LD (CC7Eh),A   AF=0080 BC=0000 DE=d600 HL=ccea SP=c20c P1=018000 vc=12 BI
[01883d] 483d EA79CC LD (CC79h),A   AF=0080 BC=0000 DE=d600 HL=ccea SP=c20c P1=018000 vc=12 BI
[018840] 4840 D1     POP DE         AF=0080 BC=0000 DE=d600 HL=ccea SP=c20c P1=018000 vc=12 BI
[018841] 4841 C9     RET            AF=0080 BC=0000 DE=d02d HL=ccea SP=c20e P1=018000 vc=12 BI
[015e29] 5e29 1E2D   LD E,2Dh       AF=0570 BC=0000 DE=d02d HL=ccea SP=c214 P1=014000 vc=12 BI
[015e2b] 5e2b AF     XOR A          AF=0570 BC=0000 DE=d02d HL=ccea SP=c214 P1=014000 vc=12 BI
[015e2c] 5e2c 12     LD (DE),A      AF=0080 BC=0000 DE=d02d HL=ccea SP=c214 P1=014000 vc=12 BI
[015e2d] 5e2d EA6CCC LD (CC6Ch),A   AF=0080 BC=0000 DE=d02d HL=ccea SP=c214 P1=014000 vc=12 BI
[015e30] 5e30 1E01   LD E,01h       AF=0080 BC=0000 DE=d02d HL=ccea SP=c214 P1=014000 vc=12 BI
[015e32] 5e32 1A     LD A,(DE)      AF=0080 BC=0000 DE=d001 HL=ccea SP=c214 P1=014000 vc=12 BI
[015e33] 5e33 B7     OR A           AF=0080 BC=0000 DE=d001 HL=ccea SP=c214 P1=014000 vc=12 BI
[015e34] 5e34 3E02   LD A,02h       AF=0080 BC=0000 DE=d001 HL=ccea SP=c214 P1=014000 vc=12 BI
[015e36] 5e36 CA7154 JP Z,5471h     AF=0280 BC=0000 DE=d001 HL=ccea SP=c214 P1=014000 vc=12 BI
[015471] 5471 62     LD H,D         AF=0280 BC=0000 DE=d001 HL=ccea SP=c214 P1=014000 vc=12 BI
[015472] 5472 2E04   LD L,04h       AF=0280 BC=0000 DE=d001 HL=d0ea SP=c214 P1=014000 vc=12 BI
[015474] 5474 22     LDI (HL),A     AF=0280 BC=0000 DE=d001 HL=d004 SP=c214 P1=014000 vc=12 BI
[015475] 5475 3600   LD (HL),00h    AF=0280 BC=0000 DE=d001 HL=d005 SP=c214 P1=014000 vc=12 BI
[015477] 5477 FE0A   CP 0Ah         AF=0280 BC=0000 DE=d001 HL=d005 SP=c214 P1=014000 vc=12 BI
[015479] 5479 2807   JR Z,5482h     AF=0270 BC=0000 DE=d001 HL=d005 SP=c214 P1=014000 vc=12 BI
[01547b] 547b FE0C   CP 0Ch         AF=0270 BC=0000 DE=d001 HL=d005 SP=c214 P1=014000 vc=12 BI
[01547d] 547d 2803   JR Z,5482h     AF=0270 BC=0000 DE=d001 HL=d005 SP=c214 P1=014000 vc=12 BI
[01547f] 547f FE0D   CP 0Dh         AF=0270 BC=0000 DE=d001 HL=d005 SP=c214 P1=014000 vc=12 bI
[015481] 5481 C0     RET NZ         AF=0270 BC=0000 DE=d001 HL=d005 SP=c214 P1=014000 vc=12 bI
[015c7a] 5c7a 1E2D   LD E,2Dh       AF=02c0 BC=2cac DE=d004 HL=5db9 SP=c214 P1=014000 vc=18 bI
[015c7c] 5c7c AF     XOR A          AF=02c0 BC=2cac DE=d02d HL=5db9 SP=c214 P1=014000 vc=18 bI
[015c7d] 5c7d 12     LD (DE),A      AF=0080 BC=2cac DE=d02d HL=5db9 SP=c214 P1=014000 vc=18 bI
[015c7e] 5c7e C9     RET            AF=0080 BC=2cac DE=d02d HL=5db9 SP=c214 P1=014000 vc=18 bI
[014edc] 4edc 3EFF   LD A,FFh       AF=dc00 BC=df20 DE=d004 HL=4edc SP=c216 P1=014000 vc=149 bI
[014ede] 4ede EA45CC LD (CC45h),A   AF=ff00 BC=df20 DE=d004 HL=4edc SP=c216 P1=014000 vc=149 bI
[014ee1] 4ee1 3E80   LD A,80h       AF=ff00 BC=df20 DE=d004 HL=4edc SP=c216 P1=014000 vc=149 bI
[014ee3] 4ee3 EA81CC LD (CC81h),A   AF=8000 BC=df20 DE=d004 HL=4edc SP=c216 P1=014000 vc=149 bI
[014ee6] 4ee6 1E05   LD E,05h       AF=8000 BC=df20 DE=d004 HL=4edc SP=c216 P1=014000 vc=149 bI
[014ee8] 4ee8 1A     LD A,(DE)      AF=8000 BC=df20 DE=d005 HL=4edc SP=c216 P1=014000 vc=149 bI
[014ee9] 4ee9 C7     RST 00         AF=0000 BC=df20 DE=d005 HL=4edc SP=c216 P1=014000 vc=149 bI
[014ef6] 4ef6 CDF14D CALL 4DF1h     AF=f600 BC=df20 DE=d005 HL=4ef6 SP=c216 P1=014000 vc=149 bI
[014df1] 4df1 CD8A2B CALL 2B8Ah     AF=f600 BC=df20 DE=d005 HL=4ef6 SP=c214 P1=014000 vc=149 bI
[002b8a] 2b8a FAEACC LD A,(CCEAh)   AF=f600 BC=df20 DE=d005 HL=4ef6 SP=c212 P1=014000 vc=149 bI
[002b8d] 2b8d B7     OR A           AF=0000 BC=df20 DE=d005 HL=4ef6 SP=c212 P1=014000 vc=149 bI
[002b8e] 2b8e 2021   JR NZ,2BB1h    AF=0080 BC=df20 DE=d005 HL=4ef6 SP=c212 P1=014000 vc=149 bI
[002b90] 2b90 FA75CC LD A,(CC75h)   AF=0080 BC=df20 DE=d005 HL=4ef6 SP=c212 P1=014000 vc=149 bI
[002b93] 2b93 E607   AND 07h        AF=0080 BC=df20 DE=d005 HL=4ef6 SP=c212 P1=014000 vc=149 bI
[002b95] 2b95 D602   SUB 02h        AF=00a0 BC=df20 DE=d005 HL=4ef6 SP=c212 P1=014000 vc=149 bI
[002b97] 2b97 FE02   CP 02h         AF=fe70 BC=df20 DE=d005 HL=4ef6 SP=c212 P1=014000 vc=149 bI
[002b99] 2b99 3016   JR NC,2BB1h    AF=fe40 BC=df20 DE=d005 HL=4ef6 SP=c212 P1=014000 vc=149 bI
[002bb1] 2bb1 AF     XOR A          AF=fe40 BC=df20 DE=d005 HL=4ef6 SP=c212 P1=014000 vc=149 bI
[002bb2] 2bb2 EA75CC LD (CC75h),A   AF=0080 BC=df20 DE=d005 HL=4ef6 SP=c212 P1=014000 vc=149 bI
[002bb5] 2bb5 EA76CC LD (CC76h),A   AF=0080 BC=df20 DE=d005 HL=4ef6 SP=c212 P1=014000 vc=149 bI
[002bb8] 2bb8 C9     RET            AF=0080 BC=df20 DE=d005 HL=4ef6 SP=c212 P1=014000 vc=149 bI
[014df4] 4df4 C3572B JP 2B57h       AF=0080 BC=df20 DE=d005 HL=4ef6 SP=c214 P1=014000 vc=149 bI
[014ef9] 4ef9 FA6CCC LD A,(CC6Ch)   AF=0580 BC=0000 DE=d005 HL=ccea SP=c216 P1=014000 vc=5 bI
[014efc] 4efc C7     RST 00         AF=0080 BC=0000 DE=d005 HL=ccea SP=c216 P1=014000 vc=5 bI
[014f11] 4f11 CD9920 CALL 2099h     AF=1100 BC=0000 DE=d005 HL=4f11 SP=c216 P1=014000 vc=5 bI
[002099] 2099 F0AC   LD A,(FFACh)   AF=1100 BC=0000 DE=d005 HL=4f11 SP=c214 P1=014000 vc=5 bI
[00209b] 209b C60A   ADD A,0Ah      AF=0000 BC=0000 DE=d005 HL=4f11 SP=c214 P1=014000 vc=5 bI
[00209d] 209d 6F     LD L,A         AF=0a00 BC=0000 DE=d005 HL=4f11 SP=c214 P1=014000 vc=5 bI
[00209e] 209e 62     LD H,D         AF=0a00 BC=0000 DE=d005 HL=4f0a SP=c214 P1=014000 vc=5 bI
[00209f] 209f AF     XOR A          AF=0a00 BC=0000 DE=d005 HL=d00a SP=c214 P1=014000 vc=5 bI
[0020a0] 20a0 22     LDI (HL),A     AF=0080 BC=0000 DE=d005 HL=d00a SP=c214 P1=014000 vc=5 bI
[0020a1] 20a1 7E     LD A,(HL)      AF=0080 BC=0000 DE=d005 HL=d00b SP=c214 P1=014000 vc=5 bI
[0020a2] 20a2 E6F0   AND F0h        AF=2780 BC=0000 DE=d005 HL=d00b SP=c214 P1=014000 vc=5 bI
[0020a4] 20a4 F608   OR 08h         AF=2020 BC=0000 DE=d005 HL=d00b SP=c214 P1=014000 vc=5 bI
[0020a6] 20a6 22     LDI (HL),A     AF=2800 BC=0000 DE=d005 HL=d00b SP=c214 P1=014000 vc=5 bI
[0020a7] 20a7 AF     XOR A          AF=2800 BC=0000 DE=d005 HL=d00c SP=c214 P1=014000 vc=5 bI
[0020a8] 20a8 22     LDI (HL),A     AF=0080 BC=0000 DE=d005 HL=d00c SP=c214 P1=014000 vc=5 bI
[0020a9] 20a9 7E     LD A,(HL)      AF=0080 BC=0000 DE=d005 HL=d00d SP=c214 P1=014000 vc=5 bI
[0020aa] 20aa E6F0   AND F0h        AF=a880 BC=0000 DE=d005 HL=d00d SP=c214 P1=014000 vc=5 bI
[0020ac] 20ac F608   OR 08h         AF=a020 BC=0000 DE=d005 HL=d00d SP=c214 P1=014000 vc=5 bI
[0020ae] 20ae 77     LD (HL),A      AF=a800 BC=0000 DE=d005 HL=d00d SP=c214 P1=014000 vc=5 bI
[0020af] 20af C9     RET            AF=a800 BC=0000 DE=d005 HL=d00d SP=c214 P1=014000 vc=5 bI
[014f14] 4f14 CDAA23 CALL 23AAh     AF=a800 BC=0000 DE=d005 HL=d00d SP=c216 P1=014000 vc=5 bI
[0023aa] 23aa 62     LD H,D         AF=a800 BC=0000 DE=d005 HL=d00d SP=c214 P1=014000 vc=6 BI
[0023ab] 23ab 2E05   LD L,05h       AF=a800 BC=0000 DE=d005 HL=d00d SP=c214 P1=014000 vc=6 BI
[0023ad] 23ad 34     INC (HL)       AF=a800 BC=0000 DE=d005 HL=d005 SP=c214 P1=014000 vc=6 BI
[0023ae] 23ae C9     RET            AF=a800 BC=0000 DE=d005 HL=d005 SP=c214 P1=014000 vc=6 BI
[014f17] 4f17 1805   JR 4F1Eh       AF=a800 BC=0000 DE=d005 HL=d005 SP=c216 P1=014000 vc=6 BI
[014f1e] 4f1e 62     LD H,D         AF=a800 BC=0000 DE=d005 HL=d005 SP=c216 P1=014000 vc=6 BI
[014f1f] 4f1f 2E24   LD L,24h       AF=a800 BC=0000 DE=d005 HL=d005 SP=c216 P1=014000 vc=6 BI
[014f21] 4f21 CBBE   RES 7,(HL)     AF=a800 BC=0000 DE=d005 HL=d024 SP=c216 P1=014000 vc=6 BI
[014f23] 4f23 3E0D   LD A,0Dh       AF=a800 BC=0000 DE=d005 HL=d024 SP=c216 P1=014000 vc=6 BI
[014f25] 4f25 CD512A CALL 2A51h     AF=0d00 BC=0000 DE=d005 HL=d024 SP=c216 P1=014000 vc=6 BI
[014f28] 4f28 3E65   LD A,65h       AF=0520 BC=0008 DE=d031 HL=5c5c SP=c216 P1=014000 vc=6 bI
[014f2a] 4f2a C3740C JP 0C74h       AF=6520 BC=0008 DE=d031 HL=5c5c SP=c216 P1=014000 vc=6 bI
[000c74] 0c74 B7     OR A           AF=6520 BC=0008 DE=d031 HL=5c5c SP=c216 P1=014000 vc=6 bI
[000c75] 0c75 C8     RET Z          AF=6500 BC=0008 DE=d031 HL=5c5c SP=c216 P1=014000 vc=6 bI
[000c76] 0c76 67     LD H,A         AF=6500 BC=0008 DE=d031 HL=5c5c SP=c216 P1=014000 vc=6 bI
[000c77] 0c77 F0B5   LD A,(FFB5h)   AF=6500 BC=0008 DE=d031 HL=655c SP=c216 P1=014000 vc=6 bI
[000c79] 0c79 CB5F   BIT 3,A        AF=0000 BC=0008 DE=d031 HL=655c SP=c216 P1=014000 vc=6 bI
[000c7b] 0c7b C0     RET NZ         AF=00a0 BC=0008 DE=d031 HL=655c SP=c216 P1=014000 vc=6 bI
[000c7c] 0c7c F0B3   LD A,(FFB3h)   AF=00a0 BC=0008 DE=d031 HL=655c SP=c216 P1=014000 vc=6 bI
[000c7e] 0c7e 6F     LD L,A         AF=a4a0 BC=0008 DE=d031 HL=655c SP=c216 P1=014000 vc=6 bI
[000c7f] 0c7f 7C     LD A,H         AF=a4a0 BC=0008 DE=d031 HL=65a4 SP=c216 P1=014000 vc=6 bI
[000c80] 0c80 26C0   LD H,C0h       AF=65a0 BC=0008 DE=d031 HL=65a4 SP=c216 P1=014000 vc=6 bI
[000c82] 0c82 22     LDI (HL),A     AF=65a0 BC=0008 DE=d031 HL=c0a4 SP=c216 P1=014000 vc=6 bI
[000c83] 0c83 7D     LD A,L         AF=65a0 BC=0008 DE=d031 HL=c0a5 SP=c216 P1=014000 vc=6 bI
[000c84] 0c84 E6AF   AND AFh        AF=a5a0 BC=0008 DE=d031 HL=c0a5 SP=c216 P1=014000 vc=6 bI
[000c86] 0c86 E0B3   LD (FFB3h),A   AF=a520 BC=0008 DE=d031 HL=c0a5 SP=c216 P1=014000 vc=6 bI
[000c88] 0c88 C9     RET            AF=a520 BC=0008 DE=d031 HL=c0a5 SP=c216 P1=014000 vc=6 bI
[000d15] 0d15 26C0   LD H,C0h       AF=a470 BC=a5a0 DE=d500 HL=ffb6 SP=c210 P1=0e4000 vc=35 BI
[000d17] 0d17 6F     LD L,A         AF=a470 BC=a5a0 DE=d500 HL=c0b6 SP=c210 P1=0e4000 vc=35 BI
[000d18] 0d18 2A     LDI A,(HL)     AF=a470 BC=a5a0 DE=d500 HL=c0a4 SP=c210 P1=0e4000 vc=35 BI
[000d19] 0d19 C5     PUSH BC        AF=6570 BC=a5a0 DE=d500 HL=c0a5 SP=c210 P1=0e4000 vc=35 BI
[000d1a] 0d1a E5     PUSH HL        AF=6570 BC=a5a0 DE=d500 HL=c0a5 SP=c20e P1=0e4000 vc=35 BI
[000d1b] 0d1b CD0640 CALL 4006h     AF=6570 BC=a5a0 DE=d500 HL=c0a5 SP=c20c P1=0e4000 vc=35 BI
[0e4006] 4006 C3504B JP 4B50h       AF=6570 BC=a5a0 DE=d500 HL=c0a5 SP=c20a P1=0e4000 vc=35 BI
[0e4b50] 4b50 C5     PUSH BC        AF=6570 BC=a5a0 DE=d500 HL=c0a5 SP=c20a P1=0e4000 vc=35 BI
[0e4b51] 4b51 D5     PUSH DE        AF=6570 BC=a5a0 DE=d500 HL=c0a5 SP=c208 P1=0e4000 vc=35 BI
[0e4b52] 4b52 E5     PUSH HL        AF=6570 BC=a5a0 DE=d500 HL=c0a5 SP=c206 P1=0e4000 vc=35 BI
[0e4b53] 4b53 EA18C0 LD (C018h),A   AF=6570 BC=a5a0 DE=d500 HL=c0a5 SP=c204 P1=0e4000 vc=35 BI
[0e4b56] 4b56 FE00   CP 00h         AF=6570 BC=a5a0 DE=d500 HL=c0a5 SP=c204 P1=0e4000 vc=35 BI
[0e4b58] 4b58 2003   JR NZ,4B5Dh    AF=6540 BC=a5a0 DE=d500 HL=c0a5 SP=c204 P1=0e4000 vc=35 BI
[0e4b5d] 4b5d FEF0   CP F0h         AF=6540 BC=a5a0 DE=d500 HL=c0a5 SP=c204 P1=0e4000 vc=35 BI
[0e4b5f] 4b5f 2826   JR Z,4B87h     AF=6550 BC=a5a0 DE=d500 HL=c0a5 SP=c204 P1=0e4000 vc=35 bI
[0e4b61] 4b61 FEF1   CP F1h         AF=6550 BC=a5a0 DE=d500 HL=c0a5 SP=c204 P1=0e4000 vc=35 bI
[0e4b63] 4b63 2829   JR Z,4B8Eh     AF=6550 BC=a5a0 DE=d500 HL=c0a5 SP=c204 P1=0e4000 vc=35 bI
[0e4b65] 4b65 FEF5   CP F5h         AF=6550 BC=a5a0 DE=d500 HL=c0a5 SP=c204 P1=0e4000 vc=35 bI
[0e4b67] 4b67 282B   JR Z,4B94h     AF=6550 BC=a5a0 DE=d500 HL=c0a5 SP=c204 P1=0e4000 vc=35 bI
[0e4b69] 4b69 FEF6   CP F6h         AF=6550 BC=a5a0 DE=d500 HL=c0a5 SP=c204 P1=0e4000 vc=35 bI
[0e4b6b] 4b6b 2832   JR Z,4B9Fh     AF=6570 BC=a5a0 DE=d500 HL=c0a5 SP=c204 P1=0e4000 vc=35 bI
[0e4b6d] 4b6d FEF7   CP F7h         AF=6570 BC=a5a0 DE=d500 HL=c0a5 SP=c204 P1=0e4000 vc=35 bI
[0e4b6f] 4b6f 2855   JR Z,4BC6h     AF=6570 BC=a5a0 DE=d500 HL=c0a5 SP=c204 P1=0e4000 vc=35 bI
[0e4b71] 4b71 FEF8   CP F8h         AF=6570 BC=a5a0 DE=d500 HL=c0a5 SP=c204 P1=0e4000 vc=35 bI
[0e4b73] 4b73 2855   JR Z,4BCAh     AF=6570 BC=a5a0 DE=d500 HL=c0a5 SP=c204 P1=0e4000 vc=35 bI
[0e4b75] 4b75 FEF9   CP F9h         AF=6570 BC=a5a0 DE=d500 HL=c0a5 SP=c204 P1=0e4000 vc=35 bI
[0e4b77] 4b77 2855   JR Z,4BCEh     AF=6570 BC=a5a0 DE=d500 HL=c0a5 SP=c204 P1=0e4000 vc=35 bI
[0e4b79] 4b79 FEFA   CP FAh         AF=6570 BC=a5a0 DE=d500 HL=c0a5 SP=c204 P1=0e4000 vc=35 bI
[0e4b7b] 4b7b 282A   JR Z,4BA7h     AF=6570 BC=a5a0 DE=d500 HL=c0a5 SP=c204 P1=0e4000 vc=35 bI
[0e4b7d] 4b7d FEFB   CP FBh         AF=6570 BC=a5a0 DE=d500 HL=c0a5 SP=c204 P1=0e4000 vc=35 bI
[0e4b7f] 4b7f 282A   JR Z,4BABh     AF=6570 BC=a5a0 DE=d500 HL=c0a5 SP=c204 P1=0e4000 vc=35 bI
[0e4b81] 4b81 FEFC   CP FCh         AF=6570 BC=a5a0 DE=d500 HL=c0a5 SP=c204 P1=0e4000 vc=35 bI
[0e4b83] 4b83 282A   JR Z,4BAFh     AF=6570 BC=a5a0 DE=d500 HL=c0a5 SP=c204 P1=0e4000 vc=35 bI
[0e4b85] 4b85 185E   JR 4BE5h       AF=6570 BC=a5a0 DE=d500 HL=c0a5 SP=c204 P1=0e4000 vc=35 bI
[0e4be5] 4be5 3E00   LD A,00h       AF=6570 BC=a5a0 DE=d500 HL=c0a5 SP=c204 P1=0e4000 vc=35 bI
[0e4be7] 4be7 EA15C0 LD (C015h),A   AF=0070 BC=a5a0 DE=d500 HL=c0a5 SP=c204 P1=0e4000 vc=35 bI
[0e4bea] 4bea FA18C0 LD A,(C018h)   AF=0070 BC=a5a0 DE=d500 HL=c0a5 SP=c204 P1=0e4000 vc=35 bI
[0e4bed] 4bed 1600   LD D,00h       AF=6570 BC=a5a0 DE=d500 HL=c0a5 SP=c204 P1=0e4000 vc=35 bI
[0e4bef] 4bef 5F     LD E,A         AF=6570 BC=a5a0 DE=0000 HL=c0a5 SP=c204 P1=0e4000 vc=35 bI
[0e4bf0] 4bf0 2600   LD H,00h       AF=6570 BC=a5a0 DE=0065 HL=c0a5 SP=c204 P1=0e4000 vc=35 bI
[0e4bf2] 4bf2 6F     LD L,A         AF=6570 BC=a5a0 DE=0065 HL=00a5 SP=c204 P1=0e4000 vc=35 bI
[0e4bf3] 4bf3 CB25   SLA L          AF=6570 BC=a5a0 DE=0065 HL=0065 SP=c204 P1=0e4000 vc=35 bI
[0e4bf5] 4bf5 CB14   RL H           AF=6500 BC=a5a0 DE=0065 HL=00ca SP=c204 P1=0e4000 vc=35 bI
[0e4bf7] 4bf7 19     ADD HL,DE      AF=6580 BC=a5a0 DE=0065 HL=00ca SP=c204 P1=0e4000 vc=35 bI
[0e4bf8] 4bf8 54     LD D,H         AF=6580 BC=a5a0 DE=0065 HL=012f SP=c204 P1=0e4000 vc=35 bI
[0e4bf9] 4bf9 5D     LD E,L         AF=6580 BC=a5a0 DE=0165 HL=012f SP=c204 P1=0e4000 vc=35 bI
[0e4bfa] 4bfa 21CF57 LD HL,57CFh    AF=6580 BC=a5a0 DE=012f HL=012f SP=c204 P1=0e4000 vc=35 bI
[0e4bfd] 4bfd 19     ADD HL,DE      AF=6580 BC=a5a0 DE=012f HL=57cf SP=c204 P1=0e4000 vc=35 bI
[0e4bfe] 4bfe 7E     LD A,(HL)      AF=6580 BC=a5a0 DE=012f HL=58fe SP=c204 P1=0e4000 vc=35 bI
[0e4bff] 4bff E680   AND 80h        AF=0180 BC=a5a0 DE=012f HL=58fe SP=c204 P1=0e4000 vc=35 bI
[0e4c01] 4c01 2806   JR Z,4C09h     AF=00a0 BC=a5a0 DE=012f HL=58fe SP=c204 P1=0e4000 vc=35 bI
[0e4c09] 4c09 2A     LDI A,(HL)     AF=00a0 BC=a5a0 DE=012f HL=58fe SP=c204 P1=0e4000 vc=35 bI
[0e4c0a] 4c0a 4F     LD C,A         AF=01a0 BC=a5a0 DE=012f HL=58ff SP=c204 P1=0e4000 vc=35 bI
[0e4c0b] 4c0b F0D9   LD A,(FFD9h)   AF=01a0 BC=a501 DE=012f HL=58ff SP=c204 P1=0e4000 vc=35 bI
[0e4c0d] 4c0d 81     ADD A,C        AF=39a0 BC=a501 DE=012f HL=58ff SP=c204 P1=0e4000 vc=35 bI
[0e4c0e] 4c0e EA17C0 LD (C017h),A   AF=3a00 BC=a501 DE=012f HL=58ff SP=c204 P1=0e4000 vc=35 bI
[0e4c11] 4c11 2A     LDI A,(HL)     AF=3a00 BC=a501 DE=012f HL=58ff SP=c204 P1=0e4000 vc=35 bI
[0e4c12] 4c12 4F     LD C,A         AF=6e00 BC=a501 DE=012f HL=5900 SP=c204 P1=0e4000 vc=35 bI
[0e4c13] 4c13 7E     LD A,(HL)      AF=6e00 BC=a56e DE=012f HL=5900 SP=c204 P1=0e4000 vc=35 bI
[0e4c14] 4c14 47     LD B,A         AF=5500 BC=a56e DE=012f HL=5900 SP=c204 P1=0e4000 vc=35 bI
[0e4c15] 4c15 69     LD L,C         AF=5500 BC=556e DE=012f HL=5900 SP=c204 P1=0e4000 vc=35 bI
[0e4c16] 4c16 60     LD H,B         AF=5500 BC=556e DE=012f HL=596e SP=c204 P1=0e4000 vc=35 bI
[0e4c17] 4c17 F0D9   LD A,(FFD9h)   AF=5500 BC=556e DE=012f HL=556e SP=c204 P1=0e4000 vc=35 bI
[0e4c19] 4c19 CD00C0 CALL C000h     AF=3900 BC=556e DE=012f HL=556e SP=c204 P1=0e4000 vc=35 bI
[0e4c1c] 4c1c FEFF   CP FFh         AF=0500 BC=5505 DE=012f HL=556f SP=c204 P1=0e4000 vc=36 BI
[0e4c1e] 4c1e 2003   JR NZ,4C23h    AF=0570 BC=5505 DE=012f HL=556f SP=c204 P1=0e4000 vc=36 BI
[0e4c23] 4c23 EA18C0 LD (C018h),A   AF=0570 BC=5505 DE=012f HL=556f SP=c204 P1=0e4000 vc=36 BI
[0e4c26] 4c26 E6F0   AND F0h        AF=0570 BC=5505 DE=012f HL=556f SP=c204 P1=0e4000 vc=36 BI
[0e4c28] 4c28 CB37   SWAP A         AF=00a0 BC=5505 DE=012f HL=556f SP=c204 P1=0e4000 vc=36 BI
[0e4c2a] 4c2a 3C     INC A          AF=0080 BC=5505 DE=012f HL=556f SP=c204 P1=0e4000 vc=36 BI
[0e4c2b] 4c2b EA19C0 LD (C019h),A   AF=0100 BC=5505 DE=012f HL=556f SP=c204 P1=0e4000 vc=36 BI
[0e4c2e] 4c2e FA18C0 LD A,(C018h)   AF=0100 BC=5505 DE=012f HL=556f SP=c204 P1=0e4000 vc=36 BI
[0e4c31] 4c31 E60F   AND 0Fh        AF=0500 BC=5505 DE=012f HL=556f SP=c204 P1=0e4000 vc=36 BI
[0e4c33] 4c33 EA18C0 LD (C018h),A   AF=0520 BC=5505 DE=012f HL=556f SP=c204 P1=0e4000 vc=36 BI
[0e4c36] 4c36 5F     LD E,A         AF=0520 BC=5505 DE=012f HL=556f SP=c204 P1=0e4000 vc=36 BI
[0e4c37] 4c37 E5     PUSH HL        AF=0520 BC=5505 DE=0105 HL=556f SP=c204 P1=0e4000 vc=36 BI
[0e4c38] 4c38 216DC0 LD HL,C06Dh    AF=0520 BC=5505 DE=0105 HL=556f SP=c202 P1=0e4000 vc=36 BI
[0e4c3b] 4c3b 1600   LD D,00h       AF=0520 BC=5505 DE=0105 HL=c06d SP=c202 P1=0e4000 vc=36 BI
[0e4c3d] 4c3d 19     ADD HL,DE      AF=0520 BC=5505 DE=0005 HL=c06d SP=c202 P1=0e4000 vc=36 BI
[0e4c3e] 4c3e 7E     LD A,(HL)      AF=0500 BC=5505 DE=0005 HL=c072 SP=c202 P1=0e4000 vc=36 BI
[0e4c3f] 4c3f E1     POP HL         AF=0000 BC=5505 DE=0005 HL=c072 SP=c202 P1=0e4000 vc=36 BI
[0e4c40] 4c40 4F     LD C,A         AF=0000 BC=5505 DE=0005 HL=556f SP=c204 P1=0e4000 vc=36 BI
[0e4c41] 4c41 FA19C0 LD A,(C019h)   AF=0000 BC=5500 DE=0005 HL=556f SP=c204 P1=0e4000 vc=36 BI
[0e4c44] 4c44 B9     CP C           AF=0100 BC=5500 DE=0005 HL=556f SP=c204 P1=0e4000 vc=36 BI
[0e4c45] 4c45 3005   JR NC,4C4Ch    AF=0140 BC=5500 DE=0005 HL=556f SP=c204 P1=0e4000 vc=36 BI
[0e4c4c] 4c4c E5     PUSH HL        AF=0140 BC=5500 DE=0005 HL=556f SP=c204 P1=0e4000 vc=36 BI
[0e4c4d] 4c4d FA18C0 LD A,(C018h)   AF=0140 BC=5500 DE=0005 HL=556f SP=c202 P1=0e4000 vc=36 BI
[0e4c50] 4c50 5F     LD E,A         AF=0540 BC=5500 DE=0005 HL=556f SP=c202 P1=0e4000 vc=36 BI
[0e4c51] 4c51 FA19C0 LD A,(C019h)   AF=0540 BC=5500 DE=0005 HL=556f SP=c202 P1=0e4000 vc=36 BI
[0e4c54] 4c54 216DC0 LD HL,C06Dh    AF=0140 BC=5500 DE=0005 HL=556f SP=c202 P1=0e4000 vc=36 BI
[0e4c57] 4c57 1600   LD D,00h       AF=0140 BC=5500 DE=0005 HL=c06d SP=c202 P1=0e4000 vc=36 BI
[0e4c59] 4c59 19     ADD HL,DE      AF=0140 BC=5500 DE=0005 HL=c06d SP=c202 P1=0e4000 vc=36 BI
[0e4c5a] 4c5a 77     LD (HL),A      AF=0100 BC=5500 DE=0005 HL=c072 SP=c202 P1=0e4000 vc=36 BI
[0e4c5b] 4c5b 3E08   LD A,08h       AF=0100 BC=5500 DE=0005 HL=c072 SP=c202 P1=0e4000 vc=36 BI
[0e4c5d] 4c5d 217DC0 LD HL,C07Dh    AF=0800 BC=5500 DE=0005 HL=c072 SP=c202 P1=0e4000 vc=36 BI
[0e4c60] 4c60 1600   LD D,00h       AF=0800 BC=5500 DE=0005 HL=c07d SP=c202 P1=0e4000 vc=36 BI
[0e4c62] 4c62 19     ADD HL,DE      AF=0800 BC=5500 DE=0005 HL=c07d SP=c202 P1=0e4000 vc=36 BI
[0e4c63] 4c63 77     LD (HL),A      AF=0800 BC=5500 DE=0005 HL=c082 SP=c202 P1=0e4000 vc=36 BI
[0e4c64] 4c64 3E00   LD A,00h       AF=0800 BC=5500 DE=0005 HL=c082 SP=c202 P1=0e4000 vc=36 BI
[0e4c66] 4c66 2175C0 LD HL,C075h    AF=0000 BC=5500 DE=0005 HL=c082 SP=c202 P1=0e4000 vc=36 BI
[0e4c69] 4c69 1600   LD D,00h       AF=0000 BC=5500 DE=0005 HL=c075 SP=c202 P1=0e4000 vc=36 BI
[0e4c6b] 4c6b 19     ADD HL,DE      AF=0000 BC=5500 DE=0005 HL=c075 SP=c202 P1=0e4000 vc=36 BI
[0e4c6c] 4c6c 77     LD (HL),A      AF=0000 BC=5500 DE=0005 HL=c07a SP=c202 P1=0e4000 vc=36 BI
[0e4c6d] 4c6d FA18C0 LD A,(C018h)   AF=0000 BC=5500 DE=0005 HL=c07a SP=c202 P1=0e4000 vc=36 bI
[0e4c70] 4c70 FE00   CP 00h         AF=0500 BC=5500 DE=0005 HL=c07a SP=c202 P1=0e4000 vc=36 bI
[0e4c72] 4c72 283A   JR Z,4CAEh     AF=0540 BC=5500 DE=0005 HL=c07a SP=c202 P1=0e4000 vc=36 bI
[0e4c74] 4c74 FE01   CP 01h         AF=0540 BC=5500 DE=0005 HL=c07a SP=c202 P1=0e4000 vc=36 bI
[0e4c76] 4c76 2836   JR Z,4CAEh     AF=0540 BC=5500 DE=0005 HL=c07a SP=c202 P1=0e4000 vc=36 bI
[0e4c78] 4c78 FE02   CP 02h         AF=0540 BC=5500 DE=0005 HL=c07a SP=c202 P1=0e4000 vc=36 bI
[0e4c7a] 4c7a 2832   JR Z,4CAEh     AF=0540 BC=5500 DE=0005 HL=c07a SP=c202 P1=0e4000 vc=36 bI
[0e4c7c] 4c7c FE03   CP 03h         AF=0540 BC=5500 DE=0005 HL=c07a SP=c202 P1=0e4000 vc=36 bI
[0e4c7e] 4c7e 282E   JR Z,4CAEh     AF=0540 BC=5500 DE=0005 HL=c07a SP=c202 P1=0e4000 vc=36 bI
[0e4c80] 4c80 FE04   CP 04h         AF=0540 BC=5500 DE=0005 HL=c07a SP=c202 P1=0e4000 vc=36 bI
[0e4c82] 4c82 2806   JR Z,4C8Ah     AF=0540 BC=5500 DE=0005 HL=c07a SP=c202 P1=0e4000 vc=36 bI
[0e4c84] 4c84 FE05   CP 05h         AF=0540 BC=5500 DE=0005 HL=c07a SP=c202 P1=0e4000 vc=36 bI
[0e4c86] 4c86 2802   JR Z,4C8Ah     AF=05c0 BC=5500 DE=0005 HL=c07a SP=c202 P1=0e4000 vc=36 bI
[0e4c8a] 4c8a FA18C0 LD A,(C018h)   AF=05c0 BC=5500 DE=0005 HL=c07a SP=c202 P1=0e4000 vc=36 bI
[0e4c8d] 4c8d 5F     LD E,A         AF=05c0 BC=5500 DE=0005 HL=c07a SP=c202 P1=0e4000 vc=36 bI
[0e4c8e] 4c8e 3E00   LD A,00h       AF=05c0 BC=5500 DE=0005 HL=c07a SP=c202 P1=0e4000 vc=36 bI
[0e4c90] 4c90 214BC0 LD HL,C04Bh    AF=00c0 BC=5500 DE=0005 HL=c07a SP=c202 P1=0e4000 vc=36 bI
[0e4c93] 4c93 1600   LD D,00h       AF=00c0 BC=5500 DE=0005 HL=c04b SP=c202 P1=0e4000 vc=36 bI
[0e4c95] 4c95 19     ADD HL,DE      AF=00c0 BC=5500 DE=0005 HL=c04b SP=c202 P1=0e4000 vc=36 bI
[0e4c96] 4c96 77     LD (HL),A      AF=0080 BC=5500 DE=0005 HL=c050 SP=c202 P1=0e4000 vc=36 bI
[0e4c97] 4c97 213FC0 LD HL,C03Fh    AF=0080 BC=5500 DE=0005 HL=c050 SP=c202 P1=0e4000 vc=36 bI
[0e4c9a] 4c9a 1600   LD D,00h       AF=0080 BC=5500 DE=0005 HL=c03f SP=c202 P1=0e4000 vc=36 bI
[0e4c9c] 4c9c 19     ADD HL,DE      AF=0080 BC=5500 DE=0005 HL=c03f SP=c202 P1=0e4000 vc=36 bI
[0e4c9d] 4c9d 77     LD (HL),A      AF=0080 BC=5500 DE=0005 HL=c044 SP=c202 P1=0e4000 vc=36 bI
[0e4c9e] 4c9e 2133C0 LD HL,C033h    AF=0080 BC=5500 DE=0005 HL=c044 SP=c202 P1=0e4000 vc=36 bI
[0e4ca1] 4ca1 1600   LD D,00h       AF=0080 BC=5500 DE=0005 HL=c033 SP=c202 P1=0e4000 vc=36 bI
[0e4ca3] 4ca3 19     ADD HL,DE      AF=0080 BC=5500 DE=0005 HL=c033 SP=c202 P1=0e4000 vc=36 bI
[0e4ca4] 4ca4 77     LD (HL),A      AF=0080 BC=5500 DE=0005 HL=c038 SP=c202 P1=0e4000 vc=36 bI
[0e4ca5] 4ca5 2139C0 LD HL,C039h    AF=0080 BC=5500 DE=0005 HL=c038 SP=c202 P1=0e4000 vc=36 bI
[0e4ca8] 4ca8 1600   LD D,00h       AF=0080 BC=5500 DE=0005 HL=c039 SP=c202 P1=0e4000 vc=36 bI
[0e4caa] 4caa 19     ADD HL,DE      AF=0080 BC=5500 DE=0005 HL=c039 SP=c202 P1=0e4000 vc=36 bI
[0e4cab] 4cab 77     LD (HL),A      AF=0080 BC=5500 DE=0005 HL=c03e SP=c202 P1=0e4000 vc=36 bI
[0e4cac] 4cac 1837   JR 4CE5h       AF=0080 BC=5500 DE=0005 HL=c03e SP=c202 P1=0e4000 vc=36 bI
[0e4ce5] 4ce5 E1     POP HL         AF=0080 BC=5500 DE=0005 HL=c03e SP=c202 P1=0e4000 vc=36 bI
[0e4ce6] 4ce6 FA18C0 LD A,(C018h)   AF=0080 BC=5500 DE=0005 HL=556f SP=c204 P1=0e4000 vc=36 bI
[0e4ce9] 4ce9 47     LD B,A         AF=0580 BC=5500 DE=0005 HL=556f SP=c204 P1=0e4000 vc=36 bI
[0e4cea] 4cea FA17C0 LD A,(C017h)   AF=0580 BC=0500 DE=0005 HL=556f SP=c204 P1=0e4000 vc=36 bI
[0e4ced] 4ced 0EDA   LD C,DAh       AF=3a80 BC=0500 DE=0005 HL=556f SP=c204 P1=0e4000 vc=36 bI
[0e4cef] 4cef CD254D CALL 4D25h     AF=3a80 BC=05da DE=0005 HL=556f SP=c204 P1=0e4000 vc=36 bI
[0e4cf2] 4cf2 FA18C0 LD A,(C018h)   AF=3a20 BC=05e0 DE=0005 HL=556f SP=c204 P1=0e4000 vc=37 BI
[0e4cf5] 4cf5 CB27   SLA A          AF=0520 BC=05e0 DE=0005 HL=556f SP=c204 P1=0e4000 vc=37 BI
[0e4cf7] 4cf7 47     LD B,A         AF=0a00 BC=05e0 DE=0005 HL=556f SP=c204 P1=0e4000 vc=37 BI
[0e4cf8] 4cf8 C5     PUSH BC        AF=0a00 BC=0ae0 DE=0005 HL=556f SP=c204 P1=0e4000 vc=37 BI
[0e4cf9] 4cf9 F0D9   LD A,(FFD9h)   AF=0a00 BC=0ae0 DE=0005 HL=556f SP=c202 P1=0e4000 vc=37 BI
[0e4cfb] 4cfb CD00C0 CALL C000h     AF=3900 BC=0ae0 DE=0005 HL=556f SP=c202 P1=0e4000 vc=37 BI
[0e4cfe] 4cfe C1     POP BC         AF=1100 BC=0a11 DE=0005 HL=5570 SP=c202 P1=0e4000 vc=37 BI
[0e4cff] 4cff 0EE2   LD C,E2h       AF=1100 BC=0ae0 DE=0005 HL=5570 SP=c204 P1=0e4000 vc=37 BI
[0e4d01] 4d01 CD254D CALL 4D25h     AF=1100 BC=0ae2 DE=0005 HL=5570 SP=c204 P1=0e4000 vc=37 BI
[0e4d04] 4d04 C5     PUSH BC        AF=1100 BC=0aed DE=0005 HL=5570 SP=c204 P1=0e4000 vc=37 BI
[0e4d05] 4d05 F0D9   LD A,(FFD9h)   AF=1100 BC=0aed DE=0005 HL=5570 SP=c202 P1=0e4000 vc=37 BI
[0e4d07] 4d07 CD00C0 CALL C000h     AF=3900 BC=0aed DE=0005 HL=5570 SP=c202 P1=0e4000 vc=37 BI
[0e4d0a] 4d0a C1     POP BC         AF=5b00 BC=0a5b DE=0005 HL=5571 SP=c202 P1=0e4000 vc=37 BI
[0e4d0b] 4d0b E2     LD (FF00h+C),A AF=5b00 BC=0aed DE=0005 HL=5571 SP=c204 P1=0e4000 vc=37 BI
[0e4d0c] 4d0c 0C     INC C          AF=5b00 BC=0aed DE=0005 HL=5571 SP=c204 P1=0e4000 vc=37 bI
[0e4d0d] 4d0d C3174C JP 4C17h       AF=5b00 BC=0aee DE=0005 HL=5571 SP=c204 P1=0e4000 vc=37 bI
[0e4c20] 4c20 C3104D JP 4D10h       AF=ffc0 BC=0aff DE=0005 HL=5572 SP=c204 P1=0e4000 vc=37 bI
[0e4d10] 4d10 3E77   LD A,77h       AF=ffc0 BC=0aff DE=0005 HL=5572 SP=c204 P1=0e4000 vc=37 bI
[0e4d12] 4d12 EA24C0 LD (C024h),A   AF=77c0 BC=0aff DE=0005 HL=5572 SP=c204 P1=0e4000 vc=37 bI
[0e4d15] 4d15 E1     POP HL         AF=77c0 BC=0aff DE=0005 HL=5572 SP=c204 P1=0e4000 vc=37 bI
[0e4d16] 4d16 D1     POP DE         AF=77c0 BC=0aff DE=0005 HL=c0a5 SP=c206 P1=0e4000 vc=37 bI
[0e4d17] 4d17 C1     POP BC         AF=77c0 BC=0aff DE=d500 HL=c0a5 SP=c208 P1=0e4000 vc=37 bI
[0e4d18] 4d18 C9     RET            AF=77c0 BC=a5a0 DE=d500 HL=c0a5 SP=c20a P1=0e4000 vc=37 bI
[000d1e] 0d1e E1     POP HL         AF=77c0 BC=a5a0 DE=d500 HL=c0a5 SP=c20c P1=0e4000 vc=37 bI
[000d1f] 0d1f C1     POP BC         AF=77c0 BC=a5a0 DE=d500 HL=c0a5 SP=c20e P1=0e4000 vc=37 bI
[000d20] 0d20 7D     LD A,L         AF=77c0 BC=a5a0 DE=d500 HL=c0a5 SP=c210 P1=0e4000 vc=37 bI
[000d21] 0d21 E6AF   AND AFh        AF=a5c0 BC=a5a0 DE=d500 HL=c0a5 SP=c210 P1=0e4000 vc=37 bI
[000d23] 0d23 B8     CP B           AF=a520 BC=a5a0 DE=d500 HL=c0a5 SP=c210 P1=0e4000 vc=37 bI
[000d24] 0d24 20F1   JR NZ,0D17h    AF=a5c0 BC=a5a0 DE=d500 HL=c0a5 SP=c210 P1=0e4000 vc=37 bI
[000d26] 0d26 E0B2   LD (FFB2h),A   AF=a5c0 BC=a5a0 DE=d500 HL=c0a5 SP=c210 P1=0e4000 vc=37 bI
[0e4363] 4363 3E01   LD A,01h       AF=0140 BC=08fc DE=05ed HL=05ed SP=c202 P1=0e4000 vc=43 bI
[0e4365] 4365 C9     RET            AF=0140 BC=08fc DE=05ed HL=05ed SP=c202 P1=0e4000 vc=43 bI
[014f2d] 4f2d 62     LD H,D         AF=2d00 BC=0020 DE=d005 HL=4f2d SP=c216 P1=014000 vc=152 bI
[014f2e] 4f2e 2E21   LD L,21h       AF=2d00 BC=0020 DE=d005 HL=d02d SP=c216 P1=014000 vc=152 bI
[014f30] 4f30 CB7E   BIT 7,(HL)     AF=2d00 BC=0020 DE=d005 HL=d021 SP=c216 P1=014000 vc=152 bI
[014f32] 4f32 CA362A JP Z,2A36h     AF=2da0 BC=0020 DE=d005 HL=d021 SP=c216 P1=014000 vc=152 bI
[014f35] 4f35 FAB6CC LD A,(CCB6h)   AF=2d20 BC=0000 DE=d005 HL=d021 SP=c216 P1=014000 vc=149 bI
[014f38] 4f38 FE02   CP 02h         AF=0120 BC=0000 DE=d005 HL=d021 SP=c216 P1=014000 vc=149 bI
[014f3a] 4f3a 2015   JR NZ,4F51h    AF=0170 BC=0000 DE=d005 HL=d021 SP=c216 P1=014000 vc=149 bI
[014f51] 4f51 CDD12A CALL 2AD1h     AF=0170 BC=0000 DE=d005 HL=d021 SP=c216 P1=014000 vc=149 bI
[002ad1] 2ad1 62     LD H,D         AF=0170 BC=0000 DE=d005 HL=d021 SP=c214 P1=014000 vc=149 bI
[002ad2] 2ad2 2E08   LD L,08h       AF=0170 BC=0000 DE=d005 HL=d021 SP=c214 P1=014000 vc=149 bI
[002ad4] 2ad4 FA3FCC LD A,(CC3Fh)   AF=0170 BC=0000 DE=d005 HL=d008 SP=c214 P1=014000 vc=149 bI
[002ad7] 2ad7 22     LDI (HL),A     AF=0170 BC=0000 DE=d005 HL=d008 SP=c214 P1=014000 vc=149 bI
[002ad8] 2ad8 3EFF   LD A,FFh       AF=0170 BC=0000 DE=d005 HL=d009 SP=c214 P1=014000 vc=149 bI
[002ada] 2ada 22     LDI (HL),A     AF=ff70 BC=0000 DE=d005 HL=d009 SP=c214 P1=014000 vc=149 bI
[002adb] 2adb EAFCCC LD (CCFCh),A   AF=ff70 BC=0000 DE=d005 HL=d00a SP=c214 P1=014000 vc=149 bI
[002ade] 2ade 2E0B   LD L,0Bh       AF=ff70 BC=0000 DE=d005 HL=d00a SP=c214 P1=014000 vc=149 bI
[002ae0] 2ae0 FA3DCC LD A,(CC3Dh)   AF=ff70 BC=0000 DE=d005 HL=d00b SP=c214 P1=014000 vc=149 bI
[002ae3] 2ae3 22     LDI (HL),A     AF=1f70 BC=0000 DE=d005 HL=d00b SP=c214 P1=014000 vc=149 bI
[002ae4] 2ae4 2C     INC L          AF=1f70 BC=0000 DE=d005 HL=d00c SP=c214 P1=014000 vc=149 bI
[002ae5] 2ae5 FA3ECC LD A,(CC3Eh)   AF=1f10 BC=0000 DE=d005 HL=d00d SP=c214 P1=014000 vc=149 bI
[002ae8] 2ae8 22     LDI (HL),A     AF=0910 BC=0000 DE=d005 HL=d00d SP=c214 P1=014000 vc=149 bI
[002ae9] 2ae9 AF     XOR A          AF=0910 BC=0000 DE=d005 HL=d00e SP=c214 P1=014000 vc=149 bI
[002aea] 2aea 22     LDI (HL),A     AF=0080 BC=0000 DE=d005 HL=d00e SP=c214 P1=014000 vc=149 bI
[002aeb] 2aeb 22     LDI (HL),A     AF=0080 BC=0000 DE=d005 HL=d00f SP=c214 P1=014000 vc=149 bI
[002aec] 2aec 2E2D   LD L,2Dh       AF=0080 BC=0000 DE=d005 HL=d010 SP=c214 P1=014000 vc=149 bI
[002aee] 2aee 77     LD (HL),A      AF=0080 BC=0000 DE=d005 HL=d02d SP=c214 P1=014000 vc=149 bI
[002aef] 2aef C9     RET            AF=0080 BC=0000 DE=d005 HL=d02d SP=c214 P1=014000 vc=149 bI
[014f54] 4f54 2E05   LD L,05h       AF=0080 BC=0000 DE=d005 HL=d02d SP=c216 P1=014000 vc=149 bI
[014f56] 4f56 3E02   LD A,02h       AF=0080 BC=0000 DE=d005 HL=d005 SP=c216 P1=014000 vc=149 bI
[014f58] 4f58 22     LDI (HL),A     AF=0280 BC=0000 DE=d005 HL=d005 SP=c216 P1=014000 vc=149 bI
[014f59] 4f59 77     LD (HL),A      AF=0280 BC=0000 DE=d005 HL=d006 SP=c216 P1=014000 vc=149 bI
[014f5a] 4f5a CD6149 CALL 4961h     AF=0280 BC=0000 DE=d005 HL=d006 SP=c216 P1=014000 vc=149 bI
[014961] 4961 62     LD H,D         AF=0280 BC=0000 DE=d005 HL=d006 SP=c214 P1=014000 vc=149 bI
[014962] 4962 2E0B   LD L,0Bh       AF=0280 BC=0000 DE=d005 HL=d006 SP=c214 P1=014000 vc=149 bI
[014964] 4964 2A     LDI A,(HL)     AF=0280 BC=0000 DE=d005 HL=d00b SP=c214 P1=014000 vc=149 bI
[014965] 4965 2C     INC L          AF=1f80 BC=0000 DE=d005 HL=d00c SP=c214 P1=014000 vc=149 bI
[014966] 4966 4E     LD C,(HL)      AF=1f00 BC=0000 DE=d005 HL=d00d SP=c214 P1=014000 vc=149 bI
[014967] 4967 C605   ADD A,05h      AF=1f00 BC=0009 DE=d005 HL=d00d SP=c214 P1=014000 vc=149 bI
[014969] 4969 47     LD B,A         AF=2420 BC=0009 DE=d005 HL=d00d SP=c214 P1=014000 vc=149 bI
[01496a] 496a 3E05   LD A,05h       AF=2420 BC=2409 DE=d005 HL=d00d SP=c214 P1=014000 vc=149 bI
[01496c] 496c C33D2B JP 2B3Dh       AF=0520 BC=2409 DE=d005 HL=d00d SP=c214 P1=014000 vc=149 bI
[002b3d] 2b3d E08F   LD (FF8Fh),A   AF=0520 BC=2409 DE=d005 HL=d00d SP=c214 P1=014000 vc=149 bI
[002b3f] 2b3f F097   LD A,(FF97h)   AF=0520 BC=2409 DE=d005 HL=d00d SP=c214 P1=014000 vc=149 bI
[002b41] 2b41 F5     PUSH AF        AF=0520 BC=2409 DE=d005 HL=d00d SP=c214 P1=014000 vc=149 bI
[002b42] 2b42 3E06   LD A,06h       AF=0520 BC=2409 DE=d005 HL=d00d SP=c212 P1=014000 vc=149 bI
[002b44] 2b44 E097   LD (FF97h),A   AF=0620 BC=2409 DE=d005 HL=d00d SP=c212 P1=014000 vc=149 bI
[002b46] 2b46 EA2222 LD (2222h),A   AF=0620 BC=2409 DE=d005 HL=d00d SP=c212 P1=014000 vc=149 bI
[002b49] 2b49 CD1347 CALL 4713h     AF=0620 BC=2409 DE=d005 HL=d00d SP=c212 P1=018000 vc=149 bI
[018713] 4713 78     LD A,B         AF=0620 BC=2409 DE=d005 HL=d00d SP=c210 P1=018000 vc=149 bI
[018714] 4714 E6F0   AND F0h        AF=2420 BC=2409 DE=d005 HL=d00d SP=c210 P1=018000 vc=149 bI
[018716] 4716 F608   OR 08h         AF=2020 BC=2409 DE=d005 HL=d00d SP=c210 P1=018000 vc=149 bI
[018718] 4718 E090   LD (FF90h),A   AF=2800 BC=2409 DE=d005 HL=d00d SP=c210 P1=018000 vc=149 bI
[01871a] 471a 79     LD A,C         AF=2800 BC=2409 DE=d005 HL=d00d SP=c210 P1=018000 vc=149 bI
[01871b] 471b E6F0   AND F0h        AF=0900 BC=2409 DE=d005 HL=d00d SP=c210 P1=018000 vc=149 bI
[01871d] 471d F608   OR 08h         AF=00a0 BC=2409 DE=d005 HL=d00d SP=c210 P1=018000 vc=149 bI
[01871f] 471f E091   LD (FF91h),A   AF=0800 BC=2409 DE=d005 HL=d00d SP=c210 P1=018000 vc=149 bI
[018721] 4721 CD3514 CALL 1435h     AF=0800 BC=2409 DE=d005 HL=d00d SP=c210 P1=018000 vc=149 bI
[018724] 4724 E092   LD (FF92h),A   AF=a000 BC=2409 DE=d005 HL=cf20 SP=c210 P1=018000 vc=150 bI
[018726] 4726 5F     LD E,A         AF=a000 BC=2409 DE=d005 HL=cf20 SP=c210 P1=018000 vc=150 bI
[018727] 4727 7D     LD A,L         AF=a000 BC=2409 DE=d0a0 HL=cf20 SP=c210 P1=018000 vc=150 bI
[018728] 4728 E093   LD (FF93h),A   AF=2000 BC=2409 DE=d0a0 HL=cf20 SP=c210 P1=018000 vc=150 bI
[01872a] 472a 21C075 LD HL,75C0h    AF=2000 BC=2409 DE=d0a0 HL=cf20 SP=c210 P1=018000 vc=150 bI
[01872d] 472d CDDE1D CALL 1DDEh     AF=2000 BC=2409 DE=d0a0 HL=75c0 SP=c210 P1=018000 vc=150 bI
[018730] 4730 D0     RET NC         AF=0080 BC=2409 DE=d0a0 HL=76e1 SP=c210 P1=018000 vc=151 bI
[002b4c] 2b4c CB13   RL E           AF=0080 BC=2409 DE=d0a0 HL=76e1 SP=c212 P1=018000 vc=151 bI
[002b4e] 2b4e F1     POP AF         AF=0010 BC=2409 DE=d040 HL=76e1 SP=c212 P1=018000 vc=151 bI
[002b4f] 2b4f E097   LD (FF97h),A   AF=0520 BC=2409 DE=d040 HL=76e1 SP=c214 P1=018000 vc=151 bI
[002b51] 2b51 EA2222 LD (2222h),A   AF=0520 BC=2409 DE=d040 HL=76e1 SP=c214 P1=018000 vc=151 bI
[002b54] 2b54 CB1B   RR E           AF=0520 BC=2409 DE=d040 HL=76e1 SP=c214 P1=014000 vc=151 bI
[002b56] 2b56 C9     RET            AF=0500 BC=2409 DE=d020 HL=76e1 SP=c214 P1=014000 vc=151 bI
[014f5d] 4f5d CD3214 CALL 1432h     AF=0500 BC=2409 DE=d020 HL=76e1 SP=c216 P1=014000 vc=151 bI
[001432] 1432 CD4820 CALL 2048h     AF=0500 BC=2409 DE=d020 HL=76e1 SP=c214 P1=014000 vc=151 bI
[002048] 2048 F0AC   LD A,(FFACh)   AF=0500 BC=2409 DE=d020 HL=76e1 SP=c212 P1=014000 vc=151 bI
[00204a] 204a C60B   ADD A,0Bh      AF=0000 BC=2409 DE=d020 HL=76e1 SP=c212 P1=014000 vc=151 bI
[00204c] 204c 5F     LD E,A         AF=0b00 BC=2409 DE=d020 HL=76e1 SP=c212 P1=014000 vc=151 bI
[00204d] 204d 1A     LD A,(DE)      AF=0b00 BC=2409 DE=d00b HL=76e1 SP=c212 P1=014000 vc=151 bI
[00204e] 204e 47     LD B,A         AF=1f00 BC=2409 DE=d00b HL=76e1 SP=c212 P1=014000 vc=151 bI
[00204f] 204f 1C     INC E          AF=1f00 BC=1f09 DE=d00b HL=76e1 SP=c212 P1=014000 vc=151 bI
[002050] 2050 1C     INC E          AF=1f00 BC=1f09 DE=d00c HL=76e1 SP=c212 P1=014000 vc=151 bI
[002051] 2051 1A     LD A,(DE)      AF=1f00 BC=1f09 DE=d00d HL=76e1 SP=c212 P1=014000 vc=151 bI
[002052] 2052 4F     LD C,A         AF=0900 BC=1f09 DE=d00d HL=76e1 SP=c212 P1=014000 vc=151 bI
[002053] 2053 C9     RET            AF=0900 BC=1f09 DE=d00d HL=76e1 SP=c212 P1=014000 vc=151 bI
[014f60] 4f60 7D     LD A,L         AF=a000 BC=1f09 DE=d00d HL=cf10 SP=c216 P1=014000 vc=151 bI
[014f61] 4f61 EAA8CC LD (CCA8h),A   AF=1000 BC=1f09 DE=d00d HL=cf10 SP=c216 P1=014000 vc=151 bI
[014f64] 4f64 C3391E JP 1E39h       AF=1000 BC=1f09 DE=d00d HL=cf10 SP=c216 P1=014000 vc=151 bI
[001e39] 1e39 F0AC   LD A,(FFACh)   AF=1000 BC=1f09 DE=d00d HL=cf10 SP=c216 P1=014000 vc=151 bI
[001e3b] 1e3b C61A   ADD A,1Ah      AF=0000 BC=1f09 DE=d00d HL=cf10 SP=c216 P1=014000 vc=151 bI
[001e3d] 1e3d 6F     LD L,A         AF=1a00 BC=1f09 DE=d00d HL=cf10 SP=c216 P1=014000 vc=151 bI
[001e3e] 1e3e 62     LD H,D         AF=1a00 BC=1f09 DE=d00d HL=cf1a SP=c216 P1=014000 vc=151 bI
[001e3f] 1e3f CBBE   RES 7,(HL)     AF=1a00 BC=1f09 DE=d00d HL=d01a SP=c216 P1=014000 vc=151 bI
[001e41] 1e41 C9     RET            AF=1a00 BC=1f09 DE=d00d HL=d01a SP=c216 P1=014000 vc=151 bI
[0041f7] 41f7 AF     XOR A          AF=b950 BC=0009 DE=d00d HL=ffaa SP=c214 P1=004000 vc=7 BI
[004208] 4208 3803   JR C,420Dh     AF=5040 BC=0009 DE=d00d HL=ffaa SP=c214 P1=004000 vc=7 BI
[00420a] 420a 35     DEC (HL)       AF=5040 BC=0009 DE=d00d HL=ffaa SP=c214 P1=004000 vc=7 BI
[00420b] 420b 1801   JR 420Eh       AF=5060 BC=0009 DE=d00d HL=ffaa SP=c214 P1=004000 vc=7 BI
[00420e] 420e 2100CD LD HL,CD00h    AF=5060 BC=0009 DE=d00d HL=ffaa SP=c214 P1=004000 vc=7 BI
[004211] 4211 CBFE   SET 7,(HL)     AF=5060 BC=0009 DE=d00d HL=cd00 SP=c214 P1=004000 vc=7 BI
[004213] 4213 C9     RET            AF=5060 BC=0009 DE=d00d HL=cd00 SP=c214 P1=004000 vc=7 BI
[0060b3] 60b3 FAA8CC LD A,(CCA8h)   AF=1110 BC=a009 DE=d010 HL=cf20 SP=c21a P1=004000 vc=11 BI
[0060b6] 60b6 47     LD B,A         AF=1010 BC=a009 DE=d010 HL=cf20 SP=c21a P1=004000 vc=11 BI
[0060b7] 60b7 F08D   LD A,(FF8Dh)   AF=1010 BC=1009 DE=d010 HL=cf20 SP=c21a P1=004000 vc=11 BI
[0060b9] 60b9 B8     CP B           AF=2010 BC=1009 DE=d010 HL=cf20 SP=c21a P1=004000 vc=11 BI
[0060ba] 60ba C8     RET Z          AF=2040 BC=1009 DE=d010 HL=cf20 SP=c21a P1=004000 vc=11 bI
[0060bb] 60bb 05     DEC B          AF=2040 BC=1009 DE=d010 HL=cf20 SP=c21a P1=004000 vc=11 bI
[0060bc] 60bc B8     CP B           AF=2060 BC=0f09 DE=d010 HL=cf20 SP=c21a P1=004000 vc=11 bI
[0060bd] 60bd 2802   JR Z,60C1h     AF=2060 BC=0f09 DE=d010 HL=cf20 SP=c21a P1=004000 vc=11 bI
[0060bf] 60bf 37     SCF            AF=2060 BC=0f09 DE=d010 HL=cf20 SP=c21a P1=004000 vc=11 bI
[0060c0] 60c0 C9     RET            AF=2010 BC=0f09 DE=d010 HL=cf20 SP=c21a P1=004000 vc=11 bI
[014f67] 4f67 62     LD H,D         AF=6700 BC=0000 DE=d005 HL=4f67 SP=c216 P1=014000 vc=149 bI
[014f68] 4f68 2E06   LD L,06h       AF=6700 BC=0000 DE=d005 HL=d067 SP=c216 P1=014000 vc=149 bI
[014f6a] 4f6a FA00CD LD A,(CD00h)   AF=6700 BC=0000 DE=d005 HL=d006 SP=c216 P1=014000 vc=149 bI
[014f6d] 4f6d E680   AND 80h        AF=8100 BC=0000 DE=d005 HL=d006 SP=c216 P1=014000 vc=149 bI
[014f6f] 4f6f 2803   JR Z,4F74h     AF=8020 BC=0000 DE=d005 HL=d006 SP=c216 P1=014000 vc=149 bI
[014f71] 4f71 3604   LD (HL),04h    AF=8020 BC=0000 DE=d005 HL=d006 SP=c216 P1=014000 vc=149 bI
[014f73] 4f73 C9     RET            AF=8020 BC=0000 DE=d005 HL=d006 SP=c216 P1=014000 vc=149 bI
[0e4923] 4923 3E00   LD A,00h       AF=0080 BC=08fc DE=4923 HL=4923 SP=c0fc P1=0e4000 vc=41 BI
[0e4925] 4925 216DC0 LD HL,C06Dh    AF=0080 BC=08fc DE=4923 HL=4923 SP=c0fc P1=0e4000 vc=41 BI
[0e4928] 4928 F5     PUSH AF        AF=0080 BC=08fc DE=4923 HL=c06d SP=c0fc P1=0e4000 vc=41 BI
[0e4929] 4929 FA1AC0 LD A,(C01Ah)   AF=0080 BC=08fc DE=4923 HL=c06d SP=c0fa P1=0e4000 vc=41 BI
[0e492c] 492c 5F     LD E,A         AF=0580 BC=08fc DE=4923 HL=c06d SP=c0fa P1=0e4000 vc=41 BI
[0e492d] 492d 1600   LD D,00h       AF=0580 BC=08fc DE=4905 HL=c06d SP=c0fa P1=0e4000 vc=41 BI
[0e492f] 492f 19     ADD HL,DE      AF=0580 BC=08fc DE=0005 HL=c06d SP=c0fa P1=0e4000 vc=41 BI
[0e4930] 4930 F1     POP AF         AF=0580 BC=08fc DE=0005 HL=c072 SP=c0fa P1=0e4000 vc=41 BI
[0e4931] 4931 77     LD (HL),A      AF=0080 BC=08fc DE=0005 HL=c072 SP=c0fc P1=0e4000 vc=41 BI
[0e4932] 4932 FA1AC0 LD A,(C01Ah)   AF=0080 BC=08fc DE=0005 HL=c072 SP=c0fc P1=0e4000 vc=41 BI
[0e4935] 4935 213C49 LD HL,493Ch    AF=0580 BC=08fc DE=0005 HL=c072 SP=c0fc P1=0e4000 vc=41 BI
[0e4938] 4938 CD194D CALL 4D19h     AF=0580 BC=08fc DE=0005 HL=493c SP=c0fc P1=0e4000 vc=41 BI
[0e493b] 493b E9     LD PC,HL       AF=0a00 BC=08fc DE=4996 HL=4996 SP=c0fc P1=0e4000 vc=41 BI
[0e4996] 4996 FA71C0 LD A,(C071h)   AF=0a00 BC=08fc DE=4996 HL=4996 SP=c0fc P1=0e4000 vc=41 BI
[0e4999] 4999 FE00   CP 00h         AF=0100 BC=08fc DE=4996 HL=4996 SP=c0fc P1=0e4000 vc=41 BI
[0e499b] 499b 2816   JR Z,49B3h     AF=0140 BC=08fc DE=4996 HL=4996 SP=c0fc P1=0e4000 vc=41 BI
[0e499d] 499d 3E04   LD A,04h       AF=0140 BC=08fc DE=4996 HL=4996 SP=c0fc P1=0e4000 vc=41 BI
[0e499f] 499f 5F     LD E,A         AF=0440 BC=08fc DE=4996 HL=4996 SP=c0fc P1=0e4000 vc=41 BI
[0e49a0] 49a0 2157C0 LD HL,C057h    AF=0440 BC=08fc DE=4904 HL=4996 SP=c0fc P1=0e4000 vc=41 BI
[0e49a3] 49a3 1600   LD D,00h       AF=0440 BC=08fc DE=4904 HL=c057 SP=c0fc P1=0e4000 vc=41 bI
[0e49a5] 49a5 19     ADD HL,DE      AF=0440 BC=08fc DE=0004 HL=c057 SP=c0fc P1=0e4000 vc=41 bI
[0e49a6] 49a6 7E     LD A,(HL)      AF=0400 BC=08fc DE=0004 HL=c05b SP=c0fc P1=0e4000 vc=41 bI
[0e49a7] 49a7 EA21C0 LD (C021h),A   AF=0e00 BC=08fc DE=0004 HL=c05b SP=c0fc P1=0e4000 vc=41 bI
[0e49aa] 49aa CDC149 CALL 49C1h     AF=0e00 BC=08fc DE=0004 HL=c05b SP=c0fc P1=0e4000 vc=41 bI
[0e49ad] 49ad FA29C0 LD A,(C029h)   AF=8020 BC=0800 DE=ff40 HL=4dec SP=c0fc P1=0e4000 vc=42 bI
[0e49b0] 49b0 E01C   LD (FF1Ch),A   AF=0020 BC=0800 DE=ff40 HL=4dec SP=c0fc P1=0e4000 vc=42 bI
[0e49b2] 49b2 C9     RET            AF=0020 BC=0800 DE=ff40 HL=4dec SP=c0fc P1=0e4000 vc=42 bI
[014f74] 4f74 35     DEC (HL)       AF=00a0 BC=0000 DE=d005 HL=d006 SP=c216 P1=014000 vc=150 bI
[014f75] 4f75 C0     RET NZ         AF=0040 BC=0000 DE=d005 HL=d006 SP=c216 P1=014000 vc=150 bI
[014f76] 4f76 AF     XOR A          AF=00c0 BC=0000 DE=d005 HL=d006 SP=c216 P1=014000 vc=150 bI
[014f77] 4f77 EA77CC LD (CC77h),A   AF=0080 BC=0000 DE=d005 HL=d006 SP=c216 P1=014000 vc=150 bI
[014f7a] 4f7a EA78CC LD (CC78h),A   AF=0080 BC=0000 DE=d005 HL=d006 SP=c216 P1=014000 vc=150 bI
[014f7d] 4f7d 3E1C   LD A,1Ch       AF=0080 BC=0000 DE=d005 HL=d006 SP=c216 P1=014000 vc=150 bI
[014f7f] 4f7f CD6B23 CALL 236Bh     AF=1c80 BC=0000 DE=d005 HL=d006 SP=c216 P1=014000 vc=150 bI
[014f82] 4f82 3EFC   LD A,FCh       AF=1c40 BC=0000 DE=d005 HL=d006 SP=c216 P1=014000 vc=150 bI
[014f84] 4f84 2002   JR NZ,4F88h    AF=fc40 BC=0000 DE=d005 HL=d006 SP=c216 P1=014000 vc=150 bI
[014f88] 4f88 CDAA23 CALL 23AAh     AF=fc40 BC=0000 DE=d005 HL=d006 SP=c216 P1=014000 vc=150 bI
[014f8b] 4f8b 2E25   LD L,25h       AF=fc00 BC=0000 DE=d005 HL=d005 SP=c216 P1=014000 vc=150 bI
[014f8d] 4f8d 77     LD (HL),A      AF=fc00 BC=0000 DE=d005 HL=d025 SP=c216 P1=014000 vc=150 bI
[014f8e] 4f8e 2E2B   LD L,2Bh       AF=fc00 BC=0000 DE=d005 HL=d025 SP=c216 P1=014000 vc=150 bI
[014f90] 4f90 363C   LD (HL),3Ch    AF=fc00 BC=0000 DE=d005 HL=d02b SP=c216 P1=014000 vc=150 bI
[014f92] 4f92 2E06   LD L,06h       AF=fc00 BC=0000 DE=d005 HL=d02b SP=c216 P1=014000 vc=151 bI
[014f94] 4f94 3610   LD (HL),10h    AF=fc00 BC=0000 DE=d005 HL=d006 SP=c216 P1=014000 vc=151 bI
[014f96] 4f96 CDFE29 CALL 29FEh     AF=fc00 BC=0000 DE=d005 HL=d006 SP=c216 P1=014000 vc=151 bI
[0029fe] 29fe D5     PUSH DE        AF=fc00 BC=0000 DE=d005 HL=d006 SP=c214 P1=014000 vc=151 bI
[0029ff] 29ff F097   LD A,(FF97h)   AF=fc00 BC=0000 DE=d005 HL=d006 SP=c212 P1=014000 vc=151 bI
[002a01] 2a01 F5     PUSH AF        AF=0500 BC=0000 DE=d005 HL=d006 SP=c212 P1=014000 vc=151 bI
[002a02] 2a02 16D0   LD D,D0h       AF=0500 BC=0000 DE=d005 HL=d006 SP=c210 P1=014000 vc=151 bI
[002a04] 2a04 3E05   LD A,05h       AF=0500 BC=0000 DE=d005 HL=d006 SP=c210 P1=014000 vc=151 bI
[002a06] 2a06 E097   LD (FF97h),A   AF=0500 BC=0000 DE=d005 HL=d006 SP=c210 P1=014000 vc=151 bI
[002a08] 2a08 EA2222 LD (2222h),A   AF=0500 BC=0000 DE=d005 HL=d006 SP=c210 P1=014000 vc=151 bI
[002a0b] 2a0b CD2E42 CALL 422Eh     AF=0500 BC=0000 DE=d005 HL=d006 SP=c210 P1=014000 vc=151 bI
[0186a3] 46a3 47     LD B,A         AF=fc00 BC=0000 DE=d006 HL=d025 SP=c208 P1=018000 vc=151 bI
[0186a4] 46a4 3E3F   LD A,3Fh       AF=fc00 BC=fc00 DE=d006 HL=d025 SP=c208 P1=018000 vc=151 bI
[0186a6] 46a6 CD6B23 CALL 236Bh     AF=3f00 BC=fc00 DE=d006 HL=d025 SP=c208 P1=018000 vc=151 bI
[0186a9] 46a9 2002   JR NZ,46ADh    AF=3f40 BC=fc00 DE=d006 HL=d025 SP=c208 P1=018000 vc=151 bI
[0186ad] 46ad 2E29   LD L,29h       AF=3f40 BC=fc00 DE=d006 HL=d025 SP=c208 P1=018000 vc=151 bI
[0186af] 46af 7E     LD A,(HL)      AF=3f40 BC=fc00 DE=d006 HL=d029 SP=c208 P1=018000 vc=151 bI
[0186b0] 46b0 80     ADD A,B        AF=0140 BC=fc00 DE=d006 HL=d029 SP=c208 P1=018000 vc=151 bI
[0186b1] 46b1 77     LD (HL),A      AF=fd00 BC=fc00 DE=d006 HL=d029 SP=c208 P1=018000 vc=151 bI
[0186cd] 46cd 1A     LD A,(DE)      AF=fd20 BC=fc00 DE=d029 HL=c6a2 SP=c208 P1=018000 vc=151 bI
[0186ce] 46ce 35     DEC (HL)       AF=fd20 BC=fc00 DE=d029 HL=c6a2 SP=c208 P1=018000 vc=151 bI
[0186cf] 46cf C602   ADD A,02h      AF=fd40 BC=fc00 DE=d029 HL=c6a2 SP=c208 P1=018000 vc=151 bI
[0186d1] 46d1 30FB   JR NC,46CEh    AF=ff00 BC=fc00 DE=d029 HL=c6a2 SP=c208 P1=018000 vc=151 bI
[0186d3] 46d3 12     LD (DE),A      AF=0130 BC=fc00 DE=d029 HL=c6a2 SP=c208 P1=018000 vc=151 bI
[002a0e] 2a0e F1     POP AF         AF=0500 BC=fc00 DE=d02e HL=c6a2 SP=c210 P1=014000 vc=151 bI
[002a0f] 2a0f E097   LD (FF97h),A   AF=0500 BC=fc00 DE=d02e HL=c6a2 SP=c212 P1=014000 vc=151 bI
[002a11] 2a11 EA2222 LD (2222h),A   AF=0500 BC=fc00 DE=d02e HL=c6a2 SP=c212 P1=014000 vc=151 bI
[002a14] 2a14 D1     POP DE         AF=0500 BC=fc00 DE=d02e HL=c6a2 SP=c212 P1=014000 vc=151 bI
[002a15] 2a15 C9     RET            AF=0500 BC=fc00 DE=d005 HL=c6a2 SP=c214 P1=014000 vc=151 bI
[014f99] 4f99 CDFA1D CALL 1DFAh     AF=0500 BC=fc00 DE=d005 HL=c6a2 SP=c216 P1=014000 vc=151 bI
[014f9c] 4f9c CD535D CALL 5D53h     AF=c100 BC=fc00 DE=d01a HL=c6a2 SP=c216 P1=014000 vc=152 bI
[014f9f] 4f9f C3AE5B JP 5BAEh       AF=0010 BC=240d DE=d033 HL=5db9 SP=c216 P1=014000 vc=0 bI
[01423d] 423d CB7F   BIT 7,A        AF=3c00 BC=0054 DE=d031 HL=d02b SP=c216 P1=014000 vc=1 BI
[01423f] 423f 200F   JR NZ,4250h    AF=3ca0 BC=0054 DE=d031 HL=d02b SP=c216 P1=014000 vc=1 BI
[014241] 4241 35     DEC (HL)       AF=3ca0 BC=0054 DE=d031 HL=d02b SP=c216 P1=014000 vc=1 BI
[014242] 4242 280D   JR Z,4251h     AF=3c40 BC=0054 DE=d031 HL=d02b SP=c216 P1=014000 vc=1 BI
[014244] 4244 FA00CC LD A,(CC00h)   AF=3c40 BC=0054 DE=d031 HL=d02b SP=c216 P1=014000 vc=1 BI
[014247] 4247 CB57   BIT 2,A        AF=2d40 BC=0054 DE=d031 HL=d02b SP=c216 P1=014000 vc=1 bI
[014249] 4249 2006   JR NZ,4251h    AF=2d20 BC=0054 DE=d031 HL=d02b SP=c216 P1=014000 vc=1 bI
[014251] 4251 2E1B   LD L,1Bh       AF=2d20 BC=0054 DE=d031 HL=d02b SP=c216 P1=014000 vc=1 bI
[014253] 4253 2A     LDI A,(HL)     AF=2d20 BC=0054 DE=d031 HL=d01b SP=c216 P1=014000 vc=1 bI
[014254] 4254 77     LD (HL),A      AF=0820 BC=0054 DE=d031 HL=d01c SP=c216 P1=014000 vc=1 bI
[014255] 4255 C9     RET            AF=0820 BC=0054 DE=d031 HL=d01c SP=c216 P1=014000 vc=1 bI
[0091ef] 51ef 3812   JR C,5203h     AF=0a70 BC=0075 DE=d00d HL=cbe4 SP=c218 P1=008000 vc=16 bI
[009203] 5203 35     DEC (HL)       AF=0a70 BC=0075 DE=d00d HL=cbe4 SP=c218 P1=008000 vc=16 bI
[009204] 5204 21EACB LD HL,CBEAh    AF=0a50 BC=0075 DE=d00d HL=cbe4 SP=c218 P1=008000 vc=16 bI
[009207] 5207 CBD6   SET 2,(HL)     AF=0a50 BC=0075 DE=d00d HL=cbea SP=c218 P1=008000 vc=16 bI
[009405] 5405 214DD2 LD HL,D24Dh    AF=0430 BC=0075 DE=d00d HL=cbea SP=c216 P1=008000 vc=16 bI
[009408] 5408 AF     XOR A          AF=0430 BC=0075 DE=d00d HL=d24d SP=c216 P1=008000 vc=16 bI
[009409] 5409 E08B   LD (FF8Bh),A   AF=0080 BC=0075 DE=d00d HL=d24d SP=c216 P1=008000 vc=16 bI
[00940b] 540b FAE4CB LD A,(CBE4h)   AF=0080 BC=0075 DE=d00d HL=d24d SP=c216 P1=008000 vc=16 bI
[00940e] 540e 4F     LD C,A         AF=0b80 BC=0075 DE=d00d HL=d24d SP=c216 P1=008000 vc=16 bI
[00940f] 540f FAA3C6 LD A,(C6A3h)   AF=0b80 BC=000b DE=d00d HL=d24d SP=c216 P1=008000 vc=16 bI
[009412] 5412 1E07   LD E,07h       AF=0c80 BC=000b DE=d00d HL=d24d SP=c216 P1=008000 vc=16 bI
[009414] 5414 FE39   CP 39h         AF=0c80 BC=000b DE=d007 HL=d24d SP=c216 P1=008000 vc=16 bI
[009416] 5416 3801   JR C,5419h     AF=0c50 BC=000b DE=d007 HL=d24d SP=c216 P1=008000 vc=16 bI
[009419] 5419 CB3F   SRL A          AF=0c50 BC=000b DE=d007 HL=d24d SP=c216 P1=008000 vc=16 bI
[00941b] 541b CB3F   SRL A          AF=0600 BC=000b DE=d007 HL=d24d SP=c216 P1=008000 vc=16 bI
[00941d] 541d 47     LD B,A         AF=0300 BC=000b DE=d007 HL=d24d SP=c216 P1=008000 vc=16 bI
[00941e] 541e 79     LD A,C         AF=0300 BC=030b DE=d007 HL=d24d SP=c216 P1=008000 vc=16 bI
[00941f] 541f E603   AND 03h        AF=0b00 BC=030b DE=d007 HL=d24d SP=c216 P1=008000 vc=16 bI
[009421] 5421 57     LD D,A         AF=0320 BC=030b DE=d007 HL=d24d SP=c216 P1=008000 vc=16 bI
[009422] 5422 79     LD A,C         AF=0320 BC=030b DE=0307 HL=d24d SP=c216 P1=008000 vc=16 bI
[009423] 5423 CB3F   SRL A          AF=0b20 BC=030b DE=0307 HL=d24d SP=c216 P1=008000 vc=16 bI
[009425] 5425 CB3F   SRL A          AF=0510 BC=030b DE=0307 HL=d24d SP=c216 P1=008000 vc=16 bI
[009427] 5427 4F     LD C,A         AF=0210 BC=030b DE=0307 HL=d24d SP=c216 P1=008000 vc=16 bI
[009428] 5428 C5     PUSH BC        AF=0210 BC=0302 DE=0307 HL=d24d SP=c216 P1=008000 vc=17 BI
[009429] 5429 BB     CP E           AF=0210 BC=0302 DE=0307 HL=d24d SP=c214 P1=008000 vc=17 BI
[00942a] 542a 3801   JR C,542Dh     AF=0270 BC=0302 DE=0307 HL=d24d SP=c214 P1=008000 vc=17 BI
[00942d] 542d 78     LD A,B         AF=0270 BC=0302 DE=0307 HL=d24d SP=c214 P1=008000 vc=17 BI
[00942e] 542e BB     CP E           AF=0370 BC=0302 DE=0307 HL=d24d SP=c214 P1=008000 vc=17 BI
[00942f] 542f 3801   JR C,5432h     AF=0370 BC=0302 DE=0307 HL=d24d SP=c214 P1=008000 vc=17 BI
[009432] 5432 91     SUB C          AF=0370 BC=0302 DE=0307 HL=d24d SP=c214 P1=008000 vc=17 BI
[009433] 5433 47     LD B,A         AF=0140 BC=0302 DE=0307 HL=d24d SP=c214 P1=008000 vc=17 BI
[009434] 5434 F08B   LD A,(FF8Bh)   AF=0140 BC=0102 DE=0307 HL=d24d SP=c214 P1=008000 vc=17 BI
[009436] 5436 B3     OR E           AF=0040 BC=0102 DE=0307 HL=d24d SP=c214 P1=008000 vc=17 BI
[009437] 5437 0F     RRCA           AF=0700 BC=0102 DE=0307 HL=d24d SP=c214 P1=008000 vc=17 BI
[009438] 5438 3801   JR C,543Bh     AF=8310 BC=0102 DE=0307 HL=d24d SP=c214 P1=008000 vc=17 BI
[00943b] 543b E5     PUSH HL        AF=8310 BC=0102 DE=0307 HL=d24d SP=c214 P1=008000 vc=17 BI
[00943c] 543c CD5354 CALL 5453h     AF=8310 BC=0102 DE=0307 HL=d24d SP=c212 P1=008000 vc=17 BI
[009453] 5453 79     LD A,C         AF=8310 BC=0102 DE=0307 HL=d24d SP=c210 P1=008000 vc=17 BI
[009454] 5454 B7     OR A           AF=0210 BC=0102 DE=0307 HL=d24d SP=c210 P1=008000 vc=17 BI
[009455] 5455 2806   JR Z,545Dh     AF=0200 BC=0102 DE=0307 HL=d24d SP=c210 P1=008000 vc=17 BI
[009457] 5457 3E0F   LD A,0Fh       AF=0200 BC=0102 DE=0307 HL=d24d SP=c210 P1=008000 vc=17 BI
[009459] 5459 22     LDI (HL),A     AF=0f00 BC=0102 DE=0307 HL=d24d SP=c210 P1=008000 vc=17 BI
[00945a] 545a 0D     DEC C          AF=0f00 BC=0102 DE=0307 HL=d24e SP=c210 P1=008000 vc=17 BI
[00945b] 545b 20FC   JR NZ,5459h    AF=0f40 BC=0101 DE=0307 HL=d24e SP=c210 P1=008000 vc=17 BI
[00945d] 545d 78     LD A,B         AF=0fc0 BC=0100 DE=0307 HL=d24f SP=c210 P1=008000 vc=17 BI
[00945e] 545e B7     OR A           AF=01c0 BC=0100 DE=0307 HL=d24f SP=c210 P1=008000 vc=17 BI
[00945f] 545f 2814   JR Z,5475h     AF=0100 BC=0100 DE=0307 HL=d24f SP=c210 P1=008000 vc=17 BI
[009461] 5461 7A     LD A,D         AF=0100 BC=0100 DE=0307 HL=d24f SP=c210 P1=008000 vc=17 BI
[009462] 5462 B7     OR A           AF=0300 BC=0100 DE=0307 HL=d24f SP=c210 P1=008000 vc=17 BI
[009463] 5463 2806   JR Z,546Bh     AF=0300 BC=0100 DE=0307 HL=d24f SP=c210 P1=008000 vc=17 BI
[009465] 5465 C60B   ADD A,0Bh      AF=0300 BC=0100 DE=0307 HL=d24f SP=c210 P1=008000 vc=17 BI
[009467] 5467 22     LDI (HL),A     AF=0e00 BC=0100 DE=0307 HL=d24f SP=c210 P1=008000 vc=17 BI
[009468] 5468 1600   LD D,00h       AF=0e00 BC=0100 DE=0307 HL=d250 SP=c210 P1=008000 vc=17 BI
[00946a] 546a 05     DEC B          AF=0e00 BC=0100 DE=0007 HL=d250 SP=c210 P1=008000 vc=17 BI
[00946b] 546b 78     LD A,B         AF=0ec0 BC=0000 DE=0007 HL=d250 SP=c210 P1=008000 vc=17 BI
[00946c] 546c B7     OR A           AF=00c0 BC=0000 DE=0007 HL=d250 SP=c210 P1=008000 vc=17 BI
[00946d] 546d 2806   JR Z,5475h     AF=0080 BC=0000 DE=0007 HL=d250 SP=c210 P1=008000 vc=17 BI
[009475] 5475 F08B   LD A,(FF8Bh)   AF=0080 BC=0000 DE=0007 HL=d250 SP=c210 P1=008000 vc=17 BI
[009477] 5477 B7     OR A           AF=0080 BC=0000 DE=0007 HL=d250 SP=c210 P1=008000 vc=17 BI
[009478] 5478 C0     RET NZ         AF=0080 BC=0000 DE=0007 HL=d250 SP=c210 P1=008000 vc=17 BI
[009479] 5479 0E08   LD C,08h       AF=0080 BC=0000 DE=0007 HL=d250 SP=c210 P1=008000 vc=17 BI
[00947b] 547b 22     LDI (HL),A     AF=0080 BC=0008 DE=0007 HL=d250 SP=c210 P1=008000 vc=17 BI
[00947c] 547c 0D     DEC C          AF=0080 BC=0008 DE=0007 HL=d251 SP=c210 P1=008000 vc=17 BI
[00947d] 547d 20FC   JR NZ,547Bh    AF=0040 BC=0007 DE=0007 HL=d251 SP=c210 P1=008000 vc=17 BI
[00947f] 547f C9     RET            AF=00c0 BC=0000 DE=0007 HL=d258 SP=c210 P1=008000 vc=17 BI
[00943f] 543f E1     POP HL         AF=00c0 BC=0000 DE=0007 HL=d258 SP=c212 P1=008000 vc=17 bI
[009440] 5440 3E20   LD A,20h       AF=00c0 BC=0000 DE=0007 HL=d24d SP=c214 P1=008000 vc=17 bI
[009442] 5442 D7     RST 10         AF=20c0 BC=0000 DE=0007 HL=d24d SP=c214 P1=008000 vc=17 bI
[009443] 5443 C1     POP BC         AF=6d00 BC=0000 DE=0007 HL=d26d SP=c214 P1=008000 vc=17 bI
[009444] 5444 79     LD A,C         AF=6d00 BC=0302 DE=0007 HL=d26d SP=c216 P1=008000 vc=17 bI
[009445] 5445 93     SUB E          AF=0200 BC=0302 DE=0007 HL=d26d SP=c216 P1=008000 vc=17 bI
[009446] 5446 3001   JR NC,5449h    AF=fb70 BC=0302 DE=0007 HL=d26d SP=c216 P1=008000 vc=17 bI
[009448] 5448 AF     XOR A          AF=fb70 BC=0302 DE=0007 HL=d26d SP=c216 P1=008000 vc=17 bI
[009449] 5449 4F     LD C,A         AF=0080 BC=0302 DE=0007 HL=d26d SP=c216 P1=008000 vc=17 bI
[00944a] 544a 78     LD A,B         AF=0080 BC=0300 DE=0007 HL=d26d SP=c216 P1=008000 vc=17 bI
[00944b] 544b 93     SUB E          AF=0380 BC=0300 DE=0007 HL=d26d SP=c216 P1=008000 vc=17 bI
[00944c] 544c 91     SUB C          AF=fc70 BC=0300 DE=0007 HL=d26d SP=c216 P1=008000 vc=17 bI
[00944d] 544d CB7F   BIT 7,A        AF=fc40 BC=0300 DE=0007 HL=d26d SP=c216 P1=008000 vc=17 bI
[00944f] 544f 2801   JR Z,5452h     AF=fc20 BC=0300 DE=0007 HL=d26d SP=c216 P1=008000 vc=17 bI
[009451] 5451 AF     XOR A          AF=fc20 BC=0300 DE=0007 HL=d26d SP=c216 P1=008000 vc=17 bI
[009452] 5452 47     LD B,A         AF=0080 BC=0300 DE=0007 HL=d26d SP=c216 P1=008000 vc=17 bI
[001a3d] 1a3d 3600   LD (HL),00h    AF=0400 BC=e000 DE=cb18 HL=cbea SP=c21e P1=004000 vc=45 BI
[001a3f] 1a3f 0F     RRCA           AF=0400 BC=e000 DE=cb18 HL=cbea SP=c21e P1=004000 vc=45 BI
[001a40] 1a40 3E02   LD A,02h       AF=0200 BC=e000 DE=cb18 HL=cbea SP=c21e P1=004000 vc=45 BI
[001a42] 1a42 3802   JR C,1A46h     AF=0200 BC=e000 DE=cb18 HL=cbea SP=c21e P1=004000 vc=45 BI
[001a44] 1a44 3E03   LD A,03h       AF=0200 BC=e000 DE=cb18 HL=cbea SP=c21e P1=004000 vc=45 BI
[001a46] 1a46 C3B605 JP 05B6h       AF=0300 BC=e000 DE=cb18 HL=cbea SP=c21e P1=004000 vc=45 BI
[0005b6] 05b6 5F     LD E,A         AF=0300 BC=e000 DE=cb18 HL=cbea SP=c21e P1=004000 vc=45 BI
[0005b7] 05b7 F070   LD A,(FF70h)   AF=0300 BC=e000 DE=cb03 HL=cbea SP=c21e P1=004000 vc=45 BI
[0005b9] 05b9 4F     LD C,A         AF=f800 BC=e000 DE=cb03 HL=cbea SP=c21e P1=004000 vc=45 BI
[0005ba] 05ba F097   LD A,(FF97h)   AF=f800 BC=e0f8 DE=cb03 HL=cbea SP=c21e P1=004000 vc=45 BI
[0005bc] 05bc 47     LD B,A         AF=0100 BC=e0f8 DE=cb03 HL=cbea SP=c21e P1=004000 vc=45 BI
[0005bd] 05bd C5     PUSH BC        AF=0100 BC=01f8 DE=cb03 HL=cbea SP=c21e P1=004000 vc=45 BI
[0005be] 05be 3E01   LD A,01h       AF=0100 BC=01f8 DE=cb03 HL=cbea SP=c21c P1=004000 vc=45 BI
[0005c0] 05c0 E097   LD (FF97h),A   AF=0100 BC=01f8 DE=cb03 HL=cbea SP=c21c P1=004000 vc=45 BI
[0005c2] 05c2 EA2222 LD (2222h),A   AF=0100 BC=01f8 DE=cb03 HL=cbea SP=c21c P1=004000 vc=45 BI
[0005c5] 05c5 7B     LD A,E         AF=0100 BC=01f8 DE=cb03 HL=cbea SP=c21c P1=004000 vc=45 BI
[0005c6] 05c6 21D066 LD HL,66D0h    AF=0300 BC=01f8 DE=cb03 HL=cbea SP=c21c P1=004000 vc=45 BI
[0005c9] 05c9 DF     RST 18         AF=0300 BC=01f8 DE=cb03 HL=66d0 SP=c21c P1=004000 vc=45 BI
[0005ca] 05ca 2A     LDI A,(HL)     AF=0300 BC=01f8 DE=cb03 HL=66d6 SP=c21c P1=004000 vc=45 BI
[0005cb] 05cb 66     LD H,(HL)      AF=4c00 BC=01f8 DE=cb03 HL=66d7 SP=c21c P1=004000 vc=45 BI
[0005cc] 05cc 6F     LD L,A         AF=4c00 BC=01f8 DE=cb03 HL=67d7 SP=c21c P1=004000 vc=45 BI
[0005cd] 05cd 2A     LDI A,(HL)     AF=4c00 BC=01f8 DE=cb03 HL=674c SP=c21c P1=004000 vc=45 BI
[0005ce] 05ce 4F     LD C,A         AF=0400 BC=01f8 DE=cb03 HL=674d SP=c21c P1=004000 vc=45 BI
[0005cf] 05cf 2A     LDI A,(HL)     AF=0400 BC=0104 DE=cb03 HL=674d SP=c21c P1=004000 vc=45 BI
[0005d0] 05d0 57     LD D,A         AF=d600 BC=0104 DE=cb03 HL=674e SP=c21c P1=004000 vc=45 BI
[0005d1] 05d1 2A     LDI A,(HL)     AF=d600 BC=0104 DE=d603 HL=674e SP=c21c P1=004000 vc=45 BI
[0005d2] 05d2 5F     LD E,A         AF=4000 BC=0104 DE=d603 HL=674f SP=c21c P1=004000 vc=45 bI
[0005d3] 05d3 D5     PUSH DE        AF=4000 BC=0104 DE=d640 HL=674f SP=c21c P1=004000 vc=45 bI
[0005d4] 05d4 2A     LDI A,(HL)     AF=4000 BC=0104 DE=d640 HL=674f SP=c21a P1=004000 vc=45 bI
[0005d5] 05d5 57     LD D,A         AF=9f00 BC=0104 DE=d640 HL=6750 SP=c21a P1=004000 vc=45 bI
[0005d6] 05d6 2A     LDI A,(HL)     AF=9f00 BC=0104 DE=9f40 HL=6750 SP=c21a P1=004000 vc=45 bI
[0005d7] 05d7 5F     LD E,A         AF=c100 BC=0104 DE=9f40 HL=6751 SP=c21a P1=004000 vc=45 bI
[0005d8] 05d8 7E     LD A,(HL)      AF=c100 BC=0104 DE=9fc1 HL=6751 SP=c21a P1=004000 vc=45 bI
[0005d9] 05d9 E67F   AND 7Fh        AF=8300 BC=0104 DE=9fc1 HL=6751 SP=c21a P1=004000 vc=45 bI
[0005db] 05db 47     LD B,A         AF=0320 BC=0104 DE=9fc1 HL=6751 SP=c21a P1=004000 vc=45 bI
[0005dc] 05dc 7D     LD A,L         AF=0320 BC=0304 DE=9fc1 HL=6751 SP=c21a P1=004000 vc=45 bI
[0005dd] 05dd E090   LD (FF90h),A   AF=5120 BC=0304 DE=9fc1 HL=6751 SP=c21a P1=004000 vc=45 bI
[0005df] 05df 7C     LD A,H         AF=5120 BC=0304 DE=9fc1 HL=6751 SP=c21a P1=004000 vc=45 bI
[0005e0] 05e0 E091   LD (FF91h),A   AF=6720 BC=0304 DE=9fc1 HL=6751 SP=c21a P1=004000 vc=45 bI
[0005e2] 05e2 E1     POP HL         AF=6720 BC=0304 DE=9fc1 HL=6751 SP=c21a P1=004000 vc=45 bI
[0005e3] 05e3 CD6605 CALL 0566h     AF=6720 BC=0304 DE=9fc1 HL=d640 SP=c21c P1=004000 vc=45 bI
[0005e6] 05e6 3E01   LD A,01h       AF=1010 BC=0304 DE=9fc1 HL=c410 SP=c21c P1=004000 vc=45 bI
[0005e8] 05e8 E097   LD (FF97h),A   AF=0110 BC=0304 DE=9fc1 HL=c410 SP=c21c P1=004000 vc=45 bI
[0005ea] 05ea EA2222 LD (2222h),A   AF=0110 BC=0304 DE=9fc1 HL=c410 SP=c21c P1=004000 vc=45 bI
[0005ed] 05ed F090   LD A,(FF90h)   AF=0110 BC=0304 DE=9fc1 HL=c410 SP=c21c P1=004000 vc=46 BI
[0005ef] 05ef 6F     LD L,A         AF=5110 BC=0304 DE=9fc1 HL=c410 SP=c21c P1=004000 vc=46 BI
[0005f0] 05f0 F091   LD A,(FF91h)   AF=5110 BC=0304 DE=9fc1 HL=c451 SP=c21c P1=004000 vc=46 BI
[0005f2] 05f2 67     LD H,A         AF=6710 BC=0304 DE=9fc1 HL=c451 SP=c21c P1=004000 vc=46 BI
[0005f3] 05f3 2A     LDI A,(HL)     AF=6710 BC=0304 DE=9fc1 HL=6751 SP=c21c P1=004000 vc=46 BI
[0005f4] 05f4 87     ADD A,A        AF=8310 BC=0304 DE=9fc1 HL=6752 SP=c21c P1=004000 vc=46 BI
[0005f5] 05f5 38D6   JR C,05CDh     AF=0610 BC=0304 DE=9fc1 HL=6752 SP=c21c P1=004000 vc=46 BI
[0005f7] 05f7 C1     POP BC         AF=0600 BC=0304 DE=9fc0 HL=6758 SP=c21c P1=004000 vc=46 bI
[0005f8] 05f8 78     LD A,B         AF=0600 BC=01f8 DE=9fc0 HL=6758 SP=c21e P1=004000 vc=46 bI
[0005f9] 05f9 E097   LD (FF97h),A   AF=0100 BC=01f8 DE=9fc0 HL=6758 SP=c21e P1=004000 vc=46 bI
[0005fb] 05fb EA2222 LD (2222h),A   AF=0100 BC=01f8 DE=9fc0 HL=6758 SP=c21e P1=004000 vc=46 bI
[0005fe] 05fe 79     LD A,C         AF=0100 BC=01f8 DE=9fc0 HL=6758 SP=c21e P1=004000 vc=46 bI
[0005ff] 05ff E070   LD (FF70h),A   AF=f800 BC=01f8 DE=9fc0 HL=6758 SP=c21e P1=004000 vc=46 bI
[000601] 0601 C9     RET            AF=f800 BC=01f8 DE=9fc0 HL=6758 SP=c21e P1=004000 vc=46 bI
[014fa2] 4fa2 CD9123 CALL 2391h     AF=a220 BC=0000 DE=d005 HL=4fa2 SP=c216 P1=014000 vc=0 bI
[002391] 2391 62     LD H,D         AF=a220 BC=0000 DE=d005 HL=4fa2 SP=c214 P1=014000 vc=0 bI
[002392] 2392 2E06   LD L,06h       AF=a220 BC=0000 DE=d005 HL=d0a2 SP=c214 P1=014000 vc=0 bI
[002394] 2394 35     DEC (HL)       AF=a220 BC=0000 DE=d005 HL=d006 SP=c214 P1=014000 vc=0 bI
[002395] 2395 C9     RET            AF=a260 BC=0000 DE=d005 HL=d006 SP=c214 P1=014000 vc=0 bI
[014fa5] 4fa5 C0     RET NZ         AF=a260 BC=0000 DE=d005 HL=d006 SP=c216 P1=014000 vc=0 bI
[01424b] 424b 2E1C   LD L,1Ch       AF=30a0 BC=0000 DE=d005 HL=d02b SP=c216 P1=014000 vc=149 bI
[01424d] 424d 360D   LD (HL),0Dh    AF=30a0 BC=0000 DE=d005 HL=d01c SP=c216 P1=014000 vc=149 bI
[01424f] 424f C9     RET            AF=30a0 BC=0000 DE=d005 HL=d01c SP=c216 P1=014000 vc=149 bI
[014fa6] 4fa6 2E24   LD L,24h       AF=a2c0 BC=0000 DE=d005 HL=d006 SP=c216 P1=014000 vc=150 bI
[014fa8] 4fa8 CBFE   SET 7,(HL)     AF=a2c0 BC=0000 DE=d005 HL=d024 SP=c216 P1=014000 vc=150 bI
[014faa] 4faa C3A75B JP 5BA7h       AF=a2c0 BC=0000 DE=d005 HL=d024 SP=c216 P1=014000 vc=150 bI
[015ba7] 5ba7 CD9A5B CALL 5B9Ah     AF=a2c0 BC=0000 DE=d005 HL=d024 SP=c216 P1=014000 vc=150 bI
[015b9a] 5b9a 62     LD H,D         AF=a2c0 BC=0000 DE=d005 HL=d024 SP=c214 P1=014000 vc=150 bI
[015b9b] 5b9b 2E04   LD L,04h       AF=a2c0 BC=0000 DE=d005 HL=d024 SP=c214 P1=014000 vc=150 bI
[015b9d] 5b9d 3601   LD (HL),01h    AF=a2c0 BC=0000 DE=d005 HL=d004 SP=c214 P1=014000 vc=150 bI
[015b9f] 5b9f 2C     INC L          AF=a2c0 BC=0000 DE=d005 HL=d004 SP=c214 P1=014000 vc=150 bI
[015ba0] 5ba0 3600   LD (HL),00h    AF=a200 BC=0000 DE=d005 HL=d005 SP=c214 P1=014000 vc=150 bI
[015ba2] 5ba2 2E35   LD L,35h       AF=a200 BC=0000 DE=d005 HL=d005 SP=c214 P1=014000 vc=150 bI
[015ba4] 5ba4 3600   LD (HL),00h    AF=a200 BC=0000 DE=d005 HL=d035 SP=c214 P1=014000 vc=150 bI
[015ba6] 5ba6 C9     RET            AF=a200 BC=0000 DE=d005 HL=d035 SP=c214 P1=014000 vc=150 bI
[015baa] 5baa 2E1A   LD L,1Ah       AF=a200 BC=0000 DE=d005 HL=d035 SP=c216 P1=014000 vc=150 bI
[015bac] 5bac CBFE   SET 7,(HL)     AF=a200 BC=0000 DE=d005 HL=d01a SP=c216 P1=014000 vc=150 bI
[015d23] 5d23 7B     LD A,E         AF=2110 BC=2808 DE=d000 HL=2455 SP=c20e P1=014000 vc=8 bI
[015d24] 5d24 E6C3   AND C3h        AF=0010 BC=2808 DE=d000 HL=2455 SP=c20e P1=014000 vc=8 bI
[015d26] 5d26 FE01   CP 01h         AF=00a0 BC=2808 DE=d000 HL=2455 SP=c20e P1=014000 vc=8 bI
[015d28] 5d28 3E00   LD A,00h       AF=0070 BC=2808 DE=d000 HL=2455 SP=c20e P1=014000 vc=8 bI
[015d2a] 5d2a C8     RET Z          AF=0070 BC=2808 DE=d000 HL=2455 SP=c20e P1=014000 vc=8 bI
[015d2b] 5d2b 7B     LD A,E         AF=0070 BC=2808 DE=d000 HL=2455 SP=c20e P1=014000 vc=8 bI
[015d2c] 5d2c E633   AND 33h        AF=0070 BC=2808 DE=d000 HL=2455 SP=c20e P1=014000 vc=8 bI
[015d2e] 5d2e FE02   CP 02h         AF=00a0 BC=2808 DE=d000 HL=2455 SP=c20e P1=014000 vc=9 BI
[015d30] 5d30 3E10   LD A,10h       AF=0070 BC=2808 DE=d000 HL=2455 SP=c20e P1=014000 vc=9 BI
[015d32] 5d32 C9     RET            AF=1070 BC=2808 DE=d000 HL=2455 SP=c20e P1=014000 vc=9 BI
[00420d] 420d 34     INC (HL)       AF=0070 BC=0100 DE=d00d HL=ffaa SP=c214 P1=004000 vc=23 BI
[015cb7] 5cb7 2D     DEC L          AF=b500 BC=0000 DE=d000 HL=cec1 SP=c210 P1=014000 vc=9 BI
[015cb8] 5cb8 1E0A   LD E,0Ah       AF=b540 BC=0000 DE=d000 HL=cec0 SP=c210 P1=014000 vc=9 BI
[015cba] 5cba 1A     LD A,(DE)      AF=b540 BC=0000 DE=d00a HL=cec0 SP=c210 P1=014000 vc=9 bI
[015cbb] 5cbb 86     ADD A,(HL)     AF=0040 BC=0000 DE=d00a HL=cec0 SP=c210 P1=014000 vc=9 bI
[015cbc] 5cbc 12     LD (DE),A      AF=b500 BC=0000 DE=d00a HL=cec0 SP=c210 P1=014000 vc=9 bI
[015cbd] 5cbd 1C     INC E          AF=b500 BC=0000 DE=d00a HL=cec0 SP=c210 P1=014000 vc=9 bI
[015cbe] 5cbe 2C     INC L          AF=b500 BC=0000 DE=d00b HL=cec0 SP=c210 P1=014000 vc=9 bI
[015cbf] 5cbf 1A     LD A,(DE)      AF=b500 BC=0000 DE=d00b HL=cec1 SP=c210 P1=014000 vc=9 bI
[015cc0] 5cc0 8E     ADC A,(HL)     AF=1f00 BC=0000 DE=d00b HL=cec1 SP=c210 P1=014000 vc=9 bI
[015cc1] 5cc1 12     LD (DE),A      AF=1f00 BC=0000 DE=d00b HL=cec1 SP=c210 P1=014000 vc=9 bI
[015cc2] 5cc2 0C     INC C          AF=1f00 BC=0000 DE=d00b HL=cec1 SP=c210 P1=014000 vc=9 bI
[002abf] 2abf 4F     LD C,A         AF=0110 BC=0108 DE=d003 HL=d008 SP=c212 P1=014000 vc=10 BI
[002ac0] 2ac0 90     SUB B          AF=0110 BC=0101 DE=d003 HL=d008 SP=c212 P1=014000 vc=10 BI
[002ac1] 2ac1 3C     INC A          AF=00c0 BC=0101 DE=d003 HL=d008 SP=c212 P1=014000 vc=10 BI
[002ac2] 2ac2 E602   AND 02h        AF=0100 BC=0101 DE=d003 HL=d008 SP=c212 P1=014000 vc=10 BI
[002ac4] 2ac4 2807   JR Z,2ACDh     AF=00a0 BC=0101 DE=d003 HL=d008 SP=c212 P1=014000 vc=10 BI
[018430] 4430 4E     LD C,(HL)      AF=ffc0 BC=0407 DE=d000 HL=5c99 SP=c20c P1=018000 vc=10 BI
[018431] 4431 47     LD B,A         AF=ffc0 BC=04db DE=d000 HL=5c99 SP=c20c P1=018000 vc=10 BI
[018432] 4432 09     ADD HL,BC      AF=ffc0 BC=ffdb DE=d000 HL=5c99 SP=c20c P1=018000 vc=10 BI
[018433] 4433 2A     LDI A,(HL)     AF=ffb0 BC=ffdb DE=d000 HL=5c74 SP=c20c P1=018000 vc=10 BI
[015d33] 5d33 7B     LD A,E         AF=0110 BC=2800 DE=d000 HL=244d SP=c20e P1=014000 vc=10 bI
[015d34] 5d34 E6C3   AND C3h        AF=0010 BC=2800 DE=d000 HL=244d SP=c20e P1=014000 vc=10 bI
[015d36] 5d36 FE80   CP 80h         AF=00a0 BC=2800 DE=d000 HL=244d SP=c20e P1=014000 vc=10 bI
[015d38] 5d38 3E08   LD A,08h       AF=0050 BC=2800 DE=d000 HL=244d SP=c20e P1=014000 vc=10 bI
[015d3a] 5d3a C8     RET Z          AF=0850 BC=2800 DE=d000 HL=244d SP=c20e P1=014000 vc=10 bI
[015d3b] 5d3b 7B     LD A,E         AF=0850 BC=2800 DE=d000 HL=244d SP=c20e P1=014000 vc=10 bI
[015d3c] 5d3c E6CC   AND CCh        AF=0050 BC=2800 DE=d000 HL=244d SP=c20e P1=014000 vc=10 bI
[015d3e] 5d3e FE40   CP 40h         AF=00a0 BC=2800 DE=d000 HL=244d SP=c20e P1=014000 vc=10 bI
[015d40] 5d40 3E18   LD A,18h       AF=0050 BC=2800 DE=d000 HL=244d SP=c20e P1=014000 vc=10 bI
[015d42] 5d42 C9     RET            AF=1850 BC=2800 DE=d000 HL=244d SP=c20e P1=014000 vc=10 bI
[015fad] 5fad CDDB5F CALL 5FDBh     AF=0cc0 BC=4803 DE=d033 HL=6005 SP=c214 P1=014000 vc=8 BI
[015fdb] 5fdb 23     INC HL         AF=0cc0 BC=4803 DE=d033 HL=6005 SP=c212 P1=014000 vc=8 BI
[015fdc] 5fdc 2A     LDI A,(HL)     AF=0cc0 BC=4803 DE=d033 HL=6006 SP=c212 P1=014000 vc=8 BI
[015fdd] 5fdd 4E     LD C,(HL)      AF=00c0 BC=4803 DE=d033 HL=6007 SP=c212 P1=014000 vc=8 BI
[015fde] 5fde 47     LD B,A         AF=00c0 BC=48fb DE=d033 HL=6007 SP=c212 P1=014000 vc=8 BI
[015fdf] 5fdf E5     PUSH HL        AF=00c0 BC=00fb DE=d033 HL=6007 SP=c212 P1=014000 vc=8 BI
[015fe0] 5fe0 CD2314 CALL 1423h     AF=00c0 BC=00fb DE=d033 HL=6007 SP=c210 P1=014000 vc=8 BI
[015fe3] 5fe3 E08B   LD (FF8Bh),A   AF=1d00 BC=439f DE=d033 HL=cf49 SP=c210 P1=014000 vc=8 bI
[015fe5] 5fe5 219A7C LD HL,7C9Ah    AF=1d00 BC=439f DE=d033 HL=cf49 SP=c210 P1=014000 vc=8 bI
[015fe8] 5fe8 CDDD1D CALL 1DDDh     AF=1d00 BC=439f DE=d033 HL=7c9a SP=c210 P1=014000 vc=8 bI
[015feb] 5feb E1     POP HL         AF=0080 BC=439f DE=d01d HL=7cda SP=c210 P1=014000 vc=9 BI
[015fec] 5fec D0     RET NC         AF=0080 BC=439f DE=d01d HL=6007 SP=c212 P1=014000 vc=9 BI
[015fb0] 5fb0 D0     RET NC         AF=0080 BC=439f DE=d01d HL=6007 SP=c214 P1=014000 vc=9 BI
[0159de] 59de F1     POP AF         AF=0080 BC=0c00 DE=d00c HL=cec1 SP=c212 P1=014000 vc=12 bI
[002a8f] 2a8f 23     INC HL         AF=0cc0 BC=8000 DE=df40 HL=2aa2 SP=c20c P1=018000 vc=22 BI
[002a90] 2a90 FA45CC LD A,(CC45h)   AF=0cc0 BC=8000 DE=df40 HL=2aa3 SP=c20c P1=018000 vc=22 BI
[002a93] 2a93 A6     AND (HL)       AF=20c0 BC=8000 DE=df40 HL=2aa3 SP=c20c P1=018000 vc=22 BI
[002a94] 2a94 2803   JR Z,2A99h     AF=2020 BC=8000 DE=df40 HL=2aa3 SP=c20c P1=018000 vc=22 BI
[002a96] 2a96 E1     POP HL         AF=2020 BC=8000 DE=df40 HL=2aa3 SP=c20c P1=018000 vc=22 BI
[002a97] 2a97 37     SCF            AF=2020 BC=8000 DE=df40 HL=d600 SP=c20e P1=018000 vc=22 BI
[002a98] 2a98 C9     RET            AF=2010 BC=8000 DE=df40 HL=d600 SP=c20e P1=018000 vc=22 BI
[0185d8] 45d8 FA08D0 LD A,(D008h)   AF=2010 BC=8000 DE=df40 HL=d600 SP=c210 P1=018000 vc=22 BI
[0185db] 45db EA80CC LD (CC80h),A   AF=0310 BC=8000 DE=df40 HL=d600 SP=c210 P1=018000 vc=22 BI
[0185de] 45de 0E04   LD C,04h       AF=0310 BC=8000 DE=df40 HL=d600 SP=c210 P1=018000 vc=22 BI
[0185e0] 45e0 1819   JR 45FBh       AF=0310 BC=8004 DE=df40 HL=d600 SP=c210 P1=018000 vc=22 BI

TRACE STOPPED

[0041e8] 41e8 3E30   LD A,30h       AF=4340 BC=5400 DE=d00b HL=ffa8 SP=c214 P1=004000 vc=29 BI
[015fed] 5fed 4F     LD C,A         AF=1890 BC=83e0 DE=d0b1 HL=5ffd SP=c212 P1=014000 vc=7 BI
[015fee] 5fee 1E09   LD E,09h       AF=1890 BC=8318 DE=d0b1 HL=5ffd SP=c212 P1=014000 vc=7 BI
[015ff0] 5ff0 1A     LD A,(DE)      AF=1890 BC=8318 DE=d009 HL=5ffd SP=c212 P1=014000 vc=7 BI
[015ff1] 5ff1 B9     CP C           AF=0890 BC=8318 DE=d009 HL=5ffd SP=c212 P1=014000 vc=7 BI
[015ff2] 5ff2 37     SCF            AF=0850 BC=8318 DE=d009 HL=5ffd SP=c212 P1=014000 vc=7 BI
[015ff3] 5ff3 C8     RET Z          AF=0810 BC=8318 DE=d009 HL=5ffd SP=c212 P1=014000 vc=7 BI
[015ff4] 5ff4 AF     XOR A          AF=0810 BC=8318 DE=d009 HL=5ffd SP=c212 P1=014000 vc=7 BI
[015ff5] 5ff5 C9     RET            AF=0080 BC=8318 DE=d009 HL=5ffd SP=c212 P1=014000 vc=7 BI
[015d43] 5d43 7B     LD A,E         AF=2110 BC=2810 DE=d0cc HL=245d SP=c20e P1=014000 vc=17 BI
[015d44] 5d44 E633   AND 33h        AF=cc10 BC=2810 DE=d0cc HL=245d SP=c20e P1=014000 vc=17 BI
[015d46] 5d46 FE20   CP 20h         AF=00a0 BC=2810 DE=d0cc HL=245d SP=c20e P1=014000 vc=17 BI
[015d48] 5d48 3E08   LD A,08h       AF=0050 BC=2810 DE=d0cc HL=245d SP=c20e P1=014000 vc=17 BI
[015d4a] 5d4a C8     RET Z          AF=0850 BC=2810 DE=d0cc HL=245d SP=c20e P1=014000 vc=17 BI
[015d4b] 5d4b 7B     LD A,E         AF=0850 BC=2810 DE=d0cc HL=245d SP=c20e P1=014000 vc=17 BI
[015d4c] 5d4c E63C   AND 3Ch        AF=cc50 BC=2810 DE=d0cc HL=245d SP=c20e P1=014000 vc=17 BI
[015d4e] 5d4e FE10   CP 10h         AF=0c20 BC=2810 DE=d0cc HL=245d SP=c20e P1=014000 vc=17 BI
[015d50] 5d50 3E18   LD A,18h       AF=0c50 BC=2810 DE=d0cc HL=245d SP=c20e P1=014000 vc=17 BI
[015d52] 5d52 C9     RET            AF=1850 BC=2810 DE=d0cc HL=245d SP=c20e P1=014000 vc=17 BI

TRACE STOPPED

